<?xml version="1.0" encoding="UTF-8"?>
<coverage generated="1767893311695" clover="3.2.0">
  <project timestamp="1767893311695" name="All files">
    <metrics statements="1796" coveredstatements="917" conditionals="1278" coveredconditionals="488" methods="212" coveredmethods="75" elements="3286" coveredelements="1480" complexity="0" loc="1796" ncloc="1796" packages="6" files="23" classes="23"/>
    <package name="cli">
      <metrics statements="72" coveredstatements="37" conditionals="59" coveredconditionals="10" methods="8" coveredmethods="3"/>
      <file name="mode-dispatcher.ts" path="/Users/ieeebruce/Documents/trae_projects/i18n/i18n-demo/i18n-refactor/src/cli/mode-dispatcher.ts">
        <metrics statements="16" coveredstatements="6" conditionals="18" coveredconditionals="0" methods="1" coveredmethods="0"/>
        <line num="1" count="1" type="stmt"/>
        <line num="2" count="1" type="stmt"/>
        <line num="3" count="1" type="stmt"/>
        <line num="4" count="1" type="stmt"/>
        <line num="5" count="1" type="stmt"/>
        <line num="9" count="1" type="stmt"/>
        <line num="10" count="0" type="cond" truecount="0" falsecount="6"/>
        <line num="13" count="0" type="stmt"/>
        <line num="14" count="0" type="stmt"/>
        <line num="16" count="0" type="stmt"/>
        <line num="22" count="0" type="stmt"/>
        <line num="24" count="0" type="stmt"/>
        <line num="27" count="0" type="stmt"/>
        <line num="29" count="0" type="cond" truecount="0" falsecount="2"/>
        <line num="30" count="0" type="stmt"/>
        <line num="32" count="0" type="stmt"/>
      </file>
      <file name="run-dir.ts" path="/Users/ieeebruce/Documents/trae_projects/i18n/i18n-demo/i18n-refactor/src/cli/run-dir.ts">
        <metrics statements="56" coveredstatements="31" conditionals="41" coveredconditionals="10" methods="7" coveredmethods="3"/>
        <line num="2" count="1" type="stmt"/>
        <line num="3" count="1" type="stmt"/>
        <line num="4" count="1" type="stmt"/>
        <line num="5" count="1" type="stmt"/>
        <line num="6" count="1" type="stmt"/>
        <line num="7" count="1" type="stmt"/>
        <line num="8" count="1" type="stmt"/>
        <line num="10" count="1" type="stmt"/>
        <line num="11" count="1" type="stmt"/>
        <line num="13" count="4" type="stmt"/>
        <line num="14" count="1" type="stmt"/>
        <line num="15" count="0" type="cond" truecount="0" falsecount="1"/>
        <line num="17" count="1" type="stmt"/>
        <line num="20" count="4" type="stmt"/>
        <line num="21" count="4" type="stmt"/>
        <line num="23" count="4" type="stmt"/>
        <line num="24" count="4" type="stmt"/>
        <line num="25" count="43" type="cond" truecount="1" falsecount="0"/>
        <line num="26" count="4" type="cond" truecount="1" falsecount="1"/>
        <line num="27" count="4" type="cond" truecount="2" falsecount="0"/>
        <line num="28" count="0" type="stmt"/>
        <line num="29" count="0" type="cond" truecount="0" falsecount="4"/>
        <line num="30" count="0" type="stmt"/>
        <line num="31" count="0" type="cond" truecount="0" falsecount="3"/>
        <line num="32" count="0" type="stmt"/>
        <line num="33" count="0" type="cond" truecount="0" falsecount="4"/>
        <line num="34" count="0" type="stmt"/>
        <line num="35" count="0" type="cond" truecount="0" falsecount="3"/>
        <line num="36" count="0" type="stmt"/>
        <line num="37" count="0" type="stmt"/>
        <line num="45" count="43" type="stmt"/>
        <line num="47" count="4" type="stmt"/>
        <line num="48" count="4" type="cond" truecount="2" falsecount="2"/>
        <line num="49" count="4" type="stmt"/>
        <line num="51" count="4" type="stmt"/>
        <line num="52" count="4" type="stmt"/>
        <line num="53" count="4" type="cond" truecount="1" falsecount="1"/>
        <line num="54" count="4" type="cond" truecount="0" falsecount="1"/>
        <line num="55" count="4" type="cond" truecount="1" falsecount="2"/>
        <line num="56" count="4" type="stmt"/>
        <line num="57" count="4" type="cond" truecount="2" falsecount="0"/>
        <line num="60" count="1" type="stmt"/>
        <line num="61" count="0" type="stmt"/>
        <line num="62" count="0" type="stmt"/>
        <line num="63" count="0" type="stmt"/>
        <line num="64" count="0" type="stmt"/>
        <line num="67" count="0" type="stmt"/>
        <line num="68" count="0" type="stmt"/>
        <line num="69" count="0" type="cond" truecount="0" falsecount="1"/>
        <line num="70" count="0" type="cond" truecount="0" falsecount="1"/>
        <line num="71" count="0" type="cond" truecount="0" falsecount="1"/>
        <line num="74" count="0" type="stmt"/>
        <line num="75" count="0" type="cond" truecount="0" falsecount="4"/>
        <line num="76" count="0" type="cond" truecount="0" falsecount="2"/>
        <line num="77" count="0" type="stmt"/>
        <line num="80" count="0" type="stmt"/>
      </file>
    </package>
    <package name="core">
      <metrics statements="288" coveredstatements="256" conditionals="170" coveredconditionals="139" methods="20" coveredmethods="20"/>
      <file name="config.ts" path="/Users/ieeebruce/Documents/trae_projects/i18n/i18n-demo/i18n-refactor/src/core/config.ts">
        <metrics statements="66" coveredstatements="60" conditionals="41" coveredconditionals="33" methods="9" coveredmethods="9"/>
        <line num="1" count="14" type="stmt"/>
        <line num="2" count="14" type="stmt"/>
        <line num="21" count="14" type="stmt"/>
        <line num="37" count="14" type="stmt"/>
        <line num="38" count="46" type="stmt"/>
        <line num="39" count="46" type="cond" truecount="1" falsecount="1"/>
        <line num="40" count="149" type="cond" truecount="5" falsecount="0"/>
        <line num="41" count="1" type="cond" truecount="1" falsecount="1"/>
        <line num="42" count="148" type="cond" truecount="1" falsecount="0"/>
        <line num="43" count="147" type="stmt"/>
        <line num="46" count="46" type="stmt"/>
        <line num="50" count="14" type="stmt"/>
        <line num="51" count="14" type="stmt"/>
        <line num="57" count="14" type="cond" truecount="1" falsecount="1"/>
        <line num="59" count="14" type="stmt"/>
        <line num="60" count="16" type="stmt"/>
        <line num="61" count="16" type="cond" truecount="1" falsecount="0"/>
        <line num="62" count="13" type="stmt"/>
        <line num="63" count="13" type="stmt"/>
        <line num="66" count="0" type="stmt"/>
        <line num="70" count="1" type="stmt"/>
        <line num="74" count="14" type="stmt"/>
        <line num="75" count="15" type="stmt"/>
        <line num="76" count="15" type="stmt"/>
        <line num="78" count="15" type="stmt"/>
        <line num="79" count="1173" type="cond" truecount="3" falsecount="0"/>
        <line num="81" count="3" type="stmt"/>
        <line num="82" count="3" type="stmt"/>
        <line num="85" count="3" type="cond" truecount="2" falsecount="0"/>
        <line num="86" count="1" type="stmt"/>
        <line num="87" count="2" type="cond" truecount="1" falsecount="1"/>
        <line num="88" count="0" type="stmt"/>
        <line num="89" count="2" type="cond" truecount="2" falsecount="0"/>
        <line num="90" count="1" type="stmt"/>
        <line num="91" count="1" type="cond" truecount="1" falsecount="1"/>
        <line num="92" count="2" type="stmt"/>
        <line num="94" count="0" type="stmt"/>
        <line num="99" count="15" type="stmt"/>
        <line num="103" count="14" type="stmt"/>
        <line num="104" count="18" type="stmt"/>
        <line num="106" count="18" type="stmt"/>
        <line num="107" count="5" type="stmt"/>
        <line num="109" count="5" type="cond" truecount="1" falsecount="0"/>
        <line num="110" count="5" type="stmt"/>
        <line num="112" count="5" type="cond" truecount="2" falsecount="0"/>
        <line num="113" count="1" type="stmt"/>
        <line num="114" count="4" type="cond" truecount="3" falsecount="1"/>
        <line num="116" count="0" type="stmt"/>
        <line num="117" count="4" type="cond" truecount="1" falsecount="0"/>
        <line num="118" count="4" type="stmt"/>
        <line num="121" count="4" type="cond" truecount="1" falsecount="1"/>
        <line num="122" count="0" type="stmt"/>
        <line num="123" count="4" type="cond" truecount="1" falsecount="1"/>
        <line num="124" count="0" type="stmt"/>
        <line num="125" count="4" type="cond" truecount="2" falsecount="0"/>
        <line num="126" count="1" type="stmt"/>
        <line num="127" count="3" type="cond" truecount="2" falsecount="0"/>
        <line num="128" count="3" type="stmt"/>
        <line num="130" count="2" type="stmt"/>
        <line num="136" count="18" type="stmt"/>
        <line num="140" count="14" type="cond" truecount="1" falsecount="0"/>
        <line num="141" count="14" type="stmt"/>
        <line num="142" count="14" type="stmt"/>
        <line num="143" count="14" type="stmt"/>
        <line num="146" count="14" type="stmt"/>
        <line num="156" count="14" type="stmt"/>
      </file>
      <file name="key-resolver.ts" path="/Users/ieeebruce/Documents/trae_projects/i18n/i18n-demo/i18n-refactor/src/core/key-resolver.ts">
        <metrics statements="47" coveredstatements="37" conditionals="26" coveredconditionals="19" methods="1" coveredmethods="1"/>
        <line num="1" count="14" type="stmt"/>
        <line num="2" count="14" type="stmt"/>
        <line num="14" count="14" type="stmt"/>
        <line num="15" count="74" type="stmt"/>
        <line num="16" count="74" type="stmt"/>
        <line num="17" count="74" type="stmt"/>
        <line num="18" count="74" type="stmt"/>
        <line num="19" count="203" type="cond" truecount="1" falsecount="0"/>
        <line num="20" count="198" type="cond" truecount="1" falsecount="0"/>
        <line num="21" count="124" type="stmt"/>
        <line num="22" count="124" type="stmt"/>
        <line num="23" count="124" type="stmt"/>
        <line num="24" count="124" type="stmt"/>
        <line num="26" count="5" type="cond" truecount="1" falsecount="0"/>
        <line num="27" count="5" type="stmt"/>
        <line num="28" count="5" type="cond" truecount="2" falsecount="0"/>
        <line num="29" count="4" type="stmt"/>
        <line num="30" count="5" type="stmt"/>
        <line num="31" count="5" type="stmt"/>
        <line num="33" count="0" type="stmt"/>
        <line num="35" count="74" type="stmt"/>
        <line num="36" count="74" type="stmt"/>
        <line num="37" count="74" type="stmt"/>
        <line num="38" count="74" type="stmt"/>
        <line num="39" count="74" type="stmt"/>
        <line num="40" count="129" type="cond" truecount="1" falsecount="0"/>
        <line num="41" count="125" type="stmt"/>
        <line num="43" count="74" type="cond" truecount="4" falsecount="0"/>
        <line num="44" count="74" type="cond" truecount="4" falsecount="0"/>
        <line num="45" count="55" type="stmt"/>
        <line num="46" count="55" type="cond" truecount="1" falsecount="0"/>
        <line num="48" count="74" type="stmt"/>
        <line num="49" count="74" type="stmt"/>
        <line num="50" count="74" type="cond" truecount="1" falsecount="0"/>
        <line num="51" count="4" type="stmt"/>
        <line num="52" count="4" type="stmt"/>
        <line num="54" count="74" type="cond" truecount="1" falsecount="2"/>
        <line num="55" count="0" type="stmt"/>
        <line num="56" count="0" type="stmt"/>
        <line num="57" count="0" type="stmt"/>
        <line num="58" count="0" type="cond" truecount="0" falsecount="2"/>
        <line num="59" count="0" type="stmt"/>
        <line num="60" count="0" type="cond" truecount="0" falsecount="2"/>
        <line num="62" count="0" type="stmt"/>
        <line num="63" count="0" type="cond" truecount="0" falsecount="1"/>
        <line num="66" count="0" type="stmt"/>
        <line num="69" count="74" type="cond" truecount="2" falsecount="0"/>
      </file>
      <file name="params-extractor.ts" path="/Users/ieeebruce/Documents/trae_projects/i18n/i18n-demo/i18n-refactor/src/core/params-extractor.ts">
        <metrics statements="6" coveredstatements="6" conditionals="0" coveredconditionals="0" methods="1" coveredmethods="1"/>
        <line num="3" count="14" type="stmt"/>
        <line num="4" count="4" type="stmt"/>
        <line num="5" count="4" type="stmt"/>
        <line num="7" count="4" type="stmt"/>
        <line num="8" count="8" type="stmt"/>
        <line num="10" count="4" type="stmt"/>
      </file>
      <file name="template-usage.ts" path="/Users/ieeebruce/Documents/trae_projects/i18n/i18n-demo/i18n-refactor/src/core/template-usage.ts">
        <metrics statements="40" coveredstatements="40" conditionals="0" coveredconditionals="0" methods="1" coveredmethods="1"/>
        <line num="3" count="1" type="stmt"/>
        <line num="4" count="1" type="stmt"/>
        <line num="5" count="1" type="stmt"/>
        <line num="7" count="1" type="stmt"/>
        <line num="9" count="1" type="stmt"/>
        <line num="10" count="1" type="stmt"/>
        <line num="11" count="1" type="stmt"/>
        <line num="12" count="1" type="stmt"/>
        <line num="13" count="1" type="stmt"/>
        <line num="14" count="1" type="stmt"/>
        <line num="16" count="2" type="stmt"/>
        <line num="17" count="1" type="stmt"/>
        <line num="18" count="1" type="stmt"/>
        <line num="19" count="1" type="stmt"/>
        <line num="20" count="1" type="stmt"/>
        <line num="23" count="1" type="stmt"/>
        <line num="24" count="1" type="stmt"/>
        <line num="25" count="1" type="stmt"/>
        <line num="26" count="1" type="stmt"/>
        <line num="27" count="1" type="stmt"/>
        <line num="28" count="1" type="stmt"/>
        <line num="29" count="1" type="stmt"/>
        <line num="30" count="1" type="stmt"/>
        <line num="31" count="1" type="stmt"/>
        <line num="34" count="1" type="stmt"/>
        <line num="35" count="1" type="stmt"/>
        <line num="36" count="2" type="stmt"/>
        <line num="37" count="2" type="stmt"/>
        <line num="38" count="2" type="stmt"/>
        <line num="39" count="2" type="stmt"/>
        <line num="40" count="2" type="stmt"/>
        <line num="41" count="2" type="stmt"/>
        <line num="42" count="2" type="stmt"/>
        <line num="45" count="1" type="stmt"/>
        <line num="46" count="1" type="stmt"/>
        <line num="47" count="1" type="stmt"/>
        <line num="48" count="1" type="stmt"/>
        <line num="49" count="1" type="stmt"/>
        <line num="50" count="1" type="stmt"/>
        <line num="52" count="1" type="stmt"/>
      </file>
      <file name="var-alias.ts" path="/Users/ieeebruce/Documents/trae_projects/i18n/i18n-demo/i18n-refactor/src/core/var-alias.ts">
        <metrics statements="129" coveredstatements="113" conditionals="103" coveredconditionals="87" methods="8" coveredmethods="8"/>
        <line num="1" count="14" type="stmt"/>
        <line num="7" count="64" type="cond" truecount="2" falsecount="1"/>
        <line num="8" count="64" type="stmt"/>
        <line num="9" count="64" type="cond" truecount="6" falsecount="0"/>
        <line num="18" count="46" type="stmt"/>
        <line num="19" count="46" type="stmt"/>
        <line num="20" count="46" type="stmt"/>
        <line num="21" count="68" type="stmt"/>
        <line num="22" count="68" type="stmt"/>
        <line num="24" count="46" type="stmt"/>
        <line num="27" count="14" type="stmt"/>
        <line num="29" count="51" type="stmt"/>
        <line num="32" count="62" type="cond" truecount="1" falsecount="0"/>
        <line num="33" count="62" type="stmt"/>
        <line num="34" count="62" type="cond" truecount="2" falsecount="1"/>
        <line num="35" count="62" type="stmt"/>
        <line num="38" count="2898" type="cond" truecount="3" falsecount="0"/>
        <line num="39" count="21" type="cond" truecount="1" falsecount="1"/>
        <line num="40" count="0" type="stmt"/>
        <line num="41" count="0" type="stmt"/>
        <line num="42" count="0" type="stmt"/>
        <line num="43" count="0" type="cond" truecount="0" falsecount="3"/>
        <line num="44" count="0" type="stmt"/>
        <line num="45" count="0" type="cond" truecount="0" falsecount="3"/>
        <line num="46" count="0" type="stmt"/>
        <line num="47" count="0" type="stmt"/>
        <line num="50" count="21" type="cond" truecount="3" falsecount="0"/>
        <line num="51" count="4" type="cond" truecount="3" falsecount="0"/>
        <line num="52" count="4" type="stmt"/>
        <line num="53" count="4" type="cond" truecount="0" falsecount="1"/>
        <line num="54" count="0" type="stmt"/>
        <line num="55" count="0" type="cond" truecount="0" falsecount="1"/>
        <line num="56" count="0" type="stmt"/>
        <line num="62" count="2898" type="cond" truecount="6" falsecount="0"/>
        <line num="63" count="2" type="stmt"/>
        <line num="64" count="1" type="stmt"/>
        <line num="65" count="1" type="stmt"/>
        <line num="66" count="2" type="stmt"/>
        <line num="67" count="2" type="cond" truecount="1" falsecount="0"/>
        <line num="68" count="2" type="stmt"/>
        <line num="69" count="2" type="stmt"/>
        <line num="70" count="2" type="cond" truecount="3" falsecount="0"/>
        <line num="71" count="2" type="stmt"/>
        <line num="72" count="2" type="cond" truecount="1" falsecount="0"/>
        <line num="76" count="1" type="cond" truecount="1" falsecount="0"/>
        <line num="77" count="1" type="stmt"/>
        <line num="78" count="1" type="stmt"/>
        <line num="81" count="2898" type="cond" truecount="1" falsecount="0"/>
        <line num="82" count="45" type="stmt"/>
        <line num="83" count="45" type="stmt"/>
        <line num="84" count="45" type="cond" truecount="5" falsecount="0"/>
        <line num="85" count="45" type="stmt"/>
        <line num="88" count="45" type="cond" truecount="1" falsecount="1"/>
        <line num="89" count="61" type="cond" truecount="3" falsecount="0"/>
        <line num="90" count="59" type="stmt"/>
        <line num="91" count="59" type="cond" truecount="3" falsecount="0"/>
        <line num="92" count="59" type="stmt"/>
        <line num="93" count="59" type="cond" truecount="3" falsecount="0"/>
        <line num="94" count="59" type="stmt"/>
        <line num="95" count="59" type="cond" truecount="2" falsecount="0"/>
        <line num="96" count="26" type="stmt"/>
        <line num="97" count="26" type="stmt"/>
        <line num="98" count="52" type="stmt"/>
        <line num="99" count="26" type="cond" truecount="4" falsecount="0"/>
        <line num="100" count="14" type="stmt"/>
        <line num="101" count="14" type="stmt"/>
        <line num="102" count="14" type="stmt"/>
        <line num="104" count="12" type="stmt"/>
        <line num="105" count="12" type="stmt"/>
        <line num="106" count="30" type="cond" truecount="3" falsecount="0"/>
        <line num="107" count="12" type="stmt"/>
        <line num="108" count="12" type="cond" truecount="2" falsecount="0"/>
        <line num="109" count="8" type="stmt"/>
        <line num="110" count="8" type="stmt"/>
        <line num="111" count="8" type="cond" truecount="3" falsecount="0"/>
        <line num="112" count="8" type="stmt"/>
        <line num="113" count="8" type="cond" truecount="2" falsecount="0"/>
        <line num="114" count="4" type="stmt"/>
        <line num="115" count="8" type="cond" truecount="1" falsecount="0"/>
        <line num="116" count="8" type="stmt"/>
        <line num="117" count="4" type="cond" truecount="3" falsecount="0"/>
        <line num="118" count="4" type="stmt"/>
        <line num="119" count="4" type="stmt"/>
        <line num="120" count="4" type="stmt"/>
        <line num="121" count="4" type="cond" truecount="1" falsecount="0"/>
        <line num="122" count="4" type="stmt"/>
        <line num="123" count="4" type="stmt"/>
        <line num="124" count="4" type="stmt"/>
        <line num="125" count="4" type="stmt"/>
        <line num="126" count="4" type="stmt"/>
        <line num="127" count="4" type="cond" truecount="1" falsecount="1"/>
        <line num="128" count="4" type="stmt"/>
        <line num="129" count="4" type="stmt"/>
        <line num="131" count="0" type="stmt"/>
        <line num="134" count="4" type="cond" truecount="3" falsecount="0"/>
        <line num="135" count="4" type="stmt"/>
        <line num="136" count="4" type="stmt"/>
        <line num="137" count="4" type="cond" truecount="1" falsecount="0"/>
        <line num="138" count="4" type="stmt"/>
        <line num="139" count="4" type="stmt"/>
        <line num="140" count="4" type="stmt"/>
        <line num="141" count="4" type="cond" truecount="1" falsecount="1"/>
        <line num="142" count="0" type="stmt"/>
        <line num="143" count="4" type="cond" truecount="1" falsecount="0"/>
        <line num="144" count="4" type="stmt"/>
        <line num="150" count="18" type="stmt"/>
        <line num="153" count="33" type="cond" truecount="3" falsecount="0"/>
        <line num="154" count="20" type="stmt"/>
        <line num="155" count="20" type="cond" truecount="0" falsecount="1"/>
        <line num="156" count="0" type="stmt"/>
        <line num="157" count="0" type="cond" truecount="0" falsecount="1"/>
        <line num="158" count="0" type="stmt"/>
        <line num="162" count="59" type="cond" truecount="1" falsecount="0"/>
        <line num="163" count="22" type="stmt"/>
        <line num="164" count="11" type="stmt"/>
        <line num="165" count="11" type="stmt"/>
        <line num="166" count="22" type="stmt"/>
        <line num="167" count="22" type="cond" truecount="1" falsecount="0"/>
        <line num="168" count="22" type="stmt"/>
        <line num="169" count="22" type="stmt"/>
        <line num="170" count="22" type="cond" truecount="3" falsecount="0"/>
        <line num="171" count="22" type="stmt"/>
        <line num="172" count="22" type="cond" truecount="1" falsecount="0"/>
        <line num="176" count="11" type="cond" truecount="1" falsecount="0"/>
        <line num="177" count="11" type="stmt"/>
        <line num="178" count="11" type="stmt"/>
        <line num="186" count="2898" type="stmt"/>
        <line num="188" count="51" type="stmt"/>
        <line num="189" count="51" type="stmt"/>
      </file>
    </package>
    <package name="processor">
      <metrics statements="938" coveredstatements="359" conditionals="649" coveredconditionals="171" methods="124" coveredmethods="24"/>
      <file name="component.ts" path="/Users/ieeebruce/Documents/trae_projects/i18n/i18n-demo/i18n-refactor/src/processor/component.ts">
        <metrics statements="419" coveredstatements="322" conditionals="251" coveredconditionals="169" methods="36" coveredmethods="23"/>
        <line num="1" count="13" type="stmt"/>
        <line num="2" count="13" type="stmt"/>
        <line num="3" count="13" type="stmt"/>
        <line num="4" count="13" type="stmt"/>
        <line num="6" count="13" type="stmt"/>
        <line num="7" count="13" type="stmt"/>
        <line num="9" count="13" type="stmt"/>
        <line num="10" count="13" type="stmt"/>
        <line num="24" count="0" type="stmt"/>
        <line num="25" count="0" type="stmt"/>
        <line num="26" count="0" type="stmt"/>
        <line num="28" count="0" type="stmt"/>
        <line num="29" count="0" type="stmt"/>
        <line num="30" count="0" type="stmt"/>
        <line num="35" count="48" type="stmt"/>
        <line num="38" count="48" type="stmt"/>
        <line num="39" count="48" type="stmt"/>
        <line num="40" count="2778" type="cond" truecount="1" falsecount="0"/>
        <line num="41" count="42" type="stmt"/>
        <line num="42" count="42" type="cond" truecount="5" falsecount="0"/>
        <line num="43" count="34" type="cond" truecount="1" falsecount="0"/>
        <line num="47" count="2778" type="stmt"/>
        <line num="49" count="48" type="stmt"/>
        <line num="51" count="48" type="stmt"/>
        <line num="52" count="48" type="stmt"/>
        <line num="53" count="48" type="stmt"/>
        <line num="54" count="48" type="stmt"/>
        <line num="55" count="48" type="stmt"/>
        <line num="59" count="56" type="stmt"/>
        <line num="60" count="56" type="cond" truecount="1" falsecount="0"/>
        <line num="61" count="22" type="cond" truecount="3" falsecount="1"/>
        <line num="62" count="0" type="stmt"/>
        <line num="63" count="0" type="cond" truecount="0" falsecount="1"/>
        <line num="67" count="22" type="stmt"/>
        <line num="68" count="22" type="cond" truecount="3" falsecount="0"/>
        <line num="69" count="12" type="stmt"/>
        <line num="70" count="12" type="stmt"/>
        <line num="71" count="12" type="cond" truecount="1" falsecount="0"/>
        <line num="76" count="56" type="cond" truecount="1" falsecount="0"/>
        <line num="78" count="8" type="stmt"/>
        <line num="82" count="48" type="cond" truecount="4" falsecount="0"/>
        <line num="83" count="14" type="cond" truecount="1" falsecount="0"/>
        <line num="84" count="14" type="stmt"/>
        <line num="85" count="14" type="stmt"/>
        <line num="88" count="48" type="stmt"/>
        <line num="90" count="48" type="stmt"/>
        <line num="93" count="48" type="stmt"/>
        <line num="94" count="48" type="stmt"/>
        <line num="95" count="48" type="stmt"/>
        <line num="96" count="48" type="cond" truecount="2" falsecount="2"/>
        <line num="98" count="48" type="stmt"/>
        <line num="102" count="24" type="stmt"/>
        <line num="103" count="24" type="stmt"/>
        <line num="104" count="24" type="stmt"/>
        <line num="106" count="24" type="stmt"/>
        <line num="107" count="1389" type="cond" truecount="1" falsecount="0"/>
        <line num="108" count="225" type="cond" truecount="3" falsecount="0"/>
        <line num="109" count="101" type="stmt"/>
        <line num="110" count="101" type="stmt"/>
        <line num="111" count="101" type="cond" truecount="5" falsecount="0"/>
        <line num="113" count="64" type="stmt"/>
        <line num="118" count="1389" type="cond" truecount="4" falsecount="0"/>
        <line num="119" count="4" type="stmt"/>
        <line num="120" count="4" type="cond" truecount="4" falsecount="0"/>
        <line num="121" count="4" type="stmt"/>
        <line num="124" count="1389" type="stmt"/>
        <line num="126" count="24" type="stmt"/>
        <line num="127" count="24" type="stmt"/>
        <line num="129" count="24" type="cond" truecount="1" falsecount="0"/>
        <line num="131" count="22" type="cond" truecount="1" falsecount="2"/>
        <line num="132" count="22" type="stmt"/>
        <line num="134" count="24" type="stmt"/>
        <line num="138" count="24" type="stmt"/>
        <line num="139" count="24" type="stmt"/>
        <line num="140" count="24" type="stmt"/>
        <line num="141" count="24" type="cond" truecount="2" falsecount="0"/>
        <line num="142" count="24" type="stmt"/>
        <line num="144" count="24" type="stmt"/>
        <line num="145" count="24" type="stmt"/>
        <line num="146" count="24" type="stmt"/>
        <line num="147" count="24" type="stmt"/>
        <line num="148" count="24" type="stmt"/>
        <line num="149" count="24" type="stmt"/>
        <line num="150" count="24" type="stmt"/>
        <line num="151" count="1338" type="stmt"/>
        <line num="152" count="1338" type="stmt"/>
        <line num="153" count="1338" type="cond" truecount="2" falsecount="0"/>
        <line num="156" count="24" type="stmt"/>
        <line num="157" count="214" type="stmt"/>
        <line num="158" count="214" type="cond" truecount="2" falsecount="0"/>
        <line num="159" count="412" type="cond" truecount="4" falsecount="0"/>
        <line num="160" count="181" type="stmt"/>
        <line num="162" count="231" type="stmt"/>
        <line num="164" count="33" type="stmt"/>
        <line num="167" count="24" type="stmt"/>
        <line num="168" count="1338" type="cond" truecount="1" falsecount="0"/>
        <line num="170" count="1326" type="cond" truecount="3" falsecount="0"/>
        <line num="171" count="206" type="stmt"/>
        <line num="172" count="206" type="cond" truecount="4" falsecount="0"/>
        <line num="173" count="95" type="stmt"/>
        <line num="175" count="206" type="stmt"/>
        <line num="176" count="206" type="cond" truecount="3" falsecount="0"/>
        <line num="177" count="88" type="stmt"/>
        <line num="178" count="88" type="stmt"/>
        <line num="179" count="88" type="cond" truecount="2" falsecount="0"/>
        <line num="180" count="88" type="cond" truecount="2" falsecount="0"/>
        <line num="181" count="88" type="cond" truecount="1" falsecount="1"/>
        <line num="194" count="88" type="cond" truecount="4" falsecount="0"/>
        <line num="198" count="66" type="stmt"/>
        <line num="199" count="66" type="stmt"/>
        <line num="200" count="66" type="stmt"/>
        <line num="201" count="139" type="cond" truecount="3" falsecount="1"/>
        <line num="202" count="0" type="stmt"/>
        <line num="203" count="0" type="stmt"/>
        <line num="207" count="66" type="cond" truecount="1" falsecount="0"/>
        <line num="208" count="66" type="cond" truecount="6" falsecount="0"/>
        <line num="209" count="66" type="stmt"/>
        <line num="210" count="66" type="stmt"/>
        <line num="211" count="66" type="cond" truecount="1" falsecount="0"/>
        <line num="212" count="25" type="stmt"/>
        <line num="213" count="25" type="stmt"/>
        <line num="216" count="25" type="cond" truecount="3" falsecount="0"/>
        <line num="217" count="1" type="stmt"/>
        <line num="218" count="1" type="stmt"/>
        <line num="233" count="1326" type="cond" truecount="4" falsecount="0"/>
        <line num="234" count="4" type="stmt"/>
        <line num="235" count="4" type="stmt"/>
        <line num="236" count="4" type="cond" truecount="2" falsecount="1"/>
        <line num="237" count="0" type="stmt"/>
        <line num="238" count="0" type="stmt"/>
        <line num="239" count="0" type="cond" truecount="0" falsecount="3"/>
        <line num="240" count="0" type="cond" truecount="0" falsecount="4"/>
        <line num="241" count="0" type="stmt"/>
        <line num="242" count="0" type="cond" truecount="0" falsecount="1"/>
        <line num="243" count="0" type="stmt"/>
        <line num="244" count="0" type="stmt"/>
        <line num="245" count="0" type="stmt"/>
        <line num="249" count="0" type="cond" truecount="0" falsecount="1"/>
        <line num="262" count="0" type="stmt"/>
        <line num="263" count="0" type="stmt"/>
        <line num="264" count="0" type="stmt"/>
        <line num="265" count="0" type="cond" truecount="0" falsecount="1"/>
        <line num="266" count="0" type="stmt"/>
        <line num="267" count="0" type="stmt"/>
        <line num="268" count="0" type="stmt"/>
        <line num="275" count="1326" type="cond" truecount="4" falsecount="0"/>
        <line num="276" count="4" type="stmt"/>
        <line num="277" count="4" type="stmt"/>
        <line num="278" count="4" type="cond" truecount="3" falsecount="0"/>
        <line num="279" count="7" type="stmt"/>
        <line num="280" count="7" type="stmt"/>
        <line num="282" count="4" type="stmt"/>
        <line num="283" count="4" type="stmt"/>
        <line num="284" count="4" type="cond" truecount="3" falsecount="0"/>
        <line num="285" count="4" type="stmt"/>
        <line num="286" count="4" type="cond" truecount="6" falsecount="0"/>
        <line num="287" count="4" type="stmt"/>
        <line num="288" count="4" type="stmt"/>
        <line num="289" count="7" type="stmt"/>
        <line num="290" count="7" type="cond" truecount="4" falsecount="0"/>
        <line num="291" count="7" type="stmt"/>
        <line num="292" count="7" type="cond" truecount="1" falsecount="1"/>
        <line num="294" count="7" type="cond" truecount="2" falsecount="0"/>
        <line num="295" count="5" type="stmt"/>
        <line num="297" count="2" type="stmt"/>
        <line num="301" count="4" type="stmt"/>
        <line num="302" count="4" type="stmt"/>
        <line num="303" count="4" type="stmt"/>
        <line num="304" count="4" type="stmt"/>
        <line num="305" count="4" type="cond" truecount="1" falsecount="0"/>
        <line num="306" count="4" type="stmt"/>
        <line num="307" count="4" type="stmt"/>
        <line num="308" count="4" type="stmt"/>
        <line num="312" count="1326" type="stmt"/>
        <line num="314" count="24" type="stmt"/>
        <line num="317" count="24" type="stmt"/>
        <line num="318" count="24" type="cond" truecount="2" falsecount="0"/>
        <line num="319" count="7" type="stmt"/>
        <line num="320" count="7" type="stmt"/>
        <line num="321" count="7" type="cond" truecount="1" falsecount="0"/>
        <line num="322" count="12" type="cond" truecount="2" falsecount="0"/>
        <line num="323" count="7" type="cond" truecount="1" falsecount="1"/>
        <line num="324" count="7" type="stmt"/>
        <line num="325" count="7" type="stmt"/>
        <line num="326" count="7" type="stmt"/>
        <line num="328" count="0" type="stmt"/>
        <line num="332" count="17" type="stmt"/>
        <line num="336" count="36" type="stmt"/>
        <line num="337" count="36" type="cond" truecount="1" falsecount="0"/>
        <line num="339" count="24" type="stmt"/>
        <line num="340" count="24" type="stmt"/>
        <line num="341" count="24" type="stmt"/>
        <line num="342" count="0" type="cond" truecount="0" falsecount="1"/>
        <line num="343" count="0" type="cond" truecount="0" falsecount="4"/>
        <line num="344" count="0" type="cond" truecount="0" falsecount="5"/>
        <line num="345" count="0" type="stmt"/>
        <line num="347" count="24" type="stmt"/>
        <line num="348" count="0" type="stmt"/>
        <line num="349" count="0" type="stmt"/>
        <line num="355" count="24" type="stmt"/>
        <line num="356" count="0" type="stmt"/>
        <line num="357" count="0" type="cond" truecount="0" falsecount="2"/>
        <line num="358" count="0" type="stmt"/>
        <line num="359" count="0" type="cond" truecount="0" falsecount="4"/>
        <line num="360" count="0" type="stmt"/>
        <line num="362" count="0" type="stmt"/>
        <line num="366" count="24" type="cond" truecount="2" falsecount="1"/>
        <line num="367" count="0" type="stmt"/>
        <line num="368" count="0" type="stmt"/>
        <line num="369" count="0" type="cond" truecount="0" falsecount="2"/>
        <line num="370" count="0" type="stmt"/>
        <line num="371" count="0" type="cond" truecount="0" falsecount="4"/>
        <line num="372" count="0" type="stmt"/>
        <line num="374" count="0" type="stmt"/>
        <line num="378" count="0" type="stmt"/>
        <line num="379" count="0" type="stmt"/>
        <line num="380" count="0" type="cond" truecount="0" falsecount="2"/>
        <line num="381" count="0" type="stmt"/>
        <line num="382" count="0" type="cond" truecount="0" falsecount="4"/>
        <line num="383" count="0" type="stmt"/>
        <line num="385" count="0" type="stmt"/>
        <line num="389" count="24" type="stmt"/>
        <line num="390" count="24" type="stmt"/>
        <line num="394" count="24" type="stmt"/>
        <line num="395" count="24" type="stmt"/>
        <line num="396" count="24" type="stmt"/>
        <line num="398" count="24" type="stmt"/>
        <line num="399" count="21" type="cond" truecount="1" falsecount="0"/>
        <line num="400" count="18" type="cond" truecount="4" falsecount="0"/>
        <line num="401" count="18" type="cond" truecount="3" falsecount="0"/>
        <line num="402" count="18" type="stmt"/>
        <line num="403" count="18" type="cond" truecount="2" falsecount="0"/>
        <line num="405" count="0" type="stmt"/>
        <line num="408" count="24" type="stmt"/>
        <line num="409" count="3" type="stmt"/>
        <line num="410" count="3" type="cond" truecount="0" falsecount="1"/>
        <line num="411" count="3" type="stmt"/>
        <line num="412" count="3" type="stmt"/>
        <line num="413" count="3" type="stmt"/>
        <line num="414" count="6" type="cond" truecount="1" falsecount="1"/>
        <line num="415" count="3" type="stmt"/>
        <line num="417" count="24" type="stmt"/>
        <line num="418" count="0" type="stmt"/>
        <line num="419" count="0" type="cond" truecount="0" falsecount="1"/>
        <line num="420" count="0" type="stmt"/>
        <line num="421" count="0" type="stmt"/>
        <line num="423" count="24" type="stmt"/>
        <line num="424" count="1" type="stmt"/>
        <line num="425" count="1" type="cond" truecount="0" falsecount="1"/>
        <line num="426" count="1" type="stmt"/>
        <line num="427" count="1" type="stmt"/>
        <line num="429" count="24" type="stmt"/>
        <line num="430" count="17" type="stmt"/>
        <line num="431" count="17" type="cond" truecount="0" falsecount="1"/>
        <line num="432" count="17" type="stmt"/>
        <line num="433" count="17" type="stmt"/>
        <line num="435" count="24" type="stmt"/>
        <line num="439" count="0" type="stmt"/>
        <line num="441" count="0" type="stmt"/>
        <line num="442" count="0" type="stmt"/>
        <line num="443" count="0" type="cond" truecount="0" falsecount="2"/>
        <line num="444" count="0" type="stmt"/>
        <line num="445" count="0" type="cond" truecount="0" falsecount="1"/>
        <line num="446" count="0" type="stmt"/>
        <line num="448" count="0" type="cond" truecount="0" falsecount="1"/>
        <line num="453" count="0" type="cond" truecount="0" falsecount="1"/>
        <line num="454" count="0" type="stmt"/>
        <line num="459" count="0" type="cond" truecount="0" falsecount="1"/>
        <line num="461" count="0" type="stmt"/>
        <line num="462" count="0" type="cond" truecount="0" falsecount="1"/>
        <line num="463" count="0" type="stmt"/>
        <line num="464" count="0" type="cond" truecount="0" falsecount="1"/>
        <line num="465" count="0" type="stmt"/>
        <line num="471" count="0" type="stmt"/>
        <line num="472" count="0" type="cond" truecount="0" falsecount="1"/>
        <line num="473" count="0" type="stmt"/>
        <line num="474" count="0" type="stmt"/>
        <line num="475" count="0" type="cond" truecount="0" falsecount="4"/>
        <line num="476" count="0" type="stmt"/>
        <line num="478" count="0" type="stmt"/>
        <line num="482" count="19" type="stmt"/>
        <line num="483" count="19" type="stmt"/>
        <line num="484" count="19" type="stmt"/>
        <line num="485" count="19" type="stmt"/>
        <line num="486" count="19" type="stmt"/>
        <line num="489" count="19" type="stmt"/>
        <line num="491" count="19" type="stmt"/>
        <line num="492" count="1254" type="cond" truecount="1" falsecount="0"/>
        <line num="495" count="19" type="stmt"/>
        <line num="498" count="19" type="stmt"/>
        <line num="499" count="60" type="cond" truecount="1" falsecount="0"/>
        <line num="500" count="17" type="stmt"/>
        <line num="501" count="17" type="stmt"/>
        <line num="505" count="19" type="cond" truecount="2" falsecount="0"/>
        <line num="506" count="17" type="stmt"/>
        <line num="507" count="17" type="stmt"/>
        <line num="508" count="17" type="stmt"/>
        <line num="509" count="17" type="stmt"/>
        <line num="510" count="17" type="cond" truecount="5" falsecount="0"/>
        <line num="511" count="15" type="stmt"/>
        <line num="512" count="15" type="stmt"/>
        <line num="514" count="15" type="cond" truecount="3" falsecount="0"/>
        <line num="515" count="9" type="stmt"/>
        <line num="517" count="9" type="stmt"/>
        <line num="519" count="15" type="stmt"/>
        <line num="523" count="17" type="cond" truecount="1" falsecount="0"/>
        <line num="524" count="2" type="stmt"/>
        <line num="525" count="2" type="cond" truecount="1" falsecount="1"/>
        <line num="526" count="2" type="stmt"/>
        <line num="528" count="0" type="stmt"/>
        <line num="529" count="0" type="cond" truecount="0" falsecount="1"/>
        <line num="530" count="0" type="stmt"/>
        <line num="533" count="2" type="stmt"/>
        <line num="536" count="2" type="stmt"/>
        <line num="537" count="2" type="stmt"/>
        <line num="538" count="2" type="cond" truecount="1" falsecount="1"/>
        <line num="539" count="2" type="stmt"/>
        <line num="541" count="0" type="stmt"/>
        <line num="542" count="0" type="cond" truecount="0" falsecount="1"/>
        <line num="543" count="0" type="stmt"/>
        <line num="546" count="2" type="stmt"/>
        <line num="549" count="1254" type="stmt"/>
        <line num="551" count="19" type="stmt"/>
        <line num="554" count="19" type="stmt"/>
        <line num="556" count="9" type="stmt"/>
        <line num="561" count="19" type="stmt"/>
        <line num="564" count="19" type="stmt"/>
        <line num="568" count="19" type="stmt"/>
        <line num="571" count="9" type="stmt"/>
        <line num="572" count="9" type="stmt"/>
        <line num="575" count="9" type="stmt"/>
        <line num="576" count="9" type="stmt"/>
        <line num="579" count="9" type="stmt"/>
        <line num="580" count="9" type="stmt"/>
        <line num="583" count="9" type="stmt"/>
        <line num="584" count="9" type="stmt"/>
        <line num="587" count="9" type="stmt"/>
        <line num="588" count="9" type="stmt"/>
        <line num="591" count="9" type="stmt"/>
        <line num="592" count="9" type="stmt"/>
        <line num="595" count="9" type="stmt"/>
        <line num="596" count="9" type="stmt"/>
        <line num="602" count="19" type="cond" truecount="1" falsecount="0"/>
        <line num="603" count="19" type="stmt"/>
        <line num="605" count="19" type="stmt"/>
        <line num="606" count="19" type="stmt"/>
        <line num="608" count="19" type="stmt"/>
        <line num="609" count="19" type="stmt"/>
        <line num="611" count="19" type="stmt"/>
        <line num="612" count="19" type="stmt"/>
        <line num="614" count="19" type="stmt"/>
        <line num="615" count="19" type="stmt"/>
        <line num="617" count="19" type="stmt"/>
        <line num="618" count="19" type="stmt"/>
        <line num="620" count="19" type="stmt"/>
        <line num="621" count="19" type="stmt"/>
        <line num="624" count="19" type="cond" truecount="1" falsecount="0"/>
        <line num="625" count="9" type="stmt"/>
        <line num="629" count="19" type="stmt"/>
        <line num="630" count="19" type="stmt"/>
        <line num="631" count="9" type="stmt"/>
        <line num="634" count="19" type="stmt"/>
        <line num="635" count="19" type="stmt"/>
        <line num="636" count="4" type="stmt"/>
        <line num="639" count="19" type="cond" truecount="1" falsecount="0"/>
        <line num="640" count="4" type="stmt"/>
        <line num="641" count="4" type="cond" truecount="1" falsecount="0"/>
        <line num="642" count="4" type="stmt"/>
        <line num="643" count="4" type="cond" truecount="0" falsecount="1"/>
        <line num="644" count="0" type="cond" truecount="0" falsecount="2"/>
        <line num="645" count="0" type="stmt"/>
        <line num="646" count="0" type="stmt"/>
        <line num="647" count="0" type="cond" truecount="0" falsecount="1"/>
        <line num="648" count="0" type="stmt"/>
        <line num="650" count="4" type="stmt"/>
        <line num="651" count="4" type="stmt"/>
        <line num="652" count="4" type="cond" truecount="1" falsecount="1"/>
        <line num="653" count="4" type="stmt"/>
        <line num="654" count="4" type="cond" truecount="1" falsecount="1"/>
        <line num="655" count="4" type="stmt"/>
        <line num="657" count="0" type="stmt"/>
        <line num="660" count="0" type="stmt"/>
        <line num="666" count="19" type="cond" truecount="3" falsecount="0"/>
        <line num="667" count="19" type="stmt"/>
        <line num="668" count="19" type="stmt"/>
        <line num="669" count="19" type="cond" truecount="2" falsecount="0"/>
        <line num="670" count="8" type="stmt"/>
        <line num="671" count="8" type="cond" truecount="1" falsecount="1"/>
        <line num="672" count="8" type="stmt"/>
        <line num="674" count="0" type="stmt"/>
        <line num="677" count="11" type="stmt"/>
        <line num="681" count="19" type="stmt"/>
        <line num="684" count="13" type="stmt"/>
        <line num="685" count="24" type="stmt"/>
        <line num="686" count="24" type="stmt"/>
        <line num="687" count="24" type="stmt"/>
        <line num="688" count="24" type="stmt"/>
        <line num="689" count="24" type="stmt"/>
        <line num="690" count="24" type="stmt"/>
        <line num="693" count="24" type="stmt"/>
        <line num="696" count="24" type="stmt"/>
        <line num="697" count="22" type="cond" truecount="1" falsecount="1"/>
        <line num="698" count="22" type="cond" truecount="1" falsecount="0"/>
        <line num="700" count="13" type="stmt"/>
        <line num="701" count="13" type="stmt"/>
        <line num="702" count="13" type="stmt"/>
        <line num="703" count="13" type="cond" truecount="0" falsecount="1"/>
        <line num="704" count="0" type="stmt"/>
        <line num="712" count="24" type="cond" truecount="1" falsecount="1"/>
        <line num="713" count="24" type="stmt"/>
        <line num="714" count="24" type="cond" truecount="1" falsecount="0"/>
        <line num="716" count="4" type="stmt"/>
        <line num="720" count="24" type="cond" truecount="1" falsecount="0"/>
        <line num="721" count="19" type="stmt"/>
        <line num="727" count="24" type="stmt"/>
        <line num="730" count="24" type="stmt"/>
        <line num="733" count="24" type="cond" truecount="1" falsecount="0"/>
        <line num="734" count="10" type="stmt"/>
        <line num="737" count="24" type="stmt"/>
      </file>
      <file name="dict-process-mode.ts" path="/Users/ieeebruce/Documents/trae_projects/i18n/i18n-demo/i18n-refactor/src/processor/dict-process-mode.ts">
        <metrics statements="30" coveredstatements="5" conditionals="23" coveredconditionals="0" methods="4" coveredmethods="0"/>
        <line num="1" count="1" type="stmt"/>
        <line num="2" count="1" type="stmt"/>
        <line num="3" count="1" type="stmt"/>
        <line num="4" count="1" type="stmt"/>
        <line num="13" count="1" type="stmt"/>
        <line num="14" count="0" type="stmt"/>
        <line num="16" count="0" type="stmt"/>
        <line num="17" count="0" type="stmt"/>
        <line num="18" count="0" type="cond" truecount="0" falsecount="1"/>
        <line num="20" count="0" type="stmt"/>
        <line num="22" count="0" type="stmt"/>
        <line num="25" count="0" type="stmt"/>
        <line num="26" count="0" type="stmt"/>
        <line num="29" count="0" type="cond" truecount="0" falsecount="2"/>
        <line num="30" count="0" type="stmt"/>
        <line num="32" count="0" type="stmt"/>
        <line num="44" count="0" type="cond" truecount="0" falsecount="5"/>
        <line num="45" count="0" type="stmt"/>
        <line num="46" count="0" type="stmt"/>
        <line num="47" count="0" type="cond" truecount="0" falsecount="2"/>
        <line num="48" count="0" type="cond" truecount="0" falsecount="5"/>
        <line num="49" count="0" type="stmt"/>
        <line num="51" count="0" type="stmt"/>
        <line num="54" count="0" type="cond" truecount="0" falsecount="2"/>
        <line num="56" count="0" type="stmt"/>
        <line num="57" count="0" type="cond" truecount="0" falsecount="2"/>
        <line num="58" count="0" type="cond" truecount="0" falsecount="4"/>
        <line num="59" count="0" type="stmt"/>
        <line num="61" count="0" type="stmt"/>
        <line num="65" count="0" type="stmt"/>
      </file>
      <file name="ensure-angular-mode.ts" path="/Users/ieeebruce/Documents/trae_projects/i18n/i18n-demo/i18n-refactor/src/processor/ensure-angular-mode.ts">
        <metrics statements="55" coveredstatements="4" conditionals="30" coveredconditionals="0" methods="7" coveredmethods="0"/>
        <line num="1" count="1" type="stmt"/>
        <line num="2" count="1" type="stmt"/>
        <line num="3" count="1" type="stmt"/>
        <line num="5" count="0" type="stmt"/>
        <line num="6" count="0" type="stmt"/>
        <line num="8" count="1" type="stmt"/>
        <line num="9" count="0" type="stmt"/>
        <line num="10" count="0" type="stmt"/>
        <line num="11" count="0" type="stmt"/>
        <line num="12" count="0" type="stmt"/>
        <line num="13" count="0" type="stmt"/>
        <line num="14" count="0" type="stmt"/>
        <line num="17" count="0" type="cond" truecount="0" falsecount="4"/>
        <line num="18" count="0" type="stmt"/>
        <line num="151" count="0" type="stmt"/>
        <line num="152" count="0" type="cond" truecount="0" falsecount="1"/>
        <line num="155" count="0" type="cond" truecount="0" falsecount="4"/>
        <line num="156" count="0" type="stmt"/>
        <line num="199" count="0" type="stmt"/>
        <line num="200" count="0" type="cond" truecount="0" falsecount="1"/>
        <line num="203" count="0" type="cond" truecount="0" falsecount="4"/>
        <line num="204" count="0" type="stmt"/>
        <line num="208" count="0" type="stmt"/>
        <line num="209" count="0" type="cond" truecount="0" falsecount="1"/>
        <line num="212" count="0" type="stmt"/>
        <line num="213" count="0" type="cond" truecount="0" falsecount="1"/>
        <line num="214" count="0" type="stmt"/>
        <line num="215" count="0" type="cond" truecount="0" falsecount="1"/>
        <line num="216" count="0" type="cond" truecount="0" falsecount="2"/>
        <line num="218" count="0" type="stmt"/>
        <line num="221" count="0" type="cond" truecount="0" falsecount="1"/>
        <line num="222" count="0" type="stmt"/>
        <line num="225" count="0" type="cond" truecount="0" falsecount="2"/>
        <line num="230" count="0" type="cond" truecount="0" falsecount="1"/>
        <line num="231" count="0" type="stmt"/>
        <line num="237" count="0" type="stmt"/>
        <line num="239" count="0" type="stmt"/>
        <line num="245" count="0" type="stmt"/>
        <line num="246" count="0" type="cond" truecount="0" falsecount="1"/>
        <line num="247" count="0" type="stmt"/>
        <line num="248" count="0" type="cond" truecount="0" falsecount="1"/>
        <line num="249" count="0" type="cond" truecount="0" falsecount="2"/>
        <line num="251" count="0" type="stmt"/>
        <line num="252" count="0" type="cond" truecount="0" falsecount="1"/>
        <line num="253" count="0" type="stmt"/>
        <line num="254" count="0" type="stmt"/>
        <line num="255" count="0" type="cond" truecount="0" falsecount="1"/>
        <line num="256" count="0" type="stmt"/>
        <line num="261" count="0" type="stmt"/>
        <line num="262" count="0" type="stmt"/>
        <line num="263" count="0" type="cond" truecount="0" falsecount="1"/>
        <line num="264" count="0" type="stmt"/>
        <line num="266" count="0" type="stmt"/>
        <line num="268" count="0" type="stmt"/>
        <line num="270" count="0" type="stmt"/>
      </file>
      <file name="i18n-service.template.ts" path="/Users/ieeebruce/Documents/trae_projects/i18n/i18n-demo/i18n-refactor/src/processor/i18n-service.template.ts">
        <metrics statements="1" coveredstatements="1" conditionals="0" coveredconditionals="0" methods="0" coveredmethods="0"/>
        <line num="2" count="1" type="stmt"/>
      </file>
      <file name="ngx-translate-injector.ts" path="/Users/ieeebruce/Documents/trae_projects/i18n/i18n-demo/i18n-refactor/src/processor/ngx-translate-injector.ts">
        <metrics statements="216" coveredstatements="9" conditionals="140" coveredconditionals="0" methods="35" coveredmethods="0"/>
        <line num="1" count="1" type="stmt"/>
        <line num="2" count="1" type="stmt"/>
        <line num="3" count="1" type="stmt"/>
        <line num="5" count="1" type="stmt"/>
        <line num="6" count="1" type="stmt"/>
        <line num="9" count="1" type="stmt"/>
        <line num="10" count="0" type="stmt"/>
        <line num="11" count="0" type="cond" truecount="0" falsecount="1"/>
        <line num="12" count="0" type="stmt"/>
        <line num="13" count="0" type="stmt"/>
        <line num="16" count="0" type="stmt"/>
        <line num="17" count="0" type="cond" truecount="0" falsecount="4"/>
        <line num="22" count="0" type="cond" truecount="0" falsecount="2"/>
        <line num="24" count="0" type="stmt"/>
        <line num="25" count="0" type="stmt"/>
        <line num="26" count="0" type="stmt"/>
        <line num="27" count="0" type="cond" truecount="0" falsecount="2"/>
        <line num="28" count="0" type="stmt"/>
        <line num="30" count="0" type="stmt"/>
        <line num="33" count="0" type="stmt"/>
        <line num="38" count="1" type="stmt"/>
        <line num="39" count="0" type="stmt"/>
        <line num="42" count="0" type="stmt"/>
        <line num="43" count="0" type="cond" truecount="0" falsecount="1"/>
        <line num="45" count="0" type="stmt"/>
        <line num="46" count="0" type="stmt"/>
        <line num="49" count="0" type="cond" truecount="0" falsecount="2"/>
        <line num="52" count="0" type="stmt"/>
        <line num="53" count="0" type="stmt"/>
        <line num="55" count="0" type="stmt"/>
        <line num="60" count="1" type="stmt"/>
        <line num="62" count="0" type="stmt"/>
        <line num="65" count="0" type="stmt"/>
        <line num="68" count="0" type="stmt"/>
        <line num="72" count="1" type="stmt"/>
        <line num="74" count="0" type="stmt"/>
        <line num="75" count="0" type="cond" truecount="0" falsecount="1"/>
        <line num="76" count="0" type="stmt"/>
        <line num="77" count="0" type="stmt"/>
        <line num="81" count="0" type="stmt"/>
        <line num="82" count="0" type="cond" truecount="0" falsecount="2"/>
        <line num="83" count="0" type="stmt"/>
        <line num="85" count="0" type="stmt"/>
        <line num="91" count="0" type="stmt"/>
        <line num="94" count="0" type="cond" truecount="0" falsecount="2"/>
        <line num="95" count="0" type="cond" truecount="0" falsecount="2"/>
        <line num="97" count="0" type="stmt"/>
        <line num="98" count="0" type="stmt"/>
        <line num="101" count="0" type="stmt"/>
        <line num="104" count="0" type="stmt"/>
        <line num="111" count="0" type="stmt"/>
        <line num="114" count="0" type="cond" truecount="0" falsecount="1"/>
        <line num="115" count="0" type="stmt"/>
        <line num="121" count="0" type="cond" truecount="0" falsecount="2"/>
        <line num="123" count="0" type="cond" truecount="0" falsecount="1"/>
        <line num="124" count="0" type="stmt"/>
        <line num="129" count="0" type="cond" truecount="0" falsecount="2"/>
        <line num="131" count="0" type="stmt"/>
        <line num="134" count="0" type="cond" truecount="0" falsecount="4"/>
        <line num="136" count="0" type="stmt"/>
        <line num="139" count="0" type="stmt"/>
        <line num="140" count="0" type="cond" truecount="0" falsecount="2"/>
        <line num="142" count="0" type="stmt"/>
        <line num="143" count="0" type="cond" truecount="0" falsecount="1"/>
        <line num="144" count="0" type="stmt"/>
        <line num="146" count="0" type="stmt"/>
        <line num="153" count="0" type="stmt"/>
        <line num="170" count="0" type="cond" truecount="0" falsecount="3"/>
        <line num="171" count="0" type="cond" truecount="0" falsecount="1"/>
        <line num="172" count="0" type="stmt"/>
        <line num="175" count="0" type="stmt"/>
        <line num="190" count="0" type="cond" truecount="0" falsecount="1"/>
        <line num="191" count="0" type="stmt"/>
        <line num="194" count="0" type="stmt"/>
        <line num="212" count="0" type="stmt"/>
        <line num="213" count="0" type="stmt"/>
        <line num="214" count="0" type="stmt"/>
        <line num="216" count="0" type="stmt"/>
        <line num="219" count="0" type="stmt"/>
        <line num="225" count="0" type="stmt"/>
        <line num="228" count="0" type="cond" truecount="0" falsecount="2"/>
        <line num="229" count="0" type="cond" truecount="0" falsecount="2"/>
        <line num="231" count="0" type="stmt"/>
        <line num="232" count="0" type="stmt"/>
        <line num="235" count="0" type="stmt"/>
        <line num="238" count="0" type="stmt"/>
        <line num="244" count="0" type="stmt"/>
        <line num="247" count="0" type="stmt"/>
        <line num="250" count="0" type="cond" truecount="0" falsecount="1"/>
        <line num="251" count="0" type="stmt"/>
        <line num="259" count="0" type="stmt"/>
        <line num="260" count="0" type="stmt"/>
        <line num="261" count="0" type="stmt"/>
        <line num="263" count="0" type="stmt"/>
        <line num="266" count="0" type="stmt"/>
        <line num="272" count="0" type="stmt"/>
        <line num="273" count="0" type="stmt"/>
        <line num="276" count="0" type="stmt"/>
        <line num="277" count="0" type="stmt"/>
        <line num="278" count="0" type="cond" truecount="0" falsecount="1"/>
        <line num="279" count="0" type="stmt"/>
        <line num="284" count="0" type="stmt"/>
        <line num="286" count="0" type="stmt"/>
        <line num="287" count="0" type="stmt"/>
        <line num="288" count="0" type="stmt"/>
        <line num="291" count="0" type="cond" truecount="0" falsecount="2"/>
        <line num="293" count="0" type="cond" truecount="0" falsecount="2"/>
        <line num="295" count="0" type="stmt"/>
        <line num="296" count="0" type="stmt"/>
        <line num="297" count="0" type="stmt"/>
        <line num="298" count="0" type="stmt"/>
        <line num="301" count="0" type="stmt"/>
        <line num="302" count="0" type="stmt"/>
        <line num="305" count="0" type="cond" truecount="0" falsecount="1"/>
        <line num="307" count="0" type="stmt"/>
        <line num="310" count="0" type="stmt"/>
        <line num="311" count="0" type="stmt"/>
        <line num="312" count="0" type="cond" truecount="0" falsecount="1"/>
        <line num="313" count="0" type="stmt"/>
        <line num="314" count="0" type="stmt"/>
        <line num="321" count="0" type="stmt"/>
        <line num="325" count="0" type="stmt"/>
        <line num="328" count="0" type="cond" truecount="0" falsecount="1"/>
        <line num="329" count="0" type="stmt"/>
        <line num="333" count="0" type="stmt"/>
        <line num="338" count="0" type="cond" truecount="0" falsecount="1"/>
        <line num="340" count="0" type="cond" truecount="0" falsecount="4"/>
        <line num="342" count="0" type="cond" truecount="0" falsecount="3"/>
        <line num="343" count="0" type="stmt"/>
        <line num="344" count="0" type="cond" truecount="0" falsecount="4"/>
        <line num="349" count="0" type="stmt"/>
        <line num="350" count="0" type="cond" truecount="0" falsecount="3"/>
        <line num="351" count="0" type="stmt"/>
        <line num="352" count="0" type="cond" truecount="0" falsecount="3"/>
        <line num="357" count="0" type="cond" truecount="0" falsecount="2"/>
        <line num="359" count="0" type="cond" truecount="0" falsecount="3"/>
        <line num="360" count="0" type="stmt"/>
        <line num="361" count="0" type="stmt"/>
        <line num="364" count="0" type="stmt"/>
        <line num="365" count="0" type="cond" truecount="0" falsecount="6"/>
        <line num="372" count="0" type="stmt"/>
        <line num="373" count="0" type="cond" truecount="0" falsecount="1"/>
        <line num="374" count="0" type="stmt"/>
        <line num="377" count="0" type="stmt"/>
        <line num="386" count="0" type="stmt"/>
        <line num="393" count="0" type="stmt"/>
        <line num="394" count="0" type="cond" truecount="0" falsecount="3"/>
        <line num="399" count="0" type="stmt"/>
        <line num="400" count="0" type="cond" truecount="0" falsecount="3"/>
        <line num="405" count="0" type="stmt"/>
        <line num="406" count="0" type="cond" truecount="0" falsecount="3"/>
        <line num="412" count="0" type="stmt"/>
        <line num="414" count="0" type="cond" truecount="0" falsecount="2"/>
        <line num="416" count="0" type="stmt"/>
        <line num="417" count="0" type="cond" truecount="0" falsecount="3"/>
        <line num="421" count="0" type="cond" truecount="0" falsecount="1"/>
        <line num="422" count="0" type="stmt"/>
        <line num="424" count="0" type="cond" truecount="0" falsecount="2"/>
        <line num="426" count="0" type="stmt"/>
        <line num="427" count="0" type="cond" truecount="0" falsecount="3"/>
        <line num="431" count="0" type="cond" truecount="0" falsecount="1"/>
        <line num="432" count="0" type="stmt"/>
        <line num="434" count="0" type="cond" truecount="0" falsecount="1"/>
        <line num="436" count="0" type="stmt"/>
        <line num="437" count="0" type="cond" truecount="0" falsecount="3"/>
        <line num="441" count="0" type="cond" truecount="0" falsecount="1"/>
        <line num="442" count="0" type="stmt"/>
        <line num="446" count="0" type="stmt"/>
        <line num="458" count="0" type="stmt"/>
        <line num="469" count="0" type="stmt"/>
        <line num="472" count="0" type="stmt"/>
        <line num="475" count="0" type="stmt"/>
        <line num="478" count="0" type="stmt"/>
        <line num="479" count="0" type="stmt"/>
        <line num="480" count="0" type="stmt"/>
        <line num="483" count="0" type="stmt"/>
        <line num="490" count="0" type="stmt"/>
        <line num="495" count="0" type="stmt"/>
        <line num="497" count="0" type="stmt"/>
        <line num="498" count="0" type="stmt"/>
        <line num="500" count="0" type="cond" truecount="0" falsecount="1"/>
        <line num="501" count="0" type="stmt"/>
        <line num="505" count="0" type="stmt"/>
        <line num="506" count="0" type="cond" truecount="0" falsecount="2"/>
        <line num="507" count="0" type="stmt"/>
        <line num="508" count="0" type="cond" truecount="0" falsecount="5"/>
        <line num="510" count="0" type="cond" truecount="0" falsecount="4"/>
        <line num="512" count="0" type="stmt"/>
        <line num="513" count="0" type="cond" truecount="0" falsecount="1"/>
        <line num="515" count="0" type="stmt"/>
        <line num="521" count="0" type="cond" truecount="0" falsecount="3"/>
        <line num="522" count="0" type="stmt"/>
        <line num="523" count="0" type="cond" truecount="0" falsecount="1"/>
        <line num="524" count="0" type="stmt"/>
        <line num="525" count="0" type="cond" truecount="0" falsecount="5"/>
        <line num="526" count="0" type="cond" truecount="0" falsecount="1"/>
        <line num="527" count="0" type="stmt"/>
        <line num="535" count="0" type="stmt"/>
        <line num="540" count="0" type="stmt"/>
        <line num="541" count="0" type="stmt"/>
        <line num="544" count="0" type="stmt"/>
        <line num="545" count="0" type="cond" truecount="0" falsecount="4"/>
        <line num="546" count="0" type="stmt"/>
        <line num="548" count="0" type="cond" truecount="0" falsecount="1"/>
        <line num="549" count="0" type="stmt"/>
        <line num="550" count="0" type="cond" truecount="0" falsecount="1"/>
        <line num="552" count="0" type="stmt"/>
        <line num="553" count="0" type="stmt"/>
        <line num="560" count="0" type="stmt"/>
        <line num="567" count="0" type="cond" truecount="0" falsecount="1"/>
        <line num="568" count="0" type="stmt"/>
        <line num="569" count="0" type="stmt"/>
        <line num="579" count="0" type="stmt"/>
        <line num="582" count="0" type="stmt"/>
        <line num="586" count="0" type="stmt"/>
        <line num="590" count="0" type="stmt"/>
      </file>
      <file name="process-and-delete-mode.ts" path="/Users/ieeebruce/Documents/trae_projects/i18n/i18n-demo/i18n-refactor/src/processor/process-and-delete-mode.ts">
        <metrics statements="184" coveredstatements="13" conditionals="178" coveredconditionals="2" methods="38" coveredmethods="1"/>
        <line num="1" count="2" type="stmt"/>
        <line num="2" count="2" type="stmt"/>
        <line num="3" count="2" type="stmt"/>
        <line num="4" count="2" type="stmt"/>
        <line num="5" count="2" type="stmt"/>
        <line num="8" count="2" type="stmt"/>
        <line num="9" count="2" type="stmt"/>
        <line num="11" count="2" type="stmt"/>
        <line num="14" count="0" type="stmt"/>
        <line num="15" count="2" type="stmt"/>
        <line num="16" count="0" type="cond" truecount="0" falsecount="1"/>
        <line num="19" count="2" type="stmt"/>
        <line num="20" count="0" type="stmt"/>
        <line num="21" count="0" type="stmt"/>
        <line num="22" count="0" type="stmt"/>
        <line num="23" count="0" type="stmt"/>
        <line num="24" count="0" type="cond" truecount="0" falsecount="3"/>
        <line num="25" count="0" type="stmt"/>
        <line num="26" count="0" type="cond" truecount="0" falsecount="2"/>
        <line num="27" count="0" type="cond" truecount="0" falsecount="1"/>
        <line num="31" count="0" type="cond" truecount="0" falsecount="2"/>
        <line num="33" count="0" type="stmt"/>
        <line num="37" count="0" type="cond" truecount="0" falsecount="2"/>
        <line num="39" count="0" type="stmt"/>
        <line num="40" count="0" type="stmt"/>
        <line num="41" count="0" type="stmt"/>
        <line num="42" count="0" type="stmt"/>
        <line num="43" count="0" type="cond" truecount="0" falsecount="8"/>
        <line num="44" count="0" type="cond" truecount="0" falsecount="1"/>
        <line num="46" count="0" type="stmt"/>
        <line num="51" count="0" type="stmt"/>
        <line num="52" count="0" type="cond" truecount="0" falsecount="1"/>
        <line num="53" count="0" type="stmt"/>
        <line num="54" count="0" type="stmt"/>
        <line num="55" count="0" type="stmt"/>
        <line num="56" count="0" type="stmt"/>
        <line num="57" count="0" type="stmt"/>
        <line num="59" count="0" type="stmt"/>
        <line num="61" count="0" type="stmt"/>
        <line num="66" count="0" type="cond" truecount="0" falsecount="2"/>
        <line num="67" count="0" type="cond" truecount="0" falsecount="2"/>
        <line num="69" count="0" type="stmt"/>
        <line num="71" count="0" type="stmt"/>
        <line num="73" count="0" type="stmt"/>
        <line num="75" count="0" type="stmt"/>
        <line num="77" count="0" type="stmt"/>
        <line num="78" count="0" type="cond" truecount="0" falsecount="9"/>
        <line num="79" count="0" type="cond" truecount="0" falsecount="3"/>
        <line num="81" count="0" type="stmt"/>
        <line num="83" count="0" type="stmt"/>
        <line num="85" count="0" type="stmt"/>
        <line num="87" count="0" type="stmt"/>
        <line num="88" count="0" type="cond" truecount="0" falsecount="7"/>
        <line num="89" count="0" type="cond" truecount="0" falsecount="3"/>
        <line num="95" count="0" type="cond" truecount="0" falsecount="1"/>
        <line num="96" count="0" type="stmt"/>
        <line num="97" count="0" type="cond" truecount="0" falsecount="1"/>
        <line num="98" count="0" type="cond" truecount="0" falsecount="2"/>
        <line num="103" count="0" type="cond" truecount="0" falsecount="2"/>
        <line num="104" count="0" type="cond" truecount="0" falsecount="1"/>
        <line num="105" count="0" type="stmt"/>
        <line num="106" count="0" type="stmt"/>
        <line num="107" count="0" type="cond" truecount="0" falsecount="2"/>
        <line num="108" count="0" type="stmt"/>
        <line num="109" count="0" type="stmt"/>
        <line num="110" count="0" type="cond" truecount="0" falsecount="6"/>
        <line num="112" count="0" type="stmt"/>
        <line num="113" count="0" type="cond" truecount="0" falsecount="2"/>
        <line num="118" count="0" type="stmt"/>
        <line num="119" count="0" type="stmt"/>
        <line num="120" count="0" type="stmt"/>
        <line num="121" count="0" type="cond" truecount="0" falsecount="3"/>
        <line num="122" count="0" type="stmt"/>
        <line num="123" count="0" type="stmt"/>
        <line num="124" count="0" type="cond" truecount="0" falsecount="1"/>
        <line num="125" count="0" type="stmt"/>
        <line num="126" count="0" type="cond" truecount="0" falsecount="5"/>
        <line num="127" count="0" type="cond" truecount="0" falsecount="1"/>
        <line num="133" count="0" type="stmt"/>
        <line num="135" count="0" type="stmt"/>
        <line num="136" count="0" type="stmt"/>
        <line num="141" count="0" type="stmt"/>
        <line num="142" count="0" type="stmt"/>
        <line num="144" count="0" type="stmt"/>
        <line num="145" count="0" type="stmt"/>
        <line num="146" count="0" type="stmt"/>
        <line num="147" count="0" type="stmt"/>
        <line num="149" count="0" type="cond" truecount="0" falsecount="3"/>
        <line num="150" count="0" type="stmt"/>
        <line num="151" count="0" type="cond" truecount="0" falsecount="1"/>
        <line num="152" count="0" type="stmt"/>
        <line num="153" count="0" type="stmt"/>
        <line num="158" count="0" type="stmt"/>
        <line num="159" count="0" type="cond" truecount="0" falsecount="1"/>
        <line num="160" count="0" type="stmt"/>
        <line num="161" count="0" type="stmt"/>
        <line num="165" count="0" type="stmt"/>
        <line num="169" count="2" type="stmt"/>
        <line num="170" count="0" type="cond" truecount="0" falsecount="2"/>
        <line num="171" count="0" type="stmt"/>
        <line num="172" count="0" type="cond" truecount="0" falsecount="2"/>
        <line num="174" count="0" type="stmt"/>
        <line num="175" count="0" type="stmt"/>
        <line num="177" count="0" type="stmt"/>
        <line num="179" count="0" type="stmt"/>
        <line num="182" count="0" type="stmt"/>
        <line num="183" count="0" type="cond" truecount="0" falsecount="2"/>
        <line num="184" count="0" type="stmt"/>
        <line num="186" count="0" type="stmt"/>
        <line num="191" count="0" type="stmt"/>
        <line num="201" count="0" type="stmt"/>
        <line num="202" count="0" type="stmt"/>
        <line num="203" count="0" type="stmt"/>
        <line num="204" count="0" type="cond" truecount="0" falsecount="1"/>
        <line num="206" count="0" type="cond" truecount="0" falsecount="6"/>
        <line num="208" count="0" type="stmt"/>
        <line num="209" count="0" type="stmt"/>
        <line num="210" count="0" type="stmt"/>
        <line num="211" count="0" type="stmt"/>
        <line num="212" count="0" type="cond" truecount="0" falsecount="2"/>
        <line num="213" count="0" type="cond" truecount="0" falsecount="4"/>
        <line num="214" count="0" type="stmt"/>
        <line num="227" count="0" type="cond" truecount="0" falsecount="4"/>
        <line num="228" count="0" type="stmt"/>
        <line num="241" count="0" type="stmt"/>
        <line num="243" count="0" type="cond" truecount="0" falsecount="1"/>
        <line num="244" count="0" type="cond" truecount="0" falsecount="3"/>
        <line num="245" count="0" type="stmt"/>
        <line num="249" count="0" type="stmt"/>
        <line num="252" count="0" type="cond" truecount="0" falsecount="1"/>
        <line num="253" count="0" type="stmt"/>
        <line num="254" count="0" type="stmt"/>
        <line num="255" count="0" type="stmt"/>
        <line num="258" count="0" type="stmt"/>
        <line num="266" count="0" type="cond" truecount="0" falsecount="4"/>
        <line num="267" count="0" type="stmt"/>
        <line num="268" count="0" type="stmt"/>
        <line num="269" count="0" type="stmt"/>
        <line num="270" count="0" type="cond" truecount="0" falsecount="2"/>
        <line num="271" count="0" type="cond" truecount="0" falsecount="4"/>
        <line num="272" count="0" type="stmt"/>
        <line num="285" count="0" type="cond" truecount="0" falsecount="4"/>
        <line num="286" count="0" type="stmt"/>
        <line num="290" count="0" type="cond" truecount="0" falsecount="3"/>
        <line num="291" count="0" type="cond" truecount="0" falsecount="4"/>
        <line num="292" count="0" type="stmt"/>
        <line num="293" count="0" type="stmt"/>
        <line num="294" count="0" type="stmt"/>
        <line num="295" count="0" type="cond" truecount="0" falsecount="2"/>
        <line num="296" count="0" type="cond" truecount="0" falsecount="4"/>
        <line num="297" count="0" type="stmt"/>
        <line num="310" count="0" type="cond" truecount="0" falsecount="1"/>
        <line num="311" count="0" type="stmt"/>
        <line num="323" count="0" type="stmt"/>
        <line num="324" count="0" type="stmt"/>
        <line num="327" count="0" type="cond" truecount="0" falsecount="4"/>
        <line num="331" count="0" type="stmt"/>
        <line num="332" count="0" type="stmt"/>
        <line num="333" count="0" type="stmt"/>
        <line num="334" count="0" type="stmt"/>
        <line num="335" count="0" type="stmt"/>
        <line num="339" count="2" type="stmt"/>
        <line num="340" count="6" type="cond" truecount="2" falsecount="0"/>
        <line num="350" count="0" type="stmt"/>
        <line num="372" count="0" type="stmt"/>
        <line num="382" count="0" type="stmt"/>
        <line num="383" count="0" type="cond" truecount="0" falsecount="8"/>
        <line num="389" count="0" type="stmt"/>
        <line num="390" count="0" type="cond" truecount="0" falsecount="4"/>
        <line num="393" count="0" type="stmt"/>
        <line num="396" count="0" type="stmt"/>
        <line num="404" count="0" type="stmt"/>
        <line num="416" count="0" type="cond" truecount="0" falsecount="1"/>
        <line num="418" count="0" type="stmt"/>
        <line num="435" count="0" type="cond" truecount="0" falsecount="4"/>
        <line num="436" count="0" type="stmt"/>
        <line num="437" count="0" type="stmt"/>
        <line num="460" count="0" type="stmt"/>
        <line num="461" count="0" type="stmt"/>
        <line num="462" count="0" type="stmt"/>
        <line num="463" count="0" type="stmt"/>
        <line num="464" count="0" type="stmt"/>
        <line num="465" count="0" type="stmt"/>
        <line num="467" count="0" type="stmt"/>
      </file>
      <file name="processor.ts" path="/Users/ieeebruce/Documents/trae_projects/i18n/i18n-demo/i18n-refactor/src/processor/processor.ts">
        <metrics statements="33" coveredstatements="5" conditionals="27" coveredconditionals="0" methods="4" coveredmethods="0"/>
        <line num="1" count="2" type="stmt"/>
        <line num="2" count="2" type="stmt"/>
        <line num="3" count="2" type="stmt"/>
        <line num="4" count="2" type="stmt"/>
        <line num="20" count="0" type="stmt"/>
        <line num="21" count="0" type="stmt"/>
        <line num="23" count="0" type="stmt"/>
        <line num="27" count="2" type="stmt"/>
        <line num="28" count="0" type="stmt"/>
        <line num="29" count="0" type="stmt"/>
        <line num="32" count="0" type="stmt"/>
        <line num="33" count="0" type="stmt"/>
        <line num="34" count="0" type="cond" truecount="0" falsecount="1"/>
        <line num="35" count="0" type="cond" truecount="0" falsecount="2"/>
        <line num="36" count="0" type="cond" truecount="0" falsecount="2"/>
        <line num="37" count="0" type="stmt"/>
        <line num="38" count="0" type="cond" truecount="0" falsecount="4"/>
        <line num="39" count="0" type="stmt"/>
        <line num="40" count="0" type="cond" truecount="0" falsecount="3"/>
        <line num="41" count="0" type="stmt"/>
        <line num="42" count="0" type="cond" truecount="0" falsecount="4"/>
        <line num="43" count="0" type="stmt"/>
        <line num="44" count="0" type="cond" truecount="0" falsecount="3"/>
        <line num="45" count="0" type="stmt"/>
        <line num="46" count="0" type="stmt"/>
        <line num="54" count="0" type="stmt"/>
        <line num="56" count="0" type="stmt"/>
        <line num="58" count="0" type="cond" truecount="0" falsecount="4"/>
        <line num="59" count="0" type="stmt"/>
        <line num="61" count="0" type="stmt"/>
        <line num="62" count="0" type="stmt"/>
        <line num="63" count="0" type="cond" truecount="0" falsecount="2"/>
        <line num="65" count="0" type="stmt"/>
      </file>
    </package>
    <package name="replace">
      <metrics statements="81" coveredstatements="76" conditionals="71" coveredconditionals="58" methods="8" coveredmethods="8"/>
      <file name="html-replace.ts" path="/Users/ieeebruce/Documents/trae_projects/i18n/i18n-demo/i18n-refactor/src/replace/html-replace.ts">
        <metrics statements="5" coveredstatements="5" conditionals="8" coveredconditionals="8" methods="1" coveredmethods="1"/>
        <line num="3" count="2" type="stmt"/>
        <line num="4" count="7" type="cond" truecount="4" falsecount="0"/>
        <line num="5" count="7" type="stmt"/>
        <line num="6" count="7" type="cond" truecount="4" falsecount="0"/>
        <line num="7" count="5" type="stmt"/>
      </file>
      <file name="prune.ts" path="/Users/ieeebruce/Documents/trae_projects/i18n/i18n-demo/i18n-refactor/src/replace/prune.ts">
        <metrics statements="67" coveredstatements="62" conditionals="54" coveredconditionals="42" methods="5" coveredmethods="5"/>
        <line num="1" count="3" type="stmt"/>
        <line num="4" count="3" type="stmt"/>
        <line num="6" count="3" type="stmt"/>
        <line num="7" count="3" type="stmt"/>
        <line num="9" count="3" type="stmt"/>
        <line num="10" count="10" type="stmt"/>
        <line num="11" count="10" type="cond" truecount="2" falsecount="0"/>
        <line num="12" count="2" type="stmt"/>
        <line num="14" count="10" type="cond" truecount="3" falsecount="0"/>
        <line num="15" count="8" type="stmt"/>
        <line num="16" count="8" type="cond" truecount="1" falsecount="1"/>
        <line num="18" count="2" type="stmt"/>
        <line num="21" count="3" type="stmt"/>
        <line num="23" count="100" type="cond" truecount="2" falsecount="2"/>
        <line num="24" count="0" type="cond" truecount="0" falsecount="1"/>
        <line num="27" count="100" type="cond" truecount="3" falsecount="0"/>
        <line num="28" count="4" type="cond" truecount="1" falsecount="0"/>
        <line num="29" count="3" type="cond" truecount="3" falsecount="1"/>
        <line num="30" count="3" type="stmt"/>
        <line num="31" count="0" type="cond" truecount="0" falsecount="1"/>
[...]
        <line num="1" count="1" type="stmt"/>
        <line num="2" count="1" type="stmt"/>
        <line num="3" count="1" type="stmt"/>
        <line num="5" count="0" type="stmt"/>
        <line num="8" count="0" type="stmt"/>
        <line num="9" count="0" type="cond" truecount="0" falsecount="1"/>
        <line num="10" count="0" type="cond" truecount="0" falsecount="4"/>
        <line num="11" count="0" type="cond" truecount="0" falsecount="1"/>
        <line num="12" count="0" type="cond" truecount="0" falsecount="2"/>
        <line num="13" count="0" type="stmt"/>
        <line num="14" count="0" type="cond" truecount="0" falsecount="4"/>
        <line num="15" count="0" type="stmt"/>
        <line num="16" count="0" type="cond" truecount="0" falsecount="4"/>
        <line num="17" count="0" type="cond" truecount="0" falsecount="2"/>
        <line num="18" count="0" type="cond" truecount="0" falsecount="2"/>
        <line num="20" count="0" type="cond" truecount="0" falsecount="2"/>
        <line num="22" count="0" type="cond" truecount="0" falsecount="4"/>
        <line num="23" count="0" type="stmt"/>
        <line num="25" count="0" type="cond" truecount="0" falsecount="6"/>
        <line num="30" count="1" type="stmt"/>
        <line num="31" count="0" type="stmt"/>
        <line num="32" count="0" type="stmt"/>
        <line num="33" count="0" type="stmt"/>
        <line num="34" count="0" type="stmt"/>
        <line num="35" count="0" type="cond" truecount="0" falsecount="1"/>
        <line num="36" count="0" type="stmt"/>
        <line num="37" count="0" type="cond" truecount="0" falsecount="1"/>
        <line num="38" count="0" type="stmt"/>
        <line num="39" count="0" type="cond" truecount="0" falsecount="2"/>
        <line num="40" count="0" type="cond" truecount="0" falsecount="3"/>
        <line num="41" count="0" type="cond" truecount="0" falsecount="1"/>
        <line num="42" count="0" type="stmt"/>
        <line num="43" count="0" type="cond" truecount="0" falsecount="1"/>
        <line num="44" count="0" type="cond" truecount="0" falsecount="4"/>
        <line num="45" count="0" type="cond" truecount="0" falsecount="1"/>
        <line num="46" count="0" type="cond" truecount="0" falsecount="3"/>
        <line num="50" count="0" type="stmt"/>
        <line num="52" count="0" type="stmt"/>
        <line num="53" count="0" type="stmt"/>
        <line num="56" count="1" type="stmt"/>
        <line num="57" count="0" type="stmt"/>
        <line num="58" count="0" type="stmt"/>
        <line num="59" count="0" type="stmt"/>
      </file>
      <file name="dict-reader.ts" path="/Users/ieeebruce/Documents/trae_projects/i18n/i18n-demo/i18n-refactor/src/util/dict-reader.ts">
        <metrics statements="84" coveredstatements="73" conditionals="64" coveredconditionals="33" methods="12" coveredmethods="10"/>
        <line num="1" count="16" type="stmt"/>
        <line num="2" count="16" type="stmt"/>
        <line num="3" count="16" type="stmt"/>
        <line num="4" count="16" type="stmt"/>
        <line num="5" count="16" type="stmt"/>
        <line num="10" count="11" type="stmt"/>
        <line num="11" count="11" type="stmt"/>
        <line num="12" count="11" type="cond" truecount="1" falsecount="2"/>
        <line num="13" count="11" type="stmt"/>
        <line num="19" count="22" type="stmt"/>
        <line num="23" count="700" type="stmt"/>
        <line num="24" count="3290" type="cond" truecount="0" falsecount="1"/>
        <line num="25" count="3290" type="cond" truecount="1" falsecount="3"/>
        <line num="26" count="3290" type="cond" truecount="0" falsecount="1"/>
        <line num="27" count="3290" type="cond" truecount="2" falsecount="0"/>
        <line num="28" count="3290" type="cond" truecount="4" falsecount="0"/>
        <line num="29" count="480" type="stmt"/>
        <line num="31" count="2810" type="stmt"/>
        <line num="37" count="20" type="stmt"/>
        <line num="38" count="20" type="stmt"/>
        <line num="39" count="20" type="stmt"/>
        <line num="40" count="20" type="stmt"/>
        <line num="41" count="10810" type="cond" truecount="1" falsecount="0"/>
        <line num="42" count="20" type="stmt"/>
        <line num="43" count="20" type="cond" truecount="1" falsecount="0"/>
        <line num="44" count="20" type="stmt"/>
        <line num="45" count="20" type="cond" truecount="1" falsecount="1"/>
        <line num="46" count="20" type="cond" truecount="3" falsecount="0"/>
        <line num="47" count="20" type="cond" truecount="0" falsecount="1"/>
        <line num="48" count="20" type="stmt"/>
        <line num="49" count="220" type="cond" truecount="0" falsecount="1"/>
        <line num="50" count="220" type="cond" truecount="1" falsecount="3"/>
        <line num="51" count="220" type="cond" truecount="0" falsecount="1"/>
        <line num="52" count="220" type="cond" truecount="2" falsecount="0"/>
        <line num="53" count="220" type="cond" truecount="3" falsecount="0"/>
        <line num="58" count="10810" type="stmt"/>
        <line num="60" count="20" type="stmt"/>
        <line num="61" count="20" type="stmt"/>
        <line num="65" count="0" type="cond" truecount="0" falsecount="3"/>
        <line num="66" count="0" type="stmt"/>
        <line num="67" count="0" type="stmt"/>
        <line num="68" count="0" type="cond" truecount="0" falsecount="2"/>
        <line num="69" count="0" type="cond" truecount="0" falsecount="5"/>
        <line num="70" count="0" type="stmt"/>
        <line num="72" count="0" type="stmt"/>
        <line num="79" count="11" type="stmt"/>
        <line num="80" count="11" type="stmt"/>
        <line num="81" count="11" type="stmt"/>
        <line num="82" count="10" type="stmt"/>
        <line num="83" count="20" type="stmt"/>
        <line num="84" count="20" type="cond" truecount="0" falsecount="1"/>
        <line num="85" count="20" type="stmt"/>
        <line num="86" count="20" type="stmt"/>
        <line num="87" count="20" type="stmt"/>
        <line num="88" count="220" type="cond" truecount="2" falsecount="0"/>
        <line num="89" count="2810" type="stmt"/>
        <line num="91" count="20" type="stmt"/>
        <line num="93" count="0" type="stmt"/>
        <line num="94" count="0" type="stmt"/>
        <line num="98" count="11" type="stmt"/>
        <line num="101" count="16" type="stmt"/>
        <line num="103" count="16" type="stmt"/>
        <line num="104" count="2" type="stmt"/>
        <line num="107" count="16" type="stmt"/>
        <line num="108" count="371" type="cond" truecount="1" falsecount="0"/>
        <line num="109" count="102" type="stmt"/>
        <line num="110" count="102" type="cond" truecount="2" falsecount="0"/>
        <line num="112" count="269" type="cond" truecount="1" falsecount="0"/>
        <line num="113" count="269" type="stmt"/>
        <line num="114" count="269" type="cond" truecount="2" falsecount="0"/>
        <line num="117" count="16" type="stmt"/>
        <line num="118" count="109" type="cond" truecount="1" falsecount="0"/>
        <line num="119" count="78" type="cond" truecount="1" falsecount="0"/>
        <line num="120" count="78" type="stmt"/>
        <line num="123" count="16" type="stmt"/>
        <line num="124" count="76" type="cond" truecount="2" falsecount="1"/>
        <line num="125" count="76" type="stmt"/>
        <line num="126" count="359" type="stmt"/>
        <line num="127" count="359" type="cond" truecount="1" falsecount="0"/>
        <line num="129" count="46" type="stmt"/>
        <line num="131" count="16" type="stmt"/>
        <line num="132" count="16" type="stmt"/>
        <line num="133" count="0" type="cond" truecount="0" falsecount="3"/>
        <line num="134" count="0" type="cond" truecount="0" falsecount="2"/>
      </file>
      <file name="errors.ts" path="/Users/ieeebruce/Documents/trae_projects/i18n/i18n-demo/i18n-refactor/src/util/errors.ts">
        <metrics statements="8" coveredstatements="4" conditionals="0" coveredconditionals="0" methods="4" coveredmethods="0"/>
        <line num="1" count="16" type="stmt"/>
        <line num="3" count="0" type="stmt"/>
        <line num="6" count="16" type="stmt"/>
        <line num="8" count="0" type="stmt"/>
        <line num="11" count="16" type="stmt"/>
        <line num="13" count="0" type="stmt"/>
        <line num="16" count="16" type="stmt"/>
        <line num="17" count="0" type="stmt"/>
      </file>
      <file name="logger.ts" path="/Users/ieeebruce/Documents/trae_projects/i18n/i18n-demo/i18n-refactor/src/util/logger.ts">
        <metrics statements="69" coveredstatements="14" conditionals="37" coveredconditionals="0" methods="12" coveredmethods="2"/>
        <line num="20" count="16" type="stmt"/>
        <line num="21" count="16" type="stmt"/>
        <line num="22" count="16" type="stmt"/>
        <line num="23" count="16" type="stmt"/>
        <line num="25" count="16" type="stmt"/>
        <line num="29" count="0" type="cond" truecount="0" falsecount="2"/>
        <line num="30" count="0" type="stmt"/>
        <line num="32" count="0" type="stmt"/>
        <line num="33" count="0" type="stmt"/>
        <line num="34" count="0" type="cond" truecount="0" falsecount="1"/>
        <line num="35" count="0" type="stmt"/>
        <line num="42" count="0" type="stmt"/>
        <line num="45" count="16" type="cond" truecount="0" falsecount="1"/>
        <line num="46" count="0" type="cond" truecount="0" falsecount="1"/>
        <line num="47" count="0" type="cond" truecount="0" falsecount="1"/>
        <line num="48" count="0" type="cond" truecount="0" falsecount="1"/>
        <line num="49" count="0" type="cond" truecount="0" falsecount="1"/>
        <line num="53" count="20" type="stmt"/>
        <line num="57" count="0" type="stmt"/>
        <line num="61" count="0" type="cond" truecount="0" falsecount="2"/>
        <line num="62" count="0" type="stmt"/>
        <line num="64" count="0" type="stmt"/>
        <line num="73" count="0" type="cond" truecount="0" falsecount="5"/>
        <line num="74" count="0" type="stmt"/>
        <line num="81" count="0" type="cond" truecount="0" falsecount="1"/>
        <line num="82" count="0" type="stmt"/>
        <line num="86" count="0" type="stmt"/>
        <line num="87" count="0" type="cond" truecount="0" falsecount="1"/>
        <line num="88" count="0" type="stmt"/>
        <line num="90" count="0" type="stmt"/>
        <line num="91" count="0" type="stmt"/>
        <line num="94" count="0" type="cond" truecount="0" falsecount="3"/>
        <line num="95" count="0" type="stmt"/>
        <line num="96" count="0" type="stmt"/>
        <line num="97" count="0" type="cond" truecount="0" falsecount="2"/>
        <line num="98" count="0" type="stmt"/>
        <line num="99" count="0" type="cond" truecount="0" falsecount="4"/>
        <line num="100" count="0" type="stmt"/>
        <line num="102" count="0" type="stmt"/>
        <line num="105" count="0" type="cond" truecount="0" falsecount="1"/>
        <line num="106" count="0" type="stmt"/>
        <line num="110" count="0" type="stmt"/>
        <line num="114" count="0" type="cond" truecount="0" falsecount="2"/>
        <line num="115" count="0" type="stmt"/>
        <line num="116" count="0" type="cond" truecount="0" falsecount="2"/>
        <line num="117" count="0" type="stmt"/>
        <line num="120" count="0" type="stmt"/>
        <line num="121" count="0" type="stmt"/>
        <line num="123" count="0" type="cond" truecount="0" falsecount="2"/>
        <line num="124" count="0" type="stmt"/>
        <line num="130" count="16" type="stmt"/>
        <line num="131" count="20" type="cond" truecount="0" falsecount="1"/>
        <line num="132" count="0" type="stmt"/>
        <line num="136" count="16" type="stmt"/>
        <line num="137" count="0" type="cond" truecount="0" falsecount="1"/>
        <line num="138" count="0" type="stmt"/>
        <line num="142" count="16" type="stmt"/>
        <line num="143" count="0" type="cond" truecount="0" falsecount="1"/>
        <line num="144" count="0" type="stmt"/>
        <line num="148" count="16" type="stmt"/>
        <line num="149" count="0" type="cond" truecount="0" falsecount="1"/>
        <line num="150" count="0" type="stmt"/>
        <line num="155" count="16" type="stmt"/>
        <line num="156" count="0" type="stmt"/>
        <line num="161" count="0" type="stmt"/>
        <line num="165" count="16" type="stmt"/>
        <line num="166" count="0" type="stmt"/>
        <line num="167" count="0" type="stmt"/>
        <line num="168" count="0" type="stmt"/>
      </file>
      <file name="variable-renamer.ts" path="/Users/ieeebruce/Documents/trae_projects/i18n/i18n-demo/i18n-refactor/src/util/variable-renamer.ts">
        <metrics statements="118" coveredstatements="84" conditionals="134" coveredconditionals="77" methods="8" coveredmethods="8"/>
        <line num="1" count="1" type="stmt"/>
        <line num="21" count="1" type="stmt"/>
        <line num="28" count="17" type="stmt"/>
        <line num="36" count="17" type="stmt"/>
        <line num="37" count="17" type="stmt"/>
        <line num="38" count="17" type="stmt"/>
        <line num="41" count="17" type="cond" truecount="3" falsecount="0"/>
        <line num="42" count="2" type="stmt"/>
        <line num="43" count="2" type="stmt"/>
        <line num="46" count="15" type="cond" truecount="1" falsecount="0"/>
        <line num="47" count="1" type="stmt"/>
        <line num="51" count="14" type="stmt"/>
        <line num="53" count="282" type="cond" truecount="1" falsecount="0"/>
        <line num="54" count="82" type="cond" truecount="1" falsecount="1"/>
        <line num="56" count="82" type="cond" truecount="3" falsecount="0"/>
        <line num="58" count="35" type="stmt"/>
        <line num="59" count="35" type="stmt"/>
        <line num="62" count="35" type="stmt"/>
        <line num="63" count="35" type="cond" truecount="1" falsecount="1"/>
        <line num="64" count="35" type="cond" truecount="1" falsecount="1"/>
        <line num="67" count="35" type="cond" truecount="3" falsecount="0"/>
        <line num="68" count="35" type="stmt"/>
        <line num="69" count="35" type="stmt"/>
        <line num="74" count="0" type="cond" truecount="0" falsecount="1"/>
        <line num="75" count="0" type="stmt"/>
        <line num="76" count="0" type="stmt"/>
        <line num="77" count="0" type="stmt"/>
        <line num="78" count="0" type="stmt"/>
        <line num="84" count="282" type="stmt"/>
        <line num="87" count="14" type="stmt"/>
        <line num="90" count="21" type="stmt"/>
        <line num="93" count="14" type="stmt"/>
        <line num="94" count="14" type="stmt"/>
        <line num="95" count="35" type="stmt"/>
        <line num="98" count="14" type="stmt"/>
        <line num="108" count="35" type="stmt"/>
        <line num="111" count="35" type="cond" truecount="1" falsecount="0"/>
        <line num="116" count="4" type="stmt"/>
        <line num="119" count="31" type="cond" truecount="1" falsecount="0"/>
        <line num="124" count="1" type="stmt"/>
        <line num="127" count="30" type="cond" truecount="3" falsecount="0"/>
        <line num="129" count="9" type="stmt"/>
        <line num="132" count="21" type="cond" truecount="3" falsecount="0"/>
        <line num="134" count="2" type="stmt"/>
        <line num="137" count="19" type="cond" truecount="3" falsecount="0"/>
        <line num="139" count="1" type="stmt"/>
        <line num="142" count="18" type="cond" truecount="3" falsecount="0"/>
        <line num="144" count="2" type="stmt"/>
        <line num="147" count="16" type="cond" truecount="1" falsecount="2"/>
        <line num="149" count="0" type="stmt"/>
        <line num="152" count="16" type="cond" truecount="1" falsecount="2"/>
        <line num="154" count="0" type="stmt"/>
        <line num="157" count="16" type="cond" truecount="1" falsecount="2"/>
        <line num="159" count="0" type="stmt"/>
        <line num="162" count="16" type="cond" truecount="1" falsecount="2"/>
        <line num="164" count="0" type="stmt"/>
        <line num="167" count="16" type="cond" truecount="1" falsecount="2"/>
        <line num="169" count="0" type="stmt"/>
        <line num="172" count="16" type="cond" truecount="1" falsecount="2"/>
        <line num="174" count="0" type="stmt"/>
        <line num="177" count="16" type="cond" truecount="1" falsecount="2"/>
        <line num="179" count="0" type="stmt"/>
        <line num="182" count="16" type="cond" truecount="1" falsecount="2"/>
        <line num="184" count="0" type="stmt"/>
        <line num="187" count="16" type="cond" truecount="3" falsecount="0"/>
        <line num="189" count="1" type="stmt"/>
        <line num="193" count="15" type="cond" truecount="4" falsecount="0"/>
        <line num="195" count="1" type="stmt"/>
        <line num="198" count="14" type="cond" truecount="1" falsecount="2"/>
        <line num="200" count="0" type="stmt"/>
        <line num="203" count="14" type="cond" truecount="1" falsecount="2"/>
        <line num="205" count="0" type="stmt"/>
        <line num="208" count="14" type="cond" truecount="1" falsecount="2"/>
        <line num="210" count="0" type="stmt"/>
        <line num="214" count="14" type="cond" truecount="1" falsecount="3"/>
        <line num="216" count="0" type="stmt"/>
        <line num="220" count="14" type="cond" truecount="1" falsecount="2"/>
        <line num="221" count="0" type="stmt"/>
        <line num="225" count="14" type="cond" truecount="1" falsecount="0"/>
        <line num="243" count="13" type="stmt"/>
        <line num="247" count="1" type="cond" truecount="1" falsecount="2"/>
        <line num="248" count="0" type="stmt"/>
        <line num="252" count="1" type="cond" truecount="3" falsecount="0"/>
        <line num="253" count="1" type="stmt"/>
        <line num="257" count="0" type="cond" truecount="0" falsecount="3"/>
        <line num="258" count="0" type="stmt"/>
        <line num="262" count="0" type="cond" truecount="0" falsecount="3"/>
        <line num="263" count="0" type="stmt"/>
        <line num="267" count="0" type="cond" truecount="0" falsecount="4"/>
        <line num="268" count="0" type="stmt"/>
        <line num="272" count="0" type="cond" truecount="0" falsecount="4"/>
        <line num="273" count="0" type="stmt"/>
        <line num="277" count="0" type="cond" truecount="0" falsecount="3"/>
        <line num="278" count="0" type="stmt"/>
        <line num="282" count="0" type="cond" truecount="0" falsecount="5"/>
        <line num="285" count="0" type="stmt"/>
        <line num="289" count="0" type="stmt"/>
        <line num="298" count="33" type="cond" truecount="2" falsecount="1"/>
        <line num="299" count="0" type="stmt"/>
        <line num="303" count="33" type="cond" truecount="0" falsecount="1"/>
        <line num="304" count="0" type="stmt"/>
        <line num="308" count="33" type="cond" truecount="1" falsecount="0"/>
        <line num="309" count="1" type="stmt"/>
        <line num="313" count="32" type="stmt"/>
        <line num="325" count="32" type="stmt"/>
        <line num="334" count="70" type="stmt"/>
        <line num="343" count="1" type="stmt"/>
        <line num="347" count="2" type="stmt"/>
        <line num="348" count="2" type="stmt"/>
        <line num="349" count="2" type="stmt"/>
        <line num="353" count="2" type="stmt"/>
        <line num="354" count="2" type="stmt"/>
        <line num="357" count="2" type="stmt"/>
        <line num="358" count="4" type="stmt"/>
        <line num="359" count="4" type="stmt"/>
        <line num="360" count="4" type="stmt"/>
        <line num="361" count="4" type="stmt"/>
        <line num="364" count="2" type="stmt"/>
      </file>
    </package>
  </project>
</coverage>
