{"/Users/ieeebruce/Documents/trae_projects/i18n/i18n-demo/i18n-refactor/src/analyzer/html-template-analyzer.ts": {"path":"/Users/ieeebruce/Documents/trae_projects/i18n/i18n-demo/i18n-refactor/src/analyzer/html-template-analyzer.ts","statementMap":{"0":{"start":{"line":2,"column":0},"end":{"line":2,"column":25}},"1":{"start":{"line":40,"column":4},"end":{"line":40,"column":44}},"2":{"start":{"line":40,"column":34},"end":{"line":40,"column":44}},"3":{"start":{"line":42,"column":20},"end":{"line":42,"column":53}},"4":{"start":{"line":43,"column":22},"end":{"line":43,"column":57}},"5":{"start":{"line":44,"column":26},"end":{"line":44,"column":40}},"6":{"start":{"line":46,"column":32},"end":{"line":46,"column":34}},"7":{"start":{"line":48,"column":18},"end":{"line":59,"column":5}},"8":{"start":{"line":49,"column":6},"end":{"line":58,"column":7}},"9":{"start":{"line":50,"column":8},"end":{"line":50,"column":102}},"10":{"start":{"line":51,"column":13},"end":{"line":58,"column":7}},"11":{"start":{"line":52,"column":24},"end":{"line":52,"column":39}},"12":{"start":{"line":54,"column":8},"end":{"line":56,"column":11}},"13":{"start":{"line":55,"column":11},"end":{"line":55,"column":84}},"14":{"start":{"line":57,"column":8},"end":{"line":57,"column":40}},"15":{"start":{"line":61,"column":4},"end":{"line":61,"column":29}},"16":{"start":{"line":62,"column":4},"end":{"line":62,"column":18}},"17":{"start":{"line":80,"column":17},"end":{"line":80,"column":27}},"18":{"start":{"line":83,"column":4},"end":{"line":128,"column":5}},"19":{"start":{"line":87,"column":20},"end":{"line":87,"column":72}},"20":{"start":{"line":89,"column":6},"end":{"line":127,"column":7}},"21":{"start":{"line":90,"column":26},"end":{"line":90,"column":34}},"22":{"start":{"line":92,"column":22},"end":{"line":92,"column":42}},"23":{"start":{"line":93,"column":24},"end":{"line":93,"column":38}},"24":{"start":{"line":96,"column":29},"end":{"line":96,"column":54}},"25":{"start":{"line":113,"column":39},"end":{"line":113,"column":90}},"26":{"start":{"line":114,"column":8},"end":{"line":114,"column":52}},"27":{"start":{"line":114,"column":43},"end":{"line":114,"column":52}},"28":{"start":{"line":116,"column":30},"end":{"line":116,"column":66}},"29":{"start":{"line":117,"column":28},"end":{"line":117,"column":60}},"30":{"start":{"line":119,"column":8},"end":{"line":126,"column":11}},"31":{"start":{"line":143,"column":4},"end":{"line":143,"column":55}},"32":{"start":{"line":143,"column":48},"end":{"line":143,"column":55}},"33":{"start":{"line":145,"column":17},"end":{"line":145,"column":27}},"34":{"start":{"line":146,"column":4},"end":{"line":170,"column":5}},"35":{"start":{"line":147,"column":20},"end":{"line":147,"column":72}},"36":{"start":{"line":149,"column":6},"end":{"line":169,"column":7}},"37":{"start":{"line":150,"column":26},"end":{"line":150,"column":34}},"38":{"start":{"line":151,"column":22},"end":{"line":151,"column":42}},"39":{"start":{"line":152,"column":24},"end":{"line":152,"column":38}},"40":{"start":{"line":153,"column":29},"end":{"line":153,"column":54}},"41":{"start":{"line":156,"column":8},"end":{"line":156,"column":38}},"42":{"start":{"line":156,"column":29},"end":{"line":156,"column":38}},"43":{"start":{"line":158,"column":30},"end":{"line":158,"column":71}},"44":{"start":{"line":159,"column":28},"end":{"line":159,"column":60}},"45":{"start":{"line":161,"column":8},"end":{"line":168,"column":11}},"46":{"start":{"line":174,"column":4},"end":{"line":174,"column":108}},"47":{"start":{"line":31,"column":0},"end":{"line":31,"column":13}}},"fnMap":{"0":{"name":"(anonymous_6)","decl":{"start":{"line":39,"column":9},"end":{"line":39,"column":14}},"loc":{"start":{"line":39,"column":80},"end":{"line":63,"column":3}}},"1":{"name":"(anonymous_7)","decl":{"start":{"line":43,"column":22},"end":{"line":43,"column":35}},"loc":{"start":{"line":43,"column":22},"end":{"line":43,"column":57}}},"2":{"name":"(anonymous_8)","decl":{"start":{"line":48,"column":18},"end":{"line":48,"column":19}},"loc":{"start":{"line":48,"column":32},"end":{"line":59,"column":5}}},"3":{"name":"(anonymous_9)","decl":{"start":{"line":54,"column":30},"end":{"line":54,"column":31}},"loc":{"start":{"line":54,"column":50},"end":{"line":56,"column":9}}},"4":{"name":"(anonymous_10)","decl":{"start":{"line":65,"column":10},"end":{"line":65,"column":30}},"loc":{"start":{"line":70,"column":20},"end":{"line":129,"column":3}}},"5":{"name":"(anonymous_11)","decl":{"start":{"line":131,"column":10},"end":{"line":131,"column":26}},"loc":{"start":{"line":136,"column":20},"end":{"line":171,"column":3}}},"6":{"name":"(anonymous_12)","decl":{"start":{"line":173,"column":10},"end":{"line":173,"column":31}},"loc":{"start":{"line":173,"column":44},"end":{"line":175,"column":3}}}},"branchMap":{"0":{"loc":{"start":{"line":40,"column":4},"end":{"line":40,"column":44}},"type":"if","locations":[{"start":{"line":40,"column":4},"end":{"line":40,"column":44}}]},"1":{"loc":{"start":{"line":49,"column":6},"end":{"line":58,"column":7}},"type":"if","locations":[{"start":{"line":49,"column":6},"end":{"line":58,"column":7}},{"start":{"line":51,"column":13},"end":{"line":58,"column":7}}]},"2":{"loc":{"start":{"line":51,"column":13},"end":{"line":58,"column":7}},"type":"if","locations":[{"start":{"line":51,"column":13},"end":{"line":58,"column":7}}]},"3":{"loc":{"start":{"line":114,"column":8},"end":{"line":114,"column":52}},"type":"if","locations":[{"start":{"line":114,"column":8},"end":{"line":114,"column":52}}]},"4":{"loc":{"start":{"line":143,"column":4},"end":{"line":143,"column":55}},"type":"if","locations":[{"start":{"line":143,"column":4},"end":{"line":143,"column":55}}]},"5":{"loc":{"start":{"line":156,"column":8},"end":{"line":156,"column":38}},"type":"if","locations":[{"start":{"line":156,"column":8},"end":{"line":156,"column":38}}]},"6":{"loc":{"start":{"line":174,"column":11},"end":{"line":174,"column":107}},"type":"binary-expr","locations":[{"start":{"line":174,"column":11},"end":{"line":174,"column":31}},{"start":{"line":174,"column":35},"end":{"line":174,"column":59}},{"start":{"line":174,"column":63},"end":{"line":174,"column":83}},{"start":{"line":174,"column":87},"end":{"line":174,"column":107}}]}},"s":{"0":1,"1":0,"2":0,"3":0,"4":0,"5":0,"6":0,"7":0,"8":0,"9":0,"10":0,"11":0,"12":0,"13":0,"14":0,"15":0,"16":0,"17":0,"18":0,"19":0,"20":0,"21":0,"22":0,"23":0,"24":0,"25":0,"26":0,"27":0,"28":0,"29":0,"30":0,"31":0,"32":0,"33":0,"34":0,"35":0,"36":0,"37":0,"38":0,"39":0,"40":0,"41":0,"42":0,"43":0,"44":0,"45":0,"46":0,"47":1},"f":{"0":0,"1":0,"2":0,"3":0,"4":0,"5":0,"6":0},"b":{"0":[0],"1":[0,0],"2":[0],"3":[0],"4":[0],"5":[0],"6":[0,0,0,0]}}
,"/Users/ieeebruce/Documents/trae_projects/i18n/i18n-demo/i18n-refactor/src/analyzer/project-analyzer.ts": {"path":"/Users/ieeebruce/Documents/trae_projects/i18n/i18n-demo/i18n-refactor/src/analyzer/project-analyzer.ts","statementMap":{"0":{"start":{"line":1,"column":0},"end":{"line":1,"column":33}},"1":{"start":{"line":2,"column":0},"end":{"line":2,"column":25}},"2":{"start":{"line":3,"column":0},"end":{"line":3,"column":29}},"3":{"start":{"line":5,"column":0},"end":{"line":5,"column":44}},"4":{"start":{"line":6,"column":0},"end":{"line":6,"column":64}},"5":{"start":{"line":15,"column":22},"end":{"line":15,"column":42}},"6":{"start":{"line":15,"column":52},"end":{"line":15,"column":87}},"7":{"start":{"line":11,"column":10},"end":{"line":11,"column":35}},"8":{"start":{"line":12,"column":10},"end":{"line":12,"column":43}},"9":{"start":{"line":13,"column":10},"end":{"line":13,"column":52}},"10":{"start":{"line":16,"column":4},"end":{"line":18,"column":5}},"11":{"start":{"line":17,"column":6},"end":{"line":17,"column":68}},"12":{"start":{"line":20,"column":23},"end":{"line":20,"column":71}},"13":{"start":{"line":21,"column":25},"end":{"line":24,"column":null}},"14":{"start":{"line":27,"column":4},"end":{"line":27,"column":82}},"15":{"start":{"line":28,"column":4},"end":{"line":28,"column":49}},"16":{"start":{"line":32,"column":4},"end":{"line":32,"column":41}},"17":{"start":{"line":34,"column":4},"end":{"line":39,"column":5}},"18":{"start":{"line":35,"column":6},"end":{"line":37,"column":7}},"19":{"start":{"line":36,"column":8},"end":{"line":36,"column":17}},"20":{"start":{"line":38,"column":6},"end":{"line":38,"column":41}},"21":{"start":{"line":41,"column":4},"end":{"line":44,"column":6}},"22":{"start":{"line":49,"column":31},"end":{"line":49,"column":58}},"23":{"start":{"line":51,"column":18},"end":{"line":58,"column":5}},"24":{"start":{"line":53,"column":6},"end":{"line":56,"column":7}},"25":{"start":{"line":55,"column":8},"end":{"line":55,"column":66}},"26":{"start":{"line":57,"column":6},"end":{"line":57,"column":35}},"27":{"start":{"line":59,"column":4},"end":{"line":59,"column":22}},"28":{"start":{"line":62,"column":4},"end":{"line":64,"column":5}},"29":{"start":{"line":63,"column":6},"end":{"line":63,"column":74}},"30":{"start":{"line":69,"column":37},"end":{"line":69,"column":41}},"31":{"start":{"line":71,"column":28},"end":{"line":101,"column":5}},"32":{"start":{"line":72,"column":6},"end":{"line":99,"column":7}},"33":{"start":{"line":77,"column":28},"end":{"line":77,"column":50}},"34":{"start":{"line":78,"column":9},"end":{"line":98,"column":10}},"35":{"start":{"line":79,"column":11},"end":{"line":97,"column":12}},"36":{"start":{"line":80,"column":13},"end":{"line":96,"column":14}},"37":{"start":{"line":84,"column":30},"end":{"line":84,"column":60}},"38":{"start":{"line":85,"column":17},"end":{"line":95,"column":18}},"39":{"start":{"line":86,"column":19},"end":{"line":94,"column":20}},"40":{"start":{"line":87,"column":21},"end":{"line":93,"column":22}},"41":{"start":{"line":90,"column":25},"end":{"line":92,"column":26}},"42":{"start":{"line":91,"column":27},"end":{"line":91,"column":63}},"43":{"start":{"line":100,"column":6},"end":{"line":100,"column":45}},"44":{"start":{"line":102,"column":4},"end":{"line":102,"column":32}},"45":{"start":{"line":104,"column":4},"end":{"line":110,"column":5}},"46":{"start":{"line":105,"column":27},"end":{"line":105,"column":87}},"47":{"start":{"line":106,"column":6},"end":{"line":109,"column":7}},"48":{"start":{"line":107,"column":28},"end":{"line":107,"column":93}},"49":{"start":{"line":108,"column":9},"end":{"line":108,"column":41}},"50":{"start":{"line":115,"column":4},"end":{"line":117,"column":5}},"51":{"start":{"line":116,"column":6},"end":{"line":116,"column":71}},"52":{"start":{"line":118,"column":4},"end":{"line":118,"column":17}},"53":{"start":{"line":127,"column":19},"end":{"line":127,"column":30}},"54":{"start":{"line":130,"column":4},"end":{"line":177,"column":5}},"55":{"start":{"line":131,"column":6},"end":{"line":141,"column":7}},"56":{"start":{"line":132,"column":8},"end":{"line":132,"column":90}},"57":{"start":{"line":133,"column":13},"end":{"line":141,"column":7}},"58":{"start":{"line":135,"column":8},"end":{"line":140,"column":9}},"59":{"start":{"line":136,"column":10},"end":{"line":139,"column":11}},"60":{"start":{"line":137,"column":29},"end":{"line":137,"column":95}},"61":{"start":{"line":138,"column":12},"end":{"line":138,"column":110}},"62":{"start":{"line":145,"column":9},"end":{"line":177,"column":5}},"63":{"start":{"line":146,"column":7},"end":{"line":152,"column":8}},"64":{"start":{"line":149,"column":9},"end":{"line":149,"column":79}},"65":{"start":{"line":150,"column":14},"end":{"line":152,"column":8}},"66":{"start":{"line":151,"column":9},"end":{"line":151,"column":91}},"67":{"start":{"line":156,"column":9},"end":{"line":177,"column":5}},"68":{"start":{"line":157,"column":6},"end":{"line":157,"column":98}},"69":{"start":{"line":161,"column":9},"end":{"line":177,"column":5}},"70":{"start":{"line":162,"column":7},"end":{"line":167,"column":8}},"71":{"start":{"line":163,"column":10},"end":{"line":163,"column":116}},"72":{"start":{"line":166,"column":9},"end":{"line":166,"column":93}},"73":{"start":{"line":174,"column":6},"end":{"line":176,"column":7}},"74":{"start":{"line":175,"column":8},"end":{"line":175,"column":53}},"75":{"start":{"line":181,"column":19},"end":{"line":181,"column":63}},"76":{"start":{"line":182,"column":4},"end":{"line":182,"column":24}},"77":{"start":{"line":182,"column":17},"end":{"line":182,"column":24}},"78":{"start":{"line":184,"column":18},"end":{"line":184,"column":43}},"79":{"start":{"line":185,"column":4},"end":{"line":185,"column":23}},"80":{"start":{"line":185,"column":16},"end":{"line":185,"column":23}},"81":{"start":{"line":187,"column":18},"end":{"line":196,"column":5}},"82":{"start":{"line":188,"column":6},"end":{"line":194,"column":7}},"83":{"start":{"line":189,"column":19},"end":{"line":189,"column":54}},"84":{"start":{"line":190,"column":9},"end":{"line":193,"column":10}},"85":{"start":{"line":192,"column":11},"end":{"line":192,"column":75}},"86":{"start":{"line":195,"column":6},"end":{"line":195,"column":32}},"87":{"start":{"line":197,"column":4},"end":{"line":197,"column":17}},"88":{"start":{"line":201,"column":20},"end":{"line":201,"column":60}},"89":{"start":{"line":202,"column":5},"end":{"line":202,"column":25}},"90":{"start":{"line":202,"column":18},"end":{"line":202,"column":25}},"91":{"start":{"line":205,"column":28},"end":{"line":205,"column":34}},"92":{"start":{"line":206,"column":5},"end":{"line":208,"column":6}},"93":{"start":{"line":207,"column":7},"end":{"line":207,"column":32}},"94":{"start":{"line":209,"column":5},"end":{"line":209,"column":26}},"95":{"start":{"line":209,"column":19},"end":{"line":209,"column":26}},"96":{"start":{"line":210,"column":23},"end":{"line":210,"column":53}},"97":{"start":{"line":214,"column":26},"end":{"line":214,"column":50}},"98":{"start":{"line":215,"column":20},"end":{"line":215,"column":24}},"99":{"start":{"line":216,"column":5},"end":{"line":224,"column":6}},"100":{"start":{"line":217,"column":21},"end":{"line":217,"column":36}},"101":{"start":{"line":218,"column":8},"end":{"line":223,"column":9}},"102":{"start":{"line":219,"column":30},"end":{"line":219,"column":51}},"103":{"start":{"line":220,"column":12},"end":{"line":222,"column":13}},"104":{"start":{"line":220,"column":49},"end":{"line":220,"column":133}},"105":{"start":{"line":221,"column":16},"end":{"line":221,"column":33}},"106":{"start":{"line":226,"column":5},"end":{"line":228,"column":6}},"107":{"start":{"line":227,"column":9},"end":{"line":227,"column":63}},"108":{"start":{"line":231,"column":19},"end":{"line":239,"column":6}},"109":{"start":{"line":232,"column":7},"end":{"line":237,"column":8}},"110":{"start":{"line":233,"column":19},"end":{"line":233,"column":54}},"111":{"start":{"line":234,"column":9},"end":{"line":236,"column":10}},"112":{"start":{"line":235,"column":11},"end":{"line":235,"column":82}},"113":{"start":{"line":238,"column":7},"end":{"line":238,"column":33}},"114":{"start":{"line":240,"column":5},"end":{"line":240,"column":22}},"115":{"start":{"line":245,"column":18},"end":{"line":245,"column":29}},"116":{"start":{"line":246,"column":4},"end":{"line":251,"column":5}},"117":{"start":{"line":247,"column":6},"end":{"line":249,"column":7}},"118":{"start":{"line":248,"column":8},"end":{"line":248,"column":23}},"119":{"start":{"line":250,"column":6},"end":{"line":250,"column":31}},"120":{"start":{"line":252,"column":4},"end":{"line":252,"column":21}},"121":{"start":{"line":256,"column":4},"end":{"line":256,"column":34}},"122":{"start":{"line":256,"column":27},"end":{"line":256,"column":34}},"123":{"start":{"line":257,"column":4},"end":{"line":264,"column":7}},"124":{"start":{"line":268,"column":4},"end":{"line":273,"column":7}},"125":{"start":{"line":8,"column":0},"end":{"line":8,"column":13}}},"fnMap":{"0":{"name":"(anonymous_6)","decl":{"start":{"line":15,"column":2},"end":{"line":15,"column":22}},"loc":{"start":{"line":15,"column":87},"end":{"line":29,"column":3}}},"1":{"name":"(anonymous_7)","decl":{"start":{"line":31,"column":9},"end":{"line":31,"column":14}},"loc":{"start":{"line":31,"column":22},"end":{"line":45,"column":3}}},"2":{"name":"(anonymous_8)","decl":{"start":{"line":47,"column":10},"end":{"line":47,"column":15}},"loc":{"start":{"line":47,"column":53},"end":{"line":65,"column":3}}},"3":{"name":"(anonymous_9)","decl":{"start":{"line":51,"column":18},"end":{"line":51,"column":19}},"loc":{"start":{"line":51,"column":36},"end":{"line":58,"column":5}}},"4":{"name":"(anonymous_10)","decl":{"start":{"line":67,"column":10},"end":{"line":67,"column":15}},"loc":{"start":{"line":67,"column":109},"end":{"line":111,"column":3}}},"5":{"name":"(anonymous_11)","decl":{"start":{"line":71,"column":28},"end":{"line":71,"column":29}},"loc":{"start":{"line":71,"column":46},"end":{"line":101,"column":5}}},"6":{"name":"(anonymous_12)","decl":{"start":{"line":113,"column":10},"end":{"line":113,"column":25}},"loc":{"start":{"line":113,"column":49},"end":{"line":119,"column":3}}},"7":{"name":"(anonymous_13)","decl":{"start":{"line":126,"column":10},"end":{"line":126,"column":20}},"loc":{"start":{"line":126,"column":127},"end":{"line":178,"column":3}}},"8":{"name":"(anonymous_14)","decl":{"start":{"line":180,"column":10},"end":{"line":180,"column":28}},"loc":{"start":{"line":180,"column":147},"end":{"line":198,"column":3}}},"9":{"name":"(anonymous_15)","decl":{"start":{"line":187,"column":18},"end":{"line":187,"column":19}},"loc":{"start":{"line":187,"column":33},"end":{"line":196,"column":5}}},"10":{"name":"(anonymous_16)","decl":{"start":{"line":200,"column":10},"end":{"line":200,"column":28}},"loc":{"start":{"line":200,"column":130},"end":{"line":241,"column":3}}},"11":{"name":"(anonymous_17)","decl":{"start":{"line":220,"column":44},"end":{"line":220,"column":45}},"loc":{"start":{"line":220,"column":49},"end":{"line":220,"column":133}}},"12":{"name":"(anonymous_18)","decl":{"start":{"line":231,"column":19},"end":{"line":231,"column":20}},"loc":{"start":{"line":231,"column":34},"end":{"line":239,"column":6}}},"13":{"name":"(anonymous_19)","decl":{"start":{"line":244,"column":10},"end":{"line":244,"column":18}},"loc":{"start":{"line":244,"column":32},"end":{"line":253,"column":3}}},"14":{"name":"(anonymous_20)","decl":{"start":{"line":255,"column":10},"end":{"line":255,"column":18}},"loc":{"start":{"line":255,"column":75},"end":{"line":265,"column":3}}},"15":{"name":"(anonymous_21)","decl":{"start":{"line":267,"column":10},"end":{"line":267,"column":24}},"loc":{"start":{"line":267,"column":81},"end":{"line":274,"column":3}}}},"branchMap":{"0":{"loc":{"start":{"line":16,"column":4},"end":{"line":18,"column":5}},"type":"if","locations":[{"start":{"line":16,"column":4},"end":{"line":18,"column":5}}]},"1":{"loc":{"start":{"line":35,"column":6},"end":{"line":37,"column":7}},"type":"if","locations":[{"start":{"line":35,"column":6},"end":{"line":37,"column":7}}]},"2":{"loc":{"start":{"line":35,"column":10},"end":{"line":35,"column":86}},"type":"binary-expr","locations":[{"start":{"line":35,"column":10},"end":{"line":35,"column":38}},{"start":{"line":35,"column":42},"end":{"line":35,"column":86}}]},"3":{"loc":{"start":{"line":53,"column":6},"end":{"line":56,"column":7}},"type":"if","locations":[{"start":{"line":53,"column":6},"end":{"line":56,"column":7}}]},"4":{"loc":{"start":{"line":53,"column":10},"end":{"line":53,"column":65}},"type":"binary-expr","locations":[{"start":{"line":53,"column":10},"end":{"line":53,"column":35}},{"start":{"line":53,"column":39},"end":{"line":53,"column":65}}]},"5":{"loc":{"start":{"line":62,"column":4},"end":{"line":64,"column":5}},"type":"if","locations":[{"start":{"line":62,"column":4},"end":{"line":64,"column":5}}]},"6":{"loc":{"start":{"line":72,"column":6},"end":{"line":99,"column":7}},"type":"if","locations":[{"start":{"line":72,"column":6},"end":{"line":99,"column":7}}]},"7":{"loc":{"start":{"line":78,"column":9},"end":{"line":98,"column":10}},"type":"if","locations":[{"start":{"line":78,"column":9},"end":{"line":98,"column":10}}]},"8":{"loc":{"start":{"line":80,"column":13},"end":{"line":96,"column":14}},"type":"if","locations":[{"start":{"line":80,"column":13},"end":{"line":96,"column":14}}]},"9":{"loc":{"start":{"line":80,"column":17},"end":{"line":82,"column":69}},"type":"binary-expr","locations":[{"start":{"line":80,"column":17},"end":{"line":80,"column":58}},{"start":{"line":81,"column":17},"end":{"line":81,"column":65}},{"start":{"line":82,"column":17},"end":{"line":82,"column":69}}]},"10":{"loc":{"start":{"line":85,"column":17},"end":{"line":95,"column":18}},"type":"if","locations":[{"start":{"line":85,"column":17},"end":{"line":95,"column":18}}]},"11":{"loc":{"start":{"line":85,"column":21},"end":{"line":85,"column":77}},"type":"binary-expr","locations":[{"start":{"line":85,"column":21},"end":{"line":85,"column":36}},{"start":{"line":85,"column":40},"end":{"line":85,"column":77}}]},"12":{"loc":{"start":{"line":87,"column":21},"end":{"line":93,"column":22}},"type":"if","locations":[{"start":{"line":87,"column":21},"end":{"line":93,"column":22}}]},"13":{"loc":{"start":{"line":87,"column":25},"end":{"line":89,"column":57}},"type":"binary-expr","locations":[{"start":{"line":87,"column":25},"end":{"line":87,"column":54}},{"start":{"line":88,"column":25},"end":{"line":88,"column":51}},{"start":{"line":89,"column":25},"end":{"line":89,"column":57}}]},"14":{"loc":{"start":{"line":90,"column":25},"end":{"line":92,"column":26}},"type":"if","locations":[{"start":{"line":90,"column":25},"end":{"line":92,"column":26}}]},"15":{"loc":{"start":{"line":104,"column":4},"end":{"line":110,"column":5}},"type":"if","locations":[{"start":{"line":104,"column":4},"end":{"line":110,"column":5}}]},"16":{"loc":{"start":{"line":106,"column":6},"end":{"line":109,"column":7}},"type":"if","locations":[{"start":{"line":106,"column":6},"end":{"line":109,"column":7}}]},"17":{"loc":{"start":{"line":115,"column":4},"end":{"line":117,"column":5}},"type":"if","locations":[{"start":{"line":115,"column":4},"end":{"line":117,"column":5}}]},"18":{"loc":{"start":{"line":130,"column":4},"end":{"line":177,"column":5}},"type":"if","locations":[{"start":{"line":130,"column":4},"end":{"line":177,"column":5}},{"start":{"line":145,"column":9},"end":{"line":177,"column":5}}]},"19":{"loc":{"start":{"line":130,"column":8},"end":{"line":130,"column":71}},"type":"binary-expr","locations":[{"start":{"line":130,"column":8},"end":{"line":130,"column":40}},{"start":{"line":130,"column":44},"end":{"line":130,"column":71}}]},"20":{"loc":{"start":{"line":131,"column":6},"end":{"line":141,"column":7}},"type":"if","locations":[{"start":{"line":131,"column":6},"end":{"line":141,"column":7}},{"start":{"line":133,"column":13},"end":{"line":141,"column":7}}]},"21":{"loc":{"start":{"line":133,"column":13},"end":{"line":141,"column":7}},"type":"if","locations":[{"start":{"line":133,"column":13},"end":{"line":141,"column":7}}]},"22":{"loc":{"start":{"line":136,"column":10},"end":{"line":139,"column":11}},"type":"if","locations":[{"start":{"line":136,"column":10},"end":{"line":139,"column":11}}]},"23":{"loc":{"start":{"line":136,"column":14},"end":{"line":136,"column":75}},"type":"binary-expr","locations":[{"start":{"line":136,"column":14},"end":{"line":136,"column":42}},{"start":{"line":136,"column":46},"end":{"line":136,"column":75}}]},"24":{"loc":{"start":{"line":137,"column":29},"end":{"line":137,"column":95}},"type":"binary-expr","locations":[{"start":{"line":137,"column":29},"end":{"line":137,"column":74}},{"start":{"line":137,"column":78},"end":{"line":137,"column":95}}]},"25":{"loc":{"start":{"line":137,"column":29},"end":{"line":137,"column":74}},"type":"cond-expr","locations":[{"start":{"line":137,"column":68},"end":{"line":137,"column":70}},{"start":{"line":137,"column":68},"end":{"line":137,"column":74}}]},"26":{"loc":{"start":{"line":137,"column":29},"end":{"line":137,"column":70}},"type":"binary-expr","locations":[{"start":{"line":137,"column":29},"end":{"line":137,"column":70}},{"start":{"line":137,"column":68},"end":{"line":137,"column":70}}]},"27":{"loc":{"start":{"line":145,"column":9},"end":{"line":177,"column":5}},"type":"if","locations":[{"start":{"line":145,"column":9},"end":{"line":177,"column":5}},{"start":{"line":156,"column":9},"end":{"line":177,"column":5}}]},"28":{"loc":{"start":{"line":145,"column":13},"end":{"line":145,"column":126}},"type":"binary-expr","locations":[{"start":{"line":145,"column":13},"end":{"line":145,"column":42}},{"start":{"line":145,"column":46},"end":{"line":145,"column":101}},{"start":{"line":145,"column":105},"end":{"line":145,"column":126}}]},"29":{"loc":{"start":{"line":146,"column":7},"end":{"line":152,"column":8}},"type":"if","locations":[{"start":{"line":146,"column":7},"end":{"line":152,"column":8}},{"start":{"line":150,"column":14},"end":{"line":152,"column":8}}]},"30":{"loc":{"start":{"line":150,"column":14},"end":{"line":152,"column":8}},"type":"if","locations":[{"start":{"line":150,"column":14},"end":{"line":152,"column":8}}]},"31":{"loc":{"start":{"line":156,"column":9},"end":{"line":177,"column":5}},"type":"if","locations":[{"start":{"line":156,"column":9},"end":{"line":177,"column":5}},{"start":{"line":161,"column":9},"end":{"line":177,"column":5}}]},"32":{"loc":{"start":{"line":156,"column":13},"end":{"line":156,"column":80}},"type":"binary-expr","locations":[{"start":{"line":156,"column":13},"end":{"line":156,"column":50}},{"start":{"line":156,"column":54},"end":{"line":156,"column":80}}]},"33":{"loc":{"start":{"line":161,"column":9},"end":{"line":177,"column":5}},"type":"if","locations":[{"start":{"line":161,"column":9},"end":{"line":177,"column":5}},{"start":{"line":171,"column":9},"end":{"line":177,"column":5}}]},"34":{"loc":{"start":{"line":161,"column":13},"end":{"line":161,"column":79}},"type":"binary-expr","locations":[{"start":{"line":161,"column":13},"end":{"line":161,"column":49}},{"start":{"line":161,"column":53},"end":{"line":161,"column":79}}]},"35":{"loc":{"start":{"line":162,"column":7},"end":{"line":167,"column":8}},"type":"if","locations":[{"start":{"line":162,"column":7},"end":{"line":167,"column":8}},{"start":{"line":164,"column":14},"end":{"line":167,"column":8}}]},"36":{"loc":{"start":{"line":174,"column":6},"end":{"line":176,"column":7}},"type":"if","locations":[{"start":{"line":174,"column":6},"end":{"line":176,"column":7}}]},"37":{"loc":{"start":{"line":174,"column":10},"end":{"line":174,"column":89}},"type":"binary-expr","locations":[{"start":{"line":174,"column":10},"end":{"line":174,"column":48}},{"start":{"line":174,"column":52},"end":{"line":174,"column":89}}]},"38":{"loc":{"start":{"line":182,"column":4},"end":{"line":182,"column":24}},"type":"if","locations":[{"start":{"line":182,"column":4},"end":{"line":182,"column":24}}]},"39":{"loc":{"start":{"line":185,"column":4},"end":{"line":185,"column":23}},"type":"if","locations":[{"start":{"line":185,"column":4},"end":{"line":185,"column":23}}]},"40":{"loc":{"start":{"line":188,"column":6},"end":{"line":194,"column":7}},"type":"if","locations":[{"start":{"line":188,"column":6},"end":{"line":194,"column":7}}]},"41":{"loc":{"start":{"line":188,"column":10},"end":{"line":188,"column":48}},"type":"binary-expr","locations":[{"start":{"line":188,"column":10},"end":{"line":188,"column":28}},{"start":{"line":188,"column":32},"end":{"line":188,"column":48}}]},"42":{"loc":{"start":{"line":190,"column":9},"end":{"line":193,"column":10}},"type":"if","locations":[{"start":{"line":190,"column":9},"end":{"line":193,"column":10}}]},"43":{"loc":{"start":{"line":190,"column":13},"end":{"line":190,"column":82}},"type":"binary-expr","locations":[{"start":{"line":190,"column":13},"end":{"line":190,"column":25}},{"start":{"line":190,"column":30},"end":{"line":190,"column":31}},{"start":{"line":190,"column":35},"end":{"line":190,"column":81}}]},"44":{"loc":{"start":{"line":202,"column":5},"end":{"line":202,"column":25}},"type":"if","locations":[{"start":{"line":202,"column":5},"end":{"line":202,"column":25}}]},"45":{"loc":{"start":{"line":206,"column":12},"end":{"line":206,"column":54}},"type":"binary-expr","locations":[{"start":{"line":206,"column":12},"end":{"line":206,"column":19}},{"start":{"line":206,"column":23},"end":{"line":206,"column":54}}]},"46":{"loc":{"start":{"line":209,"column":5},"end":{"line":209,"column":26}},"type":"if","locations":[{"start":{"line":209,"column":5},"end":{"line":209,"column":26}}]},"47":{"loc":{"start":{"line":216,"column":5},"end":{"line":224,"column":6}},"type":"if","locations":[{"start":{"line":216,"column":5},"end":{"line":224,"column":6}}]},"48":{"loc":{"start":{"line":216,"column":9},"end":{"line":216,"column":48}},"type":"binary-expr","locations":[{"start":{"line":216,"column":9},"end":{"line":216,"column":21}},{"start":{"line":216,"column":25},"end":{"line":216,"column":48}}]},"49":{"loc":{"start":{"line":218,"column":8},"end":{"line":223,"column":9}},"type":"if","locations":[{"start":{"line":218,"column":8},"end":{"line":223,"column":9}}]},"50":{"loc":{"start":{"line":220,"column":12},"end":{"line":222,"column":13}},"type":"if","locations":[{"start":{"line":220,"column":12},"end":{"line":222,"column":13}}]},"51":{"loc":{"start":{"line":220,"column":16},"end":{"line":220,"column":134}},"type":"binary-expr","locations":[{"start":{"line":220,"column":16},"end":{"line":220,"column":25}},{"start":{"line":220,"column":29},"end":{"line":220,"column":134}}]},"52":{"loc":{"start":{"line":220,"column":49},"end":{"line":220,"column":133}},"type":"binary-expr","locations":[{"start":{"line":220,"column":49},"end":{"line":220,"column":88}},{"start":{"line":220,"column":92},"end":{"line":220,"column":133}}]},"53":{"loc":{"start":{"line":226,"column":5},"end":{"line":228,"column":6}},"type":"if","locations":[{"start":{"line":226,"column":5},"end":{"line":228,"column":6}}]},"54":{"loc":{"start":{"line":232,"column":7},"end":{"line":237,"column":8}},"type":"if","locations":[{"start":{"line":232,"column":7},"end":{"line":237,"column":8}}]},"55":{"loc":{"start":{"line":232,"column":11},"end":{"line":232,"column":59}},"type":"binary-expr","locations":[{"start":{"line":232,"column":11},"end":{"line":232,"column":43}},{"start":{"line":232,"column":47},"end":{"line":232,"column":59}}]},"56":{"loc":{"start":{"line":234,"column":9},"end":{"line":236,"column":10}},"type":"if","locations":[{"start":{"line":234,"column":9},"end":{"line":236,"column":10}}]},"57":{"loc":{"start":{"line":247,"column":6},"end":{"line":249,"column":7}},"type":"if","locations":[{"start":{"line":247,"column":6},"end":{"line":249,"column":7}}]},"58":{"loc":{"start":{"line":247,"column":10},"end":{"line":247,"column":160}},"type":"binary-expr","locations":[{"start":{"line":247,"column":10},"end":{"line":247,"column":29}},{"start":{"line":247,"column":33},"end":{"line":247,"column":66}},{"start":{"line":247,"column":70},"end":{"line":247,"column":101}},{"start":{"line":247,"column":105},"end":{"line":247,"column":129}},{"start":{"line":247,"column":133},"end":{"line":247,"column":160}}]},"59":{"loc":{"start":{"line":256,"column":4},"end":{"line":256,"column":34}},"type":"if","locations":[{"start":{"line":256,"column":4},"end":{"line":256,"column":34}}]}},"s":{"0":1,"1":1,"2":1,"3":1,"4":1,"5":0,"6":0,"7":0,"8":0,"9":0,"10":0,"11":0,"12":0,"13":0,"14":0,"15":0,"16":0,"17":0,"18":0,"19":0,"20":0,"21":0,"22":0,"23":0,"24":0,"25":0,"26":0,"27":0,"28":0,"29":0,"30":0,"31":0,"32":0,"33":0,"34":0,"35":0,"36":0,"37":0,"38":0,"39":0,"40":0,"41":0,"42":0,"43":0,"44":0,"45":0,"46":0,"47":0,"48":0,"49":0,"50":0,"51":0,"52":0,"53":0,"54":0,"55":0,"56":0,"57":0,"58":0,"59":0,"60":0,"61":0,"62":0,"63":0,"64":0,"65":0,"66":0,"67":0,"68":0,"69":0,"70":0,"71":0,"72":0,"73":0,"74":0,"75":0,"76":0,"77":0,"78":0,"79":0,"80":0,"81":0,"82":0,"83":0,"84":0,"85":0,"86":0,"87":0,"88":0,"89":0,"90":0,"91":0,"92":0,"93":0,"94":0,"95":0,"96":0,"97":0,"98":0,"99":0,"100":0,"101":0,"102":0,"103":0,"104":0,"105":0,"106":0,"107":0,"108":0,"109":0,"110":0,"111":0,"112":0,"113":0,"114":0,"115":0,"116":0,"117":0,"118":0,"119":0,"120":0,"121":0,"122":0,"123":0,"124":0,"125":1},"f":{"0":0,"1":0,"2":0,"3":0,"4":0,"5":0,"6":0,"7":0,"8":0,"9":0,"10":0,"11":0,"12":0,"13":0,"14":0,"15":0},"b":{"0":[0],"1":[0],"2":[0,0],"3":[0],"4":[0,0],"5":[0],"6":[0],"7":[0],"8":[0],"9":[0,0,0],"10":[0],"11":[0,0],"12":[0],"13":[0,0,0],"14":[0],"15":[0],"16":[0],"17":[0],"18":[0,0],"19":[0,0],"20":[0,0],"21":[0],"22":[0],"23":[0,0],"24":[0,0],"25":[0,0],"26":[0,0],"27":[0,0],"28":[0,0,0],"29":[0,0],"30":[0],"31":[0,0],"32":[0,0],"33":[0,0],"34":[0,0],"35":[0,0],"36":[0],"37":[0,0],"38":[0],"39":[0],"40":[0],"41":[0,0],"42":[0],"43":[0,0,0],"44":[0],"45":[0,0],"46":[0],"47":[0],"48":[0,0],"49":[0],"50":[0],"51":[0,0],"52":[0,0],"53":[0],"54":[0],"55":[0,0],"56":[0],"57":[0],"58":[0,0,0,0,0],"59":[0]}}
,"/Users/ieeebruce/Documents/trae_projects/i18n/i18n-demo/i18n-refactor/src/cli/mode-dispatcher.ts": {"path":"/Users/ieeebruce/Documents/trae_projects/i18n/i18n-demo/i18n-refactor/src/cli/mode-dispatcher.ts","statementMap":{"0":{"start":{"line":1,"column":0},"end":{"line":1,"column":40}},"1":{"start":{"line":2,"column":0},"end":{"line":2,"column":66}},"2":{"start":{"line":3,"column":0},"end":{"line":3,"column":73}},"3":{"start":{"line":4,"column":0},"end":{"line":4,"column":79}},"4":{"start":{"line":5,"column":0},"end":{"line":5,"column":52}},"5":{"start":{"line":6,"column":0},"end":{"line":6,"column":46}},"6":{"start":{"line":11,"column":2},"end":{"line":46,"column":3}},"7":{"start":{"line":13,"column":6},"end":{"line":13,"column":32}},"8":{"start":{"line":14,"column":6},"end":{"line":14,"column":12}},"9":{"start":{"line":16,"column":6},"end":{"line":16,"column":35}},"10":{"start":{"line":17,"column":6},"end":{"line":17,"column":12}},"11":{"start":{"line":19,"column":6},"end":{"line":19,"column":32}},"12":{"start":{"line":20,"column":6},"end":{"line":20,"column":12}},"13":{"start":{"line":22,"column":6},"end":{"line":22,"column":33}},"14":{"start":{"line":23,"column":6},"end":{"line":23,"column":12}},"15":{"start":{"line":26,"column":6},"end":{"line":26,"column":36}},"16":{"start":{"line":27,"column":6},"end":{"line":27,"column":12}},"17":{"start":{"line":29,"column":6},"end":{"line":34,"column":8}},"18":{"start":{"line":35,"column":6},"end":{"line":35,"column":12}},"19":{"start":{"line":37,"column":6},"end":{"line":39,"column":8}},"20":{"start":{"line":40,"column":6},"end":{"line":40,"column":12}},"21":{"start":{"line":42,"column":6},"end":{"line":42,"column":41}},"22":{"start":{"line":43,"column":6},"end":{"line":43,"column":12}},"23":{"start":{"line":45,"column":6},"end":{"line":45,"column":47}},"24":{"start":{"line":10,"column":0},"end":{"line":10,"column":7}}},"fnMap":{"0":{"name":"dispatchMode","decl":{"start":{"line":10,"column":22},"end":{"line":10,"column":34}},"loc":{"start":{"line":10,"column":45},"end":{"line":47,"column":1}}}},"branchMap":{"0":{"loc":{"start":{"line":11,"column":2},"end":{"line":46,"column":3}},"type":"switch","locations":[{"start":{"line":12,"column":4},"end":{"line":14,"column":12}},{"start":{"line":15,"column":4},"end":{"line":17,"column":12}},{"start":{"line":18,"column":4},"end":{"line":20,"column":12}},{"start":{"line":21,"column":4},"end":{"line":23,"column":12}},{"start":{"line":24,"column":4},"end":{"line":24,"column":19}},{"start":{"line":25,"column":4},"end":{"line":27,"column":12}},{"start":{"line":28,"column":4},"end":{"line":35,"column":12}},{"start":{"line":36,"column":4},"end":{"line":40,"column":12}},{"start":{"line":41,"column":4},"end":{"line":43,"column":12}},{"start":{"line":44,"column":4},"end":{"line":45,"column":47}}]},"1":{"loc":{"start":{"line":30,"column":8},"end":{"line":30,"column":40}},"type":"binary-expr","locations":[{"start":{"line":30,"column":8},"end":{"line":30,"column":22}},{"start":{"line":30,"column":26},"end":{"line":30,"column":40}}]},"2":{"loc":{"start":{"line":31,"column":9},"end":{"line":31,"column":49}},"type":"binary-expr","locations":[{"start":{"line":31,"column":9},"end":{"line":31,"column":26}},{"start":{"line":31,"column":30},"end":{"line":31,"column":49}}]},"3":{"loc":{"start":{"line":32,"column":9},"end":{"line":32,"column":40}},"type":"binary-expr","locations":[{"start":{"line":32,"column":9},"end":{"line":32,"column":25}},{"start":{"line":32,"column":29},"end":{"line":32,"column":40}}]},"4":{"loc":{"start":{"line":33,"column":9},"end":{"line":33,"column":41}},"type":"binary-expr","locations":[{"start":{"line":33,"column":9},"end":{"line":33,"column":29}},{"start":{"line":33,"column":33},"end":{"line":33,"column":41}}]},"5":{"loc":{"start":{"line":38,"column":8},"end":{"line":38,"column":40}},"type":"binary-expr","locations":[{"start":{"line":38,"column":8},"end":{"line":38,"column":22}},{"start":{"line":38,"column":26},"end":{"line":38,"column":40}}]},"6":{"loc":{"start":{"line":42,"column":20},"end":{"line":42,"column":39}},"type":"binary-expr","locations":[{"start":{"line":42,"column":20},"end":{"line":42,"column":31}},{"start":{"line":42,"column":35},"end":{"line":42,"column":39}}]}},"s":{"0":1,"1":1,"2":1,"3":1,"4":1,"5":1,"6":0,"7":0,"8":0,"9":0,"10":0,"11":0,"12":0,"13":0,"14":0,"15":0,"16":0,"17":0,"18":0,"19":0,"20":0,"21":0,"22":0,"23":0,"24":1},"f":{"0":0},"b":{"0":[0,0,0,0,0,0,0,0,0,0],"1":[0,0],"2":[0,0],"3":[0,0],"4":[0,0],"5":[0,0],"6":[0,0]}}
,"/Users/ieeebruce/Documents/trae_projects/i18n/i18n-demo/i18n-refactor/src/cli/orchestrator.ts": {"path":"/Users/ieeebruce/Documents/trae_projects/i18n/i18n-demo/i18n-refactor/src/cli/orchestrator.ts","statementMap":{"0":{"start":{"line":1,"column":0},"end":{"line":1,"column":25}},"1":{"start":{"line":2,"column":0},"end":{"line":2,"column":29}},"2":{"start":{"line":3,"column":0},"end":{"line":3,"column":63}},"3":{"start":{"line":4,"column":0},"end":{"line":4,"column":54}},"4":{"start":{"line":5,"column":0},"end":{"line":5,"column":58}},"5":{"start":{"line":6,"column":0},"end":{"line":6,"column":50}},"6":{"start":{"line":7,"column":0},"end":{"line":7,"column":40}},"7":{"start":{"line":8,"column":0},"end":{"line":8,"column":38}},"8":{"start":{"line":10,"column":18},"end":{"line":10,"column":40}},"9":{"start":{"line":11,"column":22},"end":{"line":11,"column":59}},"10":{"start":{"line":12,"column":18},"end":{"line":12,"column":51}},"11":{"start":{"line":17,"column":4},"end":{"line":17,"column":23}},"12":{"start":{"line":18,"column":21},"end":{"line":18,"column":101}},"13":{"start":{"line":19,"column":19},"end":{"line":19,"column":43}},"14":{"start":{"line":20,"column":4},"end":{"line":20,"column":69}},"15":{"start":{"line":21,"column":4},"end":{"line":21,"column":62}},"16":{"start":{"line":25,"column":21},"end":{"line":29,"column":6}},"17":{"start":{"line":30,"column":4},"end":{"line":30,"column":25}},"18":{"start":{"line":34,"column":4},"end":{"line":36,"column":5}},"19":{"start":{"line":35,"column":6},"end":{"line":35,"column":68}},"20":{"start":{"line":37,"column":21},"end":{"line":37,"column":71}},"21":{"start":{"line":39,"column":22},"end":{"line":41,"column":null}},"22":{"start":{"line":43,"column":4},"end":{"line":43,"column":27}},"23":{"start":{"line":45,"column":21},"end":{"line":45,"column":49}},"24":{"start":{"line":46,"column":4},"end":{"line":46,"column":67}},"25":{"start":{"line":47,"column":4},"end":{"line":47,"column":80}},"26":{"start":{"line":51,"column":4},"end":{"line":53,"column":5}},"27":{"start":{"line":52,"column":6},"end":{"line":52,"column":64}},"28":{"start":{"line":54,"column":21},"end":{"line":54,"column":67}},"29":{"start":{"line":56,"column":20},"end":{"line":56,"column":33}},"30":{"start":{"line":57,"column":4},"end":{"line":57,"column":34}},"31":{"start":{"line":61,"column":4},"end":{"line":63,"column":5}},"32":{"start":{"line":62,"column":6},"end":{"line":62,"column":30}},"33":{"start":{"line":14,"column":0},"end":{"line":14,"column":13}}},"fnMap":{"0":{"name":"(anonymous_6)","decl":{"start":{"line":16,"column":2},"end":{"line":16,"column":8}},"loc":{"start":{"line":16,"column":19},"end":{"line":22,"column":3}}},"1":{"name":"(anonymous_7)","decl":{"start":{"line":24,"column":2},"end":{"line":24,"column":8}},"loc":{"start":{"line":24,"column":22},"end":{"line":31,"column":3}}},"2":{"name":"(anonymous_8)","decl":{"start":{"line":33,"column":2},"end":{"line":33,"column":8}},"loc":{"start":{"line":33,"column":19},"end":{"line":48,"column":3}}},"3":{"name":"(anonymous_9)","decl":{"start":{"line":50,"column":2},"end":{"line":50,"column":8}},"loc":{"start":{"line":50,"column":20},"end":{"line":58,"column":3}}},"4":{"name":"(anonymous_10)","decl":{"start":{"line":60,"column":10},"end":{"line":60,"column":16}},"loc":{"start":{"line":60,"column":28},"end":{"line":64,"column":3}}}},"branchMap":{"0":{"loc":{"start":{"line":26,"column":6},"end":{"line":26,"column":38}},"type":"binary-expr","locations":[{"start":{"line":26,"column":6},"end":{"line":26,"column":20}},{"start":{"line":26,"column":24},"end":{"line":26,"column":38}}]},"1":{"loc":{"start":{"line":34,"column":4},"end":{"line":36,"column":5}},"type":"if","locations":[{"start":{"line":34,"column":4},"end":{"line":36,"column":5}}]},"2":{"loc":{"start":{"line":40,"column":6},"end":{"line":40,"column":38}},"type":"binary-expr","locations":[{"start":{"line":40,"column":6},"end":{"line":40,"column":20}},{"start":{"line":40,"column":24},"end":{"line":40,"column":38}}]},"3":{"loc":{"start":{"line":51,"column":4},"end":{"line":53,"column":5}},"type":"if","locations":[{"start":{"line":51,"column":4},"end":{"line":53,"column":5}}]},"4":{"loc":{"start":{"line":61,"column":4},"end":{"line":63,"column":5}},"type":"if","locations":[{"start":{"line":61,"column":4},"end":{"line":63,"column":5}}]}},"s":{"0":1,"1":1,"2":1,"3":1,"4":1,"5":1,"6":1,"7":1,"8":1,"9":1,"10":1,"11":0,"12":0,"13":0,"14":0,"15":0,"16":0,"17":0,"18":0,"19":0,"20":0,"21":0,"22":0,"23":0,"24":0,"25":0,"26":0,"27":0,"28":0,"29":0,"30":0,"31":0,"32":0,"33":1},"f":{"0":0,"1":0,"2":0,"3":0,"4":0},"b":{"0":[0,0],"1":[0],"2":[0,0],"3":[0],"4":[0]}}
,"/Users/ieeebruce/Documents/trae_projects/i18n/i18n-demo/i18n-refactor/src/cli/run-dir.ts": {"path":"/Users/ieeebruce/Documents/trae_projects/i18n/i18n-demo/i18n-refactor/src/cli/run-dir.ts","statementMap":{"0":{"start":{"line":2,"column":0},"end":{"line":2,"column":24}},"1":{"start":{"line":3,"column":0},"end":{"line":3,"column":28}},"2":{"start":{"line":4,"column":0},"end":{"line":4,"column":27}},"3":{"start":{"line":5,"column":0},"end":{"line":5,"column":39}},"4":{"start":{"line":6,"column":0},"end":{"line":6,"column":54}},"5":{"start":{"line":7,"column":0},"end":{"line":7,"column":48}},"6":{"start":{"line":8,"column":0},"end":{"line":8,"column":70}},"7":{"start":{"line":10,"column":0},"end":{"line":10,"column":48}},"8":{"start":{"line":11,"column":0},"end":{"line":11,"column":9}},"9":{"start":{"line":11,"column":9},"end":{"line":11,"column":70}},"10":{"start":{"line":13,"column":39},"end":{"line":13,"column":73}},"11":{"start":{"line":14,"column":13},"end":{"line":14,"column":28}},"12":{"start":{"line":15,"column":43},"end":{"line":15,"column":87}},"13":{"start":{"line":15,"column":56},"end":{"line":15,"column":87}},"14":{"start":{"line":20,"column":17},"end":{"line":20,"column":33}},"15":{"start":{"line":21,"column":13},"end":{"line":21,"column":96}},"16":{"start":{"line":23,"column":32},"end":{"line":23,"column":36}},"17":{"start":{"line":24,"column":16},"end":{"line":46,"column":3}},"18":{"start":{"line":25,"column":4},"end":{"line":44,"column":5}},"19":{"start":{"line":26,"column":20},"end":{"line":26,"column":83}},"20":{"start":{"line":27,"column":6},"end":{"line":43,"column":7}},"21":{"start":{"line":28,"column":21},"end":{"line":28,"column":33}},"22":{"start":{"line":29,"column":8},"end":{"line":42,"column":9}},"23":{"start":{"line":30,"column":22},"end":{"line":30,"column":39}},"24":{"start":{"line":31,"column":10},"end":{"line":41,"column":11}},"25":{"start":{"line":32,"column":12},"end":{"line":40,"column":13}},"26":{"start":{"line":33,"column":14},"end":{"line":39,"column":15}},"27":{"start":{"line":34,"column":26},"end":{"line":34,"column":42}},"28":{"start":{"line":35,"column":16},"end":{"line":38,"column":17}},"29":{"start":{"line":36,"column":30},"end":{"line":36,"column":50}},"30":{"start":{"line":37,"column":18},"end":{"line":37,"column":null}},"31":{"start":{"line":45,"column":4},"end":{"line":45,"column":null}},"32":{"start":{"line":47,"column":2},"end":{"line":47,"column":null}},"33":{"start":{"line":48,"column":21},"end":{"line":48,"column":82}},"34":{"start":{"line":49,"column":69},"end":{"line":49,"column":130}},"35":{"start":{"line":51,"column":23},"end":{"line":51,"column":73}},"36":{"start":{"line":51,"column":49},"end":{"line":51,"column":71}},"37":{"start":{"line":52,"column":20},"end":{"line":52,"column":36}},"38":{"start":{"line":53,"column":22},"end":{"line":53,"column":65}},"39":{"start":{"line":54,"column":2},"end":{"line":54,"column":null}},"40":{"start":{"line":54,"column":17},"end":{"line":54,"column":null}},"41":{"start":{"line":55,"column":2},"end":{"line":55,"column":63}},"42":{"start":{"line":55,"column":33},"end":{"line":55,"column":62}},"43":{"start":{"line":56,"column":3},"end":{"line":56,"column":null}},"44":{"start":{"line":57,"column":2},"end":{"line":57,"column":null}},"45":{"start":{"line":17,"column":0},"end":{"line":17,"column":16}},"46":{"start":{"line":61,"column":15},"end":{"line":61,"column":36}},"47":{"start":{"line":62,"column":115},"end":{"line":62,"column":124}},"48":{"start":{"line":63,"column":16},"end":{"line":63,"column":135}},"49":{"start":{"line":64,"column":18},"end":{"line":64,"column":25}},"50":{"start":{"line":67,"column":2},"end":{"line":72,"column":3}},"51":{"start":{"line":68,"column":14},"end":{"line":68,"column":102}},"52":{"start":{"line":69,"column":4},"end":{"line":69,"column":null}},"53":{"start":{"line":69,"column":11},"end":{"line":69,"column":null}},"54":{"start":{"line":70,"column":4},"end":{"line":70,"column":70}},"55":{"start":{"line":70,"column":26},"end":{"line":70,"column":61}},"56":{"start":{"line":70,"column":62},"end":{"line":70,"column":68}},"57":{"start":{"line":71,"column":4},"end":{"line":71,"column":75}},"58":{"start":{"line":71,"column":29},"end":{"line":71,"column":66}},"59":{"start":{"line":71,"column":67},"end":{"line":71,"column":73}},"60":{"start":{"line":74,"column":2},"end":{"line":74,"column":null}},"61":{"start":{"line":75,"column":2},"end":{"line":75,"column":null}},"62":{"start":{"line":76,"column":2},"end":{"line":76,"column":null}},"63":{"start":{"line":77,"column":2},"end":{"line":77,"column":null}},"64":{"start":{"line":80,"column":2},"end":{"line":80,"column":27}},"65":{"start":{"line":60,"column":0},"end":{"line":60,"column":7}}},"fnMap":{"0":{"name":"(anonymous_7)","decl":{"start":{"line":11,"column":9},"end":{"line":11,"column":27}},"loc":{"start":{"line":11,"column":9},"end":{"line":11,"column":70}}},"1":{"name":"readFile","decl":{"start":{"line":13,"column":9},"end":{"line":13,"column":17}},"loc":{"start":{"line":13,"column":27},"end":{"line":13,"column":74}}},"2":{"name":"writeFile","decl":{"start":{"line":15,"column":9},"end":{"line":15,"column":18}},"loc":{"start":{"line":15,"column":39},"end":{"line":15,"column":88}}},"3":{"name":"processTsFile","decl":{"start":{"line":17,"column":16},"end":{"line":17,"column":29}},"loc":{"start":{"line":17,"column":80},"end":{"line":58,"column":1}}},"4":{"name":"(anonymous_11)","decl":{"start":{"line":24,"column":16},"end":{"line":24,"column":17}},"loc":{"start":{"line":24,"column":34},"end":{"line":46,"column":3}}},"5":{"name":"(anonymous_12)","decl":{"start":{"line":51,"column":43},"end":{"line":51,"column":44}},"loc":{"start":{"line":51,"column":49},"end":{"line":51,"column":71}}},"6":{"name":"main","decl":{"start":{"line":60,"column":22},"end":{"line":60,"column":26}},"loc":{"start":{"line":60,"column":26},"end":{"line":81,"column":1}}}},"branchMap":{"0":{"loc":{"start":{"line":15,"column":43},"end":{"line":15,"column":87}},"type":"if","locations":[{"start":{"line":15,"column":43},"end":{"line":15,"column":87}}]},"1":{"loc":{"start":{"line":25,"column":4},"end":{"line":44,"column":5}},"type":"if","locations":[{"start":{"line":25,"column":4},"end":{"line":44,"column":5}}]},"2":{"loc":{"start":{"line":26,"column":20},"end":{"line":26,"column":83}},"type":"cond-expr","locations":[{"start":{"line":26,"column":49},"end":{"line":26,"column":71}},{"start":{"line":26,"column":74},"end":{"line":26,"column":83}}]},"3":{"loc":{"start":{"line":27,"column":22},"end":{"line":27,"column":33}},"type":"binary-expr","locations":[{"start":{"line":27,"column":22},"end":{"line":27,"column":27}},{"start":{"line":27,"column":31},"end":{"line":27,"column":33}}]},"4":{"loc":{"start":{"line":29,"column":8},"end":{"line":42,"column":9}},"type":"if","locations":[{"start":{"line":29,"column":8},"end":{"line":42,"column":9}}]},"5":{"loc":{"start":{"line":29,"column":12},"end":{"line":29,"column":113}},"type":"binary-expr","locations":[{"start":{"line":29,"column":12},"end":{"line":29,"column":37}},{"start":{"line":29,"column":41},"end":{"line":29,"column":73}},{"start":{"line":29,"column":77},"end":{"line":29,"column":113}}]},"6":{"loc":{"start":{"line":31,"column":10},"end":{"line":41,"column":11}},"type":"if","locations":[{"start":{"line":31,"column":10},"end":{"line":41,"column":11}}]},"7":{"loc":{"start":{"line":31,"column":14},"end":{"line":31,"column":54}},"type":"binary-expr","locations":[{"start":{"line":31,"column":14},"end":{"line":31,"column":17}},{"start":{"line":31,"column":21},"end":{"line":31,"column":54}}]},"8":{"loc":{"start":{"line":33,"column":14},"end":{"line":39,"column":15}},"type":"if","locations":[{"start":{"line":33,"column":14},"end":{"line":39,"column":15}}]},"9":{"loc":{"start":{"line":33,"column":18},"end":{"line":33,"column":113}},"type":"binary-expr","locations":[{"start":{"line":33,"column":18},"end":{"line":33,"column":47}},{"start":{"line":33,"column":51},"end":{"line":33,"column":77}},{"start":{"line":33,"column":81},"end":{"line":33,"column":113}}]},"10":{"loc":{"start":{"line":35,"column":16},"end":{"line":38,"column":17}},"type":"if","locations":[{"start":{"line":35,"column":16},"end":{"line":38,"column":17}}]},"11":{"loc":{"start":{"line":35,"column":20},"end":{"line":35,"column":46}},"type":"binary-expr","locations":[{"start":{"line":35,"column":20},"end":{"line":35,"column":21}},{"start":{"line":35,"column":25},"end":{"line":35,"column":46}}]},"12":{"loc":{"start":{"line":48,"column":21},"end":{"line":48,"column":82}},"type":"cond-expr","locations":[{"start":{"line":48,"column":59},"end":{"line":48,"column":77}},{"start":{"line":48,"column":80},"end":{"line":48,"column":82}}]},"13":{"loc":{"start":{"line":48,"column":21},"end":{"line":48,"column":56}},"type":"binary-expr","locations":[{"start":{"line":48,"column":21},"end":{"line":48,"column":29}},{"start":{"line":48,"column":33},"end":{"line":48,"column":56}}]},"14":{"loc":{"start":{"line":53,"column":22},"end":{"line":53,"column":65}},"type":"cond-expr","locations":[{"start":{"line":53,"column":34},"end":{"line":53,"column":56}},{"start":{"line":53,"column":60},"end":{"line":53,"column":65}}]},"15":{"loc":{"start":{"line":54,"column":2},"end":{"line":54,"column":null}},"type":"if","locations":[{"start":{"line":54,"column":2},"end":{"line":54,"column":null}}]},"16":{"loc":{"start":{"line":55,"column":2},"end":{"line":55,"column":63}},"type":"if","locations":[{"start":{"line":55,"column":2},"end":{"line":55,"column":63}}]},"17":{"loc":{"start":{"line":55,"column":6},"end":{"line":55,"column":29}},"type":"binary-expr","locations":[{"start":{"line":55,"column":6},"end":{"line":55,"column":14}},{"start":{"line":55,"column":18},"end":{"line":55,"column":29}}]},"18":{"loc":{"start":{"line":57,"column":20},"end":{"line":57,"column":44}},"type":"binary-expr","locations":[{"start":{"line":57,"column":20},"end":{"line":57,"column":29}},{"start":{"line":57,"column":33},"end":{"line":57,"column":44}}]},"19":{"loc":{"start":{"line":69,"column":4},"end":{"line":69,"column":null}},"type":"if","locations":[{"start":{"line":69,"column":4},"end":{"line":69,"column":null}}]},"20":{"loc":{"start":{"line":70,"column":4},"end":{"line":70,"column":70}},"type":"if","locations":[{"start":{"line":70,"column":4},"end":{"line":70,"column":70}}]},"21":{"loc":{"start":{"line":71,"column":4},"end":{"line":71,"column":75}},"type":"if","locations":[{"start":{"line":71,"column":4},"end":{"line":71,"column":75}}]},"22":{"loc":{"start":{"line":75,"column":53},"end":{"line":75,"column":134}},"type":"cond-expr","locations":[{"start":{"line":75,"column":110},"end":{"line":75,"column":123}},{"start":{"line":75,"column":126},"end":{"line":75,"column":134}}]},"23":{"loc":{"start":{"line":75,"column":53},"end":{"line":75,"column":107}},"type":"binary-expr","locations":[{"start":{"line":75,"column":53},"end":{"line":75,"column":77}},{"start":{"line":75,"column":81},"end":{"line":75,"column":107}}]},"24":{"loc":{"start":{"line":76,"column":13},"end":{"line":76,"column":45}},"type":"binary-expr","locations":[{"start":{"line":76,"column":13},"end":{"line":76,"column":27}},{"start":{"line":76,"column":31},"end":{"line":76,"column":45}}]}},"s":{"0":1,"1":1,"2":1,"3":1,"4":1,"5":1,"6":1,"7":1,"8":1,"9":1,"10":4,"11":1,"12":0,"13":0,"14":4,"15":4,"16":4,"17":4,"18":43,"19":4,"20":4,"21":0,"22":0,"23":0,"24":0,"25":0,"26":0,"27":0,"28":0,"29":0,"30":0,"31":43,"32":4,"33":4,"34":4,"35":4,"36":0,"37":4,"38":4,"39":4,"40":0,"41":4,"42":0,"43":4,"44":4,"45":1,"46":0,"47":0,"48":0,"49":0,"50":0,"51":0,"52":0,"53":0,"54":0,"55":0,"56":0,"57":0,"58":0,"59":0,"60":0,"61":0,"62":0,"63":0,"64":0,"65":1},"f":{"0":0,"1":4,"2":0,"3":4,"4":43,"5":0,"6":0},"b":{"0":[0],"1":[4],"2":[4,0],"3":[4,4],"4":[0],"5":[0,0,0],"6":[0],"7":[0,0],"8":[0],"9":[0,0,0],"10":[0],"11":[0,0],"12":[0,4],"13":[4,0],"14":[0,4],"15":[0],"16":[0],"17":[4,0],"18":[4,4],"19":[0],"20":[0],"21":[0],"22":[0,0],"23":[0,0],"24":[0,0]}}
,"/Users/ieeebruce/Documents/trae_projects/i18n/i18n-demo/i18n-refactor/src/core/config.ts": {"path":"/Users/ieeebruce/Documents/trae_projects/i18n/i18n-demo/i18n-refactor/src/core/config.ts","statementMap":{"0":{"start":{"line":1,"column":0},"end":{"line":1,"column":24}},"1":{"start":{"line":2,"column":0},"end":{"line":2,"column":28}},"2":{"start":{"line":21,"column":13},"end":{"line":34,"column":null}},"3":{"start":{"line":38,"column":19},"end":{"line":38,"column":30}},"4":{"start":{"line":39,"column":2},"end":{"line":45,"column":3}},"5":{"start":{"line":40,"column":4},"end":{"line":44,"column":5}},"6":{"start":{"line":41,"column":6},"end":{"line":41,"column":null}},"7":{"start":{"line":42,"column":11},"end":{"line":44,"column":5}},"8":{"start":{"line":43,"column":6},"end":{"line":43,"column":null}},"9":{"start":{"line":46,"column":2},"end":{"line":46,"column":null}},"10":{"start":{"line":37,"column":0},"end":{"line":37,"column":16}},"11":{"start":{"line":51,"column":29},"end":{"line":55,"column":null}},"12":{"start":{"line":57,"column":21},"end":{"line":57,"column":67}},"13":{"start":{"line":59,"column":2},"end":{"line":68,"column":3}},"14":{"start":{"line":60,"column":4},"end":{"line":67,"column":5}},"15":{"start":{"line":61,"column":6},"end":{"line":64,"column":7}},"16":{"start":{"line":62,"column":20},"end":{"line":62,"column":47}},"17":{"start":{"line":63,"column":8},"end":{"line":63,"column":null}},"18":{"start":{"line":66,"column":6},"end":{"line":66,"column":null}},"19":{"start":{"line":70,"column":2},"end":{"line":70,"column":null}},"20":{"start":{"line":50,"column":0},"end":{"line":50,"column":16}},"21":{"start":{"line":75,"column":37},"end":{"line":75,"column":39}},"22":{"start":{"line":76,"column":17},"end":{"line":76,"column":33}},"23":{"start":{"line":78,"column":2},"end":{"line":97,"column":3}},"24":{"start":{"line":79,"column":4},"end":{"line":96,"column":5}},"25":{"start":{"line":81,"column":21},"end":{"line":81,"column":45}},"26":{"start":{"line":82,"column":24},"end":{"line":82,"column":108}},"27":{"start":{"line":82,"column":76},"end":{"line":82,"column":91}},"28":{"start":{"line":85,"column":6},"end":{"line":95,"column":7}},"29":{"start":{"line":86,"column":8},"end":{"line":86,"column":null}},"30":{"start":{"line":87,"column":13},"end":{"line":95,"column":7}},"31":{"start":{"line":88,"column":8},"end":{"line":88,"column":null}},"32":{"start":{"line":89,"column":13},"end":{"line":95,"column":7}},"33":{"start":{"line":90,"column":8},"end":{"line":90,"column":null}},"34":{"start":{"line":91,"column":13},"end":{"line":95,"column":7}},"35":{"start":{"line":92,"column":8},"end":{"line":92,"column":null}},"36":{"start":{"line":92,"column":60},"end":{"line":92,"column":71}},"37":{"start":{"line":94,"column":8},"end":{"line":94,"column":null}},"38":{"start":{"line":99,"column":2},"end":{"line":99,"column":null}},"39":{"start":{"line":74,"column":0},"end":{"line":74,"column":16}},"40":{"start":{"line":104,"column":37},"end":{"line":104,"column":39}},"41":{"start":{"line":106,"column":2},"end":{"line":134,"column":3}},"42":{"start":{"line":106,"column":15},"end":{"line":106,"column":16}},"43":{"start":{"line":107,"column":16},"end":{"line":107,"column":23}},"44":{"start":{"line":109,"column":4},"end":{"line":133,"column":5}},"45":{"start":{"line":110,"column":27},"end":{"line":110,"column":50}},"46":{"start":{"line":112,"column":6},"end":{"line":132,"column":7}},"47":{"start":{"line":113,"column":8},"end":{"line":113,"column":null}},"48":{"start":{"line":114,"column":13},"end":{"line":132,"column":7}},"49":{"start":{"line":116,"column":8},"end":{"line":116,"column":16}},"50":{"start":{"line":117,"column":13},"end":{"line":132,"column":7}},"51":{"start":{"line":118,"column":26},"end":{"line":118,"column":93}},"52":{"start":{"line":118,"column":61},"end":{"line":118,"column":76}},"53":{"start":{"line":121,"column":8},"end":{"line":131,"column":9}},"54":{"start":{"line":122,"column":10},"end":{"line":122,"column":null}},"55":{"start":{"line":123,"column":15},"end":{"line":131,"column":9}},"56":{"start":{"line":124,"column":10},"end":{"line":124,"column":null}},"57":{"start":{"line":125,"column":15},"end":{"line":131,"column":9}},"58":{"start":{"line":126,"column":10},"end":{"line":126,"column":null}},"59":{"start":{"line":127,"column":15},"end":{"line":131,"column":9}},"60":{"start":{"line":128,"column":10},"end":{"line":128,"column":null}},"61":{"start":{"line":128,"column":62},"end":{"line":128,"column":73}},"62":{"start":{"line":130,"column":10},"end":{"line":130,"column":null}},"63":{"start":{"line":136,"column":2},"end":{"line":136,"column":null}},"64":{"start":{"line":103,"column":0},"end":{"line":103,"column":16}},"65":{"start":{"line":141,"column":21},"end":{"line":141,"column":51}},"66":{"start":{"line":142,"column":20},"end":{"line":142,"column":39}},"67":{"start":{"line":143,"column":20},"end":{"line":143,"column":44}},"68":{"start":{"line":146,"column":2},"end":{"line":152,"column":null}},"69":{"start":{"line":140,"column":0},"end":{"line":140,"column":16}},"70":{"start":{"line":156,"column":13},"end":{"line":156,"column":null}}},"fnMap":{"0":{"name":"deepMerge","decl":{"start":{"line":37,"column":16},"end":{"line":37,"column":25}},"loc":{"start":{"line":37,"column":83},"end":{"line":47,"column":1}}},"1":{"name":"loadConfigFromFile","decl":{"start":{"line":50,"column":16},"end":{"line":50,"column":34}},"loc":{"start":{"line":50,"column":54},"end":{"line":71,"column":1}}},"2":{"name":"loadConfigFromEnv","decl":{"start":{"line":74,"column":16},"end":{"line":74,"column":33}},"loc":{"start":{"line":74,"column":33},"end":{"line":100,"column":1}}},"3":{"name":"(anonymous_9)","decl":{"start":{"line":82,"column":66},"end":{"line":82,"column":67}},"loc":{"start":{"line":82,"column":76},"end":{"line":82,"column":91}}},"4":{"name":"(anonymous_10)","decl":{"start":{"line":92,"column":52},"end":{"line":92,"column":56}},"loc":{"start":{"line":92,"column":60},"end":{"line":92,"column":71}}},"5":{"name":"loadConfigFromArgs","decl":{"start":{"line":103,"column":16},"end":{"line":103,"column":34}},"loc":{"start":{"line":103,"column":49},"end":{"line":137,"column":1}}},"6":{"name":"(anonymous_12)","decl":{"start":{"line":118,"column":51},"end":{"line":118,"column":52}},"loc":{"start":{"line":118,"column":61},"end":{"line":118,"column":76}}},"7":{"name":"(anonymous_13)","decl":{"start":{"line":128,"column":54},"end":{"line":128,"column":58}},"loc":{"start":{"line":128,"column":62},"end":{"line":128,"column":73}}},"8":{"name":"loadConfig","decl":{"start":{"line":140,"column":16},"end":{"line":140,"column":26}},"loc":{"start":{"line":140,"column":86},"end":{"line":153,"column":1}}}},"branchMap":{"0":{"loc":{"start":{"line":39,"column":38},"end":{"line":39,"column":49}},"type":"binary-expr","locations":[{"start":{"line":39,"column":38},"end":{"line":39,"column":43}},{"start":{"line":39,"column":47},"end":{"line":39,"column":49}}]},"1":{"loc":{"start":{"line":40,"column":4},"end":{"line":44,"column":5}},"type":"if","locations":[{"start":{"line":40,"column":4},"end":{"line":44,"column":5}},{"start":{"line":42,"column":11},"end":{"line":44,"column":5}}]},"2":{"loc":{"start":{"line":40,"column":8},"end":{"line":40,"column":55}},"type":"binary-expr","locations":[{"start":{"line":40,"column":8},"end":{"line":40,"column":9}},{"start":{"line":40,"column":13},"end":{"line":40,"column":34}},{"start":{"line":40,"column":38},"end":{"line":40,"column":55}}]},"3":{"loc":{"start":{"line":41,"column":25},"end":{"line":41,"column":37}},"type":"binary-expr","locations":[{"start":{"line":41,"column":25},"end":{"line":41,"column":31}},{"start":{"line":41,"column":35},"end":{"line":41,"column":37}}]},"4":{"loc":{"start":{"line":42,"column":11},"end":{"line":44,"column":5}},"type":"if","locations":[{"start":{"line":42,"column":11},"end":{"line":44,"column":5}}]},"5":{"loc":{"start":{"line":57,"column":21},"end":{"line":57,"column":67}},"type":"cond-expr","locations":[{"start":{"line":57,"column":34},"end":{"line":57,"column":46}},{"start":{"line":57,"column":49},"end":{"line":57,"column":67}}]},"6":{"loc":{"start":{"line":61,"column":6},"end":{"line":64,"column":7}},"type":"if","locations":[{"start":{"line":61,"column":6},"end":{"line":64,"column":7}}]},"7":{"loc":{"start":{"line":79,"column":4},"end":{"line":96,"column":5}},"type":"if","locations":[{"start":{"line":79,"column":4},"end":{"line":96,"column":5}}]},"8":{"loc":{"start":{"line":79,"column":8},"end":{"line":79,"column":53}},"type":"binary-expr","locations":[{"start":{"line":79,"column":8},"end":{"line":79,"column":30}},{"start":{"line":79,"column":34},"end":{"line":79,"column":53}}]},"9":{"loc":{"start":{"line":85,"column":6},"end":{"line":95,"column":7}},"type":"if","locations":[{"start":{"line":85,"column":6},"end":{"line":95,"column":7}},{"start":{"line":87,"column":13},"end":{"line":95,"column":7}}]},"10":{"loc":{"start":{"line":87,"column":13},"end":{"line":95,"column":7}},"type":"if","locations":[{"start":{"line":87,"column":13},"end":{"line":95,"column":7}},{"start":{"line":89,"column":13},"end":{"line":95,"column":7}}]},"11":{"loc":{"start":{"line":89,"column":13},"end":{"line":95,"column":7}},"type":"if","locations":[{"start":{"line":89,"column":13},"end":{"line":95,"column":7}},{"start":{"line":91,"column":13},"end":{"line":95,"column":7}}]},"12":{"loc":{"start":{"line":91,"column":13},"end":{"line":95,"column":7}},"type":"if","locations":[{"start":{"line":91,"column":13},"end":{"line":95,"column":7}},{"start":{"line":93,"column":13},"end":{"line":95,"column":7}}]},"13":{"loc":{"start":{"line":109,"column":4},"end":{"line":133,"column":5}},"type":"if","locations":[{"start":{"line":109,"column":4},"end":{"line":133,"column":5}}]},"14":{"loc":{"start":{"line":112,"column":6},"end":{"line":132,"column":7}},"type":"if","locations":[{"start":{"line":112,"column":6},"end":{"line":132,"column":7}},{"start":{"line":114,"column":13},"end":{"line":132,"column":7}}]},"15":{"loc":{"start":{"line":114,"column":13},"end":{"line":132,"column":7}},"type":"if","locations":[{"start":{"line":114,"column":13},"end":{"line":132,"column":7}},{"start":{"line":117,"column":13},"end":{"line":132,"column":7}}]},"16":{"loc":{"start":{"line":114,"column":17},"end":{"line":114,"column":52}},"type":"binary-expr","locations":[{"start":{"line":114,"column":17},"end":{"line":114,"column":31}},{"start":{"line":114,"column":35},"end":{"line":114,"column":52}}]},"17":{"loc":{"start":{"line":117,"column":13},"end":{"line":132,"column":7}},"type":"if","locations":[{"start":{"line":117,"column":13},"end":{"line":132,"column":7}}]},"18":{"loc":{"start":{"line":121,"column":8},"end":{"line":131,"column":9}},"type":"if","locations":[{"start":{"line":121,"column":8},"end":{"line":131,"column":9}},{"start":{"line":123,"column":15},"end":{"line":131,"column":9}}]},"19":{"loc":{"start":{"line":123,"column":15},"end":{"line":131,"column":9}},"type":"if","locations":[{"start":{"line":123,"column":15},"end":{"line":131,"column":9}},{"start":{"line":125,"column":15},"end":{"line":131,"column":9}}]},"20":{"loc":{"start":{"line":125,"column":15},"end":{"line":131,"column":9}},"type":"if","locations":[{"start":{"line":125,"column":15},"end":{"line":131,"column":9}},{"start":{"line":127,"column":15},"end":{"line":131,"column":9}}]},"21":{"loc":{"start":{"line":127,"column":15},"end":{"line":131,"column":9}},"type":"if","locations":[{"start":{"line":127,"column":15},"end":{"line":131,"column":9}},{"start":{"line":129,"column":15},"end":{"line":131,"column":9}}]},"22":{"loc":{"start":{"line":140,"column":27},"end":{"line":140,"column":65}},"type":"default-arg","locations":[{"start":{"line":140,"column":44},"end":{"line":140,"column":65}}]}},"s":{"0":14,"1":14,"2":14,"3":46,"4":46,"5":149,"6":1,"7":148,"8":147,"9":46,"10":14,"11":14,"12":14,"13":14,"14":16,"15":16,"16":13,"17":13,"18":0,"19":1,"20":14,"21":15,"22":15,"23":15,"24":1428,"25":3,"26":3,"27":1,"28":3,"29":1,"30":2,"31":0,"32":2,"33":1,"34":1,"35":1,"36":2,"37":0,"38":15,"39":14,"40":18,"41":18,"42":18,"43":5,"44":5,"45":5,"46":5,"47":1,"48":4,"49":0,"50":4,"51":4,"52":4,"53":4,"54":0,"55":4,"56":0,"57":4,"58":1,"59":3,"60":1,"61":3,"62":2,"63":18,"64":14,"65":14,"66":14,"67":14,"68":14,"69":14,"70":14},"f":{"0":46,"1":14,"2":15,"3":1,"4":2,"5":18,"6":4,"7":3,"8":14},"b":{"0":[46,0],"1":[1,148],"2":[149,135,15],"3":[1,0],"4":[147],"5":[0,14],"6":[13],"7":[3],"8":[1428,3],"9":[1,2],"10":[0,2],"11":[1,1],"12":[1,0],"13":[5],"14":[1,4],"15":[0,4],"16":[4,4],"17":[4],"18":[0,4],"19":[0,4],"20":[1,3],"21":[1,2],"22":[14]}}
,"/Users/ieeebruce/Documents/trae_projects/i18n/i18n-demo/i18n-refactor/src/core/key-resolver.ts": {"path":"/Users/ieeebruce/Documents/trae_projects/i18n/i18n-demo/i18n-refactor/src/core/key-resolver.ts","statementMap":{"0":{"start":{"line":1,"column":0},"end":{"line":1,"column":27}},"1":{"start":{"line":2,"column":0},"end":{"line":2,"column":46}},"2":{"start":{"line":15,"column":66},"end":{"line":15,"column":68}},"3":{"start":{"line":16,"column":18},"end":{"line":16,"column":36}},"4":{"start":{"line":17,"column":27},"end":{"line":17,"column":31}},"5":{"start":{"line":18,"column":2},"end":{"line":34,"column":3}},"6":{"start":{"line":19,"column":4},"end":{"line":25,"column":5}},"7":{"start":{"line":20,"column":6},"end":{"line":20,"column":66}},"8":{"start":{"line":20,"column":61},"end":{"line":20,"column":66}},"9":{"start":{"line":21,"column":18},"end":{"line":21,"column":49}},"10":{"start":{"line":22,"column":6},"end":{"line":22,"column":null}},"11":{"start":{"line":23,"column":6},"end":{"line":23,"column":null}},"12":{"start":{"line":24,"column":6},"end":{"line":24,"column":14}},"13":{"start":{"line":26,"column":4},"end":{"line":32,"column":5}},"14":{"start":{"line":27,"column":18},"end":{"line":27,"column":40}},"15":{"start":{"line":28,"column":6},"end":{"line":29,"column":null}},"16":{"start":{"line":28,"column":35},"end":{"line":28,"column":null}},"17":{"start":{"line":29,"column":11},"end":{"line":29,"column":null}},"18":{"start":{"line":30,"column":6},"end":{"line":30,"column":null}},"19":{"start":{"line":31,"column":6},"end":{"line":31,"column":14}},"20":{"start":{"line":33,"column":4},"end":{"line":33,"column":9}},"21":{"start":{"line":35,"column":2},"end":{"line":35,"column":null}},"22":{"start":{"line":36,"column":32},"end":{"line":36,"column":34}},"23":{"start":{"line":37,"column":29},"end":{"line":37,"column":31}},"24":{"start":{"line":38,"column":20},"end":{"line":38,"column":25}},"25":{"start":{"line":39,"column":2},"end":{"line":42,"column":3}},"26":{"start":{"line":40,"column":4},"end":{"line":40,"column":78}},"27":{"start":{"line":40,"column":28},"end":{"line":40,"column":50}},"28":{"start":{"line":40,"column":51},"end":{"line":40,"column":70}},"29":{"start":{"line":40,"column":71},"end":{"line":40,"column":76}},"30":{"start":{"line":41,"column":4},"end":{"line":41,"column":null}},"31":{"start":{"line":43,"column":15},"end":{"line":43,"column":67}},"32":{"start":{"line":44,"column":2},"end":{"line":47,"column":3}},"33":{"start":{"line":45,"column":14},"end":{"line":45,"column":52}},"34":{"start":{"line":46,"column":4},"end":{"line":46,"column":null}},"35":{"start":{"line":46,"column":11},"end":{"line":46,"column":null}},"36":{"start":{"line":48,"column":21},"end":{"line":48,"column":71}},"37":{"start":{"line":49,"column":16},"end":{"line":49,"column":26}},"38":{"start":{"line":50,"column":2},"end":{"line":53,"column":3}},"39":{"start":{"line":51,"column":20},"end":{"line":51,"column":31}},"40":{"start":{"line":52,"column":4},"end":{"line":52,"column":null}},"41":{"start":{"line":54,"column":2},"end":{"line":68,"column":3}},"42":{"start":{"line":55,"column":16},"end":{"line":55,"column":55}},"43":{"start":{"line":56,"column":22},"end":{"line":56,"column":56}},"44":{"start":{"line":57,"column":19},"end":{"line":57,"column":28}},"45":{"start":{"line":58,"column":4},"end":{"line":67,"column":5}},"46":{"start":{"line":59,"column":16},"end":{"line":59,"column":62}},"47":{"start":{"line":60,"column":6},"end":{"line":64,"column":7}},"48":{"start":{"line":60,"column":13},"end":{"line":60,"column":null}},"49":{"start":{"line":62,"column":19},"end":{"line":62,"column":56}},"50":{"start":{"line":63,"column":8},"end":{"line":63,"column":null}},"51":{"start":{"line":63,"column":16},"end":{"line":63,"column":null}},"52":{"start":{"line":66,"column":6},"end":{"line":66,"column":null}},"53":{"start":{"line":69,"column":2},"end":{"line":69,"column":null}},"54":{"start":{"line":14,"column":0},"end":{"line":14,"column":16}}},"fnMap":{"0":{"name":"resolveKeyFromAccess","decl":{"start":{"line":14,"column":16},"end":{"line":14,"column":36}},"loc":{"start":{"line":14,"column":120},"end":{"line":70,"column":1}}}},"branchMap":{"0":{"loc":{"start":{"line":19,"column":4},"end":{"line":25,"column":5}},"type":"if","locations":[{"start":{"line":19,"column":4},"end":{"line":25,"column":5}}]},"1":{"loc":{"start":{"line":20,"column":6},"end":{"line":20,"column":66}},"type":"if","locations":[{"start":{"line":20,"column":6},"end":{"line":20,"column":66}}]},"2":{"loc":{"start":{"line":26,"column":4},"end":{"line":32,"column":5}},"type":"if","locations":[{"start":{"line":26,"column":4},"end":{"line":32,"column":5}}]},"3":{"loc":{"start":{"line":28,"column":6},"end":{"line":29,"column":null}},"type":"if","locations":[{"start":{"line":28,"column":6},"end":{"line":29,"column":null}},{"start":{"line":29,"column":11},"end":{"line":29,"column":null}}]},"4":{"loc":{"start":{"line":40,"column":4},"end":{"line":40,"column":78}},"type":"if","locations":[{"start":{"line":40,"column":4},"end":{"line":40,"column":78}}]},"5":{"loc":{"start":{"line":43,"column":15},"end":{"line":43,"column":67}},"type":"cond-expr","locations":[{"start":{"line":43,"column":51},"end":{"line":43,"column":62}},{"start":{"line":43,"column":65},"end":{"line":43,"column":67}}]},"6":{"loc":{"start":{"line":43,"column":15},"end":{"line":43,"column":48}},"type":"binary-expr","locations":[{"start":{"line":43,"column":15},"end":{"line":43,"column":26}},{"start":{"line":43,"column":30},"end":{"line":43,"column":48}}]},"7":{"loc":{"start":{"line":44,"column":2},"end":{"line":47,"column":3}},"type":"if","locations":[{"start":{"line":44,"column":2},"end":{"line":47,"column":3}}]},"8":{"loc":{"start":{"line":44,"column":6},"end":{"line":44,"column":38}},"type":"binary-expr","locations":[{"start":{"line":44,"column":6},"end":{"line":44,"column":13}},{"start":{"line":44,"column":17},"end":{"line":44,"column":22}},{"start":{"line":44,"column":26},"end":{"line":44,"column":38}}]},"9":{"loc":{"start":{"line":46,"column":4},"end":{"line":46,"column":null}},"type":"if","locations":[{"start":{"line":46,"column":4},"end":{"line":46,"column":null}}]},"10":{"loc":{"start":{"line":50,"column":2},"end":{"line":53,"column":3}},"type":"if","locations":[{"start":{"line":50,"column":2},"end":{"line":53,"column":3}}]},"11":{"loc":{"start":{"line":54,"column":2},"end":{"line":68,"column":3}},"type":"if","locations":[{"start":{"line":54,"column":2},"end":{"line":68,"column":3}}]},"12":{"loc":{"start":{"line":54,"column":6},"end":{"line":54,"column":41}},"type":"binary-expr","locations":[{"start":{"line":54,"column":6},"end":{"line":54,"column":25}},{"start":{"line":54,"column":29},"end":{"line":54,"column":41}}]},"13":{"loc":{"start":{"line":58,"column":4},"end":{"line":67,"column":5}},"type":"if","locations":[{"start":{"line":58,"column":4},"end":{"line":67,"column":5}},{"start":{"line":65,"column":11},"end":{"line":67,"column":5}}]},"14":{"loc":{"start":{"line":60,"column":6},"end":{"line":64,"column":7}},"type":"if","locations":[{"start":{"line":60,"column":6},"end":{"line":64,"column":7}},{"start":{"line":61,"column":11},"end":{"line":64,"column":7}}]},"15":{"loc":{"start":{"line":63,"column":8},"end":{"line":63,"column":null}},"type":"if","locations":[{"start":{"line":63,"column":8},"end":{"line":63,"column":null}}]},"16":{"loc":{"start":{"line":69,"column":37},"end":{"line":69,"column":75}},"type":"cond-expr","locations":[{"start":{"line":69,"column":55},"end":{"line":69,"column":63}},{"start":{"line":69,"column":66},"end":{"line":69,"column":75}}]}},"s":{"0":14,"1":14,"2":74,"3":74,"4":74,"5":74,"6":203,"7":198,"8":74,"9":124,"10":124,"11":124,"12":124,"13":5,"14":5,"15":5,"16":1,"17":4,"18":5,"19":5,"20":0,"21":74,"22":74,"23":74,"24":74,"25":74,"26":129,"27":4,"28":4,"29":4,"30":125,"31":74,"32":74,"33":55,"34":55,"35":23,"36":74,"37":74,"38":74,"39":4,"40":4,"41":74,"42":0,"43":0,"44":0,"45":0,"46":0,"47":0,"48":0,"49":0,"50":0,"51":0,"52":0,"53":74,"54":14},"f":{"0":74},"b":{"0":[198],"1":[74],"2":[5],"3":[1,4],"4":[4],"5":[19,55],"6":[74,19],"7":[55],"8":[74,55,55],"9":[23],"10":[4],"11":[0],"12":[74,0],"13":[0,0],"14":[0,0],"15":[0],"16":[4,70]}}
,"/Users/ieeebruce/Documents/trae_projects/i18n/i18n-demo/i18n-refactor/src/core/params-extractor.ts": {"path":"/Users/ieeebruce/Documents/trae_projects/i18n/i18n-demo/i18n-refactor/src/core/params-extractor.ts","statementMap":{"0":{"start":{"line":4,"column":28},"end":{"line":4,"column":30}},"1":{"start":{"line":5,"column":13},"end":{"line":5,"column":68}},"2":{"start":{"line":7,"column":2},"end":{"line":9,"column":3}},"3":{"start":{"line":8,"column":4},"end":{"line":8,"column":28}},"4":{"start":{"line":10,"column":2},"end":{"line":10,"column":13}},"5":{"start":{"line":3,"column":0},"end":{"line":3,"column":16}}},"fnMap":{"0":{"name":"extractReplaceParams","decl":{"start":{"line":3,"column":16},"end":{"line":3,"column":36}},"loc":{"start":{"line":3,"column":54},"end":{"line":11,"column":1}}}},"branchMap":{},"s":{"0":4,"1":4,"2":4,"3":8,"4":4,"5":14},"f":{"0":4},"b":{}}
,"/Users/ieeebruce/Documents/trae_projects/i18n/i18n-demo/i18n-refactor/src/core/template-usage.ts": {"path":"/Users/ieeebruce/Documents/trae_projects/i18n/i18n-demo/i18n-refactor/src/core/template-usage.ts","statementMap":{"0":{"start":{"line":4,"column":29},"end":{"line":4,"column":31}},"1":{"start":{"line":5,"column":13},"end":{"line":5,"column":31}},"2":{"start":{"line":7,"column":20},"end":{"line":7,"column":114}},"3":{"start":{"line":9,"column":2},"end":{"line":21,"column":3}},"4":{"start":{"line":10,"column":20},"end":{"line":10,"column":24}},"5":{"start":{"line":11,"column":17},"end":{"line":11,"column":21}},"6":{"start":{"line":12,"column":18},"end":{"line":12,"column":22}},"7":{"start":{"line":13,"column":43},"end":{"line":13,"column":45}},"8":{"start":{"line":14,"column":15},"end":{"line":14,"column":71}},"9":{"start":{"line":16,"column":4},"end":{"line":16,"column":null}},"10":{"start":{"line":16,"column":34},"end":{"line":16,"column":null}},"11":{"start":{"line":17,"column":18},"end":{"line":17,"column":25}},"12":{"start":{"line":18,"column":16},"end":{"line":18,"column":20}},"13":{"start":{"line":19,"column":16},"end":{"line":19,"column":34}},"14":{"start":{"line":20,"column":4},"end":{"line":20,"column":null}},"15":{"start":{"line":23,"column":16},"end":{"line":23,"column":109}},"16":{"start":{"line":24,"column":2},"end":{"line":32,"column":3}},"17":{"start":{"line":25,"column":20},"end":{"line":25,"column":24}},"18":{"start":{"line":26,"column":17},"end":{"line":26,"column":21}},"19":{"start":{"line":27,"column":16},"end":{"line":27,"column":20}},"20":{"start":{"line":28,"column":18},"end":{"line":28,"column":25}},"21":{"start":{"line":29,"column":16},"end":{"line":29,"column":20}},"22":{"start":{"line":30,"column":16},"end":{"line":30,"column":34}},"23":{"start":{"line":31,"column":4},"end":{"line":31,"column":null}},"24":{"start":{"line":34,"column":16},"end":{"line":34,"column":100}},"25":{"start":{"line":35,"column":2},"end":{"line":43,"column":3}},"26":{"start":{"line":36,"column":20},"end":{"line":36,"column":24}},"27":{"start":{"line":37,"column":17},"end":{"line":37,"column":21}},"28":{"start":{"line":38,"column":17},"end":{"line":38,"column":28}},"29":{"start":{"line":39,"column":18},"end":{"line":39,"column":25}},"30":{"start":{"line":40,"column":16},"end":{"line":40,"column":20}},"31":{"start":{"line":41,"column":16},"end":{"line":41,"column":34}},"32":{"start":{"line":42,"column":4},"end":{"line":42,"column":null}},"33":{"start":{"line":45,"column":17},"end":{"line":45,"column":82}},"34":{"start":{"line":46,"column":2},"end":{"line":51,"column":3}},"35":{"start":{"line":47,"column":18},"end":{"line":47,"column":25}},"36":{"start":{"line":48,"column":16},"end":{"line":48,"column":20}},"37":{"start":{"line":49,"column":16},"end":{"line":49,"column":34}},"38":{"start":{"line":50,"column":4},"end":{"line":50,"column":null}},"39":{"start":{"line":52,"column":2},"end":{"line":52,"column":null}},"40":{"start":{"line":3,"column":0},"end":{"line":3,"column":16}}},"fnMap":{"0":{"name":"collectTemplateUsages","decl":{"start":{"line":3,"column":16},"end":{"line":3,"column":37}},"loc":{"start":{"line":3,"column":70},"end":{"line":53,"column":1}}}},"branchMap":{},"s":{"0":1,"1":1,"2":1,"3":1,"4":1,"5":1,"6":1,"7":1,"8":1,"9":1,"10":2,"11":1,"12":1,"13":1,"14":1,"15":1,"16":1,"17":1,"18":1,"19":1,"20":1,"21":1,"22":1,"23":1,"24":1,"25":1,"26":2,"27":2,"28":2,"29":2,"30":2,"31":2,"32":2,"33":1,"34":1,"35":1,"36":1,"37":1,"38":1,"39":1,"40":1},"f":{"0":1},"b":{}}
[...]
name":"(anonymous_2)","decl":{"start":{"line":51,"column":16},"end":{"line":51,"column":17}},"loc":{"start":{"line":51,"column":40},"end":{"line":85,"column":3}}},"2":{"name":"(anonymous_3)","decl":{"start":{"line":90,"column":20},"end":{"line":90,"column":21}},"loc":{"start":{"line":90,"column":30},"end":{"line":90,"column":47}}},"3":{"name":"isIdentifierInValidContext","decl":{"start":{"line":107,"column":9},"end":{"line":107,"column":35}},"loc":{"start":{"line":107,"column":88},"end":{"line":290,"column":1}}},"4":{"name":"isValidIdentifier","decl":{"start":{"line":297,"column":9},"end":{"line":297,"column":26}},"loc":{"start":{"line":297,"column":39},"end":{"line":326,"column":1}}},"5":{"name":"isIdentifierChar","decl":{"start":{"line":333,"column":9},"end":{"line":333,"column":25}},"loc":{"start":{"line":333,"column":38},"end":{"line":335,"column":1}}},"6":{"name":"renameMultipleVariables","decl":{"start":{"line":343,"column":16},"end":{"line":343,"column":39}},"loc":{"start":{"line":345,"column":33},"end":{"line":365,"column":1}}},"7":{"name":"(anonymous_8)","decl":{"start":{"line":354,"column":4},"end":{"line":354,"column":5}},"loc":{"start":{"line":354,"column":18},"end":{"line":354,"column":37}}}},"branchMap":{"0":{"loc":{"start":{"line":25,"column":2},"end":{"line":25,"column":30}},"type":"default-arg","locations":[{"start":{"line":25,"column":26},"end":{"line":25,"column":30}}]},"1":{"loc":{"start":{"line":41,"column":2},"end":{"line":44,"column":3}},"type":"if","locations":[{"start":{"line":41,"column":2},"end":{"line":44,"column":3}}]},"2":{"loc":{"start":{"line":41,"column":6},"end":{"line":41,"column":64}},"type":"binary-expr","locations":[{"start":{"line":41,"column":6},"end":{"line":41,"column":33}},{"start":{"line":41,"column":37},"end":{"line":41,"column":64}}]},"3":{"loc":{"start":{"line":46,"column":2},"end":{"line":48,"column":3}},"type":"if","locations":[{"start":{"line":46,"column":2},"end":{"line":48,"column":3}}]},"4":{"loc":{"start":{"line":53,"column":4},"end":{"line":81,"column":5}},"type":"if","locations":[{"start":{"line":53,"column":4},"end":{"line":81,"column":5}}]},"5":{"loc":{"start":{"line":54,"column":6},"end":{"line":80,"column":7}},"type":"if","locations":[{"start":{"line":54,"column":6},"end":{"line":80,"column":7}},{"start":{"line":72,"column":13},"end":{"line":80,"column":7}}]},"6":{"loc":{"start":{"line":56,"column":8},"end":{"line":71,"column":9}},"type":"if","locations":[{"start":{"line":56,"column":8},"end":{"line":71,"column":9}}]},"7":{"loc":{"start":{"line":56,"column":12},"end":{"line":56,"column":81}},"type":"binary-expr","locations":[{"start":{"line":56,"column":12},"end":{"line":56,"column":33}},{"start":{"line":56,"column":37},"end":{"line":56,"column":81}}]},"8":{"loc":{"start":{"line":63,"column":29},"end":{"line":63,"column":73}},"type":"cond-expr","locations":[{"start":{"line":63,"column":41},"end":{"line":63,"column":67}},{"start":{"line":63,"column":70},"end":{"line":63,"column":73}}]},"9":{"loc":{"start":{"line":64,"column":28},"end":{"line":64,"column":78}},"type":"cond-expr","locations":[{"start":{"line":64,"column":52},"end":{"line":64,"column":72}},{"start":{"line":64,"column":75},"end":{"line":64,"column":78}}]},"10":{"loc":{"start":{"line":67,"column":10},"end":{"line":70,"column":11}},"type":"if","locations":[{"start":{"line":67,"column":10},"end":{"line":70,"column":11}}]},"11":{"loc":{"start":{"line":67,"column":14},"end":{"line":67,"column":75}},"type":"binary-expr","locations":[{"start":{"line":67,"column":14},"end":{"line":67,"column":43}},{"start":{"line":67,"column":47},"end":{"line":67,"column":75}}]},"12":{"loc":{"start":{"line":74,"column":8},"end":{"line":79,"column":9}},"type":"if","locations":[{"start":{"line":74,"column":8},"end":{"line":79,"column":9}}]},"13":{"loc":{"start":{"line":111,"column":2},"end":{"line":117,"column":3}},"type":"if","locations":[{"start":{"line":111,"column":2},"end":{"line":117,"column":3}}]},"14":{"loc":{"start":{"line":112,"column":4},"end":{"line":113,"column":30}},"type":"binary-expr","locations":[{"start":{"line":112,"column":4},"end":{"line":112,"column":41}},{"start":{"line":113,"column":4},"end":{"line":113,"column":30}}]},"15":{"loc":{"start":{"line":119,"column":2},"end":{"line":125,"column":3}},"type":"if","locations":[{"start":{"line":119,"column":2},"end":{"line":125,"column":3}}]},"16":{"loc":{"start":{"line":120,"column":4},"end":{"line":121,"column":36}},"type":"binary-expr","locations":[{"start":{"line":120,"column":4},"end":{"line":120,"column":41}},{"start":{"line":121,"column":4},"end":{"line":121,"column":36}}]},"17":{"loc":{"start":{"line":127,"column":2},"end":{"line":130,"column":3}},"type":"if","locations":[{"start":{"line":127,"column":2},"end":{"line":130,"column":3}}]},"18":{"loc":{"start":{"line":127,"column":6},"end":{"line":127,"column":68}},"type":"binary-expr","locations":[{"start":{"line":127,"column":6},"end":{"line":127,"column":38}},{"start":{"line":127,"column":42},"end":{"line":127,"column":68}}]},"19":{"loc":{"start":{"line":132,"column":2},"end":{"line":135,"column":3}},"type":"if","locations":[{"start":{"line":132,"column":2},"end":{"line":135,"column":3}}]},"20":{"loc":{"start":{"line":132,"column":6},"end":{"line":132,"column":63}},"type":"binary-expr","locations":[{"start":{"line":132,"column":6},"end":{"line":132,"column":33}},{"start":{"line":132,"column":37},"end":{"line":132,"column":63}}]},"21":{"loc":{"start":{"line":137,"column":2},"end":{"line":140,"column":3}},"type":"if","locations":[{"start":{"line":137,"column":2},"end":{"line":140,"column":3}}]},"22":{"loc":{"start":{"line":137,"column":6},"end":{"line":137,"column":58}},"type":"binary-expr","locations":[{"start":{"line":137,"column":6},"end":{"line":137,"column":28}},{"start":{"line":137,"column":32},"end":{"line":137,"column":58}}]},"23":{"loc":{"start":{"line":142,"column":2},"end":{"line":145,"column":3}},"type":"if","locations":[{"start":{"line":142,"column":2},"end":{"line":145,"column":3}}]},"24":{"loc":{"start":{"line":142,"column":6},"end":{"line":142,"column":68}},"type":"binary-expr","locations":[{"start":{"line":142,"column":6},"end":{"line":142,"column":38}},{"start":{"line":142,"column":42},"end":{"line":142,"column":68}}]},"25":{"loc":{"start":{"line":147,"column":2},"end":{"line":150,"column":3}},"type":"if","locations":[{"start":{"line":147,"column":2},"end":{"line":150,"column":3}}]},"26":{"loc":{"start":{"line":147,"column":6},"end":{"line":147,"column":66}},"type":"binary-expr","locations":[{"start":{"line":147,"column":6},"end":{"line":147,"column":36}},{"start":{"line":147,"column":40},"end":{"line":147,"column":66}}]},"27":{"loc":{"start":{"line":152,"column":2},"end":{"line":155,"column":3}},"type":"if","locations":[{"start":{"line":152,"column":2},"end":{"line":155,"column":3}}]},"28":{"loc":{"start":{"line":152,"column":6},"end":{"line":152,"column":76}},"type":"binary-expr","locations":[{"start":{"line":152,"column":6},"end":{"line":152,"column":46}},{"start":{"line":152,"column":50},"end":{"line":152,"column":76}}]},"29":{"loc":{"start":{"line":157,"column":2},"end":{"line":160,"column":3}},"type":"if","locations":[{"start":{"line":157,"column":2},"end":{"line":160,"column":3}}]},"30":{"loc":{"start":{"line":157,"column":6},"end":{"line":157,"column":68}},"type":"binary-expr","locations":[{"start":{"line":157,"column":6},"end":{"line":157,"column":38}},{"start":{"line":157,"column":42},"end":{"line":157,"column":68}}]},"31":{"loc":{"start":{"line":162,"column":2},"end":{"line":165,"column":3}},"type":"if","locations":[{"start":{"line":162,"column":2},"end":{"line":165,"column":3}}]},"32":{"loc":{"start":{"line":162,"column":6},"end":{"line":162,"column":65}},"type":"binary-expr","locations":[{"start":{"line":162,"column":6},"end":{"line":162,"column":35}},{"start":{"line":162,"column":39},"end":{"line":162,"column":65}}]},"33":{"loc":{"start":{"line":167,"column":2},"end":{"line":170,"column":3}},"type":"if","locations":[{"start":{"line":167,"column":2},"end":{"line":170,"column":3}}]},"34":{"loc":{"start":{"line":167,"column":6},"end":{"line":167,"column":69}},"type":"binary-expr","locations":[{"start":{"line":167,"column":6},"end":{"line":167,"column":39}},{"start":{"line":167,"column":43},"end":{"line":167,"column":69}}]},"35":{"loc":{"start":{"line":172,"column":2},"end":{"line":175,"column":3}},"type":"if","locations":[{"start":{"line":172,"column":2},"end":{"line":175,"column":3}}]},"36":{"loc":{"start":{"line":172,"column":6},"end":{"line":172,"column":64}},"type":"binary-expr","locations":[{"start":{"line":172,"column":6},"end":{"line":172,"column":34}},{"start":{"line":172,"column":38},"end":{"line":172,"column":64}}]},"37":{"loc":{"start":{"line":177,"column":2},"end":{"line":180,"column":3}},"type":"if","locations":[{"start":{"line":177,"column":2},"end":{"line":180,"column":3}}]},"38":{"loc":{"start":{"line":177,"column":6},"end":{"line":177,"column":69}},"type":"binary-expr","locations":[{"start":{"line":177,"column":6},"end":{"line":177,"column":39}},{"start":{"line":177,"column":43},"end":{"line":177,"column":69}}]},"39":{"loc":{"start":{"line":182,"column":2},"end":{"line":185,"column":3}},"type":"if","locations":[{"start":{"line":182,"column":2},"end":{"line":185,"column":3}}]},"40":{"loc":{"start":{"line":182,"column":6},"end":{"line":182,"column":66}},"type":"binary-expr","locations":[{"start":{"line":182,"column":6},"end":{"line":182,"column":36}},{"start":{"line":182,"column":40},"end":{"line":182,"column":66}}]},"41":{"loc":{"start":{"line":187,"column":2},"end":{"line":190,"column":3}},"type":"if","locations":[{"start":{"line":187,"column":2},"end":{"line":190,"column":3}}]},"42":{"loc":{"start":{"line":187,"column":6},"end":{"line":187,"column":64}},"type":"binary-expr","locations":[{"start":{"line":187,"column":6},"end":{"line":187,"column":34}},{"start":{"line":187,"column":38},"end":{"line":187,"column":64}}]},"43":{"loc":{"start":{"line":193,"column":2},"end":{"line":196,"column":3}},"type":"if","locations":[{"start":{"line":193,"column":2},"end":{"line":196,"column":3}}]},"44":{"loc":{"start":{"line":193,"column":6},"end":{"line":193,"column":95}},"type":"binary-expr","locations":[{"start":{"line":193,"column":6},"end":{"line":193,"column":34}},{"start":{"line":193,"column":38},"end":{"line":193,"column":57}},{"start":{"line":193,"column":61},"end":{"line":193,"column":95}}]},"45":{"loc":{"start":{"line":198,"column":2},"end":{"line":201,"column":3}},"type":"if","locations":[{"start":{"line":198,"column":2},"end":{"line":201,"column":3}}]},"46":{"loc":{"start":{"line":198,"column":6},"end":{"line":198,"column":61}},"type":"binary-expr","locations":[{"start":{"line":198,"column":6},"end":{"line":198,"column":31}},{"start":{"line":198,"column":35},"end":{"line":198,"column":61}}]},"47":{"loc":{"start":{"line":203,"column":2},"end":{"line":206,"column":3}},"type":"if","locations":[{"start":{"line":203,"column":2},"end":{"line":206,"column":3}}]},"48":{"loc":{"start":{"line":203,"column":6},"end":{"line":203,"column":64}},"type":"binary-expr","locations":[{"start":{"line":203,"column":6},"end":{"line":203,"column":34}},{"start":{"line":203,"column":38},"end":{"line":203,"column":64}}]},"49":{"loc":{"start":{"line":208,"column":2},"end":{"line":211,"column":3}},"type":"if","locations":[{"start":{"line":208,"column":2},"end":{"line":211,"column":3}}]},"50":{"loc":{"start":{"line":208,"column":6},"end":{"line":208,"column":64}},"type":"binary-expr","locations":[{"start":{"line":208,"column":6},"end":{"line":208,"column":34}},{"start":{"line":208,"column":38},"end":{"line":208,"column":64}}]},"51":{"loc":{"start":{"line":214,"column":2},"end":{"line":217,"column":3}},"type":"if","locations":[{"start":{"line":214,"column":2},"end":{"line":217,"column":3}}]},"52":{"loc":{"start":{"line":214,"column":6},"end":{"line":214,"column":95}},"type":"binary-expr","locations":[{"start":{"line":214,"column":6},"end":{"line":214,"column":34}},{"start":{"line":214,"column":38},"end":{"line":214,"column":57}},{"start":{"line":214,"column":61},"end":{"line":214,"column":95}}]},"53":{"loc":{"start":{"line":220,"column":2},"end":{"line":222,"column":3}},"type":"if","locations":[{"start":{"line":220,"column":2},"end":{"line":222,"column":3}}]},"54":{"loc":{"start":{"line":220,"column":6},"end":{"line":220,"column":70}},"type":"binary-expr","locations":[{"start":{"line":220,"column":6},"end":{"line":220,"column":36}},{"start":{"line":220,"column":40},"end":{"line":220,"column":70}}]},"55":{"loc":{"start":{"line":225,"column":2},"end":{"line":244,"column":3}},"type":"if","locations":[{"start":{"line":225,"column":2},"end":{"line":244,"column":3}}]},"56":{"loc":{"start":{"line":226,"column":4},"end":{"line":241,"column":27}},"type":"binary-expr","locations":[{"start":{"line":226,"column":4},"end":{"line":226,"column":27}},{"start":{"line":227,"column":4},"end":{"line":227,"column":41}},{"start":{"line":228,"column":4},"end":{"line":228,"column":40}},{"start":{"line":229,"column":4},"end":{"line":229,"column":31}},{"start":{"line":230,"column":4},"end":{"line":230,"column":30}},{"start":{"line":231,"column":4},"end":{"line":231,"column":33}},{"start":{"line":232,"column":4},"end":{"line":232,"column":32}},{"start":{"line":233,"column":4},"end":{"line":233,"column":31}},{"start":{"line":234,"column":4},"end":{"line":234,"column":36}},{"start":{"line":235,"column":4},"end":{"line":235,"column":28}},{"start":{"line":236,"column":4},"end":{"line":236,"column":31}},{"start":{"line":237,"column":4},"end":{"line":237,"column":29}},{"start":{"line":238,"column":4},"end":{"line":238,"column":31}},{"start":{"line":239,"column":4},"end":{"line":239,"column":31}},{"start":{"line":240,"column":4},"end":{"line":240,"column":32}},{"start":{"line":241,"column":4},"end":{"line":241,"column":27}}]},"57":{"loc":{"start":{"line":247,"column":2},"end":{"line":249,"column":3}},"type":"if","locations":[{"start":{"line":247,"column":2},"end":{"line":249,"column":3}}]},"58":{"loc":{"start":{"line":247,"column":6},"end":{"line":247,"column":67}},"type":"binary-expr","locations":[{"start":{"line":247,"column":6},"end":{"line":247,"column":37}},{"start":{"line":247,"column":41},"end":{"line":247,"column":67}}]},"59":{"loc":{"start":{"line":252,"column":2},"end":{"line":254,"column":3}},"type":"if","locations":[{"start":{"line":252,"column":2},"end":{"line":254,"column":3}}]},"60":{"loc":{"start":{"line":252,"column":6},"end":{"line":252,"column":66}},"type":"binary-expr","locations":[{"start":{"line":252,"column":6},"end":{"line":252,"column":36}},{"start":{"line":252,"column":40},"end":{"line":252,"column":66}}]},"61":{"loc":{"start":{"line":257,"column":2},"end":{"line":259,"column":3}},"type":"if","locations":[{"start":{"line":257,"column":2},"end":{"line":259,"column":3}}]},"62":{"loc":{"start":{"line":257,"column":6},"end":{"line":257,"column":80}},"type":"binary-expr","locations":[{"start":{"line":257,"column":6},"end":{"line":257,"column":41}},{"start":{"line":257,"column":45},"end":{"line":257,"column":80}}]},"63":{"loc":{"start":{"line":262,"column":2},"end":{"line":264,"column":3}},"type":"if","locations":[{"start":{"line":262,"column":2},"end":{"line":264,"column":3}}]},"64":{"loc":{"start":{"line":262,"column":6},"end":{"line":262,"column":66}},"type":"binary-expr","locations":[{"start":{"line":262,"column":6},"end":{"line":262,"column":35}},{"start":{"line":262,"column":39},"end":{"line":262,"column":66}}]},"65":{"loc":{"start":{"line":267,"column":2},"end":{"line":269,"column":3}},"type":"if","locations":[{"start":{"line":267,"column":2},"end":{"line":269,"column":3}}]},"66":{"loc":{"start":{"line":267,"column":6},"end":{"line":267,"column":100}},"type":"binary-expr","locations":[{"start":{"line":267,"column":7},"end":{"line":267,"column":34}},{"start":{"line":267,"column":38},"end":{"line":267,"column":68}},{"start":{"line":267,"column":73},"end":{"line":267,"column":100}}]},"67":{"loc":{"start":{"line":272,"column":2},"end":{"line":274,"column":3}},"type":"if","locations":[{"start":{"line":272,"column":2},"end":{"line":274,"column":3}}]},"68":{"loc":{"start":{"line":272,"column":6},"end":{"line":272,"column":110}},"type":"binary-expr","locations":[{"start":{"line":272,"column":6},"end":{"line":272,"column":30}},{"start":{"line":272,"column":34},"end":{"line":272,"column":60}},{"start":{"line":272,"column":64},"end":{"line":272,"column":110}}]},"69":{"loc":{"start":{"line":277,"column":2},"end":{"line":279,"column":3}},"type":"if","locations":[{"start":{"line":277,"column":2},"end":{"line":279,"column":3}}]},"70":{"loc":{"start":{"line":277,"column":6},"end":{"line":277,"column":66}},"type":"binary-expr","locations":[{"start":{"line":277,"column":6},"end":{"line":277,"column":35}},{"start":{"line":277,"column":39},"end":{"line":277,"column":66}}]},"71":{"loc":{"start":{"line":282,"column":2},"end":{"line":286,"column":3}},"type":"if","locations":[{"start":{"line":282,"column":2},"end":{"line":286,"column":3}}]},"72":{"loc":{"start":{"line":282,"column":6},"end":{"line":284,"column":59}},"type":"binary-expr","locations":[{"start":{"line":282,"column":6},"end":{"line":282,"column":28}},{"start":{"line":282,"column":32},"end":{"line":282,"column":70}},{"start":{"line":283,"column":6},"end":{"line":283,"column":51}},{"start":{"line":284,"column":6},"end":{"line":284,"column":59}}]},"73":{"loc":{"start":{"line":298,"column":2},"end":{"line":300,"column":3}},"type":"if","locations":[{"start":{"line":298,"column":2},"end":{"line":300,"column":3}}]},"74":{"loc":{"start":{"line":298,"column":6},"end":{"line":298,"column":39}},"type":"binary-expr","locations":[{"start":{"line":298,"column":6},"end":{"line":298,"column":11}},{"start":{"line":298,"column":15},"end":{"line":298,"column":39}}]},"75":{"loc":{"start":{"line":303,"column":2},"end":{"line":305,"column":3}},"type":"if","locations":[{"start":{"line":303,"column":2},"end":{"line":305,"column":3}}]},"76":{"loc":{"start":{"line":308,"column":2},"end":{"line":310,"column":3}},"type":"if","locations":[{"start":{"line":308,"column":2},"end":{"line":310,"column":3}}]}},"s":{"0":1,"1":17,"2":17,"3":17,"4":17,"5":17,"6":2,"7":2,"8":15,"9":1,"10":14,"11":282,"12":82,"13":82,"14":35,"15":35,"16":35,"17":35,"18":35,"19":35,"20":35,"21":35,"22":0,"23":0,"24":0,"25":0,"26":0,"27":282,"28":14,"29":14,"30":21,"31":14,"32":14,"33":35,"34":14,"35":1,"36":35,"37":35,"38":4,"39":31,"40":1,"41":30,"42":9,"43":21,"44":2,"45":19,"46":1,"47":18,"48":2,"49":16,"50":0,"51":16,"52":0,"53":16,"54":0,"55":16,"56":0,"57":16,"58":0,"59":16,"60":0,"61":16,"62":0,"63":16,"64":0,"65":16,"66":1,"67":15,"68":1,"69":14,"70":0,"71":14,"72":0,"73":14,"74":0,"75":14,"76":0,"77":14,"78":0,"79":14,"80":13,"81":1,"82":0,"83":1,"84":1,"85":0,"86":0,"87":0,"88":0,"89":0,"90":0,"91":0,"92":0,"93":0,"94":0,"95":0,"96":0,"97":0,"98":33,"99":0,"100":33,"101":0,"102":33,"103":1,"104":32,"105":32,"106":70,"107":2,"108":2,"109":2,"110":2,"111":2,"112":2,"113":4,"114":4,"115":4,"116":4,"117":2,"118":1},"f":{"0":17,"1":282,"2":21,"3":35,"4":33,"5":70,"6":2,"7":2},"b":{"0":[17],"1":[2],"2":[17,16],"3":[1],"4":[82],"5":[82,0],"6":[35],"7":[82,35],"8":[35,0],"9":[35,0],"10":[35],"11":[35,35],"12":[0],"13":[4],"14":[35,5],"15":[1],"16":[31,1],"17":[9],"18":[30,9],"19":[2],"20":[21,2],"21":[1],"22":[19,1],"23":[2],"24":[18,2],"25":[0],"26":[16,0],"27":[0],"28":[16,0],"29":[0],"30":[16,0],"31":[0],"32":[16,0],"33":[0],"34":[16,0],"35":[0],"36":[16,0],"37":[0],"38":[16,0],"39":[0],"40":[16,0],"41":[1],"42":[16,2],"43":[1],"44":[15,1,1],"45":[0],"46":[14,0],"47":[0],"48":[14,0],"49":[0],"50":[14,0],"51":[0],"52":[14,0,0],"53":[0],"54":[14,0],"55":[13],"56":[14,14,14,14,4,4,2,1,1,1,1,1,1,1,1,1],"57":[0],"58":[1,0],"59":[1],"60":[1,1],"61":[0],"62":[0,0],"63":[0],"64":[0,0],"65":[0],"66":[0,0,0],"67":[0],"68":[0,0,0],"69":[0],"70":[0,0],"71":[0],"72":[0,0,0,0],"73":[0],"74":[33,33],"75":[0],"76":[1]}}
}
