{"/Users/ieeebruce/Documents/trae_projects/i18n/i18n-demo/i18n-refactor/src/cli/mode-dispatcher.ts": {"path":"/Users/ieeebruce/Documents/trae_projects/i18n/i18n-demo/i18n-refactor/src/cli/mode-dispatcher.ts","statementMap":{"0":{"start":{"line":1,"column":0},"end":{"line":1,"column":40}},"1":{"start":{"line":2,"column":0},"end":{"line":2,"column":66}},"2":{"start":{"line":3,"column":0},"end":{"line":3,"column":73}},"3":{"start":{"line":4,"column":0},"end":{"line":4,"column":79}},"4":{"start":{"line":5,"column":0},"end":{"line":5,"column":52}},"5":{"start":{"line":10,"column":2},"end":{"line":33,"column":3}},"6":{"start":{"line":13,"column":6},"end":{"line":13,"column":36}},"7":{"start":{"line":14,"column":6},"end":{"line":14,"column":12}},"8":{"start":{"line":16,"column":6},"end":{"line":21,"column":8}},"9":{"start":{"line":22,"column":6},"end":{"line":22,"column":12}},"10":{"start":{"line":24,"column":6},"end":{"line":26,"column":8}},"11":{"start":{"line":27,"column":6},"end":{"line":27,"column":12}},"12":{"start":{"line":29,"column":6},"end":{"line":29,"column":41}},"13":{"start":{"line":30,"column":6},"end":{"line":30,"column":12}},"14":{"start":{"line":32,"column":6},"end":{"line":32,"column":47}},"15":{"start":{"line":9,"column":0},"end":{"line":9,"column":16}}},"fnMap":{"0":{"name":"dispatchMode","decl":{"start":{"line":9,"column":16},"end":{"line":9,"column":28}},"loc":{"start":{"line":9,"column":39},"end":{"line":34,"column":1}}}},"branchMap":{"0":{"loc":{"start":{"line":10,"column":2},"end":{"line":33,"column":3}},"type":"switch","locations":[{"start":{"line":11,"column":4},"end":{"line":11,"column":19}},{"start":{"line":12,"column":4},"end":{"line":14,"column":12}},{"start":{"line":15,"column":4},"end":{"line":22,"column":12}},{"start":{"line":23,"column":4},"end":{"line":27,"column":12}},{"start":{"line":28,"column":4},"end":{"line":30,"column":12}},{"start":{"line":31,"column":4},"end":{"line":32,"column":47}}]},"1":{"loc":{"start":{"line":17,"column":8},"end":{"line":17,"column":40}},"type":"binary-expr","locations":[{"start":{"line":17,"column":8},"end":{"line":17,"column":22}},{"start":{"line":17,"column":26},"end":{"line":17,"column":40}}]},"2":{"loc":{"start":{"line":18,"column":9},"end":{"line":18,"column":49}},"type":"binary-expr","locations":[{"start":{"line":18,"column":9},"end":{"line":18,"column":26}},{"start":{"line":18,"column":30},"end":{"line":18,"column":49}}]},"3":{"loc":{"start":{"line":19,"column":9},"end":{"line":19,"column":40}},"type":"binary-expr","locations":[{"start":{"line":19,"column":9},"end":{"line":19,"column":25}},{"start":{"line":19,"column":29},"end":{"line":19,"column":40}}]},"4":{"loc":{"start":{"line":20,"column":9},"end":{"line":20,"column":41}},"type":"binary-expr","locations":[{"start":{"line":20,"column":9},"end":{"line":20,"column":29}},{"start":{"line":20,"column":33},"end":{"line":20,"column":41}}]},"5":{"loc":{"start":{"line":25,"column":8},"end":{"line":25,"column":40}},"type":"binary-expr","locations":[{"start":{"line":25,"column":8},"end":{"line":25,"column":22}},{"start":{"line":25,"column":26},"end":{"line":25,"column":40}}]},"6":{"loc":{"start":{"line":29,"column":20},"end":{"line":29,"column":39}},"type":"binary-expr","locations":[{"start":{"line":29,"column":20},"end":{"line":29,"column":31}},{"start":{"line":29,"column":35},"end":{"line":29,"column":39}}]}},"s":{"0":1,"1":1,"2":1,"3":1,"4":1,"5":0,"6":0,"7":0,"8":0,"9":0,"10":0,"11":0,"12":0,"13":0,"14":0,"15":1},"f":{"0":0},"b":{"0":[0,0,0,0,0,0],"1":[0,0],"2":[0,0],"3":[0,0],"4":[0,0],"5":[0,0],"6":[0,0]}}
,"/Users/ieeebruce/Documents/trae_projects/i18n/i18n-demo/i18n-refactor/src/cli/run-dir.ts": {"path":"/Users/ieeebruce/Documents/trae_projects/i18n/i18n-demo/i18n-refactor/src/cli/run-dir.ts","statementMap":{"0":{"start":{"line":2,"column":0},"end":{"line":2,"column":24}},"1":{"start":{"line":3,"column":0},"end":{"line":3,"column":28}},"2":{"start":{"line":4,"column":0},"end":{"line":4,"column":27}},"3":{"start":{"line":5,"column":0},"end":{"line":5,"column":39}},"4":{"start":{"line":6,"column":0},"end":{"line":6,"column":54}},"5":{"start":{"line":7,"column":0},"end":{"line":7,"column":48}},"6":{"start":{"line":8,"column":0},"end":{"line":8,"column":70}},"7":{"start":{"line":10,"column":0},"end":{"line":10,"column":48}},"8":{"start":{"line":11,"column":0},"end":{"line":11,"column":9}},"9":{"start":{"line":11,"column":9},"end":{"line":11,"column":70}},"10":{"start":{"line":13,"column":39},"end":{"line":13,"column":73}},"11":{"start":{"line":14,"column":13},"end":{"line":14,"column":28}},"12":{"start":{"line":15,"column":43},"end":{"line":15,"column":87}},"13":{"start":{"line":15,"column":56},"end":{"line":15,"column":87}},"14":{"start":{"line":20,"column":17},"end":{"line":20,"column":33}},"15":{"start":{"line":21,"column":13},"end":{"line":21,"column":96}},"16":{"start":{"line":23,"column":32},"end":{"line":23,"column":36}},"17":{"start":{"line":24,"column":16},"end":{"line":46,"column":3}},"18":{"start":{"line":25,"column":4},"end":{"line":44,"column":5}},"19":{"start":{"line":26,"column":20},"end":{"line":26,"column":83}},"20":{"start":{"line":27,"column":6},"end":{"line":43,"column":7}},"21":{"start":{"line":28,"column":21},"end":{"line":28,"column":33}},"22":{"start":{"line":29,"column":8},"end":{"line":42,"column":9}},"23":{"start":{"line":30,"column":22},"end":{"line":30,"column":39}},"24":{"start":{"line":31,"column":10},"end":{"line":41,"column":11}},"25":{"start":{"line":32,"column":12},"end":{"line":40,"column":13}},"26":{"start":{"line":33,"column":14},"end":{"line":39,"column":15}},"27":{"start":{"line":34,"column":26},"end":{"line":34,"column":42}},"28":{"start":{"line":35,"column":16},"end":{"line":38,"column":17}},"29":{"start":{"line":36,"column":30},"end":{"line":36,"column":50}},"30":{"start":{"line":37,"column":18},"end":{"line":37,"column":null}},"31":{"start":{"line":45,"column":4},"end":{"line":45,"column":null}},"32":{"start":{"line":47,"column":2},"end":{"line":47,"column":null}},"33":{"start":{"line":48,"column":21},"end":{"line":48,"column":82}},"34":{"start":{"line":49,"column":69},"end":{"line":49,"column":130}},"35":{"start":{"line":51,"column":23},"end":{"line":51,"column":73}},"36":{"start":{"line":51,"column":49},"end":{"line":51,"column":71}},"37":{"start":{"line":52,"column":20},"end":{"line":52,"column":36}},"38":{"start":{"line":53,"column":22},"end":{"line":53,"column":65}},"39":{"start":{"line":54,"column":2},"end":{"line":54,"column":null}},"40":{"start":{"line":54,"column":17},"end":{"line":54,"column":null}},"41":{"start":{"line":55,"column":2},"end":{"line":55,"column":63}},"42":{"start":{"line":55,"column":33},"end":{"line":55,"column":62}},"43":{"start":{"line":56,"column":3},"end":{"line":56,"column":null}},"44":{"start":{"line":57,"column":2},"end":{"line":57,"column":null}},"45":{"start":{"line":17,"column":0},"end":{"line":17,"column":16}},"46":{"start":{"line":61,"column":15},"end":{"line":61,"column":36}},"47":{"start":{"line":62,"column":75},"end":{"line":62,"column":84}},"48":{"start":{"line":63,"column":16},"end":{"line":63,"column":111}},"49":{"start":{"line":64,"column":18},"end":{"line":64,"column":25}},"50":{"start":{"line":67,"column":2},"end":{"line":72,"column":3}},"51":{"start":{"line":68,"column":14},"end":{"line":68,"column":78}},"52":{"start":{"line":69,"column":4},"end":{"line":69,"column":null}},"53":{"start":{"line":69,"column":11},"end":{"line":69,"column":null}},"54":{"start":{"line":70,"column":4},"end":{"line":70,"column":70}},"55":{"start":{"line":70,"column":26},"end":{"line":70,"column":61}},"56":{"start":{"line":70,"column":62},"end":{"line":70,"column":68}},"57":{"start":{"line":71,"column":4},"end":{"line":71,"column":75}},"58":{"start":{"line":71,"column":29},"end":{"line":71,"column":66}},"59":{"start":{"line":71,"column":67},"end":{"line":71,"column":73}},"60":{"start":{"line":74,"column":2},"end":{"line":74,"column":null}},"61":{"start":{"line":75,"column":2},"end":{"line":75,"column":null}},"62":{"start":{"line":76,"column":2},"end":{"line":76,"column":null}},"63":{"start":{"line":77,"column":2},"end":{"line":77,"column":null}},"64":{"start":{"line":80,"column":2},"end":{"line":80,"column":21}},"65":{"start":{"line":60,"column":0},"end":{"line":60,"column":16}}},"fnMap":{"0":{"name":"(anonymous_7)","decl":{"start":{"line":11,"column":9},"end":{"line":11,"column":27}},"loc":{"start":{"line":11,"column":9},"end":{"line":11,"column":70}}},"1":{"name":"readFile","decl":{"start":{"line":13,"column":9},"end":{"line":13,"column":17}},"loc":{"start":{"line":13,"column":27},"end":{"line":13,"column":74}}},"2":{"name":"writeFile","decl":{"start":{"line":15,"column":9},"end":{"line":15,"column":18}},"loc":{"start":{"line":15,"column":39},"end":{"line":15,"column":88}}},"3":{"name":"processTsFile","decl":{"start":{"line":17,"column":16},"end":{"line":17,"column":29}},"loc":{"start":{"line":17,"column":80},"end":{"line":58,"column":1}}},"4":{"name":"(anonymous_11)","decl":{"start":{"line":24,"column":16},"end":{"line":24,"column":17}},"loc":{"start":{"line":24,"column":34},"end":{"line":46,"column":3}}},"5":{"name":"(anonymous_12)","decl":{"start":{"line":51,"column":43},"end":{"line":51,"column":44}},"loc":{"start":{"line":51,"column":49},"end":{"line":51,"column":71}}},"6":{"name":"main","decl":{"start":{"line":60,"column":16},"end":{"line":60,"column":20}},"loc":{"start":{"line":60,"column":20},"end":{"line":81,"column":1}}}},"branchMap":{"0":{"loc":{"start":{"line":15,"column":43},"end":{"line":15,"column":87}},"type":"if","locations":[{"start":{"line":15,"column":43},"end":{"line":15,"column":87}}]},"1":{"loc":{"start":{"line":25,"column":4},"end":{"line":44,"column":5}},"type":"if","locations":[{"start":{"line":25,"column":4},"end":{"line":44,"column":5}}]},"2":{"loc":{"start":{"line":26,"column":20},"end":{"line":26,"column":83}},"type":"cond-expr","locations":[{"start":{"line":26,"column":49},"end":{"line":26,"column":71}},{"start":{"line":26,"column":74},"end":{"line":26,"column":83}}]},"3":{"loc":{"start":{"line":27,"column":22},"end":{"line":27,"column":33}},"type":"binary-expr","locations":[{"start":{"line":27,"column":22},"end":{"line":27,"column":27}},{"start":{"line":27,"column":31},"end":{"line":27,"column":33}}]},"4":{"loc":{"start":{"line":29,"column":8},"end":{"line":42,"column":9}},"type":"if","locations":[{"start":{"line":29,"column":8},"end":{"line":42,"column":9}}]},"5":{"loc":{"start":{"line":29,"column":12},"end":{"line":29,"column":113}},"type":"binary-expr","locations":[{"start":{"line":29,"column":12},"end":{"line":29,"column":37}},{"start":{"line":29,"column":41},"end":{"line":29,"column":73}},{"start":{"line":29,"column":77},"end":{"line":29,"column":113}}]},"6":{"loc":{"start":{"line":31,"column":10},"end":{"line":41,"column":11}},"type":"if","locations":[{"start":{"line":31,"column":10},"end":{"line":41,"column":11}}]},"7":{"loc":{"start":{"line":31,"column":14},"end":{"line":31,"column":54}},"type":"binary-expr","locations":[{"start":{"line":31,"column":14},"end":{"line":31,"column":17}},{"start":{"line":31,"column":21},"end":{"line":31,"column":54}}]},"8":{"loc":{"start":{"line":33,"column":14},"end":{"line":39,"column":15}},"type":"if","locations":[{"start":{"line":33,"column":14},"end":{"line":39,"column":15}}]},"9":{"loc":{"start":{"line":33,"column":18},"end":{"line":33,"column":113}},"type":"binary-expr","locations":[{"start":{"line":33,"column":18},"end":{"line":33,"column":47}},{"start":{"line":33,"column":51},"end":{"line":33,"column":77}},{"start":{"line":33,"column":81},"end":{"line":33,"column":113}}]},"10":{"loc":{"start":{"line":35,"column":16},"end":{"line":38,"column":17}},"type":"if","locations":[{"start":{"line":35,"column":16},"end":{"line":38,"column":17}}]},"11":{"loc":{"start":{"line":35,"column":20},"end":{"line":35,"column":46}},"type":"binary-expr","locations":[{"start":{"line":35,"column":20},"end":{"line":35,"column":21}},{"start":{"line":35,"column":25},"end":{"line":35,"column":46}}]},"12":{"loc":{"start":{"line":48,"column":21},"end":{"line":48,"column":82}},"type":"cond-expr","locations":[{"start":{"line":48,"column":59},"end":{"line":48,"column":77}},{"start":{"line":48,"column":80},"end":{"line":48,"column":82}}]},"13":{"loc":{"start":{"line":48,"column":21},"end":{"line":48,"column":56}},"type":"binary-expr","locations":[{"start":{"line":48,"column":21},"end":{"line":48,"column":29}},{"start":{"line":48,"column":33},"end":{"line":48,"column":56}}]},"14":{"loc":{"start":{"line":53,"column":22},"end":{"line":53,"column":65}},"type":"cond-expr","locations":[{"start":{"line":53,"column":34},"end":{"line":53,"column":56}},{"start":{"line":53,"column":60},"end":{"line":53,"column":65}}]},"15":{"loc":{"start":{"line":54,"column":2},"end":{"line":54,"column":null}},"type":"if","locations":[{"start":{"line":54,"column":2},"end":{"line":54,"column":null}}]},"16":{"loc":{"start":{"line":55,"column":2},"end":{"line":55,"column":63}},"type":"if","locations":[{"start":{"line":55,"column":2},"end":{"line":55,"column":63}}]},"17":{"loc":{"start":{"line":55,"column":6},"end":{"line":55,"column":29}},"type":"binary-expr","locations":[{"start":{"line":55,"column":6},"end":{"line":55,"column":14}},{"start":{"line":55,"column":18},"end":{"line":55,"column":29}}]},"18":{"loc":{"start":{"line":57,"column":20},"end":{"line":57,"column":44}},"type":"binary-expr","locations":[{"start":{"line":57,"column":20},"end":{"line":57,"column":29}},{"start":{"line":57,"column":33},"end":{"line":57,"column":44}}]},"19":{"loc":{"start":{"line":69,"column":4},"end":{"line":69,"column":null}},"type":"if","locations":[{"start":{"line":69,"column":4},"end":{"line":69,"column":null}}]},"20":{"loc":{"start":{"line":70,"column":4},"end":{"line":70,"column":70}},"type":"if","locations":[{"start":{"line":70,"column":4},"end":{"line":70,"column":70}}]},"21":{"loc":{"start":{"line":71,"column":4},"end":{"line":71,"column":75}},"type":"if","locations":[{"start":{"line":71,"column":4},"end":{"line":71,"column":75}}]},"22":{"loc":{"start":{"line":75,"column":53},"end":{"line":75,"column":134}},"type":"cond-expr","locations":[{"start":{"line":75,"column":110},"end":{"line":75,"column":123}},{"start":{"line":75,"column":126},"end":{"line":75,"column":134}}]},"23":{"loc":{"start":{"line":75,"column":53},"end":{"line":75,"column":107}},"type":"binary-expr","locations":[{"start":{"line":75,"column":53},"end":{"line":75,"column":77}},{"start":{"line":75,"column":81},"end":{"line":75,"column":107}}]},"24":{"loc":{"start":{"line":76,"column":13},"end":{"line":76,"column":45}},"type":"binary-expr","locations":[{"start":{"line":76,"column":13},"end":{"line":76,"column":27}},{"start":{"line":76,"column":31},"end":{"line":76,"column":45}}]}},"s":{"0":1,"1":1,"2":1,"3":1,"4":1,"5":1,"6":1,"7":1,"8":1,"9":1,"10":4,"11":1,"12":0,"13":0,"14":4,"15":4,"16":4,"17":4,"18":43,"19":4,"20":4,"21":0,"22":0,"23":0,"24":0,"25":0,"26":0,"27":0,"28":0,"29":0,"30":0,"31":43,"32":4,"33":4,"34":4,"35":4,"36":0,"37":4,"38":4,"39":4,"40":0,"41":4,"42":0,"43":4,"44":4,"45":1,"46":0,"47":0,"48":0,"49":0,"50":0,"51":0,"52":0,"53":0,"54":0,"55":0,"56":0,"57":0,"58":0,"59":0,"60":0,"61":0,"62":0,"63":0,"64":0,"65":1},"f":{"0":0,"1":4,"2":0,"3":4,"4":43,"5":0,"6":0},"b":{"0":[0],"1":[4],"2":[4,0],"3":[4,4],"4":[0],"5":[0,0,0],"6":[0],"7":[0,0],"8":[0],"9":[0,0,0],"10":[0],"11":[0,0],"12":[0,4],"13":[4,0],"14":[0,4],"15":[0],"16":[0],"17":[4,0],"18":[4,4],"19":[0],"20":[0],"21":[0],"22":[0,0],"23":[0,0],"24":[0,0]}}
,"/Users/ieeebruce/Documents/trae_projects/i18n/i18n-demo/i18n-refactor/src/core/config.ts": {"path":"/Users/ieeebruce/Documents/trae_projects/i18n/i18n-demo/i18n-refactor/src/core/config.ts","statementMap":{"0":{"start":{"line":1,"column":0},"end":{"line":1,"column":24}},"1":{"start":{"line":2,"column":0},"end":{"line":2,"column":28}},"2":{"start":{"line":21,"column":13},"end":{"line":34,"column":null}},"3":{"start":{"line":38,"column":19},"end":{"line":38,"column":30}},"4":{"start":{"line":39,"column":2},"end":{"line":45,"column":3}},"5":{"start":{"line":40,"column":4},"end":{"line":44,"column":5}},"6":{"start":{"line":41,"column":6},"end":{"line":41,"column":null}},"7":{"start":{"line":42,"column":11},"end":{"line":44,"column":5}},"8":{"start":{"line":43,"column":6},"end":{"line":43,"column":null}},"9":{"start":{"line":46,"column":2},"end":{"line":46,"column":null}},"10":{"start":{"line":37,"column":0},"end":{"line":37,"column":16}},"11":{"start":{"line":51,"column":29},"end":{"line":55,"column":null}},"12":{"start":{"line":57,"column":21},"end":{"line":57,"column":67}},"13":{"start":{"line":59,"column":2},"end":{"line":68,"column":3}},"14":{"start":{"line":60,"column":4},"end":{"line":67,"column":5}},"15":{"start":{"line":61,"column":6},"end":{"line":64,"column":7}},"16":{"start":{"line":62,"column":20},"end":{"line":62,"column":47}},"17":{"start":{"line":63,"column":8},"end":{"line":63,"column":null}},"18":{"start":{"line":66,"column":6},"end":{"line":66,"column":null}},"19":{"start":{"line":70,"column":2},"end":{"line":70,"column":null}},"20":{"start":{"line":50,"column":0},"end":{"line":50,"column":16}},"21":{"start":{"line":75,"column":37},"end":{"line":75,"column":39}},"22":{"start":{"line":76,"column":17},"end":{"line":76,"column":33}},"23":{"start":{"line":78,"column":2},"end":{"line":97,"column":3}},"24":{"start":{"line":79,"column":4},"end":{"line":96,"column":5}},"25":{"start":{"line":81,"column":21},"end":{"line":81,"column":45}},"26":{"start":{"line":82,"column":24},"end":{"line":82,"column":108}},"27":{"start":{"line":82,"column":76},"end":{"line":82,"column":91}},"28":{"start":{"line":85,"column":6},"end":{"line":95,"column":7}},"29":{"start":{"line":86,"column":8},"end":{"line":86,"column":null}},"30":{"start":{"line":87,"column":13},"end":{"line":95,"column":7}},"31":{"start":{"line":88,"column":8},"end":{"line":88,"column":null}},"32":{"start":{"line":89,"column":13},"end":{"line":95,"column":7}},"33":{"start":{"line":90,"column":8},"end":{"line":90,"column":null}},"34":{"start":{"line":91,"column":13},"end":{"line":95,"column":7}},"35":{"start":{"line":92,"column":8},"end":{"line":92,"column":null}},"36":{"start":{"line":92,"column":60},"end":{"line":92,"column":71}},"37":{"start":{"line":94,"column":8},"end":{"line":94,"column":null}},"38":{"start":{"line":99,"column":2},"end":{"line":99,"column":null}},"39":{"start":{"line":74,"column":0},"end":{"line":74,"column":16}},"40":{"start":{"line":104,"column":37},"end":{"line":104,"column":39}},"41":{"start":{"line":106,"column":2},"end":{"line":134,"column":3}},"42":{"start":{"line":106,"column":15},"end":{"line":106,"column":16}},"43":{"start":{"line":107,"column":16},"end":{"line":107,"column":23}},"44":{"start":{"line":109,"column":4},"end":{"line":133,"column":5}},"45":{"start":{"line":110,"column":27},"end":{"line":110,"column":50}},"46":{"start":{"line":112,"column":6},"end":{"line":132,"column":7}},"47":{"start":{"line":113,"column":8},"end":{"line":113,"column":null}},"48":{"start":{"line":114,"column":13},"end":{"line":132,"column":7}},"49":{"start":{"line":116,"column":8},"end":{"line":116,"column":16}},"50":{"start":{"line":117,"column":13},"end":{"line":132,"column":7}},"51":{"start":{"line":118,"column":26},"end":{"line":118,"column":93}},"52":{"start":{"line":118,"column":61},"end":{"line":118,"column":76}},"53":{"start":{"line":121,"column":8},"end":{"line":131,"column":9}},"54":{"start":{"line":122,"column":10},"end":{"line":122,"column":null}},"55":{"start":{"line":123,"column":15},"end":{"line":131,"column":9}},"56":{"start":{"line":124,"column":10},"end":{"line":124,"column":null}},"57":{"start":{"line":125,"column":15},"end":{"line":131,"column":9}},"58":{"start":{"line":126,"column":10},"end":{"line":126,"column":null}},"59":{"start":{"line":127,"column":15},"end":{"line":131,"column":9}},"60":{"start":{"line":128,"column":10},"end":{"line":128,"column":null}},"61":{"start":{"line":128,"column":62},"end":{"line":128,"column":73}},"62":{"start":{"line":130,"column":10},"end":{"line":130,"column":null}},"63":{"start":{"line":136,"column":2},"end":{"line":136,"column":null}},"64":{"start":{"line":103,"column":0},"end":{"line":103,"column":16}},"65":{"start":{"line":141,"column":21},"end":{"line":141,"column":51}},"66":{"start":{"line":142,"column":20},"end":{"line":142,"column":39}},"67":{"start":{"line":143,"column":20},"end":{"line":143,"column":44}},"68":{"start":{"line":146,"column":2},"end":{"line":152,"column":null}},"69":{"start":{"line":140,"column":0},"end":{"line":140,"column":16}},"70":{"start":{"line":156,"column":13},"end":{"line":156,"column":null}}},"fnMap":{"0":{"name":"deepMerge","decl":{"start":{"line":37,"column":16},"end":{"line":37,"column":25}},"loc":{"start":{"line":37,"column":83},"end":{"line":47,"column":1}}},"1":{"name":"loadConfigFromFile","decl":{"start":{"line":50,"column":16},"end":{"line":50,"column":34}},"loc":{"start":{"line":50,"column":54},"end":{"line":71,"column":1}}},"2":{"name":"loadConfigFromEnv","decl":{"start":{"line":74,"column":16},"end":{"line":74,"column":33}},"loc":{"start":{"line":74,"column":33},"end":{"line":100,"column":1}}},"3":{"name":"(anonymous_9)","decl":{"start":{"line":82,"column":66},"end":{"line":82,"column":67}},"loc":{"start":{"line":82,"column":76},"end":{"line":82,"column":91}}},"4":{"name":"(anonymous_10)","decl":{"start":{"line":92,"column":52},"end":{"line":92,"column":56}},"loc":{"start":{"line":92,"column":60},"end":{"line":92,"column":71}}},"5":{"name":"loadConfigFromArgs","decl":{"start":{"line":103,"column":16},"end":{"line":103,"column":34}},"loc":{"start":{"line":103,"column":49},"end":{"line":137,"column":1}}},"6":{"name":"(anonymous_12)","decl":{"start":{"line":118,"column":51},"end":{"line":118,"column":52}},"loc":{"start":{"line":118,"column":61},"end":{"line":118,"column":76}}},"7":{"name":"(anonymous_13)","decl":{"start":{"line":128,"column":54},"end":{"line":128,"column":58}},"loc":{"start":{"line":128,"column":62},"end":{"line":128,"column":73}}},"8":{"name":"loadConfig","decl":{"start":{"line":140,"column":16},"end":{"line":140,"column":26}},"loc":{"start":{"line":140,"column":86},"end":{"line":153,"column":1}}}},"branchMap":{"0":{"loc":{"start":{"line":39,"column":38},"end":{"line":39,"column":49}},"type":"binary-expr","locations":[{"start":{"line":39,"column":38},"end":{"line":39,"column":43}},{"start":{"line":39,"column":47},"end":{"line":39,"column":49}}]},"1":{"loc":{"start":{"line":40,"column":4},"end":{"line":44,"column":5}},"type":"if","locations":[{"start":{"line":40,"column":4},"end":{"line":44,"column":5}},{"start":{"line":42,"column":11},"end":{"line":44,"column":5}}]},"2":{"loc":{"start":{"line":40,"column":8},"end":{"line":40,"column":55}},"type":"binary-expr","locations":[{"start":{"line":40,"column":8},"end":{"line":40,"column":9}},{"start":{"line":40,"column":13},"end":{"line":40,"column":34}},{"start":{"line":40,"column":38},"end":{"line":40,"column":55}}]},"3":{"loc":{"start":{"line":41,"column":25},"end":{"line":41,"column":37}},"type":"binary-expr","locations":[{"start":{"line":41,"column":25},"end":{"line":41,"column":31}},{"start":{"line":41,"column":35},"end":{"line":41,"column":37}}]},"4":{"loc":{"start":{"line":42,"column":11},"end":{"line":44,"column":5}},"type":"if","locations":[{"start":{"line":42,"column":11},"end":{"line":44,"column":5}}]},"5":{"loc":{"start":{"line":57,"column":21},"end":{"line":57,"column":67}},"type":"cond-expr","locations":[{"start":{"line":57,"column":34},"end":{"line":57,"column":46}},{"start":{"line":57,"column":49},"end":{"line":57,"column":67}}]},"6":{"loc":{"start":{"line":61,"column":6},"end":{"line":64,"column":7}},"type":"if","locations":[{"start":{"line":61,"column":6},"end":{"line":64,"column":7}}]},"7":{"loc":{"start":{"line":79,"column":4},"end":{"line":96,"column":5}},"type":"if","locations":[{"start":{"line":79,"column":4},"end":{"line":96,"column":5}}]},"8":{"loc":{"start":{"line":79,"column":8},"end":{"line":79,"column":53}},"type":"binary-expr","locations":[{"start":{"line":79,"column":8},"end":{"line":79,"column":30}},{"start":{"line":79,"column":34},"end":{"line":79,"column":53}}]},"9":{"loc":{"start":{"line":85,"column":6},"end":{"line":95,"column":7}},"type":"if","locations":[{"start":{"line":85,"column":6},"end":{"line":95,"column":7}},{"start":{"line":87,"column":13},"end":{"line":95,"column":7}}]},"10":{"loc":{"start":{"line":87,"column":13},"end":{"line":95,"column":7}},"type":"if","locations":[{"start":{"line":87,"column":13},"end":{"line":95,"column":7}},{"start":{"line":89,"column":13},"end":{"line":95,"column":7}}]},"11":{"loc":{"start":{"line":89,"column":13},"end":{"line":95,"column":7}},"type":"if","locations":[{"start":{"line":89,"column":13},"end":{"line":95,"column":7}},{"start":{"line":91,"column":13},"end":{"line":95,"column":7}}]},"12":{"loc":{"start":{"line":91,"column":13},"end":{"line":95,"column":7}},"type":"if","locations":[{"start":{"line":91,"column":13},"end":{"line":95,"column":7}},{"start":{"line":93,"column":13},"end":{"line":95,"column":7}}]},"13":{"loc":{"start":{"line":109,"column":4},"end":{"line":133,"column":5}},"type":"if","locations":[{"start":{"line":109,"column":4},"end":{"line":133,"column":5}}]},"14":{"loc":{"start":{"line":112,"column":6},"end":{"line":132,"column":7}},"type":"if","locations":[{"start":{"line":112,"column":6},"end":{"line":132,"column":7}},{"start":{"line":114,"column":13},"end":{"line":132,"column":7}}]},"15":{"loc":{"start":{"line":114,"column":13},"end":{"line":132,"column":7}},"type":"if","locations":[{"start":{"line":114,"column":13},"end":{"line":132,"column":7}},{"start":{"line":117,"column":13},"end":{"line":132,"column":7}}]},"16":{"loc":{"start":{"line":114,"column":17},"end":{"line":114,"column":52}},"type":"binary-expr","locations":[{"start":{"line":114,"column":17},"end":{"line":114,"column":31}},{"start":{"line":114,"column":35},"end":{"line":114,"column":52}}]},"17":{"loc":{"start":{"line":117,"column":13},"end":{"line":132,"column":7}},"type":"if","locations":[{"start":{"line":117,"column":13},"end":{"line":132,"column":7}}]},"18":{"loc":{"start":{"line":121,"column":8},"end":{"line":131,"column":9}},"type":"if","locations":[{"start":{"line":121,"column":8},"end":{"line":131,"column":9}},{"start":{"line":123,"column":15},"end":{"line":131,"column":9}}]},"19":{"loc":{"start":{"line":123,"column":15},"end":{"line":131,"column":9}},"type":"if","locations":[{"start":{"line":123,"column":15},"end":{"line":131,"column":9}},{"start":{"line":125,"column":15},"end":{"line":131,"column":9}}]},"20":{"loc":{"start":{"line":125,"column":15},"end":{"line":131,"column":9}},"type":"if","locations":[{"start":{"line":125,"column":15},"end":{"line":131,"column":9}},{"start":{"line":127,"column":15},"end":{"line":131,"column":9}}]},"21":{"loc":{"start":{"line":127,"column":15},"end":{"line":131,"column":9}},"type":"if","locations":[{"start":{"line":127,"column":15},"end":{"line":131,"column":9}},{"start":{"line":129,"column":15},"end":{"line":131,"column":9}}]},"22":{"loc":{"start":{"line":140,"column":27},"end":{"line":140,"column":65}},"type":"default-arg","locations":[{"start":{"line":140,"column":44},"end":{"line":140,"column":65}}]}},"s":{"0":14,"1":14,"2":14,"3":46,"4":46,"5":149,"6":1,"7":148,"8":147,"9":46,"10":14,"11":14,"12":14,"13":14,"14":16,"15":16,"16":13,"17":13,"18":0,"19":1,"20":14,"21":15,"22":15,"23":15,"24":1173,"25":3,"26":3,"27":1,"28":3,"29":1,"30":2,"31":0,"32":2,"33":1,"34":1,"35":1,"36":2,"37":0,"38":15,"39":14,"40":18,"41":18,"42":18,"43":5,"44":5,"45":5,"46":5,"47":1,"48":4,"49":0,"50":4,"51":4,"52":4,"53":4,"54":0,"55":4,"56":0,"57":4,"58":1,"59":3,"60":1,"61":3,"62":2,"63":18,"64":14,"65":14,"66":14,"67":14,"68":14,"69":14,"70":14},"f":{"0":46,"1":14,"2":15,"3":1,"4":2,"5":18,"6":4,"7":3,"8":14},"b":{"0":[46,0],"1":[1,148],"2":[149,135,15],"3":[1,0],"4":[147],"5":[0,14],"6":[13],"7":[3],"8":[1173,3],"9":[1,2],"10":[0,2],"11":[1,1],"12":[1,0],"13":[5],"14":[1,4],"15":[0,4],"16":[4,4],"17":[4],"18":[0,4],"19":[0,4],"20":[1,3],"21":[1,2],"22":[14]}}
,"/Users/ieeebruce/Documents/trae_projects/i18n/i18n-demo/i18n-refactor/src/core/key-resolver.ts": {"path":"/Users/ieeebruce/Documents/trae_projects/i18n/i18n-demo/i18n-refactor/src/core/key-resolver.ts","statementMap":{"0":{"start":{"line":1,"column":0},"end":{"line":1,"column":27}},"1":{"start":{"line":2,"column":0},"end":{"line":2,"column":46}},"2":{"start":{"line":15,"column":66},"end":{"line":15,"column":68}},"3":{"start":{"line":16,"column":18},"end":{"line":16,"column":36}},"4":{"start":{"line":17,"column":27},"end":{"line":17,"column":31}},"5":{"start":{"line":18,"column":2},"end":{"line":34,"column":3}},"6":{"start":{"line":19,"column":4},"end":{"line":25,"column":5}},"7":{"start":{"line":20,"column":6},"end":{"line":20,"column":66}},"8":{"start":{"line":20,"column":61},"end":{"line":20,"column":66}},"9":{"start":{"line":21,"column":18},"end":{"line":21,"column":49}},"10":{"start":{"line":22,"column":6},"end":{"line":22,"column":null}},"11":{"start":{"line":23,"column":6},"end":{"line":23,"column":null}},"12":{"start":{"line":24,"column":6},"end":{"line":24,"column":14}},"13":{"start":{"line":26,"column":4},"end":{"line":32,"column":5}},"14":{"start":{"line":27,"column":18},"end":{"line":27,"column":40}},"15":{"start":{"line":28,"column":6},"end":{"line":29,"column":null}},"16":{"start":{"line":28,"column":35},"end":{"line":28,"column":null}},"17":{"start":{"line":29,"column":11},"end":{"line":29,"column":null}},"18":{"start":{"line":30,"column":6},"end":{"line":30,"column":null}},"19":{"start":{"line":31,"column":6},"end":{"line":31,"column":14}},"20":{"start":{"line":33,"column":4},"end":{"line":33,"column":9}},"21":{"start":{"line":35,"column":2},"end":{"line":35,"column":null}},"22":{"start":{"line":36,"column":32},"end":{"line":36,"column":34}},"23":{"start":{"line":37,"column":29},"end":{"line":37,"column":31}},"24":{"start":{"line":38,"column":20},"end":{"line":38,"column":25}},"25":{"start":{"line":39,"column":2},"end":{"line":42,"column":3}},"26":{"start":{"line":40,"column":4},"end":{"line":40,"column":78}},"27":{"start":{"line":40,"column":28},"end":{"line":40,"column":50}},"28":{"start":{"line":40,"column":51},"end":{"line":40,"column":70}},"29":{"start":{"line":40,"column":71},"end":{"line":40,"column":76}},"30":{"start":{"line":41,"column":4},"end":{"line":41,"column":null}},"31":{"start":{"line":43,"column":15},"end":{"line":43,"column":67}},"32":{"start":{"line":44,"column":2},"end":{"line":47,"column":3}},"33":{"start":{"line":45,"column":14},"end":{"line":45,"column":52}},"34":{"start":{"line":46,"column":4},"end":{"line":46,"column":null}},"35":{"start":{"line":46,"column":11},"end":{"line":46,"column":null}},"36":{"start":{"line":48,"column":21},"end":{"line":48,"column":71}},"37":{"start":{"line":49,"column":16},"end":{"line":49,"column":26}},"38":{"start":{"line":50,"column":2},"end":{"line":53,"column":3}},"39":{"start":{"line":51,"column":20},"end":{"line":51,"column":31}},"40":{"start":{"line":52,"column":4},"end":{"line":52,"column":null}},"41":{"start":{"line":54,"column":2},"end":{"line":68,"column":3}},"42":{"start":{"line":55,"column":16},"end":{"line":55,"column":55}},"43":{"start":{"line":56,"column":22},"end":{"line":56,"column":56}},"44":{"start":{"line":57,"column":19},"end":{"line":57,"column":28}},"45":{"start":{"line":58,"column":4},"end":{"line":67,"column":5}},"46":{"start":{"line":59,"column":16},"end":{"line":59,"column":62}},"47":{"start":{"line":60,"column":6},"end":{"line":64,"column":7}},"48":{"start":{"line":60,"column":13},"end":{"line":60,"column":null}},"49":{"start":{"line":62,"column":19},"end":{"line":62,"column":56}},"50":{"start":{"line":63,"column":8},"end":{"line":63,"column":null}},"51":{"start":{"line":63,"column":16},"end":{"line":63,"column":null}},"52":{"start":{"line":66,"column":6},"end":{"line":66,"column":null}},"53":{"start":{"line":69,"column":2},"end":{"line":69,"column":null}},"54":{"start":{"line":14,"column":0},"end":{"line":14,"column":16}}},"fnMap":{"0":{"name":"resolveKeyFromAccess","decl":{"start":{"line":14,"column":16},"end":{"line":14,"column":36}},"loc":{"start":{"line":14,"column":120},"end":{"line":70,"column":1}}}},"branchMap":{"0":{"loc":{"start":{"line":19,"column":4},"end":{"line":25,"column":5}},"type":"if","locations":[{"start":{"line":19,"column":4},"end":{"line":25,"column":5}}]},"1":{"loc":{"start":{"line":20,"column":6},"end":{"line":20,"column":66}},"type":"if","locations":[{"start":{"line":20,"column":6},"end":{"line":20,"column":66}}]},"2":{"loc":{"start":{"line":26,"column":4},"end":{"line":32,"column":5}},"type":"if","locations":[{"start":{"line":26,"column":4},"end":{"line":32,"column":5}}]},"3":{"loc":{"start":{"line":28,"column":6},"end":{"line":29,"column":null}},"type":"if","locations":[{"start":{"line":28,"column":6},"end":{"line":29,"column":null}},{"start":{"line":29,"column":11},"end":{"line":29,"column":null}}]},"4":{"loc":{"start":{"line":40,"column":4},"end":{"line":40,"column":78}},"type":"if","locations":[{"start":{"line":40,"column":4},"end":{"line":40,"column":78}}]},"5":{"loc":{"start":{"line":43,"column":15},"end":{"line":43,"column":67}},"type":"cond-expr","locations":[{"start":{"line":43,"column":51},"end":{"line":43,"column":62}},{"start":{"line":43,"column":65},"end":{"line":43,"column":67}}]},"6":{"loc":{"start":{"line":43,"column":15},"end":{"line":43,"column":48}},"type":"binary-expr","locations":[{"start":{"line":43,"column":15},"end":{"line":43,"column":26}},{"start":{"line":43,"column":30},"end":{"line":43,"column":48}}]},"7":{"loc":{"start":{"line":44,"column":2},"end":{"line":47,"column":3}},"type":"if","locations":[{"start":{"line":44,"column":2},"end":{"line":47,"column":3}}]},"8":{"loc":{"start":{"line":44,"column":6},"end":{"line":44,"column":38}},"type":"binary-expr","locations":[{"start":{"line":44,"column":6},"end":{"line":44,"column":13}},{"start":{"line":44,"column":17},"end":{"line":44,"column":22}},{"start":{"line":44,"column":26},"end":{"line":44,"column":38}}]},"9":{"loc":{"start":{"line":46,"column":4},"end":{"line":46,"column":null}},"type":"if","locations":[{"start":{"line":46,"column":4},"end":{"line":46,"column":null}}]},"10":{"loc":{"start":{"line":50,"column":2},"end":{"line":53,"column":3}},"type":"if","locations":[{"start":{"line":50,"column":2},"end":{"line":53,"column":3}}]},"11":{"loc":{"start":{"line":54,"column":2},"end":{"line":68,"column":3}},"type":"if","locations":[{"start":{"line":54,"column":2},"end":{"line":68,"column":3}}]},"12":{"loc":{"start":{"line":54,"column":6},"end":{"line":54,"column":41}},"type":"binary-expr","locations":[{"start":{"line":54,"column":6},"end":{"line":54,"column":25}},{"start":{"line":54,"column":29},"end":{"line":54,"column":41}}]},"13":{"loc":{"start":{"line":58,"column":4},"end":{"line":67,"column":5}},"type":"if","locations":[{"start":{"line":58,"column":4},"end":{"line":67,"column":5}},{"start":{"line":65,"column":11},"end":{"line":67,"column":5}}]},"14":{"loc":{"start":{"line":60,"column":6},"end":{"line":64,"column":7}},"type":"if","locations":[{"start":{"line":60,"column":6},"end":{"line":64,"column":7}},{"start":{"line":61,"column":11},"end":{"line":64,"column":7}}]},"15":{"loc":{"start":{"line":63,"column":8},"end":{"line":63,"column":null}},"type":"if","locations":[{"start":{"line":63,"column":8},"end":{"line":63,"column":null}}]},"16":{"loc":{"start":{"line":69,"column":37},"end":{"line":69,"column":75}},"type":"cond-expr","locations":[{"start":{"line":69,"column":55},"end":{"line":69,"column":63}},{"start":{"line":69,"column":66},"end":{"line":69,"column":75}}]}},"s":{"0":14,"1":14,"2":74,"3":74,"4":74,"5":74,"6":203,"7":198,"8":74,"9":124,"10":124,"11":124,"12":124,"13":5,"14":5,"15":5,"16":1,"17":4,"18":5,"19":5,"20":0,"21":74,"22":74,"23":74,"24":74,"25":74,"26":129,"27":4,"28":4,"29":4,"30":125,"31":74,"32":74,"33":55,"34":55,"35":23,"36":74,"37":74,"38":74,"39":4,"40":4,"41":74,"42":0,"43":0,"44":0,"45":0,"46":0,"47":0,"48":0,"49":0,"50":0,"51":0,"52":0,"53":74,"54":14},"f":{"0":74},"b":{"0":[198],"1":[74],"2":[5],"3":[1,4],"4":[4],"5":[19,55],"6":[74,19],"7":[55],"8":[74,55,55],"9":[23],"10":[4],"11":[0],"12":[74,0],"13":[0,0],"14":[0,0],"15":[0],"16":[4,70]}}
,"/Users/ieeebruce/Documents/trae_projects/i18n/i18n-demo/i18n-refactor/src/core/params-extractor.ts": {"path":"/Users/ieeebruce/Documents/trae_projects/i18n/i18n-demo/i18n-refactor/src/core/params-extractor.ts","statementMap":{"0":{"start":{"line":4,"column":28},"end":{"line":4,"column":30}},"1":{"start":{"line":5,"column":13},"end":{"line":5,"column":68}},"2":{"start":{"line":7,"column":2},"end":{"line":9,"column":3}},"3":{"start":{"line":8,"column":4},"end":{"line":8,"column":28}},"4":{"start":{"line":10,"column":2},"end":{"line":10,"column":13}},"5":{"start":{"line":3,"column":0},"end":{"line":3,"column":16}}},"fnMap":{"0":{"name":"extractReplaceParams","decl":{"start":{"line":3,"column":16},"end":{"line":3,"column":36}},"loc":{"start":{"line":3,"column":54},"end":{"line":11,"column":1}}}},"branchMap":{},"s":{"0":4,"1":4,"2":4,"3":8,"4":4,"5":14},"f":{"0":4},"b":{}}
,"/Users/ieeebruce/Documents/trae_projects/i18n/i18n-demo/i18n-refactor/src/core/template-usage.ts": {"path":"/Users/ieeebruce/Documents/trae_projects/i18n/i18n-demo/i18n-refactor/src/core/template-usage.ts","statementMap":{"0":{"start":{"line":4,"column":29},"end":{"line":4,"column":31}},"1":{"start":{"line":5,"column":13},"end":{"line":5,"column":31}},"2":{"start":{"line":7,"column":20},"end":{"line":7,"column":114}},"3":{"start":{"line":9,"column":2},"end":{"line":21,"column":3}},"4":{"start":{"line":10,"column":20},"end":{"line":10,"column":24}},"5":{"start":{"line":11,"column":17},"end":{"line":11,"column":21}},"6":{"start":{"line":12,"column":18},"end":{"line":12,"column":22}},"7":{"start":{"line":13,"column":43},"end":{"line":13,"column":45}},"8":{"start":{"line":14,"column":15},"end":{"line":14,"column":71}},"9":{"start":{"line":16,"column":4},"end":{"line":16,"column":null}},"10":{"start":{"line":16,"column":34},"end":{"line":16,"column":null}},"11":{"start":{"line":17,"column":18},"end":{"line":17,"column":25}},"12":{"start":{"line":18,"column":16},"end":{"line":18,"column":20}},"13":{"start":{"line":19,"column":16},"end":{"line":19,"column":34}},"14":{"start":{"line":20,"column":4},"end":{"line":20,"column":null}},"15":{"start":{"line":23,"column":16},"end":{"line":23,"column":109}},"16":{"start":{"line":24,"column":2},"end":{"line":32,"column":3}},"17":{"start":{"line":25,"column":20},"end":{"line":25,"column":24}},"18":{"start":{"line":26,"column":17},"end":{"line":26,"column":21}},"19":{"start":{"line":27,"column":16},"end":{"line":27,"column":20}},"20":{"start":{"line":28,"column":18},"end":{"line":28,"column":25}},"21":{"start":{"line":29,"column":16},"end":{"line":29,"column":20}},"22":{"start":{"line":30,"column":16},"end":{"line":30,"column":34}},"23":{"start":{"line":31,"column":4},"end":{"line":31,"column":null}},"24":{"start":{"line":34,"column":16},"end":{"line":34,"column":100}},"25":{"start":{"line":35,"column":2},"end":{"line":43,"column":3}},"26":{"start":{"line":36,"column":20},"end":{"line":36,"column":24}},"27":{"start":{"line":37,"column":17},"end":{"line":37,"column":21}},"28":{"start":{"line":38,"column":17},"end":{"line":38,"column":28}},"29":{"start":{"line":39,"column":18},"end":{"line":39,"column":25}},"30":{"start":{"line":40,"column":16},"end":{"line":40,"column":20}},"31":{"start":{"line":41,"column":16},"end":{"line":41,"column":34}},"32":{"start":{"line":42,"column":4},"end":{"line":42,"column":null}},"33":{"start":{"line":45,"column":17},"end":{"line":45,"column":82}},"34":{"start":{"line":46,"column":2},"end":{"line":51,"column":3}},"35":{"start":{"line":47,"column":18},"end":{"line":47,"column":25}},"36":{"start":{"line":48,"column":16},"end":{"line":48,"column":20}},"37":{"start":{"line":49,"column":16},"end":{"line":49,"column":34}},"38":{"start":{"line":50,"column":4},"end":{"line":50,"column":null}},"39":{"start":{"line":52,"column":2},"end":{"line":52,"column":null}},"40":{"start":{"line":3,"column":0},"end":{"line":3,"column":16}}},"fnMap":{"0":{"name":"collectTemplateUsages","decl":{"start":{"line":3,"column":16},"end":{"line":3,"column":37}},"loc":{"start":{"line":3,"column":70},"end":{"line":53,"column":1}}}},"branchMap":{},"s":{"0":1,"1":1,"2":1,"3":1,"4":1,"5":1,"6":1,"7":1,"8":1,"9":1,"10":2,"11":1,"12":1,"13":1,"14":1,"15":1,"16":1,"17":1,"18":1,"19":1,"20":1,"21":1,"22":1,"23":1,"24":1,"25":1,"26":2,"27":2,"28":2,"29":2,"30":2,"31":2,"32":2,"33":1,"34":1,"35":1,"36":1,"37":1,"38":1,"39":1,"40":1},"f":{"0":1},"b":{}}
,"/Users/ieeebruce/Documents/trae_projects/i18n/i18n-demo/i18n-refactor/src/core/var-alias.ts": {"path":"/Users/ieeebruce/Documents/trae_projects/i18n/i18n-demo/i18n-refactor/src/core/var-alias.ts","statementMap":{"0":{"start":{"line":1,"column":0},"end":{"line":1,"column":27}},"1":{"start":{"line":7,"column":2},"end":{"line":7,"column":56}},"2":{"start":{"line":7,"column":43},"end":{"line":7,"column":56}},"3":{"start":{"line":8,"column":13},"end":{"line":8,"column":28}},"4":{"start":{"line":9,"column":2},"end":{"line":14,"column":59}},"5":{"start":{"line":18,"column":25},"end":{"line":18,"column":27}},"6":{"start":{"line":19,"column":27},"end":{"line":19,"column":31}},"7":{"start":{"line":20,"column":2},"end":{"line":23,"column":3}},"8":{"start":{"line":21,"column":4},"end":{"line":21,"column":36}},"9":{"start":{"line":22,"column":4},"end":{"line":22,"column":25}},"10":{"start":{"line":24,"column":2},"end":{"line":24,"column":24}},"11":{"start":{"line":29,"column":14},"end":{"line":29,"column":41}},"12":{"start":{"line":32,"column":4},"end":{"line":32,"column":83}},"13":{"start":{"line":32,"column":24},"end":{"line":32,"column":83}},"14":{"start":{"line":33,"column":14},"end":{"line":33,"column":28}},"15":{"start":{"line":34,"column":4},"end":{"line":34,"column":null}},"16":{"start":{"line":34,"column":33},"end":{"line":34,"column":null}},"17":{"start":{"line":35,"column":4},"end":{"line":35,"column":13}},"18":{"start":{"line":38,"column":4},"end":{"line":61,"column":5}},"19":{"start":{"line":39,"column":6},"end":{"line":60,"column":7}},"20":{"start":{"line":40,"column":21},"end":{"line":40,"column":37}},"21":{"start":{"line":41,"column":33},"end":{"line":41,"column":37}},"22":{"start":{"line":42,"column":8},"end":{"line":42,"column":72}},"23":{"start":{"line":42,"column":51},"end":{"line":42,"column":72}},"24":{"start":{"line":43,"column":8},"end":{"line":49,"column":9}},"25":{"start":{"line":44,"column":23},"end":{"line":44,"column":51}},"26":{"start":{"line":45,"column":10},"end":{"line":48,"column":11}},"27":{"start":{"line":46,"column":22},"end":{"line":46,"column":59}},"28":{"start":{"line":47,"column":12},"end":{"line":47,"column":38}},"29":{"start":{"line":50,"column":13},"end":{"line":60,"column":7}},"30":{"start":{"line":51,"column":8},"end":{"line":59,"column":9}},"31":{"start":{"line":52,"column":20},"end":{"line":52,"column":57}},"32":{"start":{"line":53,"column":10},"end":{"line":58,"column":11}},"33":{"start":{"line":54,"column":25},"end":{"line":54,"column":54}},"34":{"start":{"line":55,"column":13},"end":{"line":57,"column":14}},"35":{"start":{"line":56,"column":15},"end":{"line":56,"column":null}},"36":{"start":{"line":62,"column":4},"end":{"line":80,"column":5}},"37":{"start":{"line":63,"column":22},"end":{"line":63,"column":112}},"38":{"start":{"line":63,"column":62},"end":{"line":63,"column":86}},"39":{"start":{"line":64,"column":30},"end":{"line":64,"column":32}},"40":{"start":{"line":65,"column":6},"end":{"line":75,"column":7}},"41":{"start":{"line":66,"column":18},"end":{"line":66,"column":31}},"42":{"start":{"line":67,"column":8},"end":{"line":74,"column":9}},"43":{"start":{"line":68,"column":35},"end":{"line":68,"column":36}},"44":{"start":{"line":69,"column":10},"end":{"line":69,"column":74}},"45":{"start":{"line":69,"column":53},"end":{"line":69,"column":74}},"46":{"start":{"line":70,"column":10},"end":{"line":73,"column":11}},"47":{"start":{"line":71,"column":25},"end":{"line":71,"column":50}},"48":{"start":{"line":72,"column":12},"end":{"line":72,"column":49}},"49":{"start":{"line":72,"column":29},"end":{"line":72,"column":49}},"50":{"start":{"line":76,"column":6},"end":{"line":79,"column":7}},"51":{"start":{"line":77,"column":18},"end":{"line":77,"column":55}},"52":{"start":{"line":78,"column":8},"end":{"line":78,"column":24}},"53":{"start":{"line":81,"column":4},"end":{"line":185,"column":5}},"54":{"start":{"line":82,"column":25},"end":{"line":82,"column":50}},"55":{"start":{"line":83,"column":6},"end":{"line":87,"column":7}},"56":{"start":{"line":84,"column":8},"end":{"line":86,"column":9}},"57":{"start":{"line":85,"column":11},"end":{"line":85,"column":null}},"58":{"start":{"line":88,"column":6},"end":{"line":184,"column":7}},"59":{"start":{"line":89,"column":8},"end":{"line":183,"column":9}},"60":{"start":{"line":90,"column":21},"end":{"line":90,"column":33}},"61":{"start":{"line":91,"column":10},"end":{"line":182,"column":11}},"62":{"start":{"line":92,"column":25},"end":{"line":92,"column":32}},"63":{"start":{"line":93,"column":12},"end":{"line":181,"column":13}},"64":{"start":{"line":94,"column":25},"end":{"line":94,"column":46}},"65":{"start":{"line":95,"column":14},"end":{"line":161,"column":15}},"66":{"start":{"line":96,"column":29},"end":{"line":96,"column":37}},"67":{"start":{"line":97,"column":41},"end":{"line":97,"column":45}},"68":{"start":{"line":98,"column":16},"end":{"line":98,"column":80}},"69":{"start":{"line":98,"column":59},"end":{"line":98,"column":80}},"70":{"start":{"line":99,"column":16},"end":{"line":152,"column":17}},"71":{"start":{"line":100,"column":31},"end":{"line":100,"column":59}},"72":{"start":{"line":101,"column":28},"end":{"line":101,"column":44}},"73":{"start":{"line":102,"column":18},"end":{"line":102,"column":44}},"74":{"start":{"line":104,"column":44},"end":{"line":104,"column":48}},"75":{"start":{"line":105,"column":18},"end":{"line":151,"column":19}},"76":{"start":{"line":106,"column":20},"end":{"line":149,"column":21}},"77":{"start":{"line":107,"column":40},"end":{"line":107,"column":61}},"78":{"start":{"line":108,"column":22},"end":{"line":148,"column":23}},"79":{"start":{"line":109,"column":38},"end":{"line":109,"column":57}},"80":{"start":{"line":110,"column":37},"end":{"line":110,"column":65}},"81":{"start":{"line":111,"column":24},"end":{"line":111,"column":null}},"82":{"start":{"line":111,"column":66},"end":{"line":111,"column":null}},"83":{"start":{"line":112,"column":34},"end":{"line":112,"column":50}},"84":{"start":{"line":113,"column":24},"end":{"line":114,"column":null}},"85":{"start":{"line":113,"column":42},"end":{"line":113,"column":null}},"86":{"start":{"line":114,"column":29},"end":{"line":114,"column":null}},"87":{"start":{"line":115,"column":24},"end":{"line":115,"column":null}},"88":{"start":{"line":115,"column":41},"end":{"line":115,"column":null}},"89":{"start":{"line":116,"column":24},"end":{"line":116,"column":29}},"90":{"start":{"line":117,"column":29},"end":{"line":148,"column":23}},"91":{"start":{"line":118,"column":41},"end":{"line":118,"column":67}},"92":{"start":{"line":119,"column":24},"end":{"line":119,"column":null}},"93":{"start":{"line":120,"column":39},"end":{"line":120,"column":68}},"94":{"start":{"line":121,"column":24},"end":{"line":147,"column":25}},"95":{"start":{"line":122,"column":28},"end":{"line":122,"column":null}},"96":{"start":{"line":123,"column":51},"end":{"line":123,"column":53}},"97":{"start":{"line":124,"column":54},"end":{"line":124,"column":58}},"98":{"start":{"line":125,"column":40},"end":{"line":125,"column":44}},"99":{"start":{"line":126,"column":28},"end":{"line":133,"column":28}},"100":{"start":{"line":127,"column":31},"end":{"line":132,"column":31}},"101":{"start":{"line":128,"column":33},"end":{"line":128,"column":null}},"102":{"start":{"line":129,"column":33},"end":{"line":129,"column":null}},"103":{"start":{"line":131,"column":33},"end":{"line":131,"column":47}},"104":{"start":{"line":131,"column":48},"end":{"line":131,"column":53}},"105":{"start":{"line":134,"column":27},"end":{"line":146,"column":28}},"106":{"start":{"line":135,"column":48},"end":{"line":135,"column":55}},"107":{"start":{"line":136,"column":45},"end":{"line":136,"column":83}},"108":{"start":{"line":136,"column":62},"end":{"line":136,"column":82}},"109":{"start":{"line":137,"column":30},"end":{"line":145,"column":31}},"110":{"start":{"line":138,"column":33},"end":{"line":138,"column":null}},"111":{"start":{"line":139,"column":33},"end":{"line":139,"column":null}},"112":{"start":{"line":140,"column":43},"end":{"line":140,"column":59}},"113":{"start":{"line":141,"column":33},"end":{"line":142,"column":null}},"114":{"start":{"line":141,"column":52},"end":{"line":141,"column":null}},"115":{"start":{"line":142,"column":38},"end":{"line":142,"column":null}},"116":{"start":{"line":143,"column":33},"end":{"line":143,"column":null}},"117":{"start":{"line":143,"column":51},"end":{"line":143,"column":null}},"118":{"start":{"line":144,"column":33},"end":{"line":144,"column":38}},"119":{"start":{"line":150,"column":20},"end":{"line":150,"column":null}},"120":{"start":{"line":153,"column":21},"end":{"line":161,"column":15}},"121":{"start":{"line":154,"column":26},"end":{"line":154,"column":38}},"122":{"start":{"line":155,"column":16},"end":{"line":160,"column":17}},"123":{"start":{"line":156,"column":31},"end":{"line":156,"column":52}},"124":{"start":{"line":157,"column":19},"end":{"line":159,"column":20}},"125":{"start":{"line":158,"column":21},"end":{"line":158,"column":null}},"126":{"start":{"line":162,"column":14},"end":{"line":180,"column":15}},"127":{"start":{"line":163,"column":32},"end":{"line":163,"column":114}},"128":{"start":{"line":163,"column":64},"end":{"line":163,"column":88}},"129":{"start":{"line":164,"column":40},"end":{"line":164,"column":42}},"130":{"start":{"line":165,"column":16},"end":{"line":175,"column":17}},"131":{"start":{"line":166,"column":28},"end":{"line":166,"column":41}},"132":{"start":{"line":167,"column":18},"end":{"line":174,"column":19}},"133":{"start":{"line":168,"column":45},"end":{"line":168,"column":46}},"134":{"start":{"line":169,"column":20},"end":{"line":169,"column":84}},"135":{"start":{"line":169,"column":63},"end":{"line":169,"column":84}},"136":{"start":{"line":170,"column":20},"end":{"line":173,"column":21}},"137":{"start":{"line":171,"column":35},"end":{"line":171,"column":60}},"138":{"start":{"line":172,"column":22},"end":{"line":172,"column":59}},"139":{"start":{"line":172,"column":39},"end":{"line":172,"column":59}},"140":{"start":{"line":176,"column":16},"end":{"line":179,"column":17}},"141":{"start":{"line":177,"column":28},"end":{"line":177,"column":40}},"142":{"start":{"line":178,"column":18},"end":{"line":178,"column":34}},"143":{"start":{"line":186,"column":4},"end":{"line":186,"column":33}},"144":{"start":{"line":188,"column":2},"end":{"line":188,"column":12}},"145":{"start":{"line":189,"column":2},"end":{"line":189,"column":34}},"146":{"start":{"line":27,"column":0},"end":{"line":27,"column":16}}},"fnMap":{"0":{"name":"isGetLocalCall","decl":{"start":{"line":6,"column":9},"end":{"line":6,"column":23}},"loc":{"start":{"line":6,"column":112},"end":{"line":15,"column":1}}},"1":{"name":"chainAfterGetLocal","decl":{"start":{"line":17,"column":9},"end":{"line":17,"column":27}},"loc":{"start":{"line":17,"column":66},"end":{"line":25,"column":1}}},"2":{"name":"collectVarAliases","decl":{"start":{"line":27,"column":16},"end":{"line":27,"column":33}},"loc":{"start":{"line":27,"column":137},"end":{"line":190,"column":1}}},"3":{"name":"addAlias","decl":{"start":{"line":30,"column":11},"end":{"line":30,"column":19}},"loc":{"start":{"line":30,"column":52},"end":{"line":36,"column":3}}},"4":{"name":"visit","decl":{"start":{"line":37,"column":11},"end":{"line":37,"column":16}},"loc":{"start":{"line":37,"column":30},"end":{"line":187,"column":3}}},"5":{"name":"(anonymous_6)","decl":{"start":{"line":63,"column":57},"end":{"line":63,"column":58}},"loc":{"start":{"line":63,"column":62},"end":{"line":63,"column":86}}},"6":{"name":"(anonymous_7)","decl":{"start":{"line":136,"column":57},"end":{"line":136,"column":58}},"loc":{"start":{"line":136,"column":62},"end":{"line":136,"column":82}}},"7":{"name":"(anonymous_8)","decl":{"start":{"line":163,"column":59},"end":{"line":163,"column":60}},"loc":{"start":{"line":163,"column":64},"end":{"line":163,"column":88}}}},"branchMap":{"0":{"loc":{"start":{"line":7,"column":2},"end":{"line":7,"column":56}},"type":"if","locations":[{"start":{"line":7,"column":2},"end":{"line":7,"column":56}}]},"1":{"loc":{"start":{"line":7,"column":6},"end":{"line":7,"column":41}},"type":"binary-expr","locations":[{"start":{"line":7,"column":6},"end":{"line":7,"column":11}},{"start":{"line":7,"column":15},"end":{"line":7,"column":41}}]},"2":{"loc":{"start":{"line":9,"column":9},"end":{"line":14,"column":58}},"type":"binary-expr","locations":[{"start":{"line":9,"column":9},"end":{"line":9,"column":42}},{"start":{"line":10,"column":7},"end":{"line":10,"column":45}},{"start":{"line":11,"column":7},"end":{"line":11,"column":51}},{"start":{"line":12,"column":7},"end":{"line":12,"column":66}},{"start":{"line":13,"column":7},"end":{"line":13,"column":42}},{"start":{"line":14,"column":7},"end":{"line":14,"column":58}}]},"3":{"loc":{"start":{"line":32,"column":4},"end":{"line":32,"column":83}},"type":"if","locations":[{"start":{"line":32,"column":4},"end":{"line":32,"column":83}}]},"4":{"loc":{"start":{"line":34,"column":4},"end":{"line":34,"column":null}},"type":"if","locations":[{"start":{"line":34,"column":4},"end":{"line":34,"column":null}}]},"5":{"loc":{"start":{"line":34,"column":8},"end":{"line":34,"column":31}},"type":"binary-expr","locations":[{"start":{"line":34,"column":8},"end":{"line":34,"column":16}},{"start":{"line":34,"column":20},"end":{"line":34,"column":31}}]},"6":{"loc":{"start":{"line":38,"column":4},"end":{"line":61,"column":5}},"type":"if","locations":[{"start":{"line":38,"column":4},"end":{"line":61,"column":5}}]},"7":{"loc":{"start":{"line":38,"column":8},"end":{"line":38,"column":58}},"type":"binary-expr","locations":[{"start":{"line":38,"column":8},"end":{"line":38,"column":38}},{"start":{"line":38,"column":42},"end":{"line":38,"column":58}}]},"8":{"loc":{"start":{"line":39,"column":6},"end":{"line":60,"column":7}},"type":"if","locations":[{"start":{"line":39,"column":6},"end":{"line":60,"column":7}},{"start":{"line":50,"column":13},"end":{"line":60,"column":7}}]},"9":{"loc":{"start":{"line":43,"column":8},"end":{"line":49,"column":9}},"type":"if","locations":[{"start":{"line":43,"column":8},"end":{"line":49,"column":9}}]},"10":{"loc":{"start":{"line":43,"column":12},"end":{"line":43,"column":97}},"type":"binary-expr","locations":[{"start":{"line":43,"column":12},"end":{"line":43,"column":36}},{"start":{"line":43,"column":40},"end":{"line":43,"column":97}}]},"11":{"loc":{"start":{"line":45,"column":10},"end":{"line":48,"column":11}},"type":"if","locations":[{"start":{"line":45,"column":10},"end":{"line":48,"column":11}}]},"12":{"loc":{"start":{"line":45,"column":14},"end":{"line":45,"column":53}},"type":"binary-expr","locations":[{"start":{"line":45,"column":14},"end":{"line":45,"column":23}},{"start":{"line":45,"column":27},"end":{"line":45,"column":53}}]},"13":{"loc":{"start":{"line":50,"column":13},"end":{"line":60,"column":7}},"type":"if","locations":[{"start":{"line":50,"column":13},"end":{"line":60,"column":7}}]},"14":{"loc":{"start":{"line":50,"column":17},"end":{"line":50,"column":128}},"type":"binary-expr","locations":[{"start":{"line":50,"column":17},"end":{"line":50,"column":54}},{"start":{"line":50,"column":58},"end":{"line":50,"column":128}}]},"15":{"loc":{"start":{"line":51,"column":8},"end":{"line":59,"column":9}},"type":"if","locations":[{"start":{"line":51,"column":8},"end":{"line":59,"column":9}}]},"16":{"loc":{"start":{"line":51,"column":12},"end":{"line":51,"column":51}},"type":"binary-expr","locations":[{"start":{"line":51,"column":12},"end":{"line":51,"column":21}},{"start":{"line":51,"column":25},"end":{"line":51,"column":51}}]},"17":{"loc":{"start":{"line":53,"column":10},"end":{"line":58,"column":11}},"type":"if","locations":[{"start":{"line":53,"column":10},"end":{"line":58,"column":11}}]},"18":{"loc":{"start":{"line":55,"column":13},"end":{"line":57,"column":14}},"type":"if","locations":[{"start":{"line":55,"column":13},"end":{"line":57,"column":14}}]},"19":{"loc":{"start":{"line":62,"column":4},"end":{"line":80,"column":5}},"type":"if","locations":[{"start":{"line":62,"column":4},"end":{"line":80,"column":5}}]},"20":{"loc":{"start":{"line":62,"column":8},"end":{"line":62,"column":151}},"type":"binary-expr","locations":[{"start":{"line":62,"column":8},"end":{"line":62,"column":38}},{"start":{"line":62,"column":42},"end":{"line":62,"column":58}},{"start":{"line":62,"column":62},"end":{"line":62,"column":108}},{"start":{"line":62,"column":112},"end":{"line":62,"column":121}},{"start":{"line":62,"column":125},"end":{"line":62,"column":151}}]},"21":{"loc":{"start":{"line":67,"column":8},"end":{"line":74,"column":9}},"type":"if","locations":[{"start":{"line":67,"column":8},"end":{"line":74,"column":9}}]},"22":{"loc":{"start":{"line":70,"column":10},"end":{"line":73,"column":11}},"type":"if","locations":[{"start":{"line":70,"column":10},"end":{"line":73,"column":11}}]},"23":{"loc":{"start":{"line":70,"column":14},"end":{"line":70,"column":99}},"type":"binary-expr","locations":[{"start":{"line":70,"column":14},"end":{"line":70,"column":38}},{"start":{"line":70,"column":42},"end":{"line":70,"column":99}}]},"24":{"loc":{"start":{"line":72,"column":12},"end":{"line":72,"column":49}},"type":"if","locations":[{"start":{"line":72,"column":12},"end":{"line":72,"column":49}}]},"25":{"loc":{"start":{"line":76,"column":6},"end":{"line":79,"column":7}},"type":"if","locations":[{"start":{"line":76,"column":6},"end":{"line":79,"column":7}}]},"26":{"loc":{"start":{"line":81,"column":4},"end":{"line":185,"column":5}},"type":"if","locations":[{"start":{"line":81,"column":4},"end":{"line":185,"column":5}}]},"27":{"loc":{"start":{"line":84,"column":8},"end":{"line":86,"column":9}},"type":"if","locations":[{"start":{"line":84,"column":8},"end":{"line":86,"column":9}}]},"28":{"loc":{"start":{"line":84,"column":12},"end":{"line":84,"column":115}},"type":"binary-expr","locations":[{"start":{"line":84,"column":12},"end":{"line":84,"column":35}},{"start":{"line":84,"column":39},"end":{"line":84,"column":45}},{"start":{"line":84,"column":49},"end":{"line":84,"column":79}},{"start":{"line":84,"column":83},"end":{"line":84,"column":115}}]},"29":{"loc":{"start":{"line":88,"column":22},"end":{"line":88,"column":59}},"type":"cond-expr","locations":[{"start":{"line":88,"column":34},"end":{"line":88,"column":54}},{"start":{"line":88,"column":57},"end":{"line":88,"column":59}}]},"30":{"loc":{"start":{"line":89,"column":8},"end":{"line":183,"column":9}},"type":"if","locations":[{"start":{"line":89,"column":8},"end":{"line":183,"column":9}}]},"31":{"loc":{"start":{"line":89,"column":12},"end":{"line":89,"column":78}},"type":"binary-expr","locations":[{"start":{"line":89,"column":12},"end":{"line":89,"column":39}},{"start":{"line":89,"column":43},"end":{"line":89,"column":78}}]},"32":{"loc":{"start":{"line":91,"column":10},"end":{"line":182,"column":11}},"type":"if","locations":[{"start":{"line":91,"column":10},"end":{"line":182,"column":11}}]},"33":{"loc":{"start":{"line":91,"column":14},"end":{"line":91,"column":107}},"type":"binary-expr","locations":[{"start":{"line":91,"column":14},"end":{"line":91,"column":65}},{"start":{"line":91,"column":69},"end":{"line":91,"column":107}}]},"34":{"loc":{"start":{"line":93,"column":12},"end":{"line":181,"column":13}},"type":"if","locations":[{"start":{"line":93,"column":12},"end":{"line":181,"column":13}}]},"35":{"loc":{"start":{"line":93,"column":16},"end":{"line":93,"column":96}},"type":"binary-expr","locations":[{"start":{"line":93,"column":16},"end":{"line":93,"column":66}},{"start":{"line":93,"column":70},"end":{"line":93,"column":96}}]},"36":{"loc":{"start":{"line":95,"column":14},"end":{"line":161,"column":15}},"type":"if","locations":[{"start":{"line":95,"column":14},"end":{"line":161,"column":15}},{"start":{"line":153,"column":21},"end":{"line":161,"column":15}}]},"37":{"loc":{"start":{"line":99,"column":16},"end":{"line":152,"column":17}},"type":"if","locations":[{"start":{"line":99,"column":16},"end":{"line":152,"column":17}},{"start":{"line":103,"column":23},"end":{"line":152,"column":17}}]},"38":{"loc":{"start":{"line":99,"column":20},"end":{"line":99,"column":105}},"type":"binary-expr","locations":[{"start":{"line":99,"column":20},"end":{"line":99,"column":44}},{"start":{"line":99,"column":48},"end":{"line":99,"column":105}}]},"39":{"loc":{"start":{"line":106,"column":20},"end":{"line":149,"column":21}},"type":"if","locations":[{"start":{"line":106,"column":20},"end":{"line":149,"column":21}}]},"40":{"loc":{"start":{"line":106,"column":24},"end":{"line":106,"column":104}},"type":"binary-expr","locations":[{"start":{"line":106,"column":24},"end":{"line":106,"column":74}},{"start":{"line":106,"column":78},"end":{"line":106,"column":104}}]},"41":{"loc":{"start":{"line":108,"column":22},"end":{"line":148,"column":23}},"type":"if","locations":[{"start":{"line":108,"column":22},"end":{"line":148,"column":23}},{"start":{"line":117,"column":29},"end":{"line":148,"column":23}}]},"42":{"loc":{"start":{"line":111,"column":24},"end":{"line":111,"column":null}},"type":"if","locations":[{"start":{"line":111,"column":24},"end":{"line":111,"column":null}}]},"43":{"loc":{"start":{"line":111,"column":28},"end":{"line":111,"column":64}},"type":"binary-expr","locations":[{"start":{"line":111,"column":28},"end":{"line":111,"column":39}},{"start":{"line":111,"column":43},"end":{"line":111,"column":64}}]},"44":{"loc":{"start":{"line":113,"column":24},"end":{"line":114,"column":null}},"type":"if","locations":[{"start":{"line":113,"column":24},"end":{"line":114,"column":null}},{"start":{"line":114,"column":29},"end":{"line":114,"column":null}}]},"45":{"loc":{"start":{"line":115,"column":24},"end":{"line":115,"column":null}},"type":"if","locations":[{"start":{"line":115,"column":24},"end":{"line":115,"column":null}}]},"46":{"loc":{"start":{"line":117,"column":29},"end":{"line":148,"column":23}},"type":"if","locations":[{"start":{"line":117,"column":29},"end":{"line":148,"column":23}}]},"47":{"loc":{"start":{"line":117,"column":33},"end":{"line":117,"column":77}},"type":"binary-expr","locations":[{"start":{"line":117,"column":33},"end":{"line":117,"column":48}},{"start":{"line":117,"column":52},"end":{"line":117,"column":77}}]},"48":{"loc":{"start":{"line":121,"column":24},"end":{"line":147,"column":25}},"type":"if","locations":[{"start":{"line":121,"column":24},"end":{"line":147,"column":25}}]},"49":{"loc":{"start":{"line":127,"column":31},"end":{"line":132,"column":31}},"type":"if","locations":[{"start":{"line":127,"column":31},"end":{"line":132,"column":31}},{"start":{"line":130,"column":37},"end":{"line":132,"column":31}}]},"50":{"loc":{"start":{"line":134,"column":27},"end":{"line":146,"column":28}},"type":"if","locations":[{"start":{"line":134,"column":27},"end":{"line":146,"column":28}}]},"51":{"loc":{"start":{"line":134,"column":31},"end":{"line":134,"column":55}},"type":"binary-expr","locations":[{"start":{"line":134,"column":31},"end":{"line":134,"column":36}},{"start":{"line":134,"column":40},"end":{"line":134,"column":55}}]},"52":{"loc":{"start":{"line":137,"column":30},"end":{"line":145,"column":31}},"type":"if","locations":[{"start":{"line":137,"column":30},"end":{"line":145,"column":31}}]},"53":{"loc":{"start":{"line":141,"column":33},"end":{"line":142,"column":null}},"type":"if","locations":[{"start":{"line":141,"column":33},"end":{"line":142,"column":null}},{"start":{"line":142,"column":38},"end":{"line":142,"column":null}}]},"54":{"loc":{"start":{"line":143,"column":33},"end":{"line":143,"column":null}},"type":"if","locations":[{"start":{"line":143,"column":33},"end":{"line":143,"column":null}}]},"55":{"loc":{"start":{"line":153,"column":21},"end":{"line":161,"column":15}},"type":"if","locations":[{"start":{"line":153,"column":21},"end":{"line":161,"column":15}}]},"56":{"loc":{"start":{"line":153,"column":25},"end":{"line":153,"column":120}},"type":"binary-expr","locations":[{"start":{"line":153,"column":25},"end":{"line":153,"column":54}},{"start":{"line":153,"column":58},"end":{"line":153,"column":120}}]},"57":{"loc":{"start":{"line":155,"column":16},"end":{"line":160,"column":17}},"type":"if","locations":[{"start":{"line":155,"column":16},"end":{"line":160,"column":17}}]},"58":{"loc":{"start":{"line":157,"column":19},"end":{"line":159,"column":20}},"type":"if","locations":[{"start":{"line":157,"column":19},"end":{"line":159,"column":20}}]},"59":{"loc":{"start":{"line":162,"column":14},"end":{"line":180,"column":15}},"type":"if","locations":[{"start":{"line":162,"column":14},"end":{"line":180,"column":15}}]},"60":{"loc":{"start":{"line":167,"column":18},"end":{"line":174,"column":19}},"type":"if","locations":[{"start":{"line":167,"column":18},"end":{"line":174,"column":19}}]},"61":{"loc":{"start":{"line":170,"column":20},"end":{"line":173,"column":21}},"type":"if","locations":[{"start":{"line":170,"column":20},"end":{"line":173,"column":21}}]},"62":{"loc":{"start":{"line":170,"column":24},"end":{"line":170,"column":109}},"type":"binary-expr","locations":[{"start":{"line":170,"column":24},"end":{"line":170,"column":48}},{"start":{"line":170,"column":52},"end":{"line":170,"column":109}}]},"63":{"loc":{"start":{"line":172,"column":22},"end":{"line":172,"column":59}},"type":"if","locations":[{"start":{"line":172,"column":22},"end":{"line":172,"column":59}}]},"64":{"loc":{"start":{"line":176,"column":16},"end":{"line":179,"column":17}},"type":"if","locations":[{"start":{"line":176,"column":16},"end":{"line":179,"column":17}}]}},"s":{"0":14,"1":64,"2":0,"3":64,"4":64,"5":46,"6":46,"7":46,"8":68,"9":68,"10":46,"11":51,"12":62,"13":60,"14":62,"15":62,"16":0,"17":62,"18":2898,"19":21,"20":0,"21":0,"22":0,"23":0,"24":0,"25":0,"26":0,"27":0,"28":0,"29":21,"30":4,"31":4,"32":4,"33":0,"34":0,"35":0,"36":2898,"37":1,"38":2,"39":1,"40":1,"41":2,"42":2,"43":2,"44":2,"45":2,"46":2,"47":2,"48":2,"49":2,"50":1,"51":1,"52":1,"53":2898,"54":45,"55":45,"56":45,"57":45,"58":45,"59":61,"60":59,"61":59,"62":59,"63":59,"64":59,"65":59,"66":26,"67":26,"68":26,"69":52,"70":26,"71":14,"72":14,"73":14,"74":12,"75":12,"76":30,"77":12,"78":12,"79":8,"80":8,"81":8,"82":8,"83":8,"84":8,"85":4,"86":4,"87":8,"88":8,"89":8,"90":4,"91":4,"92":4,"93":4,"94":4,"95":4,"96":4,"97":4,"98":4,"99":4,"100":4,"101":4,"102":4,"103":0,"104":0,"105":4,"106":4,"107":4,"108":4,"109":4,"110":4,"111":4,"112":4,"113":4,"114":4,"115":0,"116":4,"117":4,"118":4,"119":18,"120":33,"121":20,"122":20,"123":0,"124":0,"125":0,"126":59,"127":11,"128":22,"129":11,"130":11,"131":22,"132":22,"133":22,"134":22,"135":22,"136":22,"137":22,"138":22,"139":22,"140":11,"141":11,"142":11,"143":2898,"144":51,"145":51,"146":14},"f":{"0":64,"1":46,"2":51,"3":62,"4":2898,"5":2,"6":4,"7":22},"b":{"0":[0],"1":[64,64],"2":[64,64,62,62,62,62],"3":[60],"4":[0],"5":[62,31],"6":[21],"7":[2898,86],"8":[0,21],"9":[0],"10":[0,0],"11":[0],"12":[0,0],"13":[4],"14":[21,4],"15":[4],"16":[4,4],"17":[0],"18":[0],"19":[1],"20":[2898,86,21,1,1],"21":[2],"22":[2],"23":[2,2],"24":[2],"25":[1],"26":[45],"27":[45],"28":[45,45,45,45],"29":[45,0],"30":[59],"31":[61,59],"32":[59],"33":[59,59],"34":[59],"35":[59,59],"36":[26,33],"37":[14,12],"38":[26,14],"39":[12],"40":[30,12],"41":[8,4],"42":[8],"43":[8,8],"44":[4,4],"45":[8],"46":[4],"47":[4,4],"48":[4],"49":[4,0],"50":[4],"51":[4,4],"52":[4],"53":[4,0],"54":[4],"55":[20],"56":[33,22],"57":[0],"58":[0],"59":[11],"60":[22],"61":[22],"62":[22,22],"63":[22],"64":[11]}}
,"/Users/ieeebruce/Documents/trae_projects/i18n/i18n-demo/i18n-refactor/src/processor/component.ts": {"path":"/Users/ieeebruce/Documents/trae_projects/i18n/i18n-demo/i18n-refactor/src/processor/component.ts","statementMap":{"0":{"start":{"line":1,"column":0},"end":{"line":1,"column":27}},"1":{"start":{"line":2,"column":0},"end":{"line":2,"column":28}},"2":{"start":{"line":3,"column":0},"end":{"line":3,"column":39}},"3":{"start":{"line":4,"column":0},"end":{"line":4,"column":53}},"4":{"start":{"line":6,"column":0},"end":{"line":6,"column":63}},"5":{"start":{"line":7,"column":0},"end":{"line":7,"column":51}},"6":{"start":{"line":9,"column":0},"end":{"line":9,"column":67}},"7":{"start":{"line":10,"column":0},"end":{"line":10,"column":59}},"8":{"start":{"line":24,"column":16},"end":{"line":24,"column":33}},"9":{"start":{"line":25,"column":14},"end":{"line":25,"column":69}},"10":{"start":{"line":26,"column":14},"end":{"line":26,"column":68}},"11":{"start":{"line":28,"column":2},"end":{"line":28,"column":47}},"12":{"start":{"line":28,"column":31},"end":{"line":28,"column":47}},"13":{"start":{"line":29,"column":2},"end":{"line":29,"column":47}},"14":{"start":{"line":29,"column":31},"end":{"line":29,"column":47}},"15":{"start":{"line":30,"column":2},"end":{"line":30,"column":27}},"16":{"start":{"line":35,"column":13},"end":{"line":35,"column":94}},"17":{"start":{"line":38,"column":20},"end":{"line":38,"column":22}},"18":{"start":{"line":39,"column":20},"end":{"line":48,"column":3}},"19":{"start":{"line":40,"column":4},"end":{"line":46,"column":5}},"20":{"start":{"line":41,"column":6},"end":{"line":45,"column":7}},"21":{"start":{"line":42,"column":8},"end":{"line":44,"column":9}},"22":{"start":{"line":43,"column":11},"end":{"line":43,"column":null}},"23":{"start":{"line":43,"column":40},"end":{"line":43,"column":null}},"24":{"start":{"line":47,"column":4},"end":{"line":47,"column":null}},"25":{"start":{"line":49,"column":2},"end":{"line":49,"column":null}},"26":{"start":{"line":51,"column":14},"end":{"line":51,"column":88}},"27":{"start":{"line":52,"column":30},"end":{"line":52,"column":32}},"28":{"start":{"line":53,"column":19},"end":{"line":53,"column":32}},"29":{"start":{"line":54,"column":27},"end":{"line":54,"column":29}},"30":{"start":{"line":55,"column":2},"end":{"line":89,"column":3}},"31":{"start":{"line":59,"column":17},"end":{"line":59,"column":22}},"32":{"start":{"line":60,"column":4},"end":{"line":74,"column":5}},"33":{"start":{"line":61,"column":6},"end":{"line":73,"column":7}},"34":{"start":{"line":62,"column":8},"end":{"line":64,"column":9}},"35":{"start":{"line":63,"column":10},"end":{"line":63,"column":59}},"36":{"start":{"line":63,"column":37},"end":{"line":63,"column":51}},"37":{"start":{"line":63,"column":52},"end":{"line":63,"column":57}},"38":{"start":{"line":67,"column":22},"end":{"line":67,"column":41}},"39":{"start":{"line":68,"column":8},"end":{"line":72,"column":9}},"40":{"start":{"line":69,"column":20},"end":{"line":69,"column":28}},"41":{"start":{"line":70,"column":20},"end":{"line":70,"column":44}},"42":{"start":{"line":71,"column":10},"end":{"line":71,"column":null}},"43":{"start":{"line":71,"column":28},"end":{"line":71,"column":null}},"44":{"start":{"line":76,"column":4},"end":{"line":79,"column":5}},"45":{"start":{"line":78,"column":6},"end":{"line":78,"column":14}},"46":{"start":{"line":82,"column":4},"end":{"line":87,"column":5}},"47":{"start":{"line":83,"column":7},"end":{"line":86,"column":8}},"48":{"start":{"line":84,"column":23},"end":{"line":84,"column":40}},"49":{"start":{"line":85,"column":10},"end":{"line":85,"column":null}},"50":{"start":{"line":88,"column":4},"end":{"line":88,"column":76}},"51":{"start":{"line":90,"column":2},"end":{"line":90,"column":null}},"52":{"start":{"line":90,"column":32},"end":{"line":90,"column":null}},"53":{"start":{"line":93,"column":14},"end":{"line":93,"column":42}},"54":{"start":{"line":94,"column":2},"end":{"line":97,"column":3}},"55":{"start":{"line":95,"column":17},"end":{"line":95,"column":32}},"56":{"start":{"line":96,"column":4},"end":{"line":96,"column":64}},"57":{"start":{"line":96,"column":45},"end":{"line":96,"column":64}},"58":{"start":{"line":98,"column":2},"end":{"line":98,"column":60}},"59":{"start":{"line":102,"column":13},"end":{"line":102,"column":96}},"60":{"start":{"line":103,"column":22},"end":{"line":103,"column":39}},"61":{"start":{"line":104,"column":23},"end":{"line":104,"column":40}},"62":{"start":{"line":106,"column":16},"end":{"line":125,"column":3}},"63":{"start":{"line":107,"column":4},"end":{"line":116,"column":5}},"64":{"start":{"line":108,"column":6},"end":{"line":115,"column":7}},"65":{"start":{"line":109,"column":21},"end":{"line":109,"column":35}},"66":{"start":{"line":110,"column":18},"end":{"line":110,"column":29}},"67":{"start":{"line":111,"column":8},"end":{"line":114,"column":9}},"68":{"start":{"line":113,"column":13},"end":{"line":113,"column":null}},"69":{"start":{"line":118,"column":4},"end":{"line":123,"column":5}},"70":{"start":{"line":119,"column":19},"end":{"line":119,"column":45}},"71":{"start":{"line":120,"column":7},"end":{"line":122,"column":8}},"72":{"start":{"line":121,"column":10},"end":{"line":121,"column":null}},"73":{"start":{"line":124,"column":4},"end":{"line":124,"column":null}},"74":{"start":{"line":126,"column":2},"end":{"line":126,"column":null}},"75":{"start":{"line":127,"column":19},"end":{"line":133,"column":4}},"76":{"start":{"line":129,"column":4},"end":{"line":129,"column":47}},"77":{"start":{"line":129,"column":34},"end":{"line":129,"column":47}},"78":{"start":{"line":131,"column":4},"end":{"line":131,"column":73}},"79":{"start":{"line":131,"column":60},"end":{"line":131,"column":73}},"80":{"start":{"line":132,"column":4},"end":{"line":132,"column":16}},"81":{"start":{"line":134,"column":2},"end":{"line":134,"column":null}},"82":{"start":{"line":138,"column":10},"end":{"line":138,"column":13}},"83":{"start":{"line":139,"column":38},"end":{"line":139,"column":40}},"84":{"start":{"line":140,"column":33},"end":{"line":140,"column":67}},"85":{"start":{"line":141,"column":21},"end":{"line":141,"column":62}},"86":{"start":{"line":142,"column":16},"end":{"line":142,"column":94}},"87":{"start":{"line":144,"column":22},"end":{"line":144,"column":24}},"88":{"start":{"line":145,"column":15},"end":{"line":145,"column":32}},"89":{"start":{"line":146,"column":15},"end":{"line":146,"column":43}},"90":{"start":{"line":147,"column":2},"end":{"line":147,"column":null}},"91":{"start":{"line":147,"column":27},"end":{"line":147,"column":null}},"92":{"start":{"line":148,"column":18},"end":{"line":148,"column":36}},"93":{"start":{"line":149,"column":57},"end":{"line":149,"column":59}},"94":{"start":{"line":150,"column":20},"end":{"line":154,"column":3}},"95":{"start":{"line":151,"column":14},"end":{"line":151,"column":31}},"96":{"start":{"line":152,"column":14},"end":{"line":152,"column":24}},"97":{"start":{"line":153,"column":4},"end":{"line":153,"column":null}},"98":{"start":{"line":153,"column":35},"end":{"line":153,"column":55}},"99":{"start":{"line":156,"column":23},"end":{"line":165,"column":3}},"100":{"start":{"line":157,"column":29},"end":{"line":157,"column":33}},"101":{"start":{"line":158,"column":4},"end":{"line":163,"column":5}},"102":{"start":{"line":159,"column":6},"end":{"line":161,"column":7}},"103":{"start":{"line":160,"column":8},"end":{"line":160,"column":null}},"104":{"start":{"line":162,"column":6},"end":{"line":162,"column":null}},"105":{"start":{"line":164,"column":4},"end":{"line":164,"column":null}},"106":{"start":{"line":167,"column":19},"end":{"line":313,"column":3}},"107":{"start":{"line":168,"column":4},"end":{"line":168,"column":31}},"108":{"start":{"line":168,"column":25},"end":{"line":168,"column":31}},"109":{"start":{"line":170,"column":4},"end":{"line":232,"column":5}},"110":{"start":{"line":171,"column":33},"end":{"line":171,"column":54}},"111":{"start":{"line":172,"column":6},"end":{"line":174,"column":7}},"112":{"start":{"line":173,"column":8},"end":{"line":173,"column":null}},"113":{"start":{"line":175,"column":24},"end":{"line":175,"column":43}},"114":{"start":{"line":176,"column":6},"end":{"line":231,"column":7}},"115":{"start":{"line":177,"column":19},"end":{"line":177,"column":39}},"116":{"start":{"line":178,"column":18},"end":{"line":178,"column":30}},"117":{"start":{"line":179,"column":23},"end":{"line":179,"column":71}},"118":{"start":{"line":180,"column":28},"end":{"line":180,"column":72}},"119":{"start":{"line":181,"column":31},"end":{"line":181,"column":102}},"120":{"start":{"line":194,"column":6},"end":{"line":230,"column":7}},"121":{"start":{"line":198,"column":21},"end":{"line":198,"column":33}},"122":{"start":{"line":199,"column":30},"end":{"line":199,"column":35}},"123":{"start":{"line":200,"column":8},"end":{"line":205,"column":9}},"124":{"start":{"line":201,"column":12},"end":{"line":204,"column":13}},"125":{"start":{"line":202,"column":16},"end":{"line":202,"column":null}},"126":{"start":{"line":203,"column":16},"end":{"line":203,"column":21}},"127":{"start":{"line":207,"column":8},"end":{"line":229,"column":9}},"128":{"start":{"line":208,"column":24},"end":{"line":208,"column":152}},"129":{"start":{"line":209,"column":25},"end":{"line":209,"column":53}},"130":{"start":{"line":210,"column":24},"end":{"line":210,"column":68}},"131":{"start":{"line":211,"column":12},"end":{"line":228,"column":13}},"132":{"start":{"line":212,"column":14},"end":{"line":212,"column":null}},"133":{"start":{"line":213,"column":14},"end":{"line":213,"column":null}},"134":{"start":{"line":216,"column":14},"end":{"line":227,"column":15}},"135":{"start":{"line":217,"column":35},"end":{"line":217,"column":102}},"136":{"start":{"line":218,"column":16},"end":{"line":226,"column":null}},"137":{"start":{"line":233,"column":4},"end":{"line":274,"column":5}},"138":{"start":{"line":234,"column":19},"end":{"line":234,"column":45}},"139":{"start":{"line":235,"column":24},"end":{"line":235,"column":42}},"140":{"start":{"line":236,"column":6},"end":{"line":273,"column":7}},"141":{"start":{"line":237,"column":19},"end":{"line":237,"column":39}},"142":{"start":{"line":238,"column":21},"end":{"line":238,"column":38}},"143":{"start":{"line":239,"column":8},"end":{"line":272,"column":9}},"144":{"start":{"line":240,"column":25},"end":{"line":240,"column":81}},"145":{"start":{"line":241,"column":21},"end":{"line":241,"column":47}},"146":{"start":{"line":242,"column":11},"end":{"line":271,"column":12}},"147":{"start":{"line":243,"column":28},"end":{"line":243,"column":47}},"148":{"start":{"line":244,"column":26},"end":{"line":244,"column":63}},"149":{"start":{"line":245,"column":25},"end":{"line":245,"column":67}},"150":{"start":{"line":249,"column":13},"end":{"line":270,"column":14}},"151":{"start":{"line":262,"column":31},"end":{"line":262,"column":76}},"152":{"start":{"line":263,"column":31},"end":{"line":263,"column":44}},"153":{"start":{"line":264,"column":25},"end":{"line":264,"column":52}},"154":{"start":{"line":265,"column":15},"end":{"line":269,"column":16}},"155":{"start":{"line":266,"column":17},"end":{"line":266,"column":null}},"156":{"start":{"line":267,"column":17},"end":{"line":267,"column":null}},"157":{"start":{"line":268,"column":17},"end":{"line":268,"column":null}},"158":{"start":{"line":275,"column":4},"end":{"line":311,"column":5}},"159":{"start":{"line":276,"column":41},"end":{"line":276,"column":43}},"160":{"start":{"line":277,"column":31},"end":{"line":277,"column":52}},"161":{"start":{"line":278,"column":6},"end":{"line":281,"column":7}},"162":{"start":{"line":279,"column":8},"end":{"line":279,"column":null}},"163":{"start":{"line":280,"colu
[...]
name":"(anonymous_2)","decl":{"start":{"line":51,"column":16},"end":{"line":51,"column":17}},"loc":{"start":{"line":51,"column":40},"end":{"line":85,"column":3}}},"2":{"name":"(anonymous_3)","decl":{"start":{"line":90,"column":20},"end":{"line":90,"column":21}},"loc":{"start":{"line":90,"column":30},"end":{"line":90,"column":47}}},"3":{"name":"isIdentifierInValidContext","decl":{"start":{"line":107,"column":9},"end":{"line":107,"column":35}},"loc":{"start":{"line":107,"column":88},"end":{"line":290,"column":1}}},"4":{"name":"isValidIdentifier","decl":{"start":{"line":297,"column":9},"end":{"line":297,"column":26}},"loc":{"start":{"line":297,"column":39},"end":{"line":326,"column":1}}},"5":{"name":"isIdentifierChar","decl":{"start":{"line":333,"column":9},"end":{"line":333,"column":25}},"loc":{"start":{"line":333,"column":38},"end":{"line":335,"column":1}}},"6":{"name":"renameMultipleVariables","decl":{"start":{"line":343,"column":16},"end":{"line":343,"column":39}},"loc":{"start":{"line":345,"column":33},"end":{"line":365,"column":1}}},"7":{"name":"(anonymous_8)","decl":{"start":{"line":354,"column":4},"end":{"line":354,"column":5}},"loc":{"start":{"line":354,"column":18},"end":{"line":354,"column":37}}}},"branchMap":{"0":{"loc":{"start":{"line":25,"column":2},"end":{"line":25,"column":30}},"type":"default-arg","locations":[{"start":{"line":25,"column":26},"end":{"line":25,"column":30}}]},"1":{"loc":{"start":{"line":41,"column":2},"end":{"line":44,"column":3}},"type":"if","locations":[{"start":{"line":41,"column":2},"end":{"line":44,"column":3}}]},"2":{"loc":{"start":{"line":41,"column":6},"end":{"line":41,"column":64}},"type":"binary-expr","locations":[{"start":{"line":41,"column":6},"end":{"line":41,"column":33}},{"start":{"line":41,"column":37},"end":{"line":41,"column":64}}]},"3":{"loc":{"start":{"line":46,"column":2},"end":{"line":48,"column":3}},"type":"if","locations":[{"start":{"line":46,"column":2},"end":{"line":48,"column":3}}]},"4":{"loc":{"start":{"line":53,"column":4},"end":{"line":81,"column":5}},"type":"if","locations":[{"start":{"line":53,"column":4},"end":{"line":81,"column":5}}]},"5":{"loc":{"start":{"line":54,"column":6},"end":{"line":80,"column":7}},"type":"if","locations":[{"start":{"line":54,"column":6},"end":{"line":80,"column":7}},{"start":{"line":72,"column":13},"end":{"line":80,"column":7}}]},"6":{"loc":{"start":{"line":56,"column":8},"end":{"line":71,"column":9}},"type":"if","locations":[{"start":{"line":56,"column":8},"end":{"line":71,"column":9}}]},"7":{"loc":{"start":{"line":56,"column":12},"end":{"line":56,"column":81}},"type":"binary-expr","locations":[{"start":{"line":56,"column":12},"end":{"line":56,"column":33}},{"start":{"line":56,"column":37},"end":{"line":56,"column":81}}]},"8":{"loc":{"start":{"line":63,"column":29},"end":{"line":63,"column":73}},"type":"cond-expr","locations":[{"start":{"line":63,"column":41},"end":{"line":63,"column":67}},{"start":{"line":63,"column":70},"end":{"line":63,"column":73}}]},"9":{"loc":{"start":{"line":64,"column":28},"end":{"line":64,"column":78}},"type":"cond-expr","locations":[{"start":{"line":64,"column":52},"end":{"line":64,"column":72}},{"start":{"line":64,"column":75},"end":{"line":64,"column":78}}]},"10":{"loc":{"start":{"line":67,"column":10},"end":{"line":70,"column":11}},"type":"if","locations":[{"start":{"line":67,"column":10},"end":{"line":70,"column":11}}]},"11":{"loc":{"start":{"line":67,"column":14},"end":{"line":67,"column":75}},"type":"binary-expr","locations":[{"start":{"line":67,"column":14},"end":{"line":67,"column":43}},{"start":{"line":67,"column":47},"end":{"line":67,"column":75}}]},"12":{"loc":{"start":{"line":74,"column":8},"end":{"line":79,"column":9}},"type":"if","locations":[{"start":{"line":74,"column":8},"end":{"line":79,"column":9}}]},"13":{"loc":{"start":{"line":111,"column":2},"end":{"line":117,"column":3}},"type":"if","locations":[{"start":{"line":111,"column":2},"end":{"line":117,"column":3}}]},"14":{"loc":{"start":{"line":112,"column":4},"end":{"line":113,"column":30}},"type":"binary-expr","locations":[{"start":{"line":112,"column":4},"end":{"line":112,"column":41}},{"start":{"line":113,"column":4},"end":{"line":113,"column":30}}]},"15":{"loc":{"start":{"line":119,"column":2},"end":{"line":125,"column":3}},"type":"if","locations":[{"start":{"line":119,"column":2},"end":{"line":125,"column":3}}]},"16":{"loc":{"start":{"line":120,"column":4},"end":{"line":121,"column":36}},"type":"binary-expr","locations":[{"start":{"line":120,"column":4},"end":{"line":120,"column":41}},{"start":{"line":121,"column":4},"end":{"line":121,"column":36}}]},"17":{"loc":{"start":{"line":127,"column":2},"end":{"line":130,"column":3}},"type":"if","locations":[{"start":{"line":127,"column":2},"end":{"line":130,"column":3}}]},"18":{"loc":{"start":{"line":127,"column":6},"end":{"line":127,"column":68}},"type":"binary-expr","locations":[{"start":{"line":127,"column":6},"end":{"line":127,"column":38}},{"start":{"line":127,"column":42},"end":{"line":127,"column":68}}]},"19":{"loc":{"start":{"line":132,"column":2},"end":{"line":135,"column":3}},"type":"if","locations":[{"start":{"line":132,"column":2},"end":{"line":135,"column":3}}]},"20":{"loc":{"start":{"line":132,"column":6},"end":{"line":132,"column":63}},"type":"binary-expr","locations":[{"start":{"line":132,"column":6},"end":{"line":132,"column":33}},{"start":{"line":132,"column":37},"end":{"line":132,"column":63}}]},"21":{"loc":{"start":{"line":137,"column":2},"end":{"line":140,"column":3}},"type":"if","locations":[{"start":{"line":137,"column":2},"end":{"line":140,"column":3}}]},"22":{"loc":{"start":{"line":137,"column":6},"end":{"line":137,"column":58}},"type":"binary-expr","locations":[{"start":{"line":137,"column":6},"end":{"line":137,"column":28}},{"start":{"line":137,"column":32},"end":{"line":137,"column":58}}]},"23":{"loc":{"start":{"line":142,"column":2},"end":{"line":145,"column":3}},"type":"if","locations":[{"start":{"line":142,"column":2},"end":{"line":145,"column":3}}]},"24":{"loc":{"start":{"line":142,"column":6},"end":{"line":142,"column":68}},"type":"binary-expr","locations":[{"start":{"line":142,"column":6},"end":{"line":142,"column":38}},{"start":{"line":142,"column":42},"end":{"line":142,"column":68}}]},"25":{"loc":{"start":{"line":147,"column":2},"end":{"line":150,"column":3}},"type":"if","locations":[{"start":{"line":147,"column":2},"end":{"line":150,"column":3}}]},"26":{"loc":{"start":{"line":147,"column":6},"end":{"line":147,"column":66}},"type":"binary-expr","locations":[{"start":{"line":147,"column":6},"end":{"line":147,"column":36}},{"start":{"line":147,"column":40},"end":{"line":147,"column":66}}]},"27":{"loc":{"start":{"line":152,"column":2},"end":{"line":155,"column":3}},"type":"if","locations":[{"start":{"line":152,"column":2},"end":{"line":155,"column":3}}]},"28":{"loc":{"start":{"line":152,"column":6},"end":{"line":152,"column":76}},"type":"binary-expr","locations":[{"start":{"line":152,"column":6},"end":{"line":152,"column":46}},{"start":{"line":152,"column":50},"end":{"line":152,"column":76}}]},"29":{"loc":{"start":{"line":157,"column":2},"end":{"line":160,"column":3}},"type":"if","locations":[{"start":{"line":157,"column":2},"end":{"line":160,"column":3}}]},"30":{"loc":{"start":{"line":157,"column":6},"end":{"line":157,"column":68}},"type":"binary-expr","locations":[{"start":{"line":157,"column":6},"end":{"line":157,"column":38}},{"start":{"line":157,"column":42},"end":{"line":157,"column":68}}]},"31":{"loc":{"start":{"line":162,"column":2},"end":{"line":165,"column":3}},"type":"if","locations":[{"start":{"line":162,"column":2},"end":{"line":165,"column":3}}]},"32":{"loc":{"start":{"line":162,"column":6},"end":{"line":162,"column":65}},"type":"binary-expr","locations":[{"start":{"line":162,"column":6},"end":{"line":162,"column":35}},{"start":{"line":162,"column":39},"end":{"line":162,"column":65}}]},"33":{"loc":{"start":{"line":167,"column":2},"end":{"line":170,"column":3}},"type":"if","locations":[{"start":{"line":167,"column":2},"end":{"line":170,"column":3}}]},"34":{"loc":{"start":{"line":167,"column":6},"end":{"line":167,"column":69}},"type":"binary-expr","locations":[{"start":{"line":167,"column":6},"end":{"line":167,"column":39}},{"start":{"line":167,"column":43},"end":{"line":167,"column":69}}]},"35":{"loc":{"start":{"line":172,"column":2},"end":{"line":175,"column":3}},"type":"if","locations":[{"start":{"line":172,"column":2},"end":{"line":175,"column":3}}]},"36":{"loc":{"start":{"line":172,"column":6},"end":{"line":172,"column":64}},"type":"binary-expr","locations":[{"start":{"line":172,"column":6},"end":{"line":172,"column":34}},{"start":{"line":172,"column":38},"end":{"line":172,"column":64}}]},"37":{"loc":{"start":{"line":177,"column":2},"end":{"line":180,"column":3}},"type":"if","locations":[{"start":{"line":177,"column":2},"end":{"line":180,"column":3}}]},"38":{"loc":{"start":{"line":177,"column":6},"end":{"line":177,"column":69}},"type":"binary-expr","locations":[{"start":{"line":177,"column":6},"end":{"line":177,"column":39}},{"start":{"line":177,"column":43},"end":{"line":177,"column":69}}]},"39":{"loc":{"start":{"line":182,"column":2},"end":{"line":185,"column":3}},"type":"if","locations":[{"start":{"line":182,"column":2},"end":{"line":185,"column":3}}]},"40":{"loc":{"start":{"line":182,"column":6},"end":{"line":182,"column":66}},"type":"binary-expr","locations":[{"start":{"line":182,"column":6},"end":{"line":182,"column":36}},{"start":{"line":182,"column":40},"end":{"line":182,"column":66}}]},"41":{"loc":{"start":{"line":187,"column":2},"end":{"line":190,"column":3}},"type":"if","locations":[{"start":{"line":187,"column":2},"end":{"line":190,"column":3}}]},"42":{"loc":{"start":{"line":187,"column":6},"end":{"line":187,"column":64}},"type":"binary-expr","locations":[{"start":{"line":187,"column":6},"end":{"line":187,"column":34}},{"start":{"line":187,"column":38},"end":{"line":187,"column":64}}]},"43":{"loc":{"start":{"line":193,"column":2},"end":{"line":196,"column":3}},"type":"if","locations":[{"start":{"line":193,"column":2},"end":{"line":196,"column":3}}]},"44":{"loc":{"start":{"line":193,"column":6},"end":{"line":193,"column":95}},"type":"binary-expr","locations":[{"start":{"line":193,"column":6},"end":{"line":193,"column":34}},{"start":{"line":193,"column":38},"end":{"line":193,"column":57}},{"start":{"line":193,"column":61},"end":{"line":193,"column":95}}]},"45":{"loc":{"start":{"line":198,"column":2},"end":{"line":201,"column":3}},"type":"if","locations":[{"start":{"line":198,"column":2},"end":{"line":201,"column":3}}]},"46":{"loc":{"start":{"line":198,"column":6},"end":{"line":198,"column":61}},"type":"binary-expr","locations":[{"start":{"line":198,"column":6},"end":{"line":198,"column":31}},{"start":{"line":198,"column":35},"end":{"line":198,"column":61}}]},"47":{"loc":{"start":{"line":203,"column":2},"end":{"line":206,"column":3}},"type":"if","locations":[{"start":{"line":203,"column":2},"end":{"line":206,"column":3}}]},"48":{"loc":{"start":{"line":203,"column":6},"end":{"line":203,"column":64}},"type":"binary-expr","locations":[{"start":{"line":203,"column":6},"end":{"line":203,"column":34}},{"start":{"line":203,"column":38},"end":{"line":203,"column":64}}]},"49":{"loc":{"start":{"line":208,"column":2},"end":{"line":211,"column":3}},"type":"if","locations":[{"start":{"line":208,"column":2},"end":{"line":211,"column":3}}]},"50":{"loc":{"start":{"line":208,"column":6},"end":{"line":208,"column":64}},"type":"binary-expr","locations":[{"start":{"line":208,"column":6},"end":{"line":208,"column":34}},{"start":{"line":208,"column":38},"end":{"line":208,"column":64}}]},"51":{"loc":{"start":{"line":214,"column":2},"end":{"line":217,"column":3}},"type":"if","locations":[{"start":{"line":214,"column":2},"end":{"line":217,"column":3}}]},"52":{"loc":{"start":{"line":214,"column":6},"end":{"line":214,"column":95}},"type":"binary-expr","locations":[{"start":{"line":214,"column":6},"end":{"line":214,"column":34}},{"start":{"line":214,"column":38},"end":{"line":214,"column":57}},{"start":{"line":214,"column":61},"end":{"line":214,"column":95}}]},"53":{"loc":{"start":{"line":220,"column":2},"end":{"line":222,"column":3}},"type":"if","locations":[{"start":{"line":220,"column":2},"end":{"line":222,"column":3}}]},"54":{"loc":{"start":{"line":220,"column":6},"end":{"line":220,"column":70}},"type":"binary-expr","locations":[{"start":{"line":220,"column":6},"end":{"line":220,"column":36}},{"start":{"line":220,"column":40},"end":{"line":220,"column":70}}]},"55":{"loc":{"start":{"line":225,"column":2},"end":{"line":244,"column":3}},"type":"if","locations":[{"start":{"line":225,"column":2},"end":{"line":244,"column":3}}]},"56":{"loc":{"start":{"line":226,"column":4},"end":{"line":241,"column":27}},"type":"binary-expr","locations":[{"start":{"line":226,"column":4},"end":{"line":226,"column":27}},{"start":{"line":227,"column":4},"end":{"line":227,"column":41}},{"start":{"line":228,"column":4},"end":{"line":228,"column":40}},{"start":{"line":229,"column":4},"end":{"line":229,"column":31}},{"start":{"line":230,"column":4},"end":{"line":230,"column":30}},{"start":{"line":231,"column":4},"end":{"line":231,"column":33}},{"start":{"line":232,"column":4},"end":{"line":232,"column":32}},{"start":{"line":233,"column":4},"end":{"line":233,"column":31}},{"start":{"line":234,"column":4},"end":{"line":234,"column":36}},{"start":{"line":235,"column":4},"end":{"line":235,"column":28}},{"start":{"line":236,"column":4},"end":{"line":236,"column":31}},{"start":{"line":237,"column":4},"end":{"line":237,"column":29}},{"start":{"line":238,"column":4},"end":{"line":238,"column":31}},{"start":{"line":239,"column":4},"end":{"line":239,"column":31}},{"start":{"line":240,"column":4},"end":{"line":240,"column":32}},{"start":{"line":241,"column":4},"end":{"line":241,"column":27}}]},"57":{"loc":{"start":{"line":247,"column":2},"end":{"line":249,"column":3}},"type":"if","locations":[{"start":{"line":247,"column":2},"end":{"line":249,"column":3}}]},"58":{"loc":{"start":{"line":247,"column":6},"end":{"line":247,"column":67}},"type":"binary-expr","locations":[{"start":{"line":247,"column":6},"end":{"line":247,"column":37}},{"start":{"line":247,"column":41},"end":{"line":247,"column":67}}]},"59":{"loc":{"start":{"line":252,"column":2},"end":{"line":254,"column":3}},"type":"if","locations":[{"start":{"line":252,"column":2},"end":{"line":254,"column":3}}]},"60":{"loc":{"start":{"line":252,"column":6},"end":{"line":252,"column":66}},"type":"binary-expr","locations":[{"start":{"line":252,"column":6},"end":{"line":252,"column":36}},{"start":{"line":252,"column":40},"end":{"line":252,"column":66}}]},"61":{"loc":{"start":{"line":257,"column":2},"end":{"line":259,"column":3}},"type":"if","locations":[{"start":{"line":257,"column":2},"end":{"line":259,"column":3}}]},"62":{"loc":{"start":{"line":257,"column":6},"end":{"line":257,"column":80}},"type":"binary-expr","locations":[{"start":{"line":257,"column":6},"end":{"line":257,"column":41}},{"start":{"line":257,"column":45},"end":{"line":257,"column":80}}]},"63":{"loc":{"start":{"line":262,"column":2},"end":{"line":264,"column":3}},"type":"if","locations":[{"start":{"line":262,"column":2},"end":{"line":264,"column":3}}]},"64":{"loc":{"start":{"line":262,"column":6},"end":{"line":262,"column":66}},"type":"binary-expr","locations":[{"start":{"line":262,"column":6},"end":{"line":262,"column":35}},{"start":{"line":262,"column":39},"end":{"line":262,"column":66}}]},"65":{"loc":{"start":{"line":267,"column":2},"end":{"line":269,"column":3}},"type":"if","locations":[{"start":{"line":267,"column":2},"end":{"line":269,"column":3}}]},"66":{"loc":{"start":{"line":267,"column":6},"end":{"line":267,"column":100}},"type":"binary-expr","locations":[{"start":{"line":267,"column":7},"end":{"line":267,"column":34}},{"start":{"line":267,"column":38},"end":{"line":267,"column":68}},{"start":{"line":267,"column":73},"end":{"line":267,"column":100}}]},"67":{"loc":{"start":{"line":272,"column":2},"end":{"line":274,"column":3}},"type":"if","locations":[{"start":{"line":272,"column":2},"end":{"line":274,"column":3}}]},"68":{"loc":{"start":{"line":272,"column":6},"end":{"line":272,"column":110}},"type":"binary-expr","locations":[{"start":{"line":272,"column":6},"end":{"line":272,"column":30}},{"start":{"line":272,"column":34},"end":{"line":272,"column":60}},{"start":{"line":272,"column":64},"end":{"line":272,"column":110}}]},"69":{"loc":{"start":{"line":277,"column":2},"end":{"line":279,"column":3}},"type":"if","locations":[{"start":{"line":277,"column":2},"end":{"line":279,"column":3}}]},"70":{"loc":{"start":{"line":277,"column":6},"end":{"line":277,"column":66}},"type":"binary-expr","locations":[{"start":{"line":277,"column":6},"end":{"line":277,"column":35}},{"start":{"line":277,"column":39},"end":{"line":277,"column":66}}]},"71":{"loc":{"start":{"line":282,"column":2},"end":{"line":286,"column":3}},"type":"if","locations":[{"start":{"line":282,"column":2},"end":{"line":286,"column":3}}]},"72":{"loc":{"start":{"line":282,"column":6},"end":{"line":284,"column":59}},"type":"binary-expr","locations":[{"start":{"line":282,"column":6},"end":{"line":282,"column":28}},{"start":{"line":282,"column":32},"end":{"line":282,"column":70}},{"start":{"line":283,"column":6},"end":{"line":283,"column":51}},{"start":{"line":284,"column":6},"end":{"line":284,"column":59}}]},"73":{"loc":{"start":{"line":298,"column":2},"end":{"line":300,"column":3}},"type":"if","locations":[{"start":{"line":298,"column":2},"end":{"line":300,"column":3}}]},"74":{"loc":{"start":{"line":298,"column":6},"end":{"line":298,"column":39}},"type":"binary-expr","locations":[{"start":{"line":298,"column":6},"end":{"line":298,"column":11}},{"start":{"line":298,"column":15},"end":{"line":298,"column":39}}]},"75":{"loc":{"start":{"line":303,"column":2},"end":{"line":305,"column":3}},"type":"if","locations":[{"start":{"line":303,"column":2},"end":{"line":305,"column":3}}]},"76":{"loc":{"start":{"line":308,"column":2},"end":{"line":310,"column":3}},"type":"if","locations":[{"start":{"line":308,"column":2},"end":{"line":310,"column":3}}]}},"s":{"0":1,"1":17,"2":17,"3":17,"4":17,"5":17,"6":2,"7":2,"8":15,"9":1,"10":14,"11":282,"12":82,"13":82,"14":35,"15":35,"16":35,"17":35,"18":35,"19":35,"20":35,"21":35,"22":0,"23":0,"24":0,"25":0,"26":0,"27":282,"28":14,"29":14,"30":21,"31":14,"32":14,"33":35,"34":14,"35":1,"36":35,"37":35,"38":4,"39":31,"40":1,"41":30,"42":9,"43":21,"44":2,"45":19,"46":1,"47":18,"48":2,"49":16,"50":0,"51":16,"52":0,"53":16,"54":0,"55":16,"56":0,"57":16,"58":0,"59":16,"60":0,"61":16,"62":0,"63":16,"64":0,"65":16,"66":1,"67":15,"68":1,"69":14,"70":0,"71":14,"72":0,"73":14,"74":0,"75":14,"76":0,"77":14,"78":0,"79":14,"80":13,"81":1,"82":0,"83":1,"84":1,"85":0,"86":0,"87":0,"88":0,"89":0,"90":0,"91":0,"92":0,"93":0,"94":0,"95":0,"96":0,"97":0,"98":33,"99":0,"100":33,"101":0,"102":33,"103":1,"104":32,"105":32,"106":70,"107":2,"108":2,"109":2,"110":2,"111":2,"112":2,"113":4,"114":4,"115":4,"116":4,"117":2,"118":1},"f":{"0":17,"1":282,"2":21,"3":35,"4":33,"5":70,"6":2,"7":2},"b":{"0":[17],"1":[2],"2":[17,16],"3":[1],"4":[82],"5":[82,0],"6":[35],"7":[82,35],"8":[35,0],"9":[35,0],"10":[35],"11":[35,35],"12":[0],"13":[4],"14":[35,5],"15":[1],"16":[31,1],"17":[9],"18":[30,9],"19":[2],"20":[21,2],"21":[1],"22":[19,1],"23":[2],"24":[18,2],"25":[0],"26":[16,0],"27":[0],"28":[16,0],"29":[0],"30":[16,0],"31":[0],"32":[16,0],"33":[0],"34":[16,0],"35":[0],"36":[16,0],"37":[0],"38":[16,0],"39":[0],"40":[16,0],"41":[1],"42":[16,2],"43":[1],"44":[15,1,1],"45":[0],"46":[14,0],"47":[0],"48":[14,0],"49":[0],"50":[14,0],"51":[0],"52":[14,0,0],"53":[0],"54":[14,0],"55":[13],"56":[14,14,14,14,4,4,2,1,1,1,1,1,1,1,1,1],"57":[0],"58":[1,0],"59":[1],"60":[1,1],"61":[0],"62":[0,0],"63":[0],"64":[0,0],"65":[0],"66":[0,0,0],"67":[0],"68":[0,0,0],"69":[0],"70":[0,0],"71":[0],"72":[0,0,0,0],"73":[0],"74":[33,33],"75":[0],"76":[1]}}
}
