TN:
SF:i18n-refactor/src/analyzer/html-template-analyzer.ts
FN:39,(anonymous_6)
FN:43,(anonymous_7)
FN:48,(anonymous_8)
FN:54,(anonymous_9)
FN:65,(anonymous_10)
FN:131,(anonymous_11)
FN:173,(anonymous_12)
FNF:7
FNH:0
FNDA:0,(anonymous_6)
FNDA:0,(anonymous_7)
FNDA:0,(anonymous_8)
FNDA:0,(anonymous_9)
FNDA:0,(anonymous_10)
FNDA:0,(anonymous_11)
FNDA:0,(anonymous_12)
DA:2,1
DA:31,1
DA:40,0
DA:42,0
DA:43,0
DA:44,0
DA:46,0
DA:48,0
DA:49,0
DA:50,0
DA:51,0
DA:52,0
DA:54,0
DA:55,0
DA:57,0
DA:61,0
DA:62,0
DA:80,0
DA:83,0
DA:87,0
DA:89,0
DA:90,0
DA:92,0
DA:93,0
DA:96,0
DA:113,0
DA:114,0
DA:116,0
DA:117,0
DA:119,0
DA:143,0
DA:145,0
DA:146,0
DA:147,0
DA:149,0
DA:150,0
DA:151,0
DA:152,0
DA:153,0
DA:156,0
DA:158,0
DA:159,0
DA:161,0
DA:174,0
LF:44
LH:2
BRDA:40,0,0,0
BRDA:49,1,0,0
BRDA:49,1,1,0
BRDA:51,2,0,0
BRDA:114,3,0,0
BRDA:143,4,0,0
BRDA:156,5,0,0
BRDA:174,6,0,0
BRDA:174,6,1,0
BRDA:174,6,2,0
BRDA:174,6,3,0
BRF:11
BRH:0
end_of_record
TN:
SF:i18n-refactor/src/analyzer/project-analyzer.ts
FN:15,(anonymous_6)
FN:31,(anonymous_7)
FN:47,(anonymous_8)
FN:51,(anonymous_9)
FN:67,(anonymous_10)
FN:71,(anonymous_11)
FN:113,(anonymous_12)
FN:126,(anonymous_13)
FN:180,(anonymous_14)
FN:187,(anonymous_15)
FN:200,(anonymous_16)
FN:220,(anonymous_17)
FN:231,(anonymous_18)
FN:244,(anonymous_19)
FN:255,(anonymous_20)
FN:267,(anonymous_21)
FNF:16
FNH:0
FNDA:0,(anonymous_6)
FNDA:0,(anonymous_7)
FNDA:0,(anonymous_8)
FNDA:0,(anonymous_9)
FNDA:0,(anonymous_10)
FNDA:0,(anonymous_11)
FNDA:0,(anonymous_12)
FNDA:0,(anonymous_13)
FNDA:0,(anonymous_14)
FNDA:0,(anonymous_15)
FNDA:0,(anonymous_16)
FNDA:0,(anonymous_17)
FNDA:0,(anonymous_18)
FNDA:0,(anonymous_19)
FNDA:0,(anonymous_20)
FNDA:0,(anonymous_21)
DA:1,1
DA:2,1
DA:3,1
DA:5,1
DA:6,1
DA:8,1
DA:11,0
DA:12,0
DA:13,0
DA:15,0
DA:16,0
DA:17,0
DA:20,0
DA:21,0
DA:27,0
DA:28,0
DA:32,0
DA:34,0
DA:35,0
DA:36,0
DA:38,0
DA:41,0
DA:49,0
DA:51,0
DA:53,0
DA:55,0
DA:57,0
DA:59,0
DA:62,0
DA:63,0
DA:69,0
DA:71,0
DA:72,0
DA:77,0
DA:78,0
DA:79,0
DA:80,0
DA:84,0
DA:85,0
DA:86,0
DA:87,0
DA:90,0
DA:91,0
DA:100,0
DA:102,0
DA:104,0
DA:105,0
DA:106,0
DA:107,0
DA:108,0
DA:115,0
DA:116,0
DA:118,0
DA:127,0
DA:130,0
DA:131,0
DA:132,0
DA:133,0
DA:135,0
DA:136,0
DA:137,0
DA:138,0
DA:145,0
DA:146,0
DA:149,0
DA:150,0
DA:151,0
DA:156,0
DA:157,0
DA:161,0
DA:162,0
DA:163,0
DA:166,0
DA:174,0
DA:175,0
DA:181,0
DA:182,0
DA:184,0
DA:185,0
DA:187,0
DA:188,0
DA:189,0
DA:190,0
DA:192,0
DA:195,0
DA:197,0
DA:201,0
DA:202,0
DA:205,0
DA:206,0
DA:207,0
DA:209,0
DA:210,0
DA:214,0
DA:215,0
DA:216,0
DA:217,0
DA:218,0
DA:219,0
DA:220,0
DA:221,0
DA:226,0
DA:227,0
DA:231,0
DA:232,0
DA:233,0
DA:234,0
DA:235,0
DA:238,0
DA:240,0
DA:245,0
DA:246,0
DA:247,0
DA:248,0
DA:250,0
DA:252,0
DA:256,0
DA:257,0
DA:268,0
LF:119
LH:6
BRDA:16,0,0,0
BRDA:35,1,0,0
BRDA:35,2,0,0
BRDA:35,2,1,0
BRDA:53,3,0,0
BRDA:53,4,0,0
BRDA:53,4,1,0
BRDA:62,5,0,0
BRDA:72,6,0,0
BRDA:78,7,0,0
BRDA:80,8,0,0
BRDA:80,9,0,0
BRDA:80,9,1,0
BRDA:80,9,2,0
BRDA:85,10,0,0
BRDA:85,11,0,0
BRDA:85,11,1,0
BRDA:87,12,0,0
BRDA:87,13,0,0
BRDA:87,13,1,0
BRDA:87,13,2,0
BRDA:90,14,0,0
BRDA:104,15,0,0
BRDA:106,16,0,0
BRDA:115,17,0,0
BRDA:130,18,0,0
BRDA:130,18,1,0
BRDA:130,19,0,0
BRDA:130,19,1,0
BRDA:131,20,0,0
BRDA:131,20,1,0
BRDA:133,21,0,0
BRDA:136,22,0,0
BRDA:136,23,0,0
BRDA:136,23,1,0
BRDA:137,24,0,0
BRDA:137,24,1,0
BRDA:137,25,0,0
BRDA:137,25,1,0
BRDA:137,26,0,0
BRDA:137,26,1,0
BRDA:145,27,0,0
BRDA:145,27,1,0
BRDA:145,28,0,0
BRDA:145,28,1,0
BRDA:145,28,2,0
BRDA:146,29,0,0
BRDA:146,29,1,0
BRDA:150,30,0,0
BRDA:156,31,0,0
BRDA:156,31,1,0
BRDA:156,32,0,0
BRDA:156,32,1,0
BRDA:161,33,0,0
BRDA:161,33,1,0
BRDA:161,34,0,0
BRDA:161,34,1,0
BRDA:162,35,0,0
BRDA:162,35,1,0
BRDA:174,36,0,0
BRDA:174,37,0,0
BRDA:174,37,1,0
BRDA:182,38,0,0
BRDA:185,39,0,0
BRDA:188,40,0,0
BRDA:188,41,0,0
BRDA:188,41,1,0
BRDA:190,42,0,0
BRDA:190,43,0,0
BRDA:190,43,1,0
BRDA:190,43,2,0
BRDA:202,44,0,0
BRDA:206,45,0,0
BRDA:206,45,1,0
BRDA:209,46,0,0
BRDA:216,47,0,0
BRDA:216,48,0,0
BRDA:216,48,1,0
BRDA:218,49,0,0
BRDA:220,50,0,0
BRDA:220,51,0,0
BRDA:220,51,1,0
BRDA:220,52,0,0
BRDA:220,52,1,0
BRDA:226,53,0,0
BRDA:232,54,0,0
BRDA:232,55,0,0
BRDA:232,55,1,0
BRDA:234,56,0,0
BRDA:247,57,0,0
BRDA:247,58,0,0
BRDA:247,58,1,0
BRDA:247,58,2,0
BRDA:247,58,3,0
BRDA:247,58,4,0
BRDA:256,59,0,0
BRF:96
BRH:0
end_of_record
TN:
SF:i18n-refactor/src/cli/mode-dispatcher.ts
FN:10,dispatchMode
FNF:1
FNH:0
FNDA:0,dispatchMode
DA:1,1
DA:2,1
DA:3,1
DA:4,1
DA:5,1
DA:6,1
DA:10,1
DA:11,0
DA:13,0
DA:14,0
DA:16,0
DA:17,0
DA:19,0
DA:20,0
DA:22,0
DA:23,0
DA:26,0
DA:27,0
DA:29,0
DA:35,0
DA:37,0
DA:40,0
DA:42,0
DA:43,0
DA:45,0
LF:25
LH:7
BRDA:11,0,0,0
BRDA:11,0,1,0
BRDA:11,0,2,0
BRDA:11,0,3,0
BRDA:11,0,4,0
BRDA:11,0,5,0
BRDA:11,0,6,0
BRDA:11,0,7,0
BRDA:11,0,8,0
BRDA:11,0,9,0
BRDA:30,1,0,0
BRDA:30,1,1,0
BRDA:31,2,0,0
BRDA:31,2,1,0
BRDA:32,3,0,0
BRDA:32,3,1,0
BRDA:33,4,0,0
BRDA:33,4,1,0
BRDA:38,5,0,0
BRDA:38,5,1,0
BRDA:42,6,0,0
BRDA:42,6,1,0
BRF:22
BRH:0
end_of_record
TN:
SF:i18n-refactor/src/cli/orchestrator.ts
FN:16,(anonymous_6)
FN:24,(anonymous_7)
FN:33,(anonymous_8)
FN:50,(anonymous_9)
FN:60,(anonymous_10)
FNF:5
FNH:0
FNDA:0,(anonymous_6)
FNDA:0,(anonymous_7)
FNDA:0,(anonymous_8)
FNDA:0,(anonymous_9)
FNDA:0,(anonymous_10)
DA:1,1
DA:2,1
DA:3,1
DA:4,1
DA:5,1
DA:6,1
DA:7,1
DA:8,1
DA:10,1
DA:11,1
DA:12,1
DA:14,1
DA:17,0
DA:18,0
DA:19,0
DA:20,0
DA:21,0
DA:25,0
DA:30,0
DA:34,0
DA:35,0
DA:37,0
DA:39,0
DA:43,0
DA:45,0
DA:46,0
DA:47,0
DA:51,0
DA:52,0
DA:54,0
DA:56,0
DA:57,0
DA:61,0
DA:62,0
LF:34
LH:12
BRDA:26,0,0,0
BRDA:26,0,1,0
BRDA:34,1,0,0
BRDA:40,2,0,0
BRDA:40,2,1,0
BRDA:51,3,0,0
BRDA:61,4,0,0
BRF:7
BRH:0
end_of_record
TN:
SF:i18n-refactor/src/cli/run-dir.ts
FN:11,(anonymous_7)
FN:13,readFile
FN:15,writeFile
FN:17,processTsFile
FN:24,(anonymous_11)
FN:51,(anonymous_12)
FN:60,main
FNF:7
FNH:3
FNDA:0,(anonymous_7)
FNDA:4,readFile
FNDA:0,writeFile
FNDA:4,processTsFile
FNDA:43,(anonymous_11)
FNDA:0,(anonymous_12)
FNDA:0,main
DA:2,1
DA:3,1
DA:4,1
DA:5,1
DA:6,1
DA:7,1
DA:8,1
DA:10,1
DA:11,1
DA:13,4
DA:14,1
DA:15,0
DA:17,1
DA:20,4
DA:21,4
DA:23,4
DA:24,4
DA:25,43
DA:26,4
DA:27,4
DA:28,0
DA:29,0
DA:30,0
DA:31,0
DA:32,0
DA:33,0
DA:34,0
DA:35,0
DA:36,0
DA:37,0
DA:45,43
DA:47,4
DA:48,4
DA:49,4
DA:51,4
DA:52,4
DA:53,4
DA:54,4
DA:55,4
DA:56,4
DA:57,4
DA:60,1
DA:61,0
DA:62,0
DA:63,0
DA:64,0
DA:67,0
DA:68,0
DA:69,0
DA:70,0
DA:71,0
DA:74,0
DA:75,0
DA:76,0
DA:77,0
DA:80,0
LF:56
LH:31
BRDA:15,0,0,0
BRDA:25,1,0,4
BRDA:26,2,0,4
BRDA:26,2,1,0
BRDA:27,3,0,4
BRDA:27,3,1,4
BRDA:29,4,0,0
BRDA:29,5,0,0
BRDA:29,5,1,0
BRDA:29,5,2,0
BRDA:31,6,0,0
BRDA:31,7,0,0
BRDA:31,7,1,0
BRDA:33,8,0,0
BRDA:33,9,0,0
BRDA:33,9,1,0
BRDA:33,9,2,0
BRDA:35,10,0,0
BRDA:35,11,0,0
BRDA:35,11,1,0
BRDA:48,12,0,0
BRDA:48,12,1,4
BRDA:48,13,0,4
BRDA:48,13,1,0
BRDA:53,14,0,0
BRDA:53,14,1,4
BRDA:54,15,0,0
BRDA:55,16,0,0
BRDA:55,17,0,4
BRDA:55,17,1,0
BRDA:57,18,0,4
BRDA:57,18,1,4
BRDA:69,19,0,0
BRDA:70,20,0,0
BRDA:71,21,0,0
BRDA:75,22,0,0
BRDA:75,22,1,0
BRDA:75,23,0,0
BRDA:75,23,1,0
BRDA:76,24,0,0
BRDA:76,24,1,0
BRF:41
BRH:10
end_of_record
TN:
SF:i18n-refactor/src/core/config.ts
FN:37,deepMerge
FN:50,loadConfigFromFile
FN:74,loadConfigFromEnv
FN:82,(anonymous_9)
FN:92,(anonymous_10)
FN:103,loadConfigFromArgs
FN:118,(anonymous_12)
FN:128,(anonymous_13)
FN:140,loadConfig
FNF:9
FNH:9
FNDA:46,deepMerge
FNDA:14,loadConfigFromFile
FNDA:15,loadConfigFromEnv
FNDA:1,(anonymous_9)
FNDA:2,(anonymous_10)
FNDA:18,loadConfigFromArgs
FNDA:4,(anonymous_12)
FNDA:3,(anonymous_13)
FNDA:14,loadConfig
DA:1,14
DA:2,14
DA:21,14
DA:37,14
DA:38,46
DA:39,46
DA:40,149
DA:41,1
DA:42,148
DA:43,147
DA:46,46
DA:50,14
DA:51,14
DA:57,14
DA:59,14
DA:60,16
DA:61,16
DA:62,13
DA:63,13
DA:66,0
DA:70,1
DA:74,14
DA:75,15
DA:76,15
DA:78,15
DA:79,1428
DA:81,3
DA:82,3
DA:85,3
DA:86,1
DA:87,2
DA:88,0
DA:89,2
DA:90,1
DA:91,1
DA:92,2
DA:94,0
DA:99,15
DA:103,14
DA:104,18
DA:106,18
DA:107,5
DA:109,5
DA:110,5
DA:112,5
DA:113,1
DA:114,4
DA:116,0
DA:117,4
DA:118,4
DA:121,4
DA:122,0
DA:123,4
DA:124,0
DA:125,4
DA:126,1
DA:127,3
DA:128,3
DA:130,2
DA:136,18
DA:140,14
DA:141,14
DA:142,14
DA:143,14
DA:146,14
DA:156,14
LF:66
LH:60
BRDA:39,0,0,46
BRDA:39,0,1,0
BRDA:40,1,0,1
BRDA:40,1,1,148
BRDA:40,2,0,149
BRDA:40,2,1,135
BRDA:40,2,2,15
BRDA:41,3,0,1
BRDA:41,3,1,0
BRDA:42,4,0,147
BRDA:57,5,0,0
BRDA:57,5,1,14
BRDA:61,6,0,13
BRDA:79,7,0,3
BRDA:79,8,0,1428
BRDA:79,8,1,3
BRDA:85,9,0,1
BRDA:85,9,1,2
BRDA:87,10,0,0
BRDA:87,10,1,2
BRDA:89,11,0,1
BRDA:89,11,1,1
BRDA:91,12,0,1
BRDA:91,12,1,0
BRDA:109,13,0,5
BRDA:112,14,0,1
BRDA:112,14,1,4
BRDA:114,15,0,0
BRDA:114,15,1,4
BRDA:114,16,0,4
BRDA:114,16,1,4
BRDA:117,17,0,4
BRDA:121,18,0,0
BRDA:121,18,1,4
BRDA:123,19,0,0
BRDA:123,19,1,4
BRDA:125,20,0,1
BRDA:125,20,1,3
BRDA:127,21,0,1
BRDA:127,21,1,2
BRDA:140,22,0,14
BRF:41
BRH:33
end_of_record
TN:
SF:i18n-refactor/src/core/key-resolver.ts
FN:14,resolveKeyFromAccess
FNF:1
FNH:1
FNDA:74,resolveKeyFromAccess
DA:1,14
DA:2,14
DA:14,14
DA:15,74
DA:16,74
DA:17,74
DA:18,74
DA:19,203
DA:20,198
DA:21,124
DA:22,124
DA:23,124
DA:24,124
DA:26,5
DA:27,5
DA:28,5
DA:29,4
DA:30,5
DA:31,5
DA:33,0
DA:35,74
DA:36,74
DA:37,74
DA:38,74
DA:39,74
DA:40,129
DA:41,125
DA:43,74
DA:44,74
DA:45,55
DA:46,55
DA:48,74
DA:49,74
DA:50,74
DA:51,4
DA:52,4
DA:54,74
DA:55,0
DA:56,0
DA:57,0
DA:58,0
DA:59,0
DA:60,0
DA:62,0
DA:63,0
DA:66,0
DA:69,74
LF:47
LH:37
BRDA:19,0,0,198
BRDA:20,1,0,74
BRDA:26,2,0,5
BRDA:28,3,0,1
BRDA:28,3,1,4
BRDA:40,4,0,4
BRDA:43,5,0,19
BRDA:43,5,1,55
BRDA:43,6,0,74
BRDA:43,6,1,19
BRDA:44,7,0,55
BRDA:44,8,0,74
BRDA:44,8,1,55
BRDA:44,8,2,55
BRDA:46,9,0,23
BRDA:50,10,0,4
BRDA:54,11,0,0
BRDA:54,12,0,74
BRDA:54,12,1,0
BRDA:58,13,0,0
BRDA:58,13,1,0
BRDA:60,14,0,0
BRDA:60,14,1,0
BRDA:63,15,0,0
BRDA:69,16,0,4
BRDA:69,16,1,70
BRF:26
BRH:19
end_of_record
TN:
SF:i18n-refactor/src/core/params-extractor.ts
FN:3,extractReplaceParams
FNF:1
FNH:1
FNDA:4,extractReplaceParams
DA:3,14
DA:4,4
DA:5,4
DA:7,4
DA:8,8
DA:10,4
LF:6
LH:6
BRF:0
BRH:0
end_of_record
TN:
SF:i18n-refactor/src/core/template-usage.ts
FN:3,collectTemplateUsages
FNF:1
FNH:1
FNDA:1,collectTemplateUsages
DA:3,1
DA:4,1
DA:5,1
DA:7,1
DA:9,1
DA:10,1
DA:11,1
DA:12,1
DA:13,1
DA:14,1
DA:16,2
DA:17,1
DA:18,1
DA:19,1
DA:20,1
DA:23,1
DA:24,1
DA:25,1
DA:26,1
DA:27,1
DA:28,1
DA:29,1
DA:30,1
DA:31,1
DA:34,1
DA:35,1
DA:36,2
DA:37,2
DA:38,2
DA:39,2
DA:40,2
DA:41,2
DA:42,2
DA:45,1
DA:46,1
DA:47,1
DA:48,1
DA:49,1
DA:50,1
DA:52,1
LF:40
LH:40
BRF:0
BRH:0
end_of_record
TN:
SF:i18n-refactor/src/core/var-alias.ts
FN:6,isGetLocalCall
FN:17,chainAfterGetLocal
FN:27,collectVarAliases
FN:30,addAlias
FN:37,visit
FN:63,(anonymous_6)
FN:136,(anonymous_7)
FN:163,(anonymous_8)
FNF:8
FNH:8
FNDA:64,isGetLocalCall
FNDA:46,chainAfterGetLocal
FNDA:51,collectVarAliases
FNDA:62,addAlias
FNDA:2898,visit
FNDA:2,(anonymous_6)
FNDA:4,(anonymous_7)
FNDA:22,(anonymous_8)
DA:1,14
DA:7,64
DA:8,64
DA:9,64
DA:18,46
DA:19,46
DA:20,46
DA:21,68
DA:22,68
DA:24,46
DA:27,14
DA:29,51
DA:32,62
DA:33,62
DA:34,62
DA:35,62
DA:38,2898
DA:39,21
DA:40,0
DA:41,0
DA:42,0
DA:43,0
DA:44,0
DA:45,0
DA:46,0
DA:47,0
DA:50,21
DA:51,4
DA:52,4
DA:53,4
DA:54,0
DA:55,0
DA:56,0
DA:62,2898
DA:63,2
DA:64,1
DA:65,1
DA:66,2
DA:67,2
DA:68,2
DA:69,2
DA:70,2
DA:71,2
DA:72,2
DA:76,1
DA:77,1
DA:78,1
DA:81,2898
DA:82,45
DA:83,45
DA:84,45
DA:85,45
DA:88,45
DA:89,61
DA:90,59
DA:91,59
DA:92,59
DA:93,59
DA:94,59
DA:95,59
DA:96,26
DA:97,26
DA:98,52
DA:99,26
DA:100,14
DA:101,14
DA:102,14
DA:104,12
DA:105,12
DA:106,30
DA:107,12
DA:108,12
DA:109,8
DA:110,8
DA:111,8
DA:112,8
DA:113,8
DA:114,4
DA:115,8
DA:116,8
DA:117,4
DA:118,4
DA:119,4
DA:120,4
DA:121,4
DA:122,4
DA:123,4
DA:124,4
DA:125,4
DA:126,4
DA:127,4
DA:128,4
DA:129,4
DA:131,0
DA:134,4
DA:135,4
DA:136,4
DA:137,4
DA:138,4
DA:139,4
DA:140,4
DA:141,4
DA:142,0
DA:143,4
DA:144,4
DA:150,18
DA:153,33
DA:154,20
DA:155,20
DA:156,0
DA:157,0
DA:158,0
DA:162,59
DA:163,22
DA:164,11
DA:165,11
DA:166,22
DA:167,22
DA:168,22
DA:169,22
DA:170,22
DA:171,22
DA:172,22
DA:176,11
DA:177,11
DA:178,11
DA:186,2898
DA:188,51
DA:189,51
LF:129
LH:113
BRDA:7,0,0,0
BRDA:7,1,0,64
BRDA:7,1,1,64
BRDA:9,2,0,64
BRDA:9,2,1,64
BRDA:9,2,2,62
BRDA:9,2,3,62
BRDA:9,2,4,62
BRDA:9,2,5,62
BRDA:32,3,0,60
BRDA:34,4,0,0
BRDA:34,5,0,62
BRDA:34,5,1,31
BRDA:38,6,0,21
BRDA:38,7,0,2898
BRDA:38,7,1,86
BRDA:39,8,0,0
BRDA:39,8,1,21
BRDA:43,9,0,0
BRDA:43,10,0,0
BRDA:43,10,1,0
BRDA:45,11,0,0
BRDA:45,12,0,0
BRDA:45,12,1,0
BRDA:50,13,0,4
BRDA:50,14,0,21
BRDA:50,14,1,4
BRDA:51,15,0,4
BRDA:51,16,0,4
BRDA:51,16,1,4
BRDA:53,17,0,0
BRDA:55,18,0,0
BRDA:62,19,0,1
BRDA:62,20,0,2898
BRDA:62,20,1,86
BRDA:62,20,2,21
BRDA:62,20,3,1
BRDA:62,20,4,1
BRDA:67,21,0,2
BRDA:70,22,0,2
BRDA:70,23,0,2
BRDA:70,23,1,2
BRDA:72,24,0,2
BRDA:76,25,0,1
BRDA:81,26,0,45
BRDA:84,27,0,45
BRDA:84,28,0,45
BRDA:84,28,1,45
BRDA:84,28,2,45
BRDA:84,28,3,45
BRDA:88,29,0,45
BRDA:88,29,1,0
BRDA:89,30,0,59
BRDA:89,31,0,61
BRDA:89,31,1,59
BRDA:91,32,0,59
BRDA:91,33,0,59
BRDA:91,33,1,59
BRDA:93,34,0,59
BRDA:93,35,0,59
BRDA:93,35,1,59
BRDA:95,36,0,26
BRDA:95,36,1,33
BRDA:99,37,0,14
BRDA:99,37,1,12
BRDA:99,38,0,26
BRDA:99,38,1,14
BRDA:106,39,0,12
BRDA:106,40,0,30
BRDA:106,40,1,12
BRDA:108,41,0,8
BRDA:108,41,1,4
BRDA:111,42,0,8
BRDA:111,43,0,8
BRDA:111,43,1,8
BRDA:113,44,0,4
BRDA:113,44,1,4
BRDA:115,45,0,8
BRDA:117,46,0,4
BRDA:117,47,0,4
BRDA:117,47,1,4
BRDA:121,48,0,4
BRDA:127,49,0,4
BRDA:127,49,1,0
BRDA:134,50,0,4
BRDA:134,51,0,4
BRDA:134,51,1,4
BRDA:137,52,0,4
BRDA:141,53,0,4
BRDA:141,53,1,0
BRDA:143,54,0,4
BRDA:153,55,0,20
BRDA:153,56,0,33
BRDA:153,56,1,22
BRDA:155,57,0,0
BRDA:157,58,0,0
BRDA:162,59,0,11
BRDA:167,60,0,22
BRDA:170,61,0,22
BRDA:170,62,0,22
BRDA:170,62,1,22
BRDA:172,63,0,22
BRDA:176,64,0,11
BRF:103
BRH:87
end_of_record
TN:
SF:i18n-refactor/src/infra/dict-migrator.ts
FN:7,(anonymous_6)
FN:13,(anonymous_7)
FN:18,(anonymous_8)
FN:24,(anonymous_9)
FN:47,(anonymous_10)
FN:63,(anonymous_11)
FNF:6
FNH:0
FNDA:0,(anonymous_6)
FNDA:0,(anonymous_7)
FNDA:0,(anonymous_8)
FNDA:0,(anonymous_9)
FNDA:0,(anonymous_10)
FNDA:0,(anonymous_11)
DA:1,1
DA:2,1
DA:3,1
DA:4,1
DA:6,1
DA:8,0
DA:9,0
DA:10,0
DA:14,0
DA:15,0
DA:19,0
DA:20,0
DA:21,0
DA:24,0
DA:25,0
DA:26,0
DA:29,0
DA:30,0
DA:31,0
DA:33,0
DA:34,0
DA:35,0
DA:36,0
DA:38,0
DA:39,0
DA:40,0
DA:42,0
DA:48,0
DA:49,0
DA:50,0
DA:51,0
DA:53,0
DA:54,0
DA:57,0
DA:64,0
DA:65,0
DA:66,0
DA:67,0
DA:70,0
DA:71,0
DA:74,0
DA:82,0
DA:113,0
DA:114,0
LF:44
LH:5
BRDA:19,0,0,0
BRDA:25,1,0,0
BRDA:48,2,0,0
BRDA:48,3,0,0
BRDA:48,3,1,0
BRDA:51,4,0,0
BRDA:51,4,1,0
BRDA:53,5,0,0
BRDA:53,5,1,0
BRDA:53,6,0,0
BRDA:53,6,1,0
BRDA:53,6,2,0
BRDA:65,7,0,0
BRDA:70,8,0,0
BRF:14
BRH:0
end_of_record
TN:
SF:i18n-refactor/src/planner/plan-generator.ts
FN:11,(anonymous_6)
FN:13,(anonymous_7)
FN:16,(anonymous_8)
FN:26,(anonymous_9)
FN:36,(anonymous_10)
FN:65,(anonymous_11)
FN:72,(anonymous_12)
FN:83,(anonymous_13)
FN:104,(anonymous_14)
FNF:9
FNH:0
FNDA:0,(anonymous_6)
FNDA:0,(anonymous_7)
FNDA:0,(anonymous_8)
FNDA:0,(anonymous_9)
FNDA:0,(anonymous_10)
FNDA:0,(anonymous_11)
FNDA:0,(anonymous_12)
FNDA:0,(anonymous_13)
FNDA:0,(anonymous_14)
DA:1,1
DA:2,1
DA:4,1
DA:6,1
DA:7,0
DA:8,0
DA:9,0
DA:11,0
DA:15,0
DA:16,0
DA:17,0
DA:18,0
DA:19,0
DA:20,0
DA:25,0
DA:26,0
DA:27,0
DA:28,0
DA:29,0
DA:30,0
DA:37,0
DA:38,0
DA:40,0
DA:41,0
DA:42,0
DA:44,0
DA:45,0
DA:48,0
DA:61,0
DA:65,0
DA:73,0
DA:74,0
DA:75,0
DA:76,0
DA:79,0
DA:85,0
DA:86,0
DA:87,0
DA:89,0
DA:91,0
DA:92,0
DA:101,0
DA:105,0
DA:106,0
DA:107,0
DA:108,0
DA:110,0
DA:113,0
LF:48
LH:4
BRDA:15,0,0,0
BRDA:19,1,0,0
BRDA:25,2,0,0
BRDA:29,3,0,0
BRDA:44,4,0,0
BRDA:57,5,0,0
BRDA:57,5,1,0
BRDA:73,6,0,0
BRDA:73,6,1,0
BRDA:75,7,0,0
BRDA:75,7,1,0
BRDA:75,8,0,0
BRDA:75,8,1,0
BRDA:87,9,0,0
BRDA:87,9,1,0
BRDA:87,10,0,0
BRDA:87,10,1,0
BRDA:89,11,0,0
BRDA:89,12,0,0
BRDA:89,12,1,0
BRDA:91,13,0,0
BRDA:107,14,0,0
BRDA:107,14,1,0
BRDA:107,15,0,0
BRDA:107,15,1,0
BRF:25
BRH:0
end_of_record
TN:
SF:i18n-refactor/src/processor/component.ts
FN:23,collectGetLocaleVars
FN:34,buildAliases
FN:39,(anonymous_9)
FN:101,filterLeafAliases
FN:106,(anonymous_11)
FN:127,(anonymous_12)
FN:137,replaceTs
FN:150,(anonymous_14)
FN:153,(anonymous_15)
FN:156,(anonymous_16)
FN:167,(anonymous_17)
FN:323,(anonymous_18)
FN:338,(anonymous_19)
FN:342,(anonymous_20)
FN:348,(anonymous_21)
FN:356,(anonymous_22)
FN:368,(anonymous_23)
FN:379,(anonymous_24)
FN:394,replaceHtml
FN:399,(anonymous_26)
FN:409,(anonymous_27)
FN:415,(anonymous_28)
FN:418,(anonymous_29)
FN:424,(anonymous_30)
FN:430,(anonymous_31)
FN:439,injectI18nPipe
FN:472,(anonymous_33)
FN:482,injectService
FN:492,(anonymous_35)
FN:529,(anonymous_36)
FN:542,(anonymous_37)
FN:630,(anonymous_38)
FN:635,(anonymous_39)
FN:685,processComponent
FN:688,(anonymous_41)
FNF:35
FNH:22
FNDA:0,collectGetLocaleVars
FNDA:48,buildAliases
FNDA:2778,(anonymous_9)
FNDA:24,filterLeafAliases
FNDA:1389,(anonymous_11)
FNDA:24,(anonymous_12)
FNDA:24,replaceTs
FNDA:1338,(anonymous_14)
FNDA:38,(anonymous_15)
FNDA:214,(anonymous_16)
FNDA:1338,(anonymous_17)
FNDA:12,(anonymous_18)
FNDA:25,(anonymous_19)
FNDA:0,(anonymous_20)
FNDA:0,(anonymous_21)
FNDA:0,(anonymous_22)
FNDA:0,(anonymous_23)
FNDA:0,(anonymous_24)
FNDA:24,replaceHtml
FNDA:21,(anonymous_26)
FNDA:3,(anonymous_27)
FNDA:6,(anonymous_28)
FNDA:0,(anonymous_29)
FNDA:1,(anonymous_30)
FNDA:17,(anonymous_31)
FNDA:0,injectI18nPipe
FNDA:0,(anonymous_33)
FNDA:19,injectService
FNDA:1254,(anonymous_35)
FNDA:0,(anonymous_36)
FNDA:0,(anonymous_37)
FNDA:0,(anonymous_38)
FNDA:0,(anonymous_39)
FNDA:24,processComponent
FNDA:24,(anonymous_41)
DA:1,13
DA:2,13
DA:3,13
DA:4,13
DA:6,13
DA:7,13
DA:9,13
DA:10,13
DA:24,0
DA:25,0
DA:26,0
DA:28,0
DA:29,0
DA:30,0
DA:35,48
DA:38,48
DA:39,48
DA:40,2778
DA:41,42
DA:42,42
DA:43,34
DA:47,2778
DA:49,48
DA:51,48
DA:52,48
DA:53,48
DA:54,48
DA:55,48
DA:59,56
DA:60,56
DA:61,22
DA:62,0
DA:63,0
DA:67,22
DA:68,22
DA:69,12
DA:70,12
DA:71,12
DA:76,56
DA:78,8
DA:82,48
DA:83,14
DA:84,14
DA:85,14
DA:88,48
DA:90,48
DA:93,48
DA:94,48
DA:95,48
DA:96,48
DA:98,48
DA:102,24
DA:103,24
DA:104,24
DA:106,24
DA:107,1389
DA:108,225
DA:109,101
DA:110,101
DA:111,101
DA:113,64
DA:118,1389
DA:119,4
DA:120,4
DA:121,4
DA:124,1389
DA:126,24
DA:127,24
DA:129,24
DA:131,22
DA:132,22
DA:134,24
DA:138,24
DA:139,24
DA:140,24
DA:141,24
DA:142,24
DA:144,24
DA:145,24
DA:146,24
DA:147,24
DA:148,24
DA:149,24
DA:150,24
DA:151,1338
DA:152,1338
DA:153,1338
DA:156,24
DA:157,214
DA:158,214
DA:159,412
DA:160,181
DA:162,231
DA:164,33
DA:167,24
DA:168,1338
DA:170,1326
DA:171,206
DA:172,206
DA:173,95
DA:175,206
DA:176,206
DA:177,88
DA:178,88
DA:179,88
DA:180,88
DA:181,88
DA:194,88
DA:198,66
DA:199,66
DA:200,66
DA:201,139
DA:202,0
DA:203,0
DA:207,66
DA:208,66
DA:209,66
DA:210,66
DA:211,66
DA:212,25
DA:213,25
DA:216,25
DA:217,1
DA:218,1
DA:233,1326
DA:234,4
DA:235,4
DA:236,4
DA:237,0
DA:238,0
DA:239,0
DA:240,0
DA:241,0
DA:242,0
DA:243,0
DA:244,0
DA:245,0
DA:249,0
DA:262,0
DA:263,0
DA:264,0
DA:265,0
DA:266,0
DA:267,0
DA:268,0
DA:275,1326
DA:276,4
DA:277,4
DA:278,4
DA:279,7
DA:280,7
DA:282,4
DA:283,4
DA:284,4
DA:285,4
DA:286,4
DA:287,4
DA:288,4
DA:289,7
DA:290,7
DA:291,7
DA:292,7
DA:294,7
DA:295,5
DA:297,2
DA:301,4
DA:302,4
DA:303,4
DA:304,4
DA:305,4
DA:306,4
DA:307,4
DA:308,4
DA:312,1326
DA:314,24
DA:317,24
DA:318,24
DA:321,7
DA:322,7
DA:323,12
DA:324,7
DA:326,7
DA:327,7
DA:338,36
DA:340,24
DA:341,24
DA:342,24
DA:343,0
DA:344,0
DA:345,0
DA:346,0
DA:348,24
DA:349,0
DA:350,0
DA:356,24
DA:357,0
DA:358,0
DA:359,0
DA:360,0
DA:361,0
DA:363,0
DA:367,24
DA:368,0
DA:369,0
DA:370,0
DA:371,0
DA:372,0
DA:373,0
DA:375,0
DA:379,0
DA:380,0
DA:381,0
DA:382,0
DA:383,0
DA:384,0
DA:386,0
DA:390,24
DA:391,24
DA:395,24
DA:396,24
DA:397,24
DA:399,24
DA:400,21
DA:401,18
DA:402,18
DA:403,18
DA:404,18
DA:406,0
DA:409,24
DA:410,3
DA:411,3
DA:412,3
DA:413,3
DA:414,3
DA:415,6
DA:416,3
DA:418,24
DA:419,0
DA:420,0
DA:421,0
DA:422,0
DA:424,24
DA:425,1
DA:426,1
DA:427,1
DA:428,1
DA:430,24
DA:431,17
DA:432,17
DA:433,17
DA:434,17
DA:436,24
DA:440,0
DA:442,0
DA:443,0
DA:444,0
DA:445,0
DA:446,0
DA:447,0
DA:449,0
DA:454,0
DA:455,0
DA:460,0
DA:462,0
DA:463,0
DA:464,0
DA:465,0
DA:466,0
DA:472,0
DA:473,0
DA:474,0
DA:475,0
DA:476,0
DA:477,0
DA:479,0
DA:483,19
DA:484,19
DA:485,19
DA:486,19
DA:487,19
DA:490,19
DA:492,19
DA:493,1254
DA:496,19
DA:499,19
DA:500,60
DA:501,17
DA:502,17
DA:506,19
DA:507,17
DA:508,17
DA:509,17
DA:510,17
DA:511,17
DA:512,15
DA:513,15
DA:515,15
DA:516,9
DA:518,9
DA:520,15
DA:524,17
DA:525,2
DA:526,2
DA:527,2
DA:529,0
DA:530,0
DA:531,0
DA:534,2
DA:537,2
DA:538,2
DA:539,2
DA:540,2
DA:542,0
DA:543,0
DA:544,0
DA:547,2
DA:550,1254
DA:552,19
DA:555,19
DA:557,9
DA:562,19
DA:565,19
DA:569,19
DA:572,9
DA:573,9
DA:576,9
DA:577,9
DA:580,9
DA:581,9
DA:584,9
DA:585,9
DA:588,9
DA:589,9
DA:592,9
DA:593,9
DA:596,9
DA:597,9
DA:603,19
DA:604,19
DA:606,19
DA:607,19
DA:609,19
DA:610,19
DA:612,19
DA:613,19
DA:615,19
DA:616,19
DA:618,19
DA:619,19
DA:621,19
DA:622,19
DA:625,19
DA:626,9
DA:630,19
DA:631,19
DA:632,9
DA:635,19
DA:636,19
DA:637,4
DA:640,19
DA:641,4
DA:642,4
DA:643,4
DA:644,4
DA:645,0
DA:646,0
DA:647,0
DA:648,0
DA:649,0
DA:651,4
DA:652,4
DA:653,4
DA:654,4
DA:655,4
DA:656,4
DA:658,0
DA:661,0
DA:667,19
DA:668,19
DA:669,19
DA:670,19
DA:671,8
DA:672,8
DA:673,8
DA:675,0
DA:678,11
DA:682,19
DA:685,13
DA:686,24
DA:687,24
DA:688,24
DA:689,24
DA:690,24
DA:691,24
DA:694,24
DA:697,24
DA:698,22
DA:699,22
DA:701,13
DA:702,13
DA:703,13
DA:704,13
DA:705,0
DA:713,24
DA:714,24
DA:715,24
DA:717,4
DA:721,24
DA:722,19
DA:728,24
DA:731,24
DA:734,24
DA:735,10
DA:738,24
LF:414
LH:318
BRDA:40,0,0,42
BRDA:42,1,0,34
BRDA:42,2,0,42
BRDA:42,2,1,42
BRDA:42,2,2,42
BRDA:42,2,3,42
BRDA:43,3,0,34
BRDA:60,4,0,22
BRDA:61,5,0,0
BRDA:61,5,1,22
BRDA:61,6,0,22
BRDA:61,6,1,22
BRDA:63,7,0,0
BRDA:68,8,0,12
BRDA:68,9,0,22
BRDA:68,9,1,12
BRDA:71,10,0,8
BRDA:76,11,0,8
BRDA:82,12,0,14
BRDA:82,13,0,48
BRDA:82,13,1,18
BRDA:82,13,2,14
BRDA:83,14,0,14
BRDA:96,15,0,48
BRDA:96,16,0,48
BRDA:96,16,1,0
BRDA:96,16,2,0
BRDA:107,17,0,225
BRDA:108,18,0,101
BRDA:108,19,0,225
BRDA:108,19,1,101
BRDA:111,20,0,64
BRDA:111,21,0,101
BRDA:111,21,1,64
BRDA:111,21,2,37
BRDA:111,21,3,1
BRDA:118,22,0,4
BRDA:118,23,0,1389
BRDA:118,23,1,63
BRDA:118,23,2,54
BRDA:120,24,0,4
BRDA:120,25,0,4
BRDA:120,25,1,4
BRDA:120,25,2,4
BRDA:129,26,0,2
BRDA:131,27,0,0
BRDA:131,28,0,22
BRDA:131,28,1,0
BRDA:141,29,0,24
BRDA:141,29,1,7
BRDA:153,30,0,38
BRDA:153,30,1,38
BRDA:158,31,0,445
BRDA:158,31,1,36
BRDA:159,32,0,181
BRDA:159,33,0,412
BRDA:159,33,1,409
BRDA:159,33,2,181
BRDA:168,34,0,12
BRDA:170,35,0,206
BRDA:170,36,0,1326
BRDA:170,36,1,1121
BRDA:172,37,0,301
BRDA:172,37,1,93
BRDA:172,37,2,208
BRDA:172,37,3,3
BRDA:176,38,0,88
BRDA:176,39,0,206
BRDA:176,39,1,173
BRDA:179,40,0,88
BRDA:179,40,1,37
BRDA:180,41,0,88
BRDA:180,41,1,46
BRDA:181,42,0,88
BRDA:181,42,1,0
BRDA:194,43,0,66
BRDA:194,44,0,88
BRDA:194,44,1,88
BRDA:194,44,2,66
BRDA:201,45,0,0
BRDA:201,46,0,139
BRDA:201,46,1,22
BRDA:201,46,2,16
BRDA:207,47,0,66
BRDA:208,48,0,66
BRDA:208,48,1,52
BRDA:208,49,0,22
BRDA:208,49,1,44
BRDA:208,50,0,66
BRDA:208,50,1,66
BRDA:211,51,0,25
BRDA:216,52,0,1
BRDA:216,53,0,25
BRDA:216,53,1,1
BRDA:233,54,0,4
BRDA:233,55,0,1326
BRDA:233,55,1,59
BRDA:233,55,2,51
BRDA:236,56,0,0
BRDA:236,57,0,4
BRDA:236,57,1,4
BRDA:239,58,0,0
BRDA:239,59,0,0
BRDA:239,59,1,0
BRDA:240,60,0,0
BRDA:240,60,1,0
BRDA:240,61,0,0
BRDA:240,61,1,0
BRDA:242,62,0,0
BRDA:249,63,0,0
BRDA:265,64,0,0
BRDA:275,65,0,4
BRDA:275,66,0,1326
BRDA:275,66,1,59
BRDA:275,66,2,51
BRDA:278,67,0,11
BRDA:278,67,1,7
BRDA:278,67,2,7
BRDA:284,68,0,4
BRDA:284,69,0,4
BRDA:284,69,1,4
BRDA:286,70,0,4
BRDA:286,70,1,3
BRDA:286,71,0,1
BRDA:286,71,1,3
BRDA:286,72,0,4
BRDA:286,72,1,4
BRDA:290,73,0,7
BRDA:290,74,0,7
BRDA:290,74,1,7
BRDA:290,74,2,7
BRDA:292,75,0,7
BRDA:292,75,1,0
BRDA:294,76,0,5
BRDA:294,76,1,2
BRDA:305,77,0,4
BRDA:318,78,0,7
BRDA:318,78,1,17
BRDA:322,79,0,7
BRDA:323,80,0,12
BRDA:323,80,1,8
BRDA:324,81,0,7
BRDA:324,81,1,0
BRDA:338,82,0,15
BRDA:343,83,0,0
BRDA:344,84,0,0
BRDA:344,84,1,0
BRDA:344,85,0,0
BRDA:344,85,1,0
BRDA:345,86,0,0
BRDA:345,87,0,0
BRDA:345,87,1,0
BRDA:345,88,0,0
BRDA:345,88,1,0
BRDA:358,89,0,0
BRDA:358,89,1,0
BRDA:360,90,0,0
BRDA:360,91,0,0
BRDA:360,91,1,0
BRDA:360,91,2,0
BRDA:367,92,0,0
BRDA:367,93,0,24
BRDA:367,93,1,17
BRDA:370,94,0,0
BRDA:370,94,1,0
BRDA:372,95,0,0
BRDA:372,96,0,0
BRDA:372,96,1,0
BRDA:372,96,2,0
BRDA:381,97,0,0
BRDA:381,97,1,0
BRDA:383,98,0,0
BRDA:383,99,0,0
BRDA:383,99,1,0
BRDA:383,99,2,0
BRDA:400,100,0,3
BRDA:401,101,0,4
BRDA:401,101,1,14
BRDA:401,102,0,18
BRDA:401,102,1,18
BRDA:402,103,0,18
BRDA:402,104,0,18
BRDA:402,104,1,18
BRDA:404,105,0,4
BRDA:404,105,1,14
BRDA:411,106,0,0
BRDA:415,107,0,3
BRDA:415,107,1,0
BRDA:420,108,0,0
BRDA:426,109,0,0
BRDA:432,110,0,0
BRDA:444,111,0,0
BRDA:444,111,1,0
BRDA:446,112,0,0
BRDA:449,113,0,0
BRDA:454,114,0,0
BRDA:460,115,0,0
BRDA:463,116,0,0
BRDA:465,117,0,0
BRDA:473,118,0,0
BRDA:476,119,0,0
BRDA:476,119,1,0
BRDA:476,120,0,0
BRDA:476,120,1,0
BRDA:493,121,0,19
BRDA:500,122,0,17
BRDA:506,123,0,17
BRDA:506,123,1,2
BRDA:511,124,0,15
BRDA:511,125,0,17
BRDA:511,125,1,17
BRDA:511,125,2,17
BRDA:511,125,3,17
BRDA:515,126,0,9
BRDA:515,127,0,15
BRDA:515,127,1,15
BRDA:524,128,0,2
BRDA:526,129,0,2
BRDA:526,129,1,0
BRDA:530,130,0,0
BRDA:539,131,0,2
BRDA:539,131,1,0
BRDA:543,132,0,0
BRDA:603,133,0,19
BRDA:625,134,0,9
BRDA:640,135,0,4
BRDA:642,136,0,4
BRDA:644,137,0,0
BRDA:645,138,0,0
BRDA:645,138,1,0
BRDA:648,139,0,0
BRDA:653,140,0,4
BRDA:653,140,1,0
BRDA:655,141,0,4
BRDA:655,141,1,0
BRDA:667,142,0,19
BRDA:667,143,0,19
BRDA:667,143,1,19
BRDA:670,144,0,8
BRDA:670,144,1,11
BRDA:672,145,0,8
BRDA:672,145,1,0
BRDA:698,146,0,22
BRDA:698,146,1,0
BRDA:699,147,0,13
BRDA:704,148,0,0
BRDA:713,149,0,24
BRDA:713,149,1,0
BRDA:715,150,0,4
BRDA:721,151,0,19
BRDA:734,152,0,10
BRF:251
BRH:169
end_of_record
TN:
SF:i18n-refactor/src/processor/dict-process-mode.ts
FN:15,processDictFiles
FN:45,flattenDictObject
FN:58,(anonymous_8)
FNF:3
FNH:0
FNDA:0,processDictFiles
FNDA:0,flattenDictObject
FNDA:0,(anonymous_8)
DA:1,1
DA:2,1
DA:3,1
DA:4,1
DA:6,1
DA:15,1
DA:18,0
DA:19,0
DA:20,0
DA:22,0
DA:24,0
DA:27,0
DA:28,0
DA:31,0
DA:32,0
DA:34,0
DA:46,0
DA:47,0
DA:48,0
DA:49,0
DA:50,0
DA:51,0
DA:53,0
DA:56,0
DA:58,0
DA:59,0
DA:60,0
DA:61,0
DA:63,0
DA:67,0
LF:30
LH:6
BRDA:20,0,0,0
BRDA:31,1,0,0
BRDA:31,1,1,0
BRDA:46,2,0,0
BRDA:46,2,1,0
BRDA:46,3,0,0
BRDA:46,3,1,0
BRDA:46,3,2,0
BRDA:49,4,0,0
BRDA:49,4,1,0
BRDA:50,5,0,0
BRDA:50,5,1,0
BRDA:50,6,0,0
BRDA:50,6,1,0
BRDA:50,6,2,0
BRDA:56,7,0,0
BRDA:56,7,1,0
BRDA:59,8,0,0
BRDA:59,8,1,0
BRDA:60,9,0,0
BRDA:60,9,1,0
BRDA:60,10,0,0
BRDA:60,10,1,0
BRF:23
BRH:0
end_of_record
TN:
SF:i18n-refactor/src/processor/ensure-angular-mode.ts
FN:6,readFile
FN:14,writeFile
FN:22,ensureAngularFiles
FN:234,(anonymous_9)
FN:275,(anonymous_10)
FN:276,(anonymous_11)
FN:276,(anonymous_12)
FNF:7
FNH:1
FNDA:0,readFile
FNDA:0,writeFile
FNDA:6,ensureAngularFiles
FNDA:0,(anonymous_9)
FNDA:0,(anonymous_10)
FNDA:0,(anonymous_11)
FNDA:0,(anonymous_12)
DA:1,2
DA:2,2
DA:3,2
DA:4,2
DA:7,0
DA:8,0
DA:10,0
DA:15,0
DA:16,0
DA:18,0
DA:22,2
DA:23,6
DA:24,6
DA:25,6
DA:26,6
DA:27,6
DA:28,6
DA:31,6
DA:32,5
DA:165,5
DA:166,1
DA:169,1
DA:170,0
DA:213,0
DA:214,1
DA:217,1
DA:218,0
DA:222,0
DA:223,1
DA:226,1
DA:227,1
DA:228,0
DA:229,0
DA:230,0
DA:232,0
DA:235,0
DA:236,0
DA:239,0
DA:244,0
DA:245,0
DA:251,0
DA:253,0
DA:259,1
DA:260,1
DA:261,0
DA:262,0
DA:263,0
DA:265,0
DA:266,0
DA:267,0
DA:268,0
DA:269,0
DA:270,0
DA:275,0
DA:276,0
DA:277,0
DA:278,0
DA:280,0
DA:282,0
DA:284,0
LF:60
LH:23
BRDA:31,0,0,5
BRDA:31,0,1,1
BRDA:31,1,0,6
BRDA:31,1,1,6
BRDA:166,2,0,1
BRDA:169,3,0,0
BRDA:169,3,1,1
BRDA:169,4,0,1
BRDA:169,4,1,1
BRDA:214,5,0,1
BRDA:217,6,0,0
BRDA:217,6,1,1
BRDA:217,7,0,1
BRDA:217,7,1,1
BRDA:223,8,0,1
BRDA:227,9,0,0
BRDA:229,10,0,0
BRDA:230,11,0,0
BRDA:230,11,1,0
BRDA:235,12,0,0
BRDA:239,13,0,0
BRDA:239,13,1,0
BRDA:244,14,0,0
BRDA:260,15,0,0
BRDA:262,16,0,0
BRDA:263,17,0,0
BRDA:263,17,1,0
BRDA:266,18,0,0
BRDA:269,19,0,0
BRDA:277,20,0,0
BRF:30
BRH:13
end_of_record
TN:
SF:i18n-refactor/src/processor/i18n-service.template.ts
FNF:0
FNH:0
DA:2,1
LF:1
LH:1
BRF:0
BRH:0
end_of_record
TN:
SF:i18n-refactor/src/processor/ngx-translate-injector.ts
FN:9,checkAndInstallNgxTranslate
FN:38,createNgxTranslateService
FN:60,injectNgxTranslate
FN:72,modifyAppModule
FN:90,modifyAppConfig
FN:133,(anonymous_12)
FN:142,(anonymous_13)
FN:174,(anonymous_14)
FN:193,(anonymous_15)
FN:224,modifyAppModuleFile
FN:271,addImportsToModule
FN:277,(anonymous_18)
FN:301,(anonymous_19)
FN:309,(anonymous_20)
FN:310,(anonymous_21)
FN:310,(anonymous_22)
FN:311,(anonymous_23)
FN:324,addTranslateModuleToNgModule
FN:336,visitNode
FN:351,(anonymous_26)
FN:364,(anonymous_27)
FN:393,(anonymous_28)
FN:399,(anonymous_29)
FN:405,(anonymous_30)
FN:416,(anonymous_31)
FN:426,(anonymous_32)
FN:436,(anonymous_33)
FN:475,(anonymous_34)
FN:487,addTranslateModuleToAppConfig
FN:494,addTranslateModuleToAppConfigAST
FN:505,(anonymous_37)
FN:522,(anonymous_38)
FN:539,processAppConfigObject
FN:585,readFile
FN:589,writeFile
FNF:35
FNH:0
FNDA:0,checkAndInstallNgxTranslate
FNDA:0,createNgxTranslateService
FNDA:0,injectNgxTranslate
FNDA:0,modifyAppModule
FNDA:0,modifyAppConfig
FNDA:0,(anonymous_12)
FNDA:0,(anonymous_13)
FNDA:0,(anonymous_14)
FNDA:0,(anonymous_15)
FNDA:0,modifyAppModuleFile
FNDA:0,addImportsToModule
FNDA:0,(anonymous_18)
FNDA:0,(anonymous_19)
FNDA:0,(anonymous_20)
FNDA:0,(anonymous_21)
FNDA:0,(anonymous_22)
FNDA:0,(anonymous_23)
FNDA:0,addTranslateModuleToNgModule
FNDA:0,visitNode
FNDA:0,(anonymous_26)
FNDA:0,(anonymous_27)
FNDA:0,(anonymous_28)
FNDA:0,(anonymous_29)
FNDA:0,(anonymous_30)
FNDA:0,(anonymous_31)
FNDA:0,(anonymous_32)
FNDA:0,(anonymous_33)
FNDA:0,(anonymous_34)
FNDA:0,addTranslateModuleToAppConfig
FNDA:0,addTranslateModuleToAppConfigAST
FNDA:0,(anonymous_37)
FNDA:0,(anonymous_38)
FNDA:0,processAppConfigObject
FNDA:0,readFile
FNDA:0,writeFile
DA:1,1
DA:2,1
DA:3,1
DA:5,1
DA:6,1
DA:9,1
DA:10,0
DA:11,0
DA:12,0
DA:13,0
DA:16,0
DA:17,0
DA:22,0
DA:24,0
DA:25,0
DA:26,0
DA:27,0
DA:28,0
DA:30,0
DA:33,0
DA:38,1
DA:39,0
DA:42,0
DA:43,0
DA:45,0
DA:46,0
DA:49,0
DA:52,0
DA:53,0
DA:55,0
DA:60,1
DA:62,0
DA:65,0
DA:68,0
DA:72,1
DA:74,0
DA:75,0
DA:76,0
DA:77,0
DA:81,0
DA:82,0
DA:83,0
DA:85,0
DA:91,0
DA:94,0
DA:95,0
DA:97,0
DA:98,0
DA:101,0
DA:104,0
DA:111,0
DA:114,0
DA:115,0
DA:121,0
DA:123,0
DA:124,0
DA:129,0
DA:131,0
DA:134,0
DA:136,0
DA:139,0
DA:140,0
DA:142,0
DA:143,0
DA:144,0
DA:146,0
DA:153,0
DA:170,0
DA:171,0
DA:172,0
DA:175,0
DA:190,0
DA:191,0
DA:194,0
DA:212,0
DA:213,0
DA:214,0
DA:216,0
DA:219,0
DA:225,0
DA:228,0
DA:229,0
DA:231,0
DA:232,0
DA:235,0
DA:238,0
DA:244,0
DA:247,0
DA:250,0
DA:251,0
DA:259,0
DA:260,0
DA:261,0
DA:263,0
DA:266,0
DA:272,0
DA:273,0
DA:276,0
DA:277,0
DA:278,0
DA:279,0
DA:284,0
DA:286,0
DA:287,0
DA:288,0
DA:291,0
DA:293,0
DA:295,0
DA:296,0
DA:297,0
DA:298,0
DA:301,0
DA:302,0
DA:305,0
DA:307,0
DA:310,0
DA:311,0
DA:312,0
DA:313,0
DA:314,0
DA:321,0
DA:325,0
DA:328,0
DA:329,0
DA:333,0
DA:338,0
DA:340,0
DA:342,0
DA:343,0
DA:344,0
DA:349,0
DA:350,0
DA:351,0
DA:352,0
DA:357,0
DA:359,0
DA:360,0
DA:361,0
DA:364,0
DA:365,0
DA:372,0
DA:373,0
DA:374,0
DA:377,0
DA:386,0
DA:393,0
DA:394,0
DA:399,0
DA:400,0
DA:405,0
DA:406,0
DA:412,0
DA:414,0
DA:416,0
DA:417,0
DA:421,0
DA:422,0
DA:424,0
DA:426,0
DA:427,0
DA:431,0
DA:432,0
DA:434,0
DA:436,0
DA:437,0
DA:441,0
DA:442,0
DA:446,0
DA:458,0
DA:469,0
DA:472,0
DA:475,0
DA:478,0
DA:479,0
DA:480,0
DA:483,0
DA:490,0
DA:495,0
DA:497,0
DA:498,0
DA:500,0
DA:501,0
DA:505,0
DA:506,0
DA:507,0
DA:508,0
DA:510,0
DA:512,0
DA:513,0
DA:515,0
DA:521,0
DA:522,0
DA:523,0
DA:524,0
DA:525,0
DA:526,0
DA:527,0
DA:535,0
DA:540,0
DA:541,0
DA:544,0
DA:545,0
DA:546,0
DA:548,0
DA:549,0
DA:550,0
DA:552,0
DA:553,0
DA:560,0
DA:567,0
DA:568,0
DA:569,0
DA:579,0
DA:582,0
DA:586,0
DA:590,0
LF:216
LH:9
BRDA:11,0,0,0
BRDA:17,1,0,0
BRDA:17,1,1,0
BRDA:17,1,2,0
BRDA:17,1,3,0
BRDA:22,2,0,0
BRDA:22,2,1,0
BRDA:27,3,0,0
BRDA:27,3,1,0
BRDA:43,4,0,0
BRDA:49,5,0,0
BRDA:49,5,1,0
BRDA:75,6,0,0
BRDA:82,7,0,0
BRDA:82,7,1,0
BRDA:94,8,0,0
BRDA:94,8,1,0
BRDA:95,9,0,0
BRDA:95,9,1,0
BRDA:114,10,0,0
BRDA:121,11,0,0
BRDA:121,11,1,0
BRDA:123,12,0,0
BRDA:129,13,0,0
BRDA:129,13,1,0
BRDA:134,14,0,0
BRDA:134,14,1,0
BRDA:134,15,0,0
BRDA:134,15,1,0
BRDA:140,16,0,0
BRDA:140,16,1,0
BRDA:143,17,0,0
BRDA:170,18,0,0
BRDA:170,19,0,0
BRDA:170,19,1,0
BRDA:171,20,0,0
BRDA:190,21,0,0
BRDA:228,22,0,0
BRDA:228,22,1,0
BRDA:229,23,0,0
BRDA:229,23,1,0
BRDA:250,24,0,0
BRDA:278,25,0,0
BRDA:291,26,0,0
BRDA:291,26,1,0
BRDA:293,27,0,0
BRDA:293,27,1,0
BRDA:305,28,0,0
BRDA:312,29,0,0
BRDA:328,30,0,0
BRDA:338,31,0,0
BRDA:340,32,0,0
BRDA:340,32,1,0
BRDA:340,33,0,0
BRDA:340,33,1,0
BRDA:342,34,0,0
BRDA:342,35,0,0
BRDA:342,35,1,0
BRDA:344,36,0,0
BRDA:344,37,0,0
BRDA:344,37,1,0
BRDA:344,37,2,0
BRDA:350,38,0,0
BRDA:350,39,0,0
BRDA:350,39,1,0
BRDA:352,40,0,0
BRDA:352,40,1,0
BRDA:352,40,2,0
BRDA:357,41,0,0
BRDA:357,41,1,0
BRDA:359,42,0,0
BRDA:359,43,0,0
BRDA:359,43,1,0
BRDA:365,44,0,0
BRDA:365,44,1,0
BRDA:365,44,2,0
BRDA:365,44,3,0
BRDA:365,44,4,0
BRDA:365,44,5,0
BRDA:373,45,0,0
BRDA:387,46,0,0
BRDA:387,46,1,0
BRDA:388,47,0,0
BRDA:388,47,1,0
BRDA:394,48,0,0
BRDA:394,48,1,0
BRDA:394,48,2,0
BRDA:400,49,0,0
BRDA:400,49,1,0
BRDA:400,49,2,0
BRDA:406,50,0,0
BRDA:406,50,1,0
BRDA:406,50,2,0
BRDA:414,51,0,0
BRDA:414,51,1,0
BRDA:417,52,0,0
BRDA:417,52,1,0
BRDA:417,52,2,0
BRDA:421,53,0,0
BRDA:424,54,0,0
BRDA:424,54,1,0
BRDA:427,55,0,0
BRDA:427,55,1,0
BRDA:427,55,2,0
BRDA:431,56,0,0
BRDA:434,57,0,0
BRDA:437,58,0,0
BRDA:437,58,1,0
BRDA:437,58,2,0
BRDA:441,59,0,0
BRDA:500,60,0,0
BRDA:506,61,0,0
BRDA:506,61,1,0
BRDA:508,62,0,0
BRDA:508,63,0,0
BRDA:508,63,1,0
BRDA:508,63,2,0
BRDA:508,63,3,0
BRDA:510,64,0,0
BRDA:510,64,1,0
BRDA:510,65,0,0
BRDA:510,65,1,0
BRDA:513,66,0,0
BRDA:521,67,0,0
BRDA:521,68,0,0
BRDA:521,68,1,0
BRDA:523,69,0,0
BRDA:525,70,0,0
BRDA:525,71,0,0
BRDA:525,71,1,0
BRDA:525,71,2,0
BRDA:525,71,3,0
BRDA:526,72,0,0
BRDA:545,73,0,0
BRDA:545,74,0,0
BRDA:545,74,1,0
BRDA:545,74,2,0
BRDA:548,75,0,0
BRDA:550,76,0,0
BRDA:567,77,0,0
BRF:140
BRH:0
end_of_record
TN:
SF:i18n-refactor/src/processor/process-and-delete-mode.ts
FN:15,readFile
FN:25,writeFile
FN:36,walk
FN:54,splitLines
FN:55,diffLines
FN:67,loadLangDict
FN:72,(anonymous_13)
FN:101,extractKeys
FN:130,valueOf
FN:138,pickKeyCandidate
FN:148,(anonymous_17)
FN:153,extractClassAndServiceNames
FN:156,(anonymous_19)
FN:176,scanExternalAliases
FN:211,processTsFilesAndHandle
FN:213,(anonymous_22)
FN:237,processDeleteModeFile
FN:261,(anonymous_24)
FN:289,processReplaceModeFile
FN:323,(anonymous_26)
FN:348,(anonymous_27)
FN:373,generateReport
FN:379,(anonymous_29)
FN:388,(anonymous_30)
FN:395,escapeHtml
FN:405,renderHtmlHead
FN:427,renderSummary
FN:437,renderFileList
FN:439,(anonymous_35)
FN:444,renderFileDetails
FN:445,(anonymous_37)
FN:449,(anonymous_38)
FN:452,(anonymous_39)
FN:471,renderComplexCases
FN:490,(anonymous_41)
FN:492,(anonymous_42)
FN:510,renderHtmlReport
FNF:37
FNH:1
FNDA:0,readFile
FNDA:0,writeFile
FNDA:0,walk
FNDA:0,splitLines
FNDA:0,diffLines
FNDA:0,loadLangDict
FNDA:0,(anonymous_13)
FNDA:0,extractKeys
FNDA:0,valueOf
FNDA:0,pickKeyCandidate
FNDA:0,(anonymous_17)
FNDA:0,extractClassAndServiceNames
FNDA:0,(anonymous_19)
FNDA:0,scanExternalAliases
FNDA:0,processTsFilesAndHandle
FNDA:0,(anonymous_22)
FNDA:0,processDeleteModeFile
FNDA:0,(anonymous_24)
FNDA:0,processReplaceModeFile
FNDA:0,(anonymous_26)
FNDA:0,(anonymous_27)
FNDA:0,generateReport
FNDA:0,(anonymous_29)
FNDA:0,(anonymous_30)
FNDA:6,escapeHtml
FNDA:0,renderHtmlHead
FNDA:0,renderSummary
FNDA:0,renderFileList
FNDA:0,(anonymous_35)
FNDA:0,renderFileDetails
FNDA:0,(anonymous_37)
FNDA:0,(anonymous_38)
FNDA:0,(anonymous_39)
FNDA:0,renderComplexCases
FNDA:0,(anonymous_41)
FNDA:0,(anonymous_42)
FNDA:0,renderHtmlReport
DA:1,4
DA:2,4
DA:3,4
DA:4,2
DA:5,2
DA:8,2
DA:9,2
DA:11,2
DA:12,2
DA:16,0
DA:17,0
DA:19,0
DA:23,2
DA:26,0
DA:27,0
DA:28,0
DA:30,0
DA:36,2
DA:37,0
DA:38,0
DA:39,0
DA:40,0
DA:41,0
DA:42,0
DA:43,0
DA:44,0
DA:48,0
DA:50,0
DA:54,0
DA:56,0
DA:57,0
DA:58,0
DA:59,0
DA:60,0
DA:61,0
DA:63,0
DA:68,0
DA:69,0
DA:71,0
DA:72,0
DA:74,0
DA:75,0
DA:76,0
DA:77,0
DA:78,0
DA:80,0
DA:81,0
DA:82,0
DA:84,0
DA:86,0
DA:87,0
DA:88,0
DA:90,0
DA:94,0
DA:97,0
DA:102,0
DA:103,0
DA:105,0
DA:107,0
DA:109,0
DA:111,0
DA:113,0
DA:114,0
DA:115,0
DA:117,0
DA:119,0
DA:121,0
DA:123,0
DA:124,0
DA:125,0
DA:131,0
DA:132,0
DA:133,0
DA:134,0
DA:139,0
DA:140,0
DA:141,0
DA:142,0
DA:143,0
DA:144,0
DA:145,0
DA:146,0
DA:148,0
DA:149,0
DA:154,0
DA:155,0
DA:156,0
DA:157,0
DA:158,0
DA:159,0
DA:160,0
DA:161,0
DA:162,0
DA:163,0
DA:169,0
DA:171,0
DA:172,0
DA:177,0
DA:178,0
DA:180,0
DA:181,0
DA:182,0
DA:183,0
DA:185,0
DA:186,0
DA:187,0
DA:190,0
DA:192,0
DA:193,0
DA:194,0
DA:195,0
DA:199,0
DA:200,0
DA:202,0
DA:207,0
DA:211,2
DA:212,0
DA:213,0
DA:214,0
DA:216,0
DA:217,0
DA:219,0
DA:221,0
DA:224,0
DA:225,0
DA:226,0
DA:228,0
DA:233,0
DA:243,0
DA:244,0
DA:245,0
DA:247,0
DA:248,0
DA:249,0
DA:252,0
DA:253,0
DA:254,0
DA:256,0
DA:259,0
DA:260,0
DA:261,0
DA:262,0
DA:263,0
DA:264,0
DA:265,0
DA:266,0
DA:279,0
DA:280,0
DA:284,0
DA:297,0
DA:299,0
DA:300,0
DA:301,0
DA:305,0
DA:308,0
DA:309,0
DA:310,0
DA:311,0
DA:314,0
DA:322,0
DA:323,0
DA:324,0
DA:325,0
DA:326,0
DA:327,0
DA:328,0
DA:341,0
DA:342,0
DA:346,0
DA:347,0
DA:348,0
DA:349,0
DA:350,0
DA:351,0
DA:352,0
DA:353,0
DA:366,0
DA:367,0
DA:379,0
DA:380,0
DA:383,0
DA:387,0
DA:388,0
DA:389,0
DA:390,0
DA:391,0
DA:395,2
DA:396,6
DA:406,0
DA:428,0
DA:438,0
DA:439,0
DA:445,0
DA:446,0
DA:449,0
DA:452,0
DA:460,0
DA:472,0
DA:474,0
DA:491,0
DA:492,0
DA:493,0
DA:516,0
DA:517,0
DA:518,0
DA:519,0
DA:520,0
DA:521,0
DA:523,0
LF:209
LH:14
BRDA:26,0,0,0
BRDA:41,1,0,0
BRDA:41,2,0,0
BRDA:41,2,1,0
BRDA:43,3,0,0
BRDA:43,3,1,0
BRDA:44,4,0,0
BRDA:48,5,0,0
BRDA:48,5,1,0
BRDA:54,6,0,0
BRDA:54,6,1,0
BRDA:60,7,0,0
BRDA:60,7,1,0
BRDA:60,8,0,0
BRDA:60,8,1,0
BRDA:60,9,0,0
BRDA:60,9,1,0
BRDA:60,10,0,0
BRDA:60,10,1,0
BRDA:61,11,0,0
BRDA:69,12,0,0
BRDA:81,13,0,0
BRDA:102,14,0,0
BRDA:102,14,1,0
BRDA:103,15,0,0
BRDA:103,15,1,0
BRDA:114,16,0,0
BRDA:114,16,1,0
BRDA:114,17,0,0
BRDA:114,17,1,0
BRDA:114,17,2,0
BRDA:114,17,3,0
BRDA:114,17,4,0
BRDA:114,17,5,0
BRDA:114,17,6,0
BRDA:115,18,0,0
BRDA:115,18,1,0
BRDA:115,18,2,0
BRDA:124,19,0,0
BRDA:124,19,1,0
BRDA:124,20,0,0
BRDA:124,20,1,0
BRDA:124,20,2,0
BRDA:124,20,3,0
BRDA:124,20,4,0
BRDA:125,21,0,0
BRDA:125,21,1,0
BRDA:125,21,2,0
BRDA:131,22,0,0
BRDA:133,23,0,0
BRDA:134,24,0,0
BRDA:134,24,1,0
BRDA:139,25,0,0
BRDA:139,25,1,0
BRDA:140,26,0,0
BRDA:143,27,0,0
BRDA:143,27,1,0
BRDA:146,28,0,0
BRDA:146,29,0,0
BRDA:146,29,1,0
BRDA:146,29,2,0
BRDA:146,29,3,0
BRDA:146,29,4,0
BRDA:149,30,0,0
BRDA:149,30,1,0
BRDA:157,31,0,0
BRDA:157,32,0,0
BRDA:157,32,1,0
BRDA:160,33,0,0
BRDA:162,34,0,0
BRDA:162,35,0,0
BRDA:162,35,1,0
BRDA:162,35,2,0
BRDA:162,35,3,0
BRDA:163,36,0,0
BRDA:185,37,0,0
BRDA:192,38,0,0
BRDA:192,39,0,0
BRDA:192,39,1,0
BRDA:194,40,0,0
BRDA:199,41,0,0
BRDA:199,41,1,0
BRDA:199,42,0,0
BRDA:199,42,1,0
BRDA:199,42,2,0
BRDA:202,43,0,0
BRDA:202,43,1,0
BRDA:212,44,0,0
BRDA:212,44,1,0
BRDA:214,45,0,0
BRDA:214,45,1,0
BRDA:225,46,0,0
BRDA:225,46,1,0
BRDA:247,47,0,0
BRDA:254,48,0,0
BRDA:256,49,0,0
BRDA:256,49,1,0
BRDA:256,50,0,0
BRDA:256,50,1,0
BRDA:256,51,0,0
BRDA:256,51,1,0
BRDA:259,52,0,0
BRDA:264,53,0,0
BRDA:264,53,1,0
BRDA:265,54,0,0
BRDA:265,54,1,0
BRDA:265,55,0,0
BRDA:265,55,1,0
BRDA:279,56,0,0
BRDA:279,57,0,0
BRDA:279,57,1,0
BRDA:279,57,2,0
BRDA:284,58,0,0
BRDA:284,58,1,0
BRDA:299,59,0,0
BRDA:300,60,0,0
BRDA:300,61,0,0
BRDA:300,61,1,0
BRDA:308,62,0,0
BRDA:318,63,0,0
BRDA:318,63,1,0
BRDA:318,64,0,0
BRDA:318,64,1,0
BRDA:318,65,0,0
BRDA:318,65,1,0
BRDA:322,66,0,0
BRDA:322,66,1,0
BRDA:322,67,0,0
BRDA:322,67,1,0
BRDA:326,68,0,0
BRDA:326,68,1,0
BRDA:327,69,0,0
BRDA:327,69,1,0
BRDA:327,70,0,0
BRDA:327,70,1,0
BRDA:341,71,0,0
BRDA:341,72,0,0
BRDA:341,72,1,0
BRDA:341,72,2,0
BRDA:346,73,0,0
BRDA:346,74,0,0
BRDA:346,74,1,0
BRDA:347,75,0,0
BRDA:347,75,1,0
BRDA:347,76,0,0
BRDA:347,76,1,0
BRDA:351,77,0,0
BRDA:351,77,1,0
BRDA:352,78,0,0
BRDA:352,78,1,0
BRDA:352,79,0,0
BRDA:352,79,1,0
BRDA:366,80,0,0
BRDA:383,81,0,0
BRDA:383,81,1,0
BRDA:383,82,0,0
BRDA:383,82,1,0
BRDA:385,83,0,0
BRDA:385,83,1,0
BRDA:396,84,0,6
BRDA:396,84,1,3
BRDA:439,85,0,0
BRDA:439,85,1,0
BRDA:439,86,0,0
BRDA:439,86,1,0
BRDA:439,87,0,0
BRDA:439,87,1,0
BRDA:439,88,0,0
BRDA:439,88,1,0
BRDA:446,89,0,0
BRDA:446,89,1,0
BRDA:446,90,0,0
BRDA:446,90,1,0
BRDA:456,91,0,0
BRDA:456,91,1,0
BRDA:456,92,0,0
BRDA:456,92,1,0
BRDA:456,93,0,0
BRDA:456,93,1,0
BRDA:457,94,0,0
BRDA:457,94,1,0
BRDA:457,95,0,0
BRDA:457,95,1,0
BRDA:457,96,0,0
BRDA:457,96,1,0
BRDA:472,97,0,0
BRDA:491,98,0,0
BRDA:491,98,1,0
BRDA:491,99,0,0
BRDA:491,99,1,0
BRF:190
BRH:2
end_of_record
TN:
SF:i18n-refactor/src/processor/processor.ts
FN:19,readFile
FN:27,processFile
FN:33,(anonymous_9)
FN:61,(anonymous_10)
FNF:4
FNH:0
FNDA:0,readFile
FNDA:0,processFile
FNDA:0,(anonymous_9)
FNDA:0,(anonymous_10)
DA:1,2
DA:2,2
DA:3,2
DA:4,2
DA:20,0
DA:21,0
DA:23,0
DA:27,2
DA:28,0
DA:29,0
DA:32,0
DA:33,0
DA:34,0
DA:35,0
DA:36,0
DA:37,0
DA:38,0
DA:39,0
DA:40,0
DA:41,0
DA:42,0
DA:43,0
DA:44,0
DA:45,0
DA:46,0
DA:54,0
DA:56,0
DA:58,0
DA:59,0
DA:61,0
DA:62,0
DA:63,0
DA:65,0
LF:33
LH:5
BRDA:34,0,0,0
BRDA:35,1,0,0
BRDA:35,1,1,0
BRDA:36,2,0,0
BRDA:36,2,1,0
BRDA:38,3,0,0
BRDA:38,4,0,0
BRDA:38,4,1,0
BRDA:38,4,2,0
BRDA:40,5,0,0
BRDA:40,6,0,0
BRDA:40,6,1,0
BRDA:42,7,0,0
BRDA:42,8,0,0
BRDA:42,8,1,0
BRDA:42,8,2,0
BRDA:44,9,0,0
BRDA:44,10,0,0
BRDA:44,10,1,0
BRDA:58,11,0,0
BRDA:58,11,1,0
BRDA:58,12,0,0
BRDA:58,12,1,0
BRDA:63,13,0,0
BRDA:63,13,1,0
BRDA:72,14,0,0
BRDA:72,14,1,0
BRF:27
BRH:0
end_of_record
TN:
SF:i18n-refactor/src/replace/html-replace.ts
FN:3,renderHtmlPipe
FNF:1
FNH:1
FNDA:7,renderHtmlPipe
DA:3,2
DA:4,7
DA:5,7
DA:6,7
DA:7,5
LF:5
LH:5
BRDA:4,0,0,2
BRDA:4,0,1,5
BRDA:4,1,0,7
BRDA:4,1,1,2
BRDA:6,2,0,2
BRDA:6,3,0,7
BRDA:6,3,1,5
BRDA:6,3,2,5
BRF:8
BRH:8
end_of_record
TN:
SF:i18n-refactor/src/replace/prune.ts
FN:4,pruneUnused
FN:9,(anonymous_2)
FN:21,(anonymous_3)
FN:48,(anonymous_4)
FN:97,(anonymous_5)
FNF:5
FNH:5
FNDA:3,pruneUnused
FNDA:10,(anonymous_2)
FNDA:100,(anonymous_3)
FNDA:100,(anonymous_4)
FNDA:5,(anonymous_5)
DA:1,3
DA:4,3
DA:6,3
DA:7,3
DA:9,3
DA:10,10
DA:11,10
DA:12,2
DA:14,10
DA:15,8
DA:16,8
DA:18,2
DA:21,3
DA:23,100
DA:24,0
DA:27,100
DA:28,4
DA:29,3
DA:30,3
DA:31,0
DA:32,0
DA:37,100
DA:38,1
DA:40,100
DA:42,3
DA:45,3
DA:46,3
DA:48,3
DA:50,100
DA:51,4
DA:52,3
DA:53,3
DA:57,100
DA:58,4
DA:59,4
DA:60,4
DA:61,3
DA:62,3
DA:63,3
DA:64,0
DA:65,0
DA:67,3
DA:68,3
DA:69,3
DA:75,100
DA:76,1
DA:77,1
DA:78,1
DA:79,1
DA:80,1
DA:81,1
DA:82,1
DA:84,1
DA:85,1
DA:86,1
DA:90,100
DA:92,3
DA:94,3
DA:97,5
DA:98,2
DA:99,2
DA:100,2
DA:101,7
DA:102,7
DA:103,7
DA:105,2
DA:107,2
LF:67
LH:62
BRDA:11,0,0,12
BRDA:11,0,1,10
BRDA:14,1,0,8
BRDA:14,2,0,10
BRDA:14,2,1,8
BRDA:16,3,0,8
BRDA:16,3,1,0
BRDA:23,4,0,0
BRDA:23,5,0,100
BRDA:23,5,1,4
BRDA:23,5,2,0
BRDA:24,6,0,0
BRDA:27,7,0,4
BRDA:27,8,0,100
BRDA:27,8,1,4
BRDA:28,9,0,3
BRDA:29,10,0,3
BRDA:29,10,1,0
BRDA:29,11,0,3
BRDA:29,11,1,3
BRDA:31,12,0,0
BRDA:37,13,0,1
BRDA:37,14,0,100
BRDA:37,14,1,1
BRDA:37,14,2,1
BRDA:38,15,0,1
BRDA:50,16,0,4
BRDA:50,17,0,100
BRDA:50,17,1,4
BRDA:51,18,0,3
BRDA:57,19,0,4
BRDA:59,20,0,4
BRDA:59,21,0,4
BRDA:59,21,1,4
BRDA:60,22,0,3
BRDA:62,23,0,3
BRDA:62,23,1,0
BRDA:62,24,0,3
BRDA:62,24,1,3
BRDA:64,25,0,0
BRDA:67,26,0,3
BRDA:67,27,0,3
BRDA:67,27,1,3
BRDA:75,28,0,1
BRDA:79,29,0,0
BRDA:80,30,0,0
BRDA:81,31,0,0
BRDA:81,32,0,1
BRDA:81,32,1,1
BRDA:84,33,0,1
BRDA:84,34,0,1
BRDA:84,34,1,1
BRDA:94,35,0,1
BRDA:101,36,0,0
BRF:54
BRH:42
end_of_record
TN:
SF:i18n-refactor/src/replace/ts-replace.ts
FN:3,renderTsGet
FN:6,(anonymous_1)
FNF:2
FNH:2
FNDA:72,renderTsGet
FNDA:9,(anonymous_1)
DA:3,14
DA:4,72
DA:5,72
DA:6,5
DA:7,9
DA:8,9
DA:10,5
DA:12,72
DA:13,72
LF:9
LH:9
BRDA:5,0,0,5
BRDA:5,1,0,72
BRDA:5,1,1,5
BRDA:7,2,0,9
BRDA:7,2,1,0
BRDA:12,3,0,3
BRDA:12,3,1,69
BRDA:12,4,0,72
BRDA:12,4,1,69
BRF:9
BRH:8
end_of_record
TN:
SF:i18n-refactor/src/server/ui-server.ts
FN:10,getMimeType
FN:20,startUiServer
FN:24,(anonymous_8)
FN:59,(anonymous_9)
FN:60,(anonymous_10)
FN:78,(anonymous_11)
FN:125,(anonymous_12)
FNF:7
FNH:0
FNDA:0,getMimeType
FNDA:0,startUiServer
FNDA:0,(anonymous_8)
FNDA:0,(anonymous_9)
FNDA:0,(anonymous_10)
FNDA:0,(anonymous_11)
FNDA:0,(anonymous_12)
DA:1,1
DA:2,1
DA:3,1
DA:4,1
DA:7,1
DA:8,1
DA:11,0
DA:12,0
DA:13,0
DA:14,0
DA:15,0
DA:16,0
DA:20,1
DA:21,0
DA:22,0
DA:24,0
DA:25,0
DA:26,0
DA:27,0
DA:29,0
DA:30,0
DA:31,0
DA:32,0
DA:35,0
DA:36,0
DA:39,0
DA:40,0
DA:41,0
DA:42,0
DA:43,0
DA:44,0
DA:46,0
DA:47,0
DA:48,0
DA:50,0
DA:51,0
DA:53,0
DA:57,0
DA:58,0
DA:59,0
DA:60,0
DA:61,0
DA:62,0
DA:63,0
DA:65,0
DA:66,0
DA:69,0
DA:76,0
DA:78,0
DA:81,0
DA:82,0
DA:84,0
DA:85,0
DA:87,0
DA:88,0
DA:91,0
DA:95,0
DA:97,0
DA:98,0
DA:99,0
DA:100,0
DA:101,0
DA:102,0
DA:103,0
DA:105,0
DA:110,0
DA:112,0
DA:113,0
DA:114,0
DA:115,0
DA:116,0
DA:117,0
DA:121,0
DA:122,0
DA:125,0
DA:126,0
DA:127,0
LF:77
LH:7
BRDA:12,0,0,0
BRDA:12,0,1,0
BRDA:12,0,2,0
BRDA:12,0,3,0
BRDA:20,1,0,0
BRDA:29,2,0,0
BRDA:35,3,0,0
BRDA:35,3,1,0
BRDA:39,4,0,0
BRDA:41,5,0,0
BRDA:57,6,0,0
BRDA:57,7,0,0
BRDA:57,7,1,0
BRDA:63,8,0,0
BRDA:63,8,1,0
BRDA:65,9,0,0
BRDA:95,10,0,0
BRDA:95,10,1,0
BRDA:97,11,0,0
BRDA:97,12,0,0
BRDA:97,12,1,0
BRDA:110,13,0,0
BRDA:113,14,0,0
BRF:23
BRH:0
end_of_record
TN:
SF:i18n-refactor/src/transformer/code-mod.ts
FN:7,(anonymous_6)
FN:30,(anonymous_7)
FNF:2
FNH:0
FNDA:0,(anonymous_6)
FNDA:0,(anonymous_7)
DA:1,1
DA:3,1
DA:5,1
DA:8,0
DA:11,0
DA:12,0
DA:13,0
DA:15,0
DA:19,0
DA:20,0
DA:21,0
DA:22,0
DA:23,0
DA:26,0
DA:30,0
DA:32,0
DA:34,0
DA:36,0
DA:37,0
DA:38,0
DA:41,0
DA:42,0
DA:43,0
DA:46,0
DA:47,0
DA:50,0
LF:26
LH:3
BRDA:12,0,0,0
BRDA:21,1,0,0
BRDA:36,2,0,0
BRF:3
BRH:0
end_of_record
TN:
SF:i18n-refactor/src/util/dict-flatten.ts
FN:5,read
FN:7,flattenObjectLit
FN:18,(anonymous_9)
FN:20,(anonymous_10)
FN:30,flattenLangFile
FN:34,(anonymous_12)
FN:56,writeJson
FNF:7
FNH:0
FNDA:0,read
FNDA:0,flattenObjectLit
FNDA:0,(anonymous_9)
FNDA:0,(anonymous_10)
FNDA:0,flattenLangFile
FNDA:0,(anonymous_12)
FNDA:0,writeJson
DA:1,1
DA:2,1
DA:3,1
DA:5,0
DA:8,0
DA:9,0
DA:10,0
DA:11,0
DA:12,0
DA:13,0
DA:14,0
DA:15,0
DA:16,0
DA:17,0
DA:18,0
DA:20,0
DA:22,0
DA:23,0
DA:25,0
DA:30,1
DA:31,0
DA:32,0
DA:33,0
DA:34,0
DA:35,0
DA:36,0
DA:37,0
DA:38,0
DA:39,0
DA:40,0
DA:41,0
DA:42,0
DA:43,0
DA:44,0
DA:45,0
DA:46,0
DA:50,0
DA:52,0
DA:53,0
DA:56,1
DA:57,0
DA:58,0
DA:59,0
LF:43
LH:5
BRDA:9,0,0,0
BRDA:10,1,0,0
BRDA:10,1,1,0
BRDA:10,2,0,0
BRDA:10,2,1,0
BRDA:11,3,0,0
BRDA:12,4,0,0
BRDA:12,4,1,0
BRDA:14,5,0,0
BRDA:14,5,1,0
BRDA:14,6,0,0
BRDA:14,6,1,0
BRDA:16,7,0,0
BRDA:16,7,1,0
BRDA:16,8,0,0
BRDA:16,8,1,0
BRDA:17,9,0,0
BRDA:17,9,1,0
BRDA:18,10,0,0
BRDA:18,10,1,0
BRDA:20,11,0,0
BRDA:20,11,1,0
BRDA:22,12,0,0
BRDA:22,12,1,0
BRDA:22,13,0,0
BRDA:22,13,1,0
BRDA:25,14,0,0
BRDA:25,14,1,0
BRDA:25,15,0,0
BRDA:25,15,1,0
BRDA:25,16,0,0
BRDA:25,16,1,0
BRDA:35,17,0,0
BRDA:37,18,0,0
BRDA:39,19,0,0
BRDA:39,19,1,0
BRDA:40,20,0,0
BRDA:40,21,0,0
BRDA:40,21,1,0
BRDA:41,22,0,0
BRDA:43,23,0,0
BRDA:44,24,0,0
BRDA:44,24,1,0
BRDA:44,25,0,0
BRDA:44,25,1,0
BRDA:45,26,0,0
BRDA:46,27,0,0
BRDA:46,28,0,0
BRDA:46,28,1,0
BRF:49
BRH:0
end_of_record
TN:
SF:i18n-refactor/src/util/dict-reader.ts
FN:9,tryPaths
FN:19,(anonymous_8)
FN:22,flattenAstObject
FN:36,parseDictFile
FN:40,(anonymous_11)
FN:64,flatten
FN:78,buildDictMap
FN:103,setMockDict
FN:107,hasKey
FN:117,getAllRoots
FN:123,pickRoot
FN:132,setDictDir
FNF:12
FNH:10
FNDA:11,tryPaths
FNDA:22,(anonymous_8)
FNDA:700,flattenAstObject
FNDA:20,parseDictFile
FNDA:10810,(anonymous_11)
FNDA:0,flatten
FNDA:11,buildDictMap
FNDA:2,setMockDict
FNDA:371,hasKey
FNDA:109,getAllRoots
FNDA:76,pickRoot
FNDA:0,setDictDir
DA:1,16
DA:2,16
DA:3,16
DA:4,16
DA:5,16
DA:10,11
DA:11,11
DA:12,11
DA:13,11
DA:19,22
DA:23,700
DA:24,3290
DA:25,3290
DA:26,3290
DA:27,3290
DA:28,3290
DA:29,480
DA:31,2810
DA:37,20
DA:38,20
DA:39,20
DA:40,20
DA:41,10810
DA:42,20
DA:43,20
DA:44,20
DA:45,20
DA:46,20
DA:47,20
DA:48,20
DA:49,220
DA:50,220
DA:51,220
DA:52,220
DA:53,220
DA:58,10810
DA:60,20
DA:61,20
DA:65,0
DA:66,0
DA:67,0
DA:68,0
DA:69,0
DA:70,0
DA:72,0
DA:79,11
DA:80,11
DA:81,11
DA:82,10
DA:83,20
DA:84,20
DA:85,20
DA:86,20
DA:87,20
DA:88,220
DA:89,2810
DA:91,20
DA:93,0
DA:94,0
DA:98,11
DA:101,16
DA:103,16
DA:104,2
DA:107,16
DA:108,371
DA:109,102
DA:110,102
DA:112,269
DA:113,269
DA:114,269
DA:117,16
DA:118,109
DA:119,78
DA:120,78
DA:123,16
DA:124,76
DA:125,76
DA:126,359
DA:127,359
DA:129,46
DA:131,16
DA:132,16
DA:133,0
DA:134,0
LF:84
LH:73
BRDA:12,0,0,0
BRDA:12,1,0,11
BRDA:12,1,1,0
BRDA:24,2,0,0
BRDA:25,3,0,3290
BRDA:25,3,1,0
BRDA:25,4,0,0
BRDA:25,4,1,0
BRDA:26,5,0,0
BRDA:27,6,0,2000
BRDA:27,6,1,1290
BRDA:28,7,0,480
BRDA:28,7,1,2810
BRDA:28,8,0,3290
BRDA:28,8,1,3290
BRDA:41,9,0,20
BRDA:43,10,0,20
BRDA:45,11,0,0
BRDA:45,11,1,20
BRDA:46,12,0,20
BRDA:46,13,0,20
BRDA:46,13,1,20
BRDA:47,14,0,0
BRDA:49,15,0,0
BRDA:50,16,0,220
BRDA:50,16,1,0
BRDA:50,17,0,0
BRDA:50,17,1,0
BRDA:51,18,0,0
BRDA:52,19,0,220
BRDA:52,19,1,220
BRDA:53,20,0,220
BRDA:53,21,0,220
BRDA:53,21,1,220
BRDA:65,22,0,0
BRDA:65,23,0,0
BRDA:65,23,1,0
BRDA:68,24,0,0
BRDA:68,24,1,0
BRDA:69,25,0,0
BRDA:69,25,1,0
BRDA:69,26,0,0
BRDA:69,26,1,0
BRDA:69,26,2,0
BRDA:84,27,0,0
BRDA:88,28,0,220
BRDA:88,28,1,110
BRDA:108,29,0,102
BRDA:110,30,0,102
BRDA:110,30,1,102
BRDA:112,31,0,1
BRDA:114,32,0,269
BRDA:114,32,1,269
BRDA:118,33,0,31
BRDA:119,34,0,10
BRDA:124,35,0,0
BRDA:124,36,0,76
BRDA:124,36,1,76
BRDA:127,37,0,30
BRDA:133,38,0,0
BRDA:133,39,0,0
BRDA:133,39,1,0
BRDA:134,40,0,0
BRDA:134,40,1,0
BRF:64
BRH:33
end_of_record
TN:
SF:i18n-refactor/src/util/dict-simple.ts
FN:14,loadDictFile
FN:38,(anonymous_7)
FN:48,(anonymous_8)
FN:50,(anonymous_9)
FN:50,(anonymous_10)
FN:135,getDictKeys
FN:155,flattenObject
FN:174,preprocessDictFiles
FN:186,(anonymous_14)
FN:220,loadPreprocessedDict
FNF:10
FNH:0
FNDA:0,loadDictFile
FNDA:0,(anonymous_7)
FNDA:0,(anonymous_8)
FNDA:0,(anonymous_9)
FNDA:0,(anonymous_10)
FNDA:0,getDictKeys
FNDA:0,flattenObject
FNDA:0,preprocessDictFiles
FNDA:0,(anonymous_14)
FNDA:0,loadPreprocessedDict
DA:1,1
DA:2,1
DA:4,1
DA:7,1
DA:14,1
DA:16,0
DA:17,0
DA:20,0
DA:24,0
DA:25,0
DA:28,0
DA:36,0
DA:37,0
DA:38,0
DA:39,0
DA:40,0
DA:41,0
DA:43,0
DA:47,0
DA:50,0
DA:55,0
DA:56,0
DA:57,0
DA:64,0
DA:65,0
DA:66,0
DA:67,0
DA:68,0
DA:69,0
DA:72,0
DA:73,0
DA:76,0
DA:77,0
DA:78,0
DA:84,0
DA:85,0
DA:86,0
DA:87,0
DA:88,0
DA:89,0
DA:95,0
DA:99,0
DA:100,0
DA:103,0
DA:104,0
DA:108,0
DA:111,0
DA:113,0
DA:115,0
DA:116,0
DA:118,0
DA:122,0
DA:123,0
DA:125,0
DA:126,0
DA:135,1
DA:136,0
DA:139,0
DA:140,0
DA:141,0
DA:142,0
DA:146,0
DA:156,0
DA:157,0
DA:158,0
DA:159,0
DA:160,0
DA:161,0
DA:163,0
DA:174,1
DA:175,0
DA:178,0
DA:180,0
DA:181,0
DA:182,0
DA:186,0
DA:187,0
DA:190,0
DA:192,0
DA:193,0
DA:194,0
DA:195,0
DA:198,0
DA:201,0
DA:204,0
DA:205,0
DA:207,0
DA:211,0
DA:220,1
DA:221,0
DA:223,0
DA:224,0
DA:227,0
DA:228,0
DA:229,0
DA:231,0
DA:232,0
LF:97
LH:8
BRDA:16,0,0,0
BRDA:24,1,0,0
BRDA:24,1,1,0
BRDA:39,2,0,0
BRDA:43,3,0,0
BRDA:55,4,0,0
BRDA:67,5,0,0
BRDA:72,6,0,0
BRDA:72,7,0,0
BRDA:72,7,1,0
BRDA:76,8,0,0
BRDA:76,8,1,0
BRDA:76,9,0,0
BRDA:76,9,1,0
BRDA:88,10,0,0
BRDA:111,11,0,0
BRDA:111,11,1,0
BRDA:111,12,0,0
BRDA:111,12,1,0
BRDA:111,12,2,0
BRDA:111,12,3,0
BRDA:116,13,0,0
BRDA:116,14,0,0
BRDA:116,14,1,0
BRDA:140,15,0,0
BRDA:140,16,0,0
BRDA:140,16,1,0
BRDA:141,17,0,0
BRDA:141,17,1,0
BRDA:156,18,0,0
BRDA:156,19,0,0
BRDA:156,19,1,0
BRDA:159,20,0,0
BRDA:159,20,1,0
BRDA:160,21,0,0
BRDA:160,21,1,0
BRDA:160,22,0,0
BRDA:160,22,1,0
BRDA:160,22,2,0
BRDA:174,23,0,0
BRDA:180,24,0,0
BRDA:187,25,0,0
BRDA:187,25,1,0
BRDA:220,26,0,0
BRDA:223,27,0,0
BRF:45
BRH:0
end_of_record
TN:
SF:i18n-refactor/src/util/errors.ts
FN:3,(anonymous_0)
FN:14,(anonymous_1)
FN:25,(anonymous_2)
FN:35,(anonymous_3)
FN:48,(anonymous_4)
FN:62,(anonymous_5)
FNF:6
FNH:0
FNDA:0,(anonymous_0)
FNDA:0,(anonymous_1)
FNDA:0,(anonymous_2)
FNDA:0,(anonymous_3)
FNDA:0,(anonymous_4)
FNDA:0,(anonymous_5)
DA:1,17
DA:4,0
DA:5,0
DA:6,0
DA:8,0
DA:12,17
DA:15,0
DA:16,0
DA:17,0
DA:19,0
DA:23,17
DA:26,0
DA:27,0
DA:28,0
DA:30,0
DA:34,17
DA:36,0
DA:37,0
DA:39,0
DA:44,17
DA:49,0
DA:50,0
DA:51,0
DA:52,0
DA:53,0
DA:57,17
DA:63,0
DA:64,0
DA:65,0
DA:66,0
DA:67,0
DA:68,0
LF:32
LH:6
BRF:0
BRH:0
end_of_record
TN:
SF:i18n-refactor/src/util/logger.ts
FN:28,getCallStack
FN:45,configureLogger
FN:52,shouldLog
FN:56,formatTimestamp
FN:60,formatLine
FN:113,writeLog
FN:130,debug
FN:136,info
FN:142,warn
FN:148,error
FN:155,handleError
FN:166,(anonymous_11)
FNF:12
FNH:7
FNDA:3,getCallStack
FNDA:0,configureLogger
FNDA:23,shouldLog
FNDA:3,formatTimestamp
FNDA:3,formatLine
FNDA:3,writeLog
FNDA:20,debug
FNDA:0,info
FNDA:3,warn
FNDA:0,error
FNDA:0,handleError
FNDA:0,(anonymous_11)
DA:20,17
DA:21,17
DA:22,17
DA:23,17
DA:25,17
DA:29,3
DA:30,3
DA:32,3
DA:33,3
DA:34,3
DA:35,3
DA:42,0
DA:45,17
DA:46,0
DA:47,0
DA:48,0
DA:49,0
DA:53,23
DA:57,3
DA:61,3
DA:62,3
DA:64,3
DA:73,3
DA:74,0
DA:81,3
DA:82,0
DA:86,3
DA:87,3
DA:88,3
DA:90,3
DA:91,3
DA:94,3
DA:95,3
DA:96,3
DA:97,3
DA:98,0
DA:99,3
DA:100,0
DA:102,3
DA:105,3
DA:106,3
DA:110,3
DA:114,3
DA:115,3
DA:116,0
DA:117,0
DA:120,0
DA:121,0
DA:123,0
DA:124,0
DA:130,17
DA:131,20
DA:132,0
DA:136,17
DA:137,0
DA:138,0
DA:142,17
DA:143,3
DA:144,3
DA:148,17
DA:149,0
DA:150,0
DA:155,17
DA:156,0
DA:161,0
DA:165,17
DA:166,0
DA:167,0
DA:168,0
LF:69
LH:44
BRDA:29,0,0,3
BRDA:29,0,1,0
BRDA:34,1,0,3
BRDA:45,2,0,0
BRDA:46,3,0,0
BRDA:47,4,0,0
BRDA:48,5,0,0
BRDA:49,6,0,0
BRDA:61,7,0,3
BRDA:61,7,1,0
BRDA:73,8,0,0
BRDA:73,9,0,0
BRDA:73,9,1,3
BRDA:73,10,0,3
BRDA:73,10,1,3
BRDA:81,11,0,0
BRDA:87,12,0,3
BRDA:94,13,0,3
BRDA:94,14,0,3
BRDA:94,14,1,3
BRDA:97,15,0,0
BRDA:97,15,1,3
BRDA:99,16,0,0
BRDA:99,16,1,3
BRDA:99,17,0,3
BRDA:99,17,1,0
BRDA:105,18,0,3
BRDA:114,19,0,3
BRDA:114,19,1,0
BRDA:116,20,0,0
BRDA:116,20,1,0
BRDA:123,21,0,0
BRDA:123,21,1,0
BRDA:131,22,0,0
BRDA:137,23,0,0
BRDA:143,24,0,3
BRDA:149,25,0,0
BRF:37
BRH:16
end_of_record
TN:
SF:i18n-refactor/src/util/variable-renamer.ts
FN:21,renameVariable
FN:51,(anonymous_2)
FN:90,(anonymous_3)
FN:107,isIdentifierInValidContext
FN:297,isValidIdentifier
FN:333,isIdentifierChar
FN:343,renameMultipleVariables
FN:354,(anonymous_8)
FNF:8
FNH:8
FNDA:17,renameVariable
FNDA:282,(anonymous_2)
FNDA:21,(anonymous_3)
FNDA:35,isIdentifierInValidContext
FNDA:33,isValidIdentifier
FNDA:70,isIdentifierChar
FNDA:2,renameMultipleVariables
FNDA:2,(anonymous_8)
DA:1,1
DA:21,1
DA:28,17
DA:36,17
DA:37,17
DA:38,17
DA:41,17
DA:42,2
DA:43,2
DA:46,15
DA:47,1
DA:51,14
DA:53,282
DA:54,82
DA:56,82
DA:58,35
DA:59,35
DA:62,35
DA:63,35
DA:64,35
DA:67,35
DA:68,35
DA:69,35
DA:74,0
DA:75,0
DA:76,0
DA:77,0
DA:78,0
DA:84,282
DA:87,14
DA:90,21
DA:93,14
DA:94,14
DA:95,35
DA:98,14
DA:108,35
DA:111,35
DA:116,4
DA:119,31
DA:124,1
DA:127,30
DA:129,9
DA:132,21
DA:134,2
DA:137,19
DA:139,1
DA:142,18
DA:144,2
DA:147,16
DA:149,0
DA:152,16
DA:154,0
DA:157,16
DA:159,0
DA:162,16
DA:164,0
DA:167,16
DA:169,0
DA:172,16
DA:174,0
DA:177,16
DA:179,0
DA:182,16
DA:184,0
DA:187,16
DA:189,1
DA:193,15
DA:195,1
DA:198,14
DA:200,0
DA:203,14
DA:205,0
DA:208,14
DA:210,0
DA:214,14
DA:216,0
DA:220,14
DA:221,0
DA:225,14
DA:243,13
DA:247,1
DA:248,0
DA:252,1
DA:253,1
DA:257,0
DA:258,0
DA:262,0
DA:263,0
DA:267,0
DA:268,0
DA:272,0
DA:273,0
DA:277,0
DA:278,0
DA:282,0
DA:285,0
DA:289,0
DA:298,33
DA:299,0
DA:303,33
DA:304,0
DA:308,33
DA:309,1
DA:313,32
DA:325,32
DA:334,70
DA:343,1
DA:347,2
DA:348,2
DA:349,2
DA:353,2
DA:354,2
DA:357,2
DA:358,4
DA:359,4
DA:360,4
DA:361,4
DA:364,2
LF:118
LH:84
BRDA:25,0,0,17
BRDA:41,1,0,2
BRDA:41,2,0,17
BRDA:41,2,1,16
BRDA:46,3,0,1
BRDA:53,4,0,82
BRDA:54,5,0,82
BRDA:54,5,1,0
BRDA:56,6,0,35
BRDA:56,7,0,82
BRDA:56,7,1,35
BRDA:63,8,0,35
BRDA:63,8,1,0
BRDA:64,9,0,35
BRDA:64,9,1,0
BRDA:67,10,0,35
BRDA:67,11,0,35
BRDA:67,11,1,35
BRDA:74,12,0,0
BRDA:111,13,0,4
BRDA:112,14,0,35
BRDA:112,14,1,5
BRDA:119,15,0,1
BRDA:120,16,0,31
BRDA:120,16,1,1
BRDA:127,17,0,9
BRDA:127,18,0,30
BRDA:127,18,1,9
BRDA:132,19,0,2
BRDA:132,20,0,21
BRDA:132,20,1,2
BRDA:137,21,0,1
BRDA:137,22,0,19
BRDA:137,22,1,1
BRDA:142,23,0,2
BRDA:142,24,0,18
BRDA:142,24,1,2
BRDA:147,25,0,0
BRDA:147,26,0,16
BRDA:147,26,1,0
BRDA:152,27,0,0
BRDA:152,28,0,16
BRDA:152,28,1,0
BRDA:157,29,0,0
BRDA:157,30,0,16
BRDA:157,30,1,0
BRDA:162,31,0,0
BRDA:162,32,0,16
BRDA:162,32,1,0
BRDA:167,33,0,0
BRDA:167,34,0,16
BRDA:167,34,1,0
BRDA:172,35,0,0
BRDA:172,36,0,16
BRDA:172,36,1,0
BRDA:177,37,0,0
BRDA:177,38,0,16
BRDA:177,38,1,0
BRDA:182,39,0,0
BRDA:182,40,0,16
BRDA:182,40,1,0
BRDA:187,41,0,1
BRDA:187,42,0,16
BRDA:187,42,1,2
BRDA:193,43,0,1
BRDA:193,44,0,15
BRDA:193,44,1,1
BRDA:193,44,2,1
BRDA:198,45,0,0
BRDA:198,46,0,14
BRDA:198,46,1,0
BRDA:203,47,0,0
BRDA:203,48,0,14
BRDA:203,48,1,0
BRDA:208,49,0,0
BRDA:208,50,0,14
BRDA:208,50,1,0
BRDA:214,51,0,0
BRDA:214,52,0,14
BRDA:214,52,1,0
BRDA:214,52,2,0
BRDA:220,53,0,0
BRDA:220,54,0,14
BRDA:220,54,1,0
BRDA:225,55,0,13
BRDA:226,56,0,14
BRDA:226,56,1,14
BRDA:226,56,2,14
BRDA:226,56,3,14
BRDA:226,56,4,4
BRDA:226,56,5,4
BRDA:226,56,6,2
BRDA:226,56,7,1
BRDA:226,56,8,1
BRDA:226,56,9,1
BRDA:226,56,10,1
BRDA:226,56,11,1
BRDA:226,56,12,1
BRDA:226,56,13,1
BRDA:226,56,14,1
BRDA:226,56,15,1
BRDA:247,57,0,0
BRDA:247,58,0,1
BRDA:247,58,1,0
BRDA:252,59,0,1
BRDA:252,60,0,1
BRDA:252,60,1,1
BRDA:257,61,0,0
BRDA:257,62,0,0
BRDA:257,62,1,0
BRDA:262,63,0,0
BRDA:262,64,0,0
BRDA:262,64,1,0
BRDA:267,65,0,0
BRDA:267,66,0,0
BRDA:267,66,1,0
BRDA:267,66,2,0
BRDA:272,67,0,0
BRDA:272,68,0,0
BRDA:272,68,1,0
BRDA:272,68,2,0
BRDA:277,69,0,0
BRDA:277,70,0,0
BRDA:277,70,1,0
BRDA:282,71,0,0
BRDA:282,72,0,0
BRDA:282,72,1,0
BRDA:282,72,2,0
BRDA:282,72,3,0
BRDA:298,73,0,0
BRDA:298,74,0,33
BRDA:298,74,1,33
BRDA:303,75,0,0
BRDA:308,76,0,1
BRF:134
BRH:77
end_of_record
