TN:
SF:i18n-refactor/src/cli/mode-dispatcher.ts
FN:9,dispatchMode
FNF:1
FNH:0
FNDA:0,dispatchMode
DA:1,1
DA:2,1
DA:3,1
DA:4,1
DA:5,1
DA:9,1
DA:10,0
DA:13,0
DA:14,0
DA:16,0
DA:22,0
DA:24,0
DA:27,0
DA:29,0
DA:30,0
DA:32,0
LF:16
LH:6
BRDA:10,0,0,0
BRDA:10,0,1,0
BRDA:10,0,2,0
BRDA:10,0,3,0
BRDA:10,0,4,0
BRDA:10,0,5,0
BRDA:17,1,0,0
BRDA:17,1,1,0
BRDA:18,2,0,0
BRDA:18,2,1,0
BRDA:19,3,0,0
BRDA:19,3,1,0
BRDA:20,4,0,0
BRDA:20,4,1,0
BRDA:25,5,0,0
BRDA:25,5,1,0
BRDA:29,6,0,0
BRDA:29,6,1,0
BRF:18
BRH:0
end_of_record
TN:
SF:i18n-refactor/src/cli/run-dir.ts
FN:11,(anonymous_7)
FN:13,readFile
FN:15,writeFile
FN:17,processTsFile
FN:24,(anonymous_11)
FN:51,(anonymous_12)
FN:60,main
FNF:7
FNH:3
FNDA:0,(anonymous_7)
FNDA:4,readFile
FNDA:0,writeFile
FNDA:4,processTsFile
FNDA:43,(anonymous_11)
FNDA:0,(anonymous_12)
FNDA:0,main
DA:2,1
DA:3,1
DA:4,1
DA:5,1
DA:6,1
DA:7,1
DA:8,1
DA:10,1
DA:11,1
DA:13,4
DA:14,1
DA:15,0
DA:17,1
DA:20,4
DA:21,4
DA:23,4
DA:24,4
DA:25,43
DA:26,4
DA:27,4
DA:28,0
DA:29,0
DA:30,0
DA:31,0
DA:32,0
DA:33,0
DA:34,0
DA:35,0
DA:36,0
DA:37,0
DA:45,43
DA:47,4
DA:48,4
DA:49,4
DA:51,4
DA:52,4
DA:53,4
DA:54,4
DA:55,4
DA:56,4
DA:57,4
DA:60,1
DA:61,0
DA:62,0
DA:63,0
DA:64,0
DA:67,0
DA:68,0
DA:69,0
DA:70,0
DA:71,0
DA:74,0
DA:75,0
DA:76,0
DA:77,0
DA:80,0
LF:56
LH:31
BRDA:15,0,0,0
BRDA:25,1,0,4
BRDA:26,2,0,4
BRDA:26,2,1,0
BRDA:27,3,0,4
BRDA:27,3,1,4
BRDA:29,4,0,0
BRDA:29,5,0,0
BRDA:29,5,1,0
BRDA:29,5,2,0
BRDA:31,6,0,0
BRDA:31,7,0,0
BRDA:31,7,1,0
BRDA:33,8,0,0
BRDA:33,9,0,0
BRDA:33,9,1,0
BRDA:33,9,2,0
BRDA:35,10,0,0
BRDA:35,11,0,0
BRDA:35,11,1,0
BRDA:48,12,0,0
BRDA:48,12,1,4
BRDA:48,13,0,4
BRDA:48,13,1,0
BRDA:53,14,0,0
BRDA:53,14,1,4
BRDA:54,15,0,0
BRDA:55,16,0,0
BRDA:55,17,0,4
BRDA:55,17,1,0
BRDA:57,18,0,4
BRDA:57,18,1,4
BRDA:69,19,0,0
BRDA:70,20,0,0
BRDA:71,21,0,0
BRDA:75,22,0,0
BRDA:75,22,1,0
BRDA:75,23,0,0
BRDA:75,23,1,0
BRDA:76,24,0,0
BRDA:76,24,1,0
BRF:41
BRH:10
end_of_record
TN:
SF:i18n-refactor/src/core/config.ts
FN:37,deepMerge
FN:50,loadConfigFromFile
FN:74,loadConfigFromEnv
FN:82,(anonymous_9)
FN:92,(anonymous_10)
FN:103,loadConfigFromArgs
FN:118,(anonymous_12)
FN:128,(anonymous_13)
FN:140,loadConfig
FNF:9
FNH:9
FNDA:46,deepMerge
FNDA:14,loadConfigFromFile
FNDA:15,loadConfigFromEnv
FNDA:1,(anonymous_9)
FNDA:2,(anonymous_10)
FNDA:18,loadConfigFromArgs
FNDA:4,(anonymous_12)
FNDA:3,(anonymous_13)
FNDA:14,loadConfig
DA:1,14
DA:2,14
DA:21,14
DA:37,14
DA:38,46
DA:39,46
DA:40,149
DA:41,1
DA:42,148
DA:43,147
DA:46,46
DA:50,14
DA:51,14
DA:57,14
DA:59,14
DA:60,16
DA:61,16
DA:62,13
DA:63,13
DA:66,0
DA:70,1
DA:74,14
DA:75,15
DA:76,15
DA:78,15
DA:79,1173
DA:81,3
DA:82,3
DA:85,3
DA:86,1
DA:87,2
DA:88,0
DA:89,2
DA:90,1
DA:91,1
DA:92,2
DA:94,0
DA:99,15
DA:103,14
DA:104,18
DA:106,18
DA:107,5
DA:109,5
DA:110,5
DA:112,5
DA:113,1
DA:114,4
DA:116,0
DA:117,4
DA:118,4
DA:121,4
DA:122,0
DA:123,4
DA:124,0
DA:125,4
DA:126,1
DA:127,3
DA:128,3
DA:130,2
DA:136,18
DA:140,14
DA:141,14
DA:142,14
DA:143,14
DA:146,14
DA:156,14
LF:66
LH:60
BRDA:39,0,0,46
BRDA:39,0,1,0
BRDA:40,1,0,1
BRDA:40,1,1,148
BRDA:40,2,0,149
BRDA:40,2,1,135
BRDA:40,2,2,15
BRDA:41,3,0,1
BRDA:41,3,1,0
BRDA:42,4,0,147
BRDA:57,5,0,0
BRDA:57,5,1,14
BRDA:61,6,0,13
BRDA:79,7,0,3
BRDA:79,8,0,1173
BRDA:79,8,1,3
BRDA:85,9,0,1
BRDA:85,9,1,2
BRDA:87,10,0,0
BRDA:87,10,1,2
BRDA:89,11,0,1
BRDA:89,11,1,1
BRDA:91,12,0,1
BRDA:91,12,1,0
BRDA:109,13,0,5
BRDA:112,14,0,1
BRDA:112,14,1,4
BRDA:114,15,0,0
BRDA:114,15,1,4
BRDA:114,16,0,4
BRDA:114,16,1,4
BRDA:117,17,0,4
BRDA:121,18,0,0
BRDA:121,18,1,4
BRDA:123,19,0,0
BRDA:123,19,1,4
BRDA:125,20,0,1
BRDA:125,20,1,3
BRDA:127,21,0,1
BRDA:127,21,1,2
BRDA:140,22,0,14
BRF:41
BRH:33
end_of_record
TN:
SF:i18n-refactor/src/core/key-resolver.ts
FN:14,resolveKeyFromAccess
FNF:1
FNH:1
FNDA:74,resolveKeyFromAccess
DA:1,14
DA:2,14
DA:14,14
DA:15,74
DA:16,74
DA:17,74
DA:18,74
DA:19,203
DA:20,198
DA:21,124
DA:22,124
DA:23,124
DA:24,124
DA:26,5
DA:27,5
DA:28,5
DA:29,4
DA:30,5
DA:31,5
DA:33,0
DA:35,74
DA:36,74
DA:37,74
DA:38,74
DA:39,74
DA:40,129
DA:41,125
DA:43,74
DA:44,74
DA:45,55
DA:46,55
DA:48,74
DA:49,74
DA:50,74
DA:51,4
DA:52,4
DA:54,74
DA:55,0
DA:56,0
DA:57,0
DA:58,0
DA:59,0
DA:60,0
DA:62,0
DA:63,0
DA:66,0
DA:69,74
LF:47
LH:37
BRDA:19,0,0,198
BRDA:20,1,0,74
BRDA:26,2,0,5
BRDA:28,3,0,1
BRDA:28,3,1,4
BRDA:40,4,0,4
BRDA:43,5,0,19
BRDA:43,5,1,55
BRDA:43,6,0,74
BRDA:43,6,1,19
BRDA:44,7,0,55
BRDA:44,8,0,74
BRDA:44,8,1,55
BRDA:44,8,2,55
BRDA:46,9,0,23
BRDA:50,10,0,4
BRDA:54,11,0,0
BRDA:54,12,0,74
BRDA:54,12,1,0
BRDA:58,13,0,0
BRDA:58,13,1,0
BRDA:60,14,0,0
BRDA:60,14,1,0
BRDA:63,15,0,0
BRDA:69,16,0,4
BRDA:69,16,1,70
BRF:26
BRH:19
end_of_record
TN:
SF:i18n-refactor/src/core/params-extractor.ts
FN:3,extractReplaceParams
FNF:1
FNH:1
FNDA:4,extractReplaceParams
DA:3,14
DA:4,4
DA:5,4
DA:7,4
DA:8,8
DA:10,4
LF:6
LH:6
BRF:0
BRH:0
end_of_record
TN:
SF:i18n-refactor/src/core/template-usage.ts
FN:3,collectTemplateUsages
FNF:1
FNH:1
FNDA:1,collectTemplateUsages
DA:3,1
DA:4,1
DA:5,1
DA:7,1
DA:9,1
DA:10,1
DA:11,1
DA:12,1
DA:13,1
DA:14,1
DA:16,2
DA:17,1
DA:18,1
DA:19,1
DA:20,1
DA:23,1
DA:24,1
DA:25,1
DA:26,1
DA:27,1
DA:28,1
DA:29,1
DA:30,1
DA:31,1
DA:34,1
DA:35,1
DA:36,2
DA:37,2
DA:38,2
DA:39,2
DA:40,2
DA:41,2
DA:42,2
DA:45,1
DA:46,1
DA:47,1
DA:48,1
DA:49,1
DA:50,1
DA:52,1
LF:40
LH:40
BRF:0
BRH:0
end_of_record
TN:
SF:i18n-refactor/src/core/var-alias.ts
FN:6,isGetLocalCall
FN:17,chainAfterGetLocal
FN:27,collectVarAliases
FN:30,addAlias
FN:37,visit
FN:63,(anonymous_6)
FN:136,(anonymous_7)
FN:163,(anonymous_8)
FNF:8
FNH:8
FNDA:64,isGetLocalCall
FNDA:46,chainAfterGetLocal
FNDA:51,collectVarAliases
FNDA:62,addAlias
FNDA:2898,visit
FNDA:2,(anonymous_6)
FNDA:4,(anonymous_7)
FNDA:22,(anonymous_8)
DA:1,14
DA:7,64
DA:8,64
DA:9,64
DA:18,46
DA:19,46
DA:20,46
DA:21,68
DA:22,68
DA:24,46
DA:27,14
DA:29,51
DA:32,62
DA:33,62
DA:34,62
DA:35,62
DA:38,2898
DA:39,21
DA:40,0
DA:41,0
DA:42,0
DA:43,0
DA:44,0
DA:45,0
DA:46,0
DA:47,0
DA:50,21
DA:51,4
DA:52,4
DA:53,4
DA:54,0
DA:55,0
DA:56,0
DA:62,2898
DA:63,2
DA:64,1
DA:65,1
DA:66,2
DA:67,2
DA:68,2
DA:69,2
DA:70,2
DA:71,2
DA:72,2
DA:76,1
DA:77,1
DA:78,1
DA:81,2898
DA:82,45
DA:83,45
DA:84,45
DA:85,45
DA:88,45
DA:89,61
DA:90,59
DA:91,59
DA:92,59
DA:93,59
DA:94,59
DA:95,59
DA:96,26
DA:97,26
DA:98,52
DA:99,26
DA:100,14
DA:101,14
DA:102,14
DA:104,12
DA:105,12
DA:106,30
DA:107,12
DA:108,12
DA:109,8
DA:110,8
DA:111,8
DA:112,8
DA:113,8
DA:114,4
DA:115,8
DA:116,8
DA:117,4
DA:118,4
DA:119,4
DA:120,4
DA:121,4
DA:122,4
DA:123,4
DA:124,4
DA:125,4
DA:126,4
DA:127,4
DA:128,4
DA:129,4
DA:131,0
DA:134,4
DA:135,4
DA:136,4
DA:137,4
DA:138,4
DA:139,4
DA:140,4
DA:141,4
DA:142,0
DA:143,4
DA:144,4
DA:150,18
DA:153,33
DA:154,20
DA:155,20
DA:156,0
DA:157,0
DA:158,0
DA:162,59
DA:163,22
DA:164,11
DA:165,11
DA:166,22
DA:167,22
DA:168,22
DA:169,22
DA:170,22
DA:171,22
DA:172,22
DA:176,11
DA:177,11
DA:178,11
DA:186,2898
DA:188,51
DA:189,51
LF:129
LH:113
BRDA:7,0,0,0
BRDA:7,1,0,64
BRDA:7,1,1,64
BRDA:9,2,0,64
BRDA:9,2,1,64
BRDA:9,2,2,62
BRDA:9,2,3,62
BRDA:9,2,4,62
BRDA:9,2,5,62
BRDA:32,3,0,60
BRDA:34,4,0,0
BRDA:34,5,0,62
BRDA:34,5,1,31
BRDA:38,6,0,21
BRDA:38,7,0,2898
BRDA:38,7,1,86
BRDA:39,8,0,0
BRDA:39,8,1,21
BRDA:43,9,0,0
BRDA:43,10,0,0
BRDA:43,10,1,0
BRDA:45,11,0,0
BRDA:45,12,0,0
BRDA:45,12,1,0
BRDA:50,13,0,4
BRDA:50,14,0,21
BRDA:50,14,1,4
BRDA:51,15,0,4
BRDA:51,16,0,4
BRDA:51,16,1,4
BRDA:53,17,0,0
BRDA:55,18,0,0
BRDA:62,19,0,1
BRDA:62,20,0,2898
BRDA:62,20,1,86
BRDA:62,20,2,21
BRDA:62,20,3,1
BRDA:62,20,4,1
BRDA:67,21,0,2
BRDA:70,22,0,2
BRDA:70,23,0,2
BRDA:70,23,1,2
BRDA:72,24,0,2
BRDA:76,25,0,1
BRDA:81,26,0,45
BRDA:84,27,0,45
BRDA:84,28,0,45
BRDA:84,28,1,45
BRDA:84,28,2,45
BRDA:84,28,3,45
BRDA:88,29,0,45
BRDA:88,29,1,0
BRDA:89,30,0,59
BRDA:89,31,0,61
BRDA:89,31,1,59
BRDA:91,32,0,59
BRDA:91,33,0,59
BRDA:91,33,1,59
BRDA:93,34,0,59
BRDA:93,35,0,59
BRDA:93,35,1,59
BRDA:95,36,0,26
BRDA:95,36,1,33
BRDA:99,37,0,14
BRDA:99,37,1,12
BRDA:99,38,0,26
BRDA:99,38,1,14
BRDA:106,39,0,12
BRDA:106,40,0,30
BRDA:106,40,1,12
BRDA:108,41,0,8
BRDA:108,41,1,4
BRDA:111,42,0,8
BRDA:111,43,0,8
BRDA:111,43,1,8
BRDA:113,44,0,4
BRDA:113,44,1,4
BRDA:115,45,0,8
BRDA:117,46,0,4
BRDA:117,47,0,4
BRDA:117,47,1,4
BRDA:121,48,0,4
BRDA:127,49,0,4
BRDA:127,49,1,0
BRDA:134,50,0,4
BRDA:134,51,0,4
BRDA:134,51,1,4
BRDA:137,52,0,4
BRDA:141,53,0,4
BRDA:141,53,1,0
BRDA:143,54,0,4
BRDA:153,55,0,20
BRDA:153,56,0,33
BRDA:153,56,1,22
BRDA:155,57,0,0
BRDA:157,58,0,0
BRDA:162,59,0,11
BRDA:167,60,0,22
BRDA:170,61,0,22
BRDA:170,62,0,22
BRDA:170,62,1,22
BRDA:172,63,0,22
BRDA:176,64,0,11
BRF:103
BRH:87
end_of_record
TN:
SF:i18n-refactor/src/processor/component.ts
FN:23,collectGetLocaleVars
FN:34,buildAliases
FN:39,(anonymous_9)
FN:101,filterLeafAliases
FN:106,(anonymous_11)
FN:127,(anonymous_12)
FN:137,replaceTs
FN:150,(anonymous_14)
FN:153,(anonymous_15)
FN:156,(anonymous_16)
FN:167,(anonymous_17)
FN:322,(anonymous_18)
FN:336,(anonymous_19)
FN:337,(anonymous_20)
FN:341,(anonymous_21)
FN:347,(anonymous_22)
FN:355,(anonymous_23)
FN:367,(anonymous_24)
FN:378,(anonymous_25)
FN:393,replaceHtml
FN:398,(anonymous_27)
FN:408,(anonymous_28)
FN:414,(anonymous_29)
FN:417,(anonymous_30)
FN:423,(anonymous_31)
FN:429,(anonymous_32)
FN:438,injectI18nPipe
FN:471,(anonymous_34)
FN:481,injectService
FN:491,(anonymous_36)
FN:528,(anonymous_37)
FN:541,(anonymous_38)
FN:629,(anonymous_39)
FN:634,(anonymous_40)
FN:684,processComponent
FN:687,(anonymous_42)
FNF:36
FNH:23
FNDA:0,collectGetLocaleVars
FNDA:48,buildAliases
FNDA:2778,(anonymous_9)
FNDA:24,filterLeafAliases
FNDA:1389,(anonymous_11)
FNDA:24,(anonymous_12)
FNDA:24,replaceTs
FNDA:1338,(anonymous_14)
FNDA:38,(anonymous_15)
FNDA:214,(anonymous_16)
FNDA:1338,(anonymous_17)
FNDA:12,(anonymous_18)
FNDA:36,(anonymous_19)
FNDA:25,(anonymous_20)
FNDA:0,(anonymous_21)
FNDA:0,(anonymous_22)
FNDA:0,(anonymous_23)
FNDA:0,(anonymous_24)
FNDA:0,(anonymous_25)
FNDA:24,replaceHtml
FNDA:21,(anonymous_27)
FNDA:3,(anonymous_28)
FNDA:6,(anonymous_29)
FNDA:0,(anonymous_30)
FNDA:1,(anonymous_31)
FNDA:17,(anonymous_32)
FNDA:0,injectI18nPipe
FNDA:0,(anonymous_34)
FNDA:19,injectService
FNDA:1254,(anonymous_36)
FNDA:0,(anonymous_37)
FNDA:0,(anonymous_38)
FNDA:0,(anonymous_39)
FNDA:0,(anonymous_40)
FNDA:24,processComponent
FNDA:24,(anonymous_42)
DA:1,13
DA:2,13
DA:3,13
DA:4,13
DA:6,13
DA:7,13
DA:9,13
DA:10,13
DA:24,0
DA:25,0
DA:26,0
DA:28,0
DA:29,0
DA:30,0
DA:35,48
DA:38,48
DA:39,48
DA:40,2778
DA:41,42
DA:42,42
DA:43,34
DA:47,2778
DA:49,48
DA:51,48
DA:52,48
DA:53,48
DA:54,48
DA:55,48
DA:59,56
DA:60,56
DA:61,22
DA:62,0
DA:63,0
DA:67,22
DA:68,22
DA:69,12
DA:70,12
DA:71,12
DA:76,56
DA:78,8
DA:82,48
DA:83,14
DA:84,14
DA:85,14
DA:88,48
DA:90,48
DA:93,48
DA:94,48
DA:95,48
DA:96,48
DA:98,48
DA:102,24
DA:103,24
DA:104,24
DA:106,24
DA:107,1389
DA:108,225
DA:109,101
DA:110,101
DA:111,101
DA:113,64
DA:118,1389
DA:119,4
DA:120,4
DA:121,4
DA:124,1389
DA:126,24
DA:127,24
DA:129,24
DA:131,22
DA:132,22
DA:134,24
DA:138,24
DA:139,24
DA:140,24
DA:141,24
DA:142,24
DA:144,24
DA:145,24
DA:146,24
DA:147,24
DA:148,24
DA:149,24
DA:150,24
DA:151,1338
DA:152,1338
DA:153,1338
DA:156,24
DA:157,214
DA:158,214
DA:159,412
DA:160,181
DA:162,231
DA:164,33
DA:167,24
DA:168,1338
DA:170,1326
DA:171,206
DA:172,206
DA:173,95
DA:175,206
DA:176,206
DA:177,88
DA:178,88
DA:179,88
DA:180,88
DA:181,88
DA:194,88
DA:198,66
DA:199,66
DA:200,66
DA:201,139
DA:202,0
DA:203,0
DA:207,66
DA:208,66
DA:209,66
DA:210,66
DA:211,66
DA:212,25
DA:213,25
DA:216,25
DA:217,1
DA:218,1
DA:233,1326
DA:234,4
DA:235,4
DA:236,4
DA:237,0
DA:238,0
DA:239,0
DA:240,0
DA:241,0
DA:242,0
DA:243,0
DA:244,0
DA:245,0
DA:249,0
DA:262,0
DA:263,0
DA:264,0
DA:265,0
DA:266,0
DA:267,0
DA:268,0
DA:275,1326
DA:276,4
DA:277,4
DA:278,4
DA:279,7
DA:280,7
DA:282,4
DA:283,4
DA:284,4
DA:285,4
DA:286,4
DA:287,4
DA:288,4
DA:289,7
DA:290,7
DA:291,7
DA:292,7
DA:294,7
DA:295,5
DA:297,2
DA:301,4
DA:302,4
DA:303,4
DA:304,4
DA:305,4
DA:306,4
DA:307,4
DA:308,4
DA:312,1326
DA:314,24
DA:317,24
DA:318,24
DA:319,7
DA:320,7
DA:321,7
DA:322,12
DA:323,7
DA:324,7
DA:325,7
DA:326,7
DA:328,0
DA:332,17
DA:336,36
DA:337,36
DA:339,24
DA:340,24
DA:341,24
DA:342,0
DA:343,0
DA:344,0
DA:345,0
DA:347,24
DA:348,0
DA:349,0
DA:355,24
DA:356,0
DA:357,0
DA:358,0
DA:359,0
DA:360,0
DA:362,0
DA:366,24
DA:367,0
DA:368,0
DA:369,0
DA:370,0
DA:371,0
DA:372,0
DA:374,0
DA:378,0
DA:379,0
DA:380,0
DA:381,0
DA:382,0
DA:383,0
DA:385,0
DA:389,24
DA:390,24
DA:394,24
DA:395,24
DA:396,24
DA:398,24
DA:399,21
DA:400,18
DA:401,18
DA:402,18
DA:403,18
DA:405,0
DA:408,24
DA:409,3
DA:410,3
DA:411,3
DA:412,3
DA:413,3
DA:414,6
DA:415,3
DA:417,24
DA:418,0
DA:419,0
DA:420,0
DA:421,0
DA:423,24
DA:424,1
DA:425,1
DA:426,1
DA:427,1
DA:429,24
DA:430,17
DA:431,17
DA:432,17
DA:433,17
DA:435,24
DA:439,0
DA:441,0
DA:442,0
DA:443,0
DA:444,0
DA:445,0
DA:446,0
DA:448,0
DA:453,0
DA:454,0
DA:459,0
DA:461,0
DA:462,0
DA:463,0
DA:464,0
DA:465,0
DA:471,0
DA:472,0
DA:473,0
DA:474,0
DA:475,0
DA:476,0
DA:478,0
DA:482,19
DA:483,19
DA:484,19
DA:485,19
DA:486,19
DA:489,19
DA:491,19
DA:492,1254
DA:495,19
DA:498,19
DA:499,60
DA:500,17
DA:501,17
DA:505,19
DA:506,17
DA:507,17
DA:508,17
DA:509,17
DA:510,17
DA:511,15
DA:512,15
DA:514,15
DA:515,9
DA:517,9
DA:519,15
DA:523,17
DA:524,2
DA:525,2
DA:526,2
DA:528,0
DA:529,0
DA:530,0
DA:533,2
DA:536,2
DA:537,2
DA:538,2
DA:539,2
DA:541,0
DA:542,0
DA:543,0
DA:546,2
DA:549,1254
DA:551,19
DA:554,19
DA:556,9
DA:561,19
DA:564,19
DA:568,19
DA:571,9
DA:572,9
DA:575,9
DA:576,9
DA:579,9
DA:580,9
DA:583,9
DA:584,9
DA:587,9
DA:588,9
DA:591,9
DA:592,9
DA:595,9
DA:596,9
DA:602,19
DA:603,19
DA:605,19
DA:606,19
DA:608,19
DA:609,19
DA:611,19
DA:612,19
DA:614,19
DA:615,19
DA:617,19
DA:618,19
DA:620,19
DA:621,19
DA:624,19
DA:625,9
DA:629,19
DA:630,19
DA:631,9
DA:634,19
DA:635,19
DA:636,4
DA:639,19
DA:640,4
DA:641,4
DA:642,4
DA:643,4
DA:644,0
DA:645,0
DA:646,0
DA:647,0
DA:648,0
DA:650,4
DA:651,4
DA:652,4
DA:653,4
DA:654,4
DA:655,4
DA:657,0
DA:660,0
DA:666,19
DA:667,19
DA:668,19
DA:669,19
DA:670,8
DA:671,8
DA:672,8
DA:674,0
DA:677,11
DA:681,19
DA:684,13
DA:685,24
DA:686,24
DA:687,24
DA:688,24
DA:689,24
DA:690,24
DA:693,24
DA:696,24
DA:697,22
DA:698,22
DA:700,13
DA:701,13
DA:702,13
DA:703,13
DA:704,0
DA:712,24
DA:713,24
DA:714,24
DA:716,4
DA:720,24
DA:721,19
DA:727,24
DA:730,24
DA:733,24
DA:734,10
DA:737,24
LF:419
LH:322
BRDA:40,0,0,42
BRDA:42,1,0,34
BRDA:42,2,0,42
BRDA:42,2,1,42
BRDA:42,2,2,42
BRDA:42,2,3,42
BRDA:43,3,0,34
BRDA:60,4,0,22
BRDA:61,5,0,0
BRDA:61,5,1,22
BRDA:61,6,0,22
BRDA:61,6,1,22
BRDA:63,7,0,0
BRDA:68,8,0,12
BRDA:68,9,0,22
BRDA:68,9,1,12
BRDA:71,10,0,8
BRDA:76,11,0,8
BRDA:82,12,0,14
BRDA:82,13,0,48
BRDA:82,13,1,18
BRDA:82,13,2,14
BRDA:83,14,0,14
BRDA:96,15,0,48
BRDA:96,16,0,48
BRDA:96,16,1,0
BRDA:96,16,2,0
BRDA:107,17,0,225
BRDA:108,18,0,101
BRDA:108,19,0,225
BRDA:108,19,1,101
BRDA:111,20,0,64
BRDA:111,21,0,101
BRDA:111,21,1,64
BRDA:111,21,2,37
BRDA:111,21,3,1
BRDA:118,22,0,4
BRDA:118,23,0,1389
BRDA:118,23,1,63
BRDA:118,23,2,54
BRDA:120,24,0,4
BRDA:120,25,0,4
BRDA:120,25,1,4
BRDA:120,25,2,4
BRDA:129,26,0,2
BRDA:131,27,0,0
BRDA:131,28,0,22
BRDA:131,28,1,0
BRDA:141,29,0,24
BRDA:141,29,1,7
BRDA:153,30,0,38
BRDA:153,30,1,38
BRDA:158,31,0,445
BRDA:158,31,1,36
BRDA:159,32,0,181
BRDA:159,33,0,412
BRDA:159,33,1,409
BRDA:159,33,2,181
BRDA:168,34,0,12
BRDA:170,35,0,206
BRDA:170,36,0,1326
BRDA:170,36,1,1121
BRDA:172,37,0,301
BRDA:172,37,1,93
BRDA:172,37,2,208
BRDA:172,37,3,3
BRDA:176,38,0,88
BRDA:176,39,0,206
BRDA:176,39,1,173
BRDA:179,40,0,88
BRDA:179,40,1,37
BRDA:180,41,0,88
BRDA:180,41,1,46
BRDA:181,42,0,88
BRDA:181,42,1,0
BRDA:194,43,0,66
BRDA:194,44,0,88
BRDA:194,44,1,88
BRDA:194,44,2,66
BRDA:201,45,0,0
BRDA:201,46,0,139
BRDA:201,46,1,22
BRDA:201,46,2,16
BRDA:207,47,0,66
BRDA:208,48,0,66
BRDA:208,48,1,52
BRDA:208,49,0,22
BRDA:208,49,1,44
BRDA:208,50,0,66
BRDA:208,50,1,66
BRDA:211,51,0,25
BRDA:216,52,0,1
BRDA:216,53,0,25
BRDA:216,53,1,1
BRDA:233,54,0,4
BRDA:233,55,0,1326
BRDA:233,55,1,59
BRDA:233,55,2,51
BRDA:236,56,0,0
BRDA:236,57,0,4
BRDA:236,57,1,4
BRDA:239,58,0,0
BRDA:239,59,0,0
BRDA:239,59,1,0
BRDA:240,60,0,0
BRDA:240,60,1,0
BRDA:240,61,0,0
BRDA:240,61,1,0
BRDA:242,62,0,0
BRDA:249,63,0,0
BRDA:265,64,0,0
BRDA:275,65,0,4
BRDA:275,66,0,1326
BRDA:275,66,1,59
BRDA:275,66,2,51
BRDA:278,67,0,11
BRDA:278,67,1,7
BRDA:278,67,2,7
BRDA:284,68,0,4
BRDA:284,69,0,4
BRDA:284,69,1,4
BRDA:286,70,0,4
BRDA:286,70,1,3
BRDA:286,71,0,1
BRDA:286,71,1,3
BRDA:286,72,0,4
BRDA:286,72,1,4
BRDA:290,73,0,7
BRDA:290,74,0,7
BRDA:290,74,1,7
BRDA:290,74,2,7
BRDA:292,75,0,7
BRDA:292,75,1,0
BRDA:294,76,0,5
BRDA:294,76,1,2
BRDA:305,77,0,4
BRDA:318,78,0,7
BRDA:318,78,1,17
BRDA:321,79,0,7
BRDA:322,80,0,12
BRDA:322,80,1,8
BRDA:323,81,0,7
BRDA:323,81,1,0
BRDA:337,82,0,15
BRDA:342,83,0,0
BRDA:343,84,0,0
BRDA:343,84,1,0
BRDA:343,85,0,0
BRDA:343,85,1,0
BRDA:344,86,0,0
BRDA:344,87,0,0
BRDA:344,87,1,0
BRDA:344,88,0,0
BRDA:344,88,1,0
BRDA:357,89,0,0
BRDA:357,89,1,0
BRDA:359,90,0,0
BRDA:359,91,0,0
BRDA:359,91,1,0
BRDA:359,91,2,0
BRDA:366,92,0,0
BRDA:366,93,0,24
BRDA:366,93,1,17
BRDA:369,94,0,0
BRDA:369,94,1,0
BRDA:371,95,0,0
BRDA:371,96,0,0
BRDA:371,96,1,0
BRDA:371,96,2,0
BRDA:380,97,0,0
BRDA:380,97,1,0
BRDA:382,98,0,0
BRDA:382,99,0,0
BRDA:382,99,1,0
BRDA:382,99,2,0
BRDA:399,100,0,3
BRDA:400,101,0,4
BRDA:400,101,1,14
BRDA:400,102,0,18
BRDA:400,102,1,18
BRDA:401,103,0,18
BRDA:401,104,0,18
BRDA:401,104,1,18
BRDA:403,105,0,4
BRDA:403,105,1,14
BRDA:410,106,0,0
BRDA:414,107,0,3
BRDA:414,107,1,0
BRDA:419,108,0,0
BRDA:425,109,0,0
BRDA:431,110,0,0
BRDA:443,111,0,0
BRDA:443,111,1,0
BRDA:445,112,0,0
BRDA:448,113,0,0
BRDA:453,114,0,0
BRDA:459,115,0,0
BRDA:462,116,0,0
BRDA:464,117,0,0
BRDA:472,118,0,0
BRDA:475,119,0,0
BRDA:475,119,1,0
BRDA:475,120,0,0
BRDA:475,120,1,0
BRDA:492,121,0,19
BRDA:499,122,0,17
BRDA:505,123,0,17
BRDA:505,123,1,2
BRDA:510,124,0,15
BRDA:510,125,0,17
BRDA:510,125,1,17
BRDA:510,125,2,17
BRDA:510,125,3,17
BRDA:514,126,0,9
BRDA:514,127,0,15
BRDA:514,127,1,15
BRDA:523,128,0,2
BRDA:525,129,0,2
BRDA:525,129,1,0
BRDA:529,130,0,0
BRDA:538,131,0,2
BRDA:538,131,1,0
BRDA:542,132,0,0
BRDA:602,133,0,19
BRDA:624,134,0,9
BRDA:639,135,0,4
BRDA:641,136,0,4
BRDA:643,137,0,0
BRDA:644,138,0,0
BRDA:644,138,1,0
BRDA:647,139,0,0
BRDA:652,140,0,4
BRDA:652,140,1,0
BRDA:654,141,0,4
BRDA:654,141,1,0
BRDA:666,142,0,19
BRDA:666,143,0,19
BRDA:666,143,1,19
BRDA:669,144,0,8
BRDA:669,144,1,11
BRDA:671,145,0,8
BRDA:671,145,1,0
BRDA:697,146,0,22
BRDA:697,146,1,0
BRDA:698,147,0,13
BRDA:703,148,0,0
BRDA:712,149,0,24
BRDA:712,149,1,0
BRDA:714,150,0,4
BRDA:720,151,0,19
BRDA:733,152,0,10
BRF:251
BRH:169
end_of_record
TN:
SF:i18n-refactor/src/processor/dict-process-mode.ts
FN:13,processDictFiles
FN:14,(anonymous_7)
FN:43,flattenDictObject
FN:56,(anonymous_9)
FNF:4
FNH:0
FNDA:0,processDictFiles
FNDA:0,(anonymous_7)
FNDA:0,flattenDictObject
FNDA:0,(anonymous_9)
DA:1,1
DA:2,1
DA:3,1
DA:4,1
DA:13,1
DA:14,0
DA:16,0
DA:17,0
DA:18,0
DA:20,0
DA:22,0
DA:25,0
DA:26,0
DA:29,0
DA:30,0
DA:32,0
DA:44,0
DA:45,0
DA:46,0
DA:47,0
DA:48,0
DA:49,0
DA:51,0
DA:54,0
DA:56,0
DA:57,0
DA:58,0
DA:59,0
DA:61,0
DA:65,0
LF:30
LH:5
BRDA:18,0,0,0
BRDA:29,1,0,0
BRDA:29,1,1,0
BRDA:44,2,0,0
BRDA:44,2,1,0
BRDA:44,3,0,0
BRDA:44,3,1,0
BRDA:44,3,2,0
BRDA:47,4,0,0
BRDA:47,4,1,0
BRDA:48,5,0,0
BRDA:48,5,1,0
BRDA:48,6,0,0
BRDA:48,6,1,0
BRDA:48,6,2,0
BRDA:54,7,0,0
BRDA:54,7,1,0
BRDA:57,8,0,0
BRDA:57,8,1,0
BRDA:58,9,0,0
BRDA:58,9,1,0
BRDA:58,10,0,0
BRDA:58,10,1,0
BRF:23
BRH:0
end_of_record
TN:
SF:i18n-refactor/src/processor/ensure-angular-mode.ts
FN:5,readFile
FN:6,writeFile
FN:8,ensureAngularFiles
FN:220,(anonymous_9)
FN:261,(anonymous_10)
FN:262,(anonymous_11)
FN:262,(anonymous_12)
FNF:7
FNH:0
FNDA:0,readFile
FNDA:0,writeFile
FNDA:0,ensureAngularFiles
FNDA:0,(anonymous_9)
FNDA:0,(anonymous_10)
FNDA:0,(anonymous_11)
FNDA:0,(anonymous_12)
DA:1,1
DA:2,1
DA:3,1
DA:5,0
DA:6,0
DA:8,1
DA:9,0
DA:10,0
DA:11,0
DA:12,0
DA:13,0
DA:14,0
DA:17,0
DA:18,0
DA:151,0
DA:152,0
DA:155,0
DA:156,0
DA:199,0
DA:200,0
DA:203,0
DA:204,0
DA:208,0
DA:209,0
DA:212,0
DA:213,0
DA:214,0
DA:215,0
DA:216,0
DA:218,0
DA:221,0
DA:222,0
DA:225,0
DA:230,0
DA:231,0
DA:237,0
DA:239,0
DA:245,0
DA:246,0
DA:247,0
DA:248,0
DA:249,0
DA:251,0
DA:252,0
DA:253,0
DA:254,0
DA:255,0
DA:256,0
DA:261,0
DA:262,0
DA:263,0
DA:264,0
DA:266,0
DA:268,0
DA:270,0
LF:55
LH:4
BRDA:17,0,0,0
BRDA:17,0,1,0
BRDA:17,1,0,0
BRDA:17,1,1,0
BRDA:152,2,0,0
BRDA:155,3,0,0
BRDA:155,3,1,0
BRDA:155,4,0,0
BRDA:155,4,1,0
BRDA:200,5,0,0
BRDA:203,6,0,0
BRDA:203,6,1,0
BRDA:203,7,0,0
BRDA:203,7,1,0
BRDA:209,8,0,0
BRDA:213,9,0,0
BRDA:215,10,0,0
BRDA:216,11,0,0
BRDA:216,11,1,0
BRDA:221,12,0,0
BRDA:225,13,0,0
BRDA:225,13,1,0
BRDA:230,14,0,0
BRDA:246,15,0,0
BRDA:248,16,0,0
BRDA:249,17,0,0
BRDA:249,17,1,0
BRDA:252,18,0,0
BRDA:255,19,0,0
BRDA:263,20,0,0
BRF:30
BRH:0
end_of_record
TN:
SF:i18n-refactor/src/processor/i18n-service.template.ts
FNF:0
FNH:0
DA:2,1
LF:1
LH:1
BRF:0
BRH:0
end_of_record
TN:
SF:i18n-refactor/src/processor/ngx-translate-injector.ts
FN:9,checkAndInstallNgxTranslate
FN:38,createNgxTranslateService
FN:60,injectNgxTranslate
FN:72,modifyAppModule
FN:90,modifyAppConfig
FN:133,(anonymous_12)
FN:142,(anonymous_13)
FN:174,(anonymous_14)
FN:193,(anonymous_15)
FN:224,modifyAppModuleFile
FN:271,addImportsToModule
FN:277,(anonymous_18)
FN:301,(anonymous_19)
FN:309,(anonymous_20)
FN:310,(anonymous_21)
FN:310,(anonymous_22)
FN:311,(anonymous_23)
FN:324,addTranslateModuleToNgModule
FN:336,visitNode
FN:351,(anonymous_26)
FN:364,(anonymous_27)
FN:393,(anonymous_28)
FN:399,(anonymous_29)
FN:405,(anonymous_30)
FN:416,(anonymous_31)
FN:426,(anonymous_32)
FN:436,(anonymous_33)
FN:475,(anonymous_34)
FN:487,addTranslateModuleToAppConfig
FN:494,addTranslateModuleToAppConfigAST
FN:505,(anonymous_37)
FN:522,(anonymous_38)
FN:539,processAppConfigObject
FN:585,readFile
FN:589,writeFile
FNF:35
FNH:0
FNDA:0,checkAndInstallNgxTranslate
FNDA:0,createNgxTranslateService
FNDA:0,injectNgxTranslate
FNDA:0,modifyAppModule
FNDA:0,modifyAppConfig
FNDA:0,(anonymous_12)
FNDA:0,(anonymous_13)
FNDA:0,(anonymous_14)
FNDA:0,(anonymous_15)
FNDA:0,modifyAppModuleFile
FNDA:0,addImportsToModule
FNDA:0,(anonymous_18)
FNDA:0,(anonymous_19)
FNDA:0,(anonymous_20)
FNDA:0,(anonymous_21)
FNDA:0,(anonymous_22)
FNDA:0,(anonymous_23)
FNDA:0,addTranslateModuleToNgModule
FNDA:0,visitNode
FNDA:0,(anonymous_26)
FNDA:0,(anonymous_27)
FNDA:0,(anonymous_28)
FNDA:0,(anonymous_29)
FNDA:0,(anonymous_30)
FNDA:0,(anonymous_31)
FNDA:0,(anonymous_32)
FNDA:0,(anonymous_33)
FNDA:0,(anonymous_34)
FNDA:0,addTranslateModuleToAppConfig
FNDA:0,addTranslateModuleToAppConfigAST
FNDA:0,(anonymous_37)
FNDA:0,(anonymous_38)
FNDA:0,processAppConfigObject
FNDA:0,readFile
FNDA:0,writeFile
DA:1,1
DA:2,1
DA:3,1
DA:5,1
DA:6,1
DA:9,1
DA:10,0
DA:11,0
DA:12,0
DA:13,0
DA:16,0
DA:17,0
DA:22,0
DA:24,0
DA:25,0
DA:26,0
DA:27,0
DA:28,0
DA:30,0
DA:33,0
DA:38,1
DA:39,0
DA:42,0
DA:43,0
DA:45,0
DA:46,0
DA:49,0
DA:52,0
DA:53,0
DA:55,0
DA:60,1
DA:62,0
DA:65,0
DA:68,0
DA:72,1
DA:74,0
DA:75,0
DA:76,0
DA:77,0
DA:81,0
DA:82,0
DA:83,0
DA:85,0
DA:91,0
DA:94,0
DA:95,0
DA:97,0
DA:98,0
DA:101,0
DA:104,0
DA:111,0
DA:114,0
DA:115,0
DA:121,0
DA:123,0
DA:124,0
DA:129,0
DA:131,0
DA:134,0
DA:136,0
DA:139,0
DA:140,0
DA:142,0
DA:143,0
DA:144,0
DA:146,0
DA:153,0
DA:170,0
DA:171,0
DA:172,0
DA:175,0
DA:190,0
DA:191,0
DA:194,0
DA:212,0
DA:213,0
DA:214,0
DA:216,0
DA:219,0
DA:225,0
DA:228,0
DA:229,0
DA:231,0
DA:232,0
DA:235,0
DA:238,0
DA:244,0
DA:247,0
DA:250,0
DA:251,0
DA:259,0
DA:260,0
DA:261,0
DA:263,0
DA:266,0
DA:272,0
DA:273,0
DA:276,0
DA:277,0
DA:278,0
DA:279,0
DA:284,0
DA:286,0
DA:287,0
DA:288,0
DA:291,0
DA:293,0
DA:295,0
DA:296,0
DA:297,0
DA:298,0
DA:301,0
DA:302,0
DA:305,0
DA:307,0
DA:310,0
DA:311,0
DA:312,0
DA:313,0
DA:314,0
DA:321,0
DA:325,0
DA:328,0
DA:329,0
DA:333,0
DA:338,0
DA:340,0
DA:342,0
DA:343,0
DA:344,0
DA:349,0
DA:350,0
DA:351,0
DA:352,0
DA:357,0
DA:359,0
DA:360,0
DA:361,0
DA:364,0
DA:365,0
DA:372,0
DA:373,0
DA:374,0
DA:377,0
DA:386,0
DA:393,0
DA:394,0
DA:399,0
DA:400,0
DA:405,0
DA:406,0
DA:412,0
DA:414,0
DA:416,0
DA:417,0
DA:421,0
DA:422,0
DA:424,0
DA:426,0
DA:427,0
DA:431,0
DA:432,0
DA:434,0
DA:436,0
DA:437,0
DA:441,0
DA:442,0
DA:446,0
DA:458,0
DA:469,0
DA:472,0
DA:475,0
DA:478,0
DA:479,0
DA:480,0
DA:483,0
DA:490,0
DA:495,0
DA:497,0
DA:498,0
DA:500,0
DA:501,0
DA:505,0
DA:506,0
DA:507,0
DA:508,0
DA:510,0
DA:512,0
DA:513,0
DA:515,0
DA:521,0
DA:522,0
DA:523,0
DA:524,0
DA:525,0
DA:526,0
DA:527,0
DA:535,0
DA:540,0
DA:541,0
DA:544,0
DA:545,0
DA:546,0
DA:548,0
DA:549,0
DA:550,0
DA:552,0
DA:553,0
DA:560,0
DA:567,0
DA:568,0
DA:569,0
DA:579,0
DA:582,0
DA:586,0
DA:590,0
LF:216
LH:9
BRDA:11,0,0,0
BRDA:17,1,0,0
BRDA:17,1,1,0
BRDA:17,1,2,0
BRDA:17,1,3,0
BRDA:22,2,0,0
BRDA:22,2,1,0
BRDA:27,3,0,0
BRDA:27,3,1,0
BRDA:43,4,0,0
BRDA:49,5,0,0
BRDA:49,5,1,0
BRDA:75,6,0,0
BRDA:82,7,0,0
BRDA:82,7,1,0
BRDA:94,8,0,0
BRDA:94,8,1,0
BRDA:95,9,0,0
BRDA:95,9,1,0
BRDA:114,10,0,0
BRDA:121,11,0,0
BRDA:121,11,1,0
BRDA:123,12,0,0
BRDA:129,13,0,0
BRDA:129,13,1,0
BRDA:134,14,0,0
BRDA:134,14,1,0
BRDA:134,15,0,0
BRDA:134,15,1,0
BRDA:140,16,0,0
BRDA:140,16,1,0
BRDA:143,17,0,0
BRDA:170,18,0,0
BRDA:170,19,0,0
BRDA:170,19,1,0
BRDA:171,20,0,0
BRDA:190,21,0,0
BRDA:228,22,0,0
BRDA:228,22,1,0
BRDA:229,23,0,0
BRDA:229,23,1,0
BRDA:250,24,0,0
BRDA:278,25,0,0
BRDA:291,26,0,0
BRDA:291,26,1,0
BRDA:293,27,0,0
BRDA:293,27,1,0
BRDA:305,28,0,0
BRDA:312,29,0,0
BRDA:328,30,0,0
BRDA:338,31,0,0
BRDA:340,32,0,0
BRDA:340,32,1,0
BRDA:340,33,0,0
BRDA:340,33,1,0
BRDA:342,34,0,0
BRDA:342,35,0,0
BRDA:342,35,1,0
BRDA:344,36,0,0
BRDA:344,37,0,0
BRDA:344,37,1,0
BRDA:344,37,2,0
BRDA:350,38,0,0
BRDA:350,39,0,0
BRDA:350,39,1,0
BRDA:352,40,0,0
BRDA:352,40,1,0
BRDA:352,40,2,0
BRDA:357,41,0,0
BRDA:357,41,1,0
BRDA:359,42,0,0
BRDA:359,43,0,0
BRDA:359,43,1,0
BRDA:365,44,0,0
BRDA:365,44,1,0
BRDA:365,44,2,0
BRDA:365,44,3,0
BRDA:365,44,4,0
BRDA:365,44,5,0
BRDA:373,45,0,0
BRDA:387,46,0,0
BRDA:387,46,1,0
BRDA:388,47,0,0
BRDA:388,47,1,0
BRDA:394,48,0,0
BRDA:394,48,1,0
BRDA:394,48,2,0
BRDA:400,49,0,0
BRDA:400,49,1,0
BRDA:400,49,2,0
BRDA:406,50,0,0
BRDA:406,50,1,0
BRDA:406,50,2,0
BRDA:414,51,0,0
BRDA:414,51,1,0
BRDA:417,52,0,0
BRDA:417,52,1,0
BRDA:417,52,2,0
BRDA:421,53,0,0
BRDA:424,54,0,0
BRDA:424,54,1,0
BRDA:427,55,0,0
BRDA:427,55,1,0
BRDA:427,55,2,0
BRDA:431,56,0,0
BRDA:434,57,0,0
BRDA:437,58,0,0
BRDA:437,58,1,0
BRDA:437,58,2,0
BRDA:441,59,0,0
BRDA:500,60,0,0
BRDA:506,61,0,0
BRDA:506,61,1,0
BRDA:508,62,0,0
BRDA:508,63,0,0
BRDA:508,63,1,0
BRDA:508,63,2,0
BRDA:508,63,3,0
BRDA:510,64,0,0
BRDA:510,64,1,0
BRDA:510,65,0,0
BRDA:510,65,1,0
BRDA:513,66,0,0
BRDA:521,67,0,0
BRDA:521,68,0,0
BRDA:521,68,1,0
BRDA:523,69,0,0
BRDA:525,70,0,0
BRDA:525,71,0,0
BRDA:525,71,1,0
BRDA:525,71,2,0
BRDA:525,71,3,0
BRDA:526,72,0,0
BRDA:545,73,0,0
BRDA:545,74,0,0
BRDA:545,74,1,0
BRDA:545,74,2,0
BRDA:548,75,0,0
BRDA:550,76,0,0
BRDA:567,77,0,0
BRF:140
BRH:0
end_of_record
TN:
SF:i18n-refactor/src/processor/process-and-delete-mode.ts
FN:14,readFile
FN:16,writeFile
FN:19,walk
FN:37,splitLines
FN:38,diffLines
FN:50,loadLangDict
FN:54,(anonymous_13)
FN:65,extractKeys
FN:94,valueOf
FN:102,pickKeyCandidate
FN:112,(anonymous_17)
FN:117,extractClassAndServiceNames
FN:120,(anonymous_19)
FN:140,scanExternalAliases
FN:161,(anonymous_21)
FN:169,processTsFilesAndHandle
FN:171,(anonymous_23)
FN:195,processDeleteModeFile
FN:209,(anonymous_25)
FN:233,processReplaceModeFile
FN:267,(anonymous_27)
FN:292,(anonymous_28)
FN:317,generateReport
FN:323,(anonymous_30)
FN:332,(anonymous_31)
FN:339,escapeHtml
FN:349,renderHtmlHead
FN:371,renderSummary
FN:381,renderFileList
FN:383,(anonymous_36)
FN:388,renderFileDetails
FN:389,(anonymous_38)
FN:393,(anonymous_39)
FN:396,(anonymous_40)
FN:415,renderComplexCases
FN:434,(anonymous_42)
FN:436,(anonymous_43)
FN:454,renderHtmlReport
FNF:38
FNH:1
FNDA:0,readFile
FNDA:0,writeFile
FNDA:0,walk
FNDA:0,splitLines
FNDA:0,diffLines
FNDA:0,loadLangDict
FNDA:0,(anonymous_13)
FNDA:0,extractKeys
FNDA:0,valueOf
FNDA:0,pickKeyCandidate
FNDA:0,(anonymous_17)
FNDA:0,extractClassAndServiceNames
FNDA:0,(anonymous_19)
FNDA:0,scanExternalAliases
FNDA:0,(anonymous_21)
FNDA:0,processTsFilesAndHandle
FNDA:0,(anonymous_23)
FNDA:0,processDeleteModeFile
FNDA:0,(anonymous_25)
FNDA:0,processReplaceModeFile
FNDA:0,(anonymous_27)
FNDA:0,(anonymous_28)
FNDA:0,generateReport
FNDA:0,(anonymous_30)
FNDA:0,(anonymous_31)
FNDA:6,escapeHtml
FNDA:0,renderHtmlHead
FNDA:0,renderSummary
FNDA:0,renderFileList
FNDA:0,(anonymous_36)
FNDA:0,renderFileDetails
FNDA:0,(anonymous_38)
FNDA:0,(anonymous_39)
FNDA:0,(anonymous_40)
FNDA:0,renderComplexCases
FNDA:0,(anonymous_42)
FNDA:0,(anonymous_43)
FNDA:0,renderHtmlReport
DA:1,2
DA:2,2
DA:3,2
DA:4,2
DA:5,2
DA:8,2
DA:9,2
DA:11,2
DA:14,0
DA:15,2
DA:16,0
DA:19,2
DA:20,0
DA:21,0
DA:22,0
DA:23,0
DA:24,0
DA:25,0
DA:26,0
DA:27,0
DA:31,0
DA:33,0
DA:37,0
DA:39,0
DA:40,0
DA:41,0
DA:42,0
DA:43,0
DA:44,0
DA:46,0
DA:51,0
DA:52,0
DA:53,0
DA:54,0
DA:55,0
DA:56,0
DA:57,0
DA:59,0
DA:61,0
DA:66,0
DA:67,0
DA:69,0
DA:71,0
DA:73,0
DA:75,0
DA:77,0
DA:78,0
DA:79,0
DA:81,0
DA:83,0
DA:85,0
DA:87,0
DA:88,0
DA:89,0
DA:95,0
DA:96,0
DA:97,0
DA:98,0
DA:103,0
DA:104,0
DA:105,0
DA:106,0
DA:107,0
DA:108,0
DA:109,0
DA:110,0
DA:112,0
DA:113,0
DA:118,0
DA:119,0
DA:120,0
DA:121,0
DA:122,0
DA:123,0
DA:124,0
DA:125,0
DA:126,0
DA:127,0
DA:133,0
DA:135,0
DA:136,0
DA:141,0
DA:142,0
DA:144,0
DA:145,0
DA:146,0
DA:147,0
DA:149,0
DA:150,0
DA:151,0
DA:152,0
DA:153,0
DA:158,0
DA:159,0
DA:160,0
DA:161,0
DA:165,0
DA:169,2
DA:170,0
DA:171,0
DA:172,0
DA:174,0
DA:175,0
DA:177,0
DA:179,0
DA:182,0
DA:183,0
DA:184,0
DA:186,0
DA:191,0
DA:201,0
DA:202,0
DA:203,0
DA:204,0
DA:206,0
DA:208,0
DA:209,0
DA:210,0
DA:211,0
DA:212,0
DA:213,0
DA:214,0
DA:227,0
DA:228,0
DA:241,0
DA:243,0
DA:244,0
DA:245,0
DA:249,0
DA:252,0
DA:253,0
DA:254,0
DA:255,0
DA:258,0
DA:266,0
DA:267,0
DA:268,0
DA:269,0
DA:270,0
DA:271,0
DA:272,0
DA:285,0
DA:286,0
DA:290,0
DA:291,0
DA:292,0
DA:293,0
DA:294,0
DA:295,0
DA:296,0
DA:297,0
DA:310,0
DA:311,0
DA:323,0
DA:324,0
DA:327,0
DA:331,0
DA:332,0
DA:333,0
DA:334,0
DA:335,0
DA:339,2
DA:340,6
DA:350,0
DA:372,0
DA:382,0
DA:383,0
DA:389,0
DA:390,0
DA:393,0
DA:396,0
DA:404,0
DA:416,0
DA:418,0
DA:435,0
DA:436,0
DA:437,0
DA:460,0
DA:461,0
DA:462,0
DA:463,0
DA:464,0
DA:465,0
DA:467,0
LF:184
LH:13
BRDA:16,0,0,0
BRDA:24,1,0,0
BRDA:24,2,0,0
BRDA:24,2,1,0
BRDA:26,3,0,0
BRDA:26,3,1,0
BRDA:27,4,0,0
BRDA:31,5,0,0
BRDA:31,5,1,0
BRDA:37,6,0,0
BRDA:37,6,1,0
BRDA:43,7,0,0
BRDA:43,7,1,0
BRDA:43,8,0,0
BRDA:43,8,1,0
BRDA:43,9,0,0
BRDA:43,9,1,0
BRDA:43,10,0,0
BRDA:43,10,1,0
BRDA:44,11,0,0
BRDA:52,12,0,0
BRDA:66,13,0,0
BRDA:66,13,1,0
BRDA:67,14,0,0
BRDA:67,14,1,0
BRDA:78,15,0,0
BRDA:78,15,1,0
BRDA:78,16,0,0
BRDA:78,16,1,0
BRDA:78,16,2,0
BRDA:78,16,3,0
BRDA:78,16,4,0
BRDA:78,16,5,0
BRDA:78,16,6,0
BRDA:79,17,0,0
BRDA:79,17,1,0
BRDA:79,17,2,0
BRDA:88,18,0,0
BRDA:88,18,1,0
BRDA:88,19,0,0
BRDA:88,19,1,0
BRDA:88,19,2,0
BRDA:88,19,3,0
BRDA:88,19,4,0
BRDA:89,20,0,0
BRDA:89,20,1,0
BRDA:89,20,2,0
BRDA:95,21,0,0
BRDA:97,22,0,0
BRDA:98,23,0,0
BRDA:98,23,1,0
BRDA:103,24,0,0
BRDA:103,24,1,0
BRDA:104,25,0,0
BRDA:107,26,0,0
BRDA:107,26,1,0
BRDA:110,27,0,0
BRDA:110,28,0,0
BRDA:110,28,1,0
BRDA:110,28,2,0
BRDA:110,28,3,0
BRDA:110,28,4,0
BRDA:113,29,0,0
BRDA:113,29,1,0
BRDA:121,30,0,0
BRDA:121,31,0,0
BRDA:121,31,1,0
BRDA:124,32,0,0
BRDA:126,33,0,0
BRDA:126,34,0,0
BRDA:126,34,1,0
BRDA:126,34,2,0
BRDA:126,34,3,0
BRDA:127,35,0,0
BRDA:149,36,0,0
BRDA:149,37,0,0
BRDA:149,37,1,0
BRDA:151,38,0,0
BRDA:159,39,0,0
BRDA:170,40,0,0
BRDA:170,40,1,0
BRDA:172,41,0,0
BRDA:172,41,1,0
BRDA:183,42,0,0
BRDA:183,42,1,0
BRDA:204,43,0,0
BRDA:206,44,0,0
BRDA:206,44,1,0
BRDA:206,45,0,0
BRDA:206,45,1,0
BRDA:206,46,0,0
BRDA:206,46,1,0
BRDA:212,47,0,0
BRDA:212,47,1,0
BRDA:213,48,0,0
BRDA:213,48,1,0
BRDA:213,49,0,0
BRDA:213,49,1,0
BRDA:227,50,0,0
BRDA:227,51,0,0
BRDA:227,51,1,0
BRDA:227,51,2,0
BRDA:243,52,0,0
BRDA:244,53,0,0
BRDA:244,54,0,0
BRDA:244,54,1,0
BRDA:252,55,0,0
BRDA:262,56,0,0
BRDA:262,56,1,0
BRDA:262,57,0,0
BRDA:262,57,1,0
BRDA:262,58,0,0
BRDA:262,58,1,0
BRDA:266,59,0,0
BRDA:266,59,1,0
BRDA:266,60,0,0
BRDA:266,60,1,0
BRDA:270,61,0,0
BRDA:270,61,1,0
BRDA:271,62,0,0
BRDA:271,62,1,0
BRDA:271,63,0,0
BRDA:271,63,1,0
BRDA:285,64,0,0
BRDA:285,65,0,0
BRDA:285,65,1,0
BRDA:285,65,2,0
BRDA:290,66,0,0
BRDA:290,67,0,0
BRDA:290,67,1,0
BRDA:291,68,0,0
BRDA:291,68,1,0
BRDA:291,69,0,0
BRDA:291,69,1,0
BRDA:295,70,0,0
BRDA:295,70,1,0
BRDA:296,71,0,0
BRDA:296,71,1,0
BRDA:296,72,0,0
BRDA:296,72,1,0
BRDA:310,73,0,0
BRDA:327,74,0,0
BRDA:327,74,1,0
BRDA:327,75,0,0
BRDA:327,75,1,0
BRDA:329,76,0,0
BRDA:329,76,1,0
BRDA:340,77,0,6
BRDA:340,77,1,3
BRDA:383,78,0,0
BRDA:383,78,1,0
BRDA:383,79,0,0
BRDA:383,79,1,0
BRDA:383,80,0,0
BRDA:383,80,1,0
BRDA:383,81,0,0
BRDA:383,81,1,0
BRDA:390,82,0,0
BRDA:390,82,1,0
BRDA:390,83,0,0
BRDA:390,83,1,0
BRDA:400,84,0,0
BRDA:400,84,1,0
BRDA:400,85,0,0
BRDA:400,85,1,0
BRDA:400,86,0,0
BRDA:400,86,1,0
BRDA:401,87,0,0
BRDA:401,87,1,0
BRDA:401,88,0,0
BRDA:401,88,1,0
BRDA:401,89,0,0
BRDA:401,89,1,0
BRDA:416,90,0,0
BRDA:435,91,0,0
BRDA:435,91,1,0
BRDA:435,92,0,0
BRDA:435,92,1,0
BRF:178
BRH:2
end_of_record
TN:
SF:i18n-refactor/src/processor/processor.ts
FN:19,readFile
FN:27,processFile
FN:33,(anonymous_9)
FN:61,(anonymous_10)
FNF:4
FNH:0
FNDA:0,readFile
FNDA:0,processFile
FNDA:0,(anonymous_9)
FNDA:0,(anonymous_10)
DA:1,2
DA:2,2
DA:3,2
DA:4,2
DA:20,0
DA:21,0
DA:23,0
DA:27,2
DA:28,0
DA:29,0
DA:32,0
DA:33,0
DA:34,0
DA:35,0
DA:36,0
DA:37,0
DA:38,0
DA:39,0
DA:40,0
DA:41,0
DA:42,0
DA:43,0
DA:44,0
DA:45,0
DA:46,0
DA:54,0
DA:56,0
DA:58,0
DA:59,0
DA:61,0
DA:62,0
DA:63,0
DA:65,0
LF:33
LH:5
BRDA:34,0,0,0
BRDA:35,1,0,0
BRDA:35,1,1,0
BRDA:36,2,0,0
BRDA:36,2,1,0
BRDA:38,3,0,0
BRDA:38,4,0,0
BRDA:38,4,1,0
BRDA:38,4,2,0
BRDA:40,5,0,0
BRDA:40,6,0,0
BRDA:40,6,1,0
BRDA:42,7,0,0
BRDA:42,8,0,0
BRDA:42,8,1,0
BRDA:42,8,2,0
BRDA:44,9,0,0
BRDA:44,10,0,0
BRDA:44,10,1,0
BRDA:58,11,0,0
BRDA:58,11,1,0
BRDA:58,12,0,0
BRDA:58,12,1,0
BRDA:63,13,0,0
BRDA:63,13,1,0
BRDA:72,14,0,0
BRDA:72,14,1,0
BRF:27
BRH:0
end_of_record
TN:
SF:i18n-refactor/src/replace/html-replace.ts
FN:3,renderHtmlPipe
FNF:1
FNH:1
FNDA:7,renderHtmlPipe
DA:3,2
DA:4,7
DA:5,7
DA:6,7
DA:7,5
LF:5
LH:5
BRDA:4,0,0,2
BRDA:4,0,1,5
BRDA:4,1,0,7
BRDA:4,1,1,2
BRDA:6,2,0,2
BRDA:6,3,0,7
BRDA:6,3,1,5
BRDA:6,3,2,5
BRF:8
BRH:8
end_of_record
TN:
SF:i18n-refactor/src/replace/prune.ts
FN:4,pruneUnused
FN:9,(anonymous_2)
FN:21,(anonymous_3)
FN:48,(anonymous_4)
FN:97,(anonymous_5)
FNF:5
FNH:5
FNDA:3,pruneUnused
FNDA:10,(anonymous_2)
FNDA:100,(anonymous_3)
FNDA:100,(anonymous_4)
FNDA:5,(anonymous_5)
DA:1,3
DA:4,3
DA:6,3
DA:7,3
DA:9,3
DA:10,10
DA:11,10
DA:12,2
DA:14,10
DA:15,8
DA:16,8
DA:18,2
DA:21,3
DA:23,100
DA:24,0
DA:27,100
DA:28,4
DA:29,3
DA:30,3
DA:31,0
DA:32,0
DA:37,100
DA:38,1
DA:40,100
DA:42,3
DA:45,3
DA:46,3
DA:48,3
DA:50,100
DA:51,4
DA:52,3
DA:53,3
DA:57,100
DA:58,4
DA:59,4
DA:60,4
DA:61,3
DA:62,3
DA:63,3
DA:64,0
DA:65,0
DA:67,3
DA:68,3
DA:69,3
DA:75,100
DA:76,1
DA:77,1
DA:78,1
DA:79,1
DA:80,1
DA:81,1
DA:82,1
DA:84,1
DA:85,1
DA:86,1
DA:90,100
DA:92,3
DA:94,3
DA:97,5
DA:98,2
DA:99,2
DA:100,2
DA:101,7
DA:102,7
DA:103,7
DA:105,2
DA:107,2
LF:67
LH:62
BRDA:11,0,0,12
BRDA:11,0,1,10
BRDA:14,1,0,8
BRDA:14,2,0,10
BRDA:14,2,1,8
BRDA:16,3,0,8
BRDA:16,3,1,0
BRDA:23,4,0,0
BRDA:23,5,0,100
BRDA:23,5,1,4
BRDA:23,5,2,0
BRDA:24,6,0,0
BRDA:27,7,0,4
BRDA:27,8,0,100
BRDA:27,8,1,4
BRDA:28,9,0,3
BRDA:29,10,0,3
BRDA:29,10,1,0
BRDA:29,11,0,3
BRDA:29,11,1,3
BRDA:31,12,0,0
BRDA:37,13,0,1
BRDA:37,14,0,100
BRDA:37,14,1,1
BRDA:37,14,2,1
BRDA:38,15,0,1
BRDA:50,16,0,4
BRDA:50,17,0,100
BRDA:50,17,1,4
BRDA:51,18,0,3
BRDA:57,19,0,4
BRDA:59,20,0,4
BRDA:59,21,0,4
BRDA:59,21,1,4
BRDA:60,22,0,3
BRDA:62,23,0,3
BRDA:62,23,1,0
BRDA:62,24,0,3
BRDA:62,24,1,3
BRDA:64,25,0,0
BRDA:67,26,0,3
BRDA:67,27,0,3
BRDA:67,27,1,3
BRDA:75,28,0,1
BRDA:79,29,0,0
BRDA:80,30,0,0
BRDA:81,31,0,0
BRDA:81,32,0,1
BRDA:81,32,1,1
BRDA:84,33,0,1
BRDA:84,34,0,1
BRDA:84,34,1,1
BRDA:94,35,0,1
BRDA:101,36,0,0
BRF:54
BRH:42
end_of_record
TN:
SF:i18n-refactor/src/replace/ts-replace.ts
FN:3,renderTsGet
FN:6,(anonymous_1)
FNF:2
FNH:2
FNDA:72,renderTsGet
FNDA:9,(anonymous_1)
DA:3,14
DA:4,72
DA:5,72
DA:6,5
DA:7,9
DA:8,9
DA:10,5
DA:12,72
DA:13,72
LF:9
LH:9
BRDA:5,0,0,5
BRDA:5,1,0,72
BRDA:5,1,1,5
BRDA:7,2,0,9
BRDA:7,2,1,0
BRDA:12,3,0,3
BRDA:12,3,1,69
BRDA:12,4,0,72
BRDA:12,4,1,69
BRF:9
BRH:8
end_of_record
TN:
SF:i18n-refactor/src/server/ui-server.ts
FN:11,getMimeType
FN:21,scanProject
FN:23,(anonymous_9)
FN:33,(anonymous_10)
FN:73,startUiServer
FN:74,(anonymous_12)
FN:102,(anonymous_13)
FN:103,(anonymous_14)
FN:158,(anonymous_15)
FNF:9
FNH:0
FNDA:0,getMimeType
FNDA:0,scanProject
FNDA:0,(anonymous_9)
FNDA:0,(anonymous_10)
FNDA:0,startUiServer
FNDA:0,(anonymous_12)
FNDA:0,(anonymous_13)
FNDA:0,(anonymous_14)
FNDA:0,(anonymous_15)
DA:1,1
DA:2,1
DA:3,1
DA:4,1
DA:5,1
DA:6,1
DA:7,1
DA:8,1
DA:12,0
DA:13,0
DA:14,0
DA:15,0
DA:16,0
DA:17,0
DA:22,0
DA:23,0
DA:24,0
DA:27,0
DA:28,0
DA:29,0
DA:30,0
DA:31,0
DA:32,0
DA:33,0
DA:34,0
DA:35,0
DA:36,0
DA:37,0
DA:38,0
DA:39,0
DA:40,0
DA:46,0
DA:48,0
DA:49,0
DA:50,0
DA:51,0
DA:52,0
DA:56,0
DA:61,0
DA:62,0
DA:63,0
DA:64,0
DA:65,0
DA:67,0
DA:70,0
DA:73,1
DA:74,0
DA:76,0
DA:77,0
DA:78,0
DA:80,0
DA:81,0
DA:82,0
DA:83,0
DA:86,0
DA:88,0
DA:89,0
DA:90,0
DA:91,0
DA:92,0
DA:94,0
DA:95,0
DA:97,0
DA:100,0
DA:101,0
DA:102,0
DA:103,0
DA:104,0
DA:105,0
DA:106,0
DA:107,0
DA:115,0
DA:116,0
DA:117,0
DA:118,0
DA:119,0
DA:120,0
DA:122,0
DA:126,0
DA:127,0
DA:129,0
DA:130,0
DA:133,0
DA:137,0
DA:143,0
DA:145,0
DA:148,0
DA:149,0
DA:150,0
DA:151,0
DA:153,0
DA:154,0
DA:158,0
DA:159,0
DA:160,0
LF:95
LH:9
BRDA:13,0,0,0
BRDA:13,0,1,0
BRDA:13,0,2,0
BRDA:13,0,3,0
BRDA:22,1,0,0
BRDA:22,1,1,0
BRDA:34,2,0,0
BRDA:34,3,0,0
BRDA:34,3,1,0
BRDA:37,4,0,0
BRDA:39,5,0,0
BRDA:39,6,0,0
BRDA:39,6,1,0
BRDA:39,6,2,0
BRDA:39,6,3,0
BRDA:40,7,0,0
BRDA:49,8,0,0
BRDA:49,9,0,0
BRDA:49,9,1,0
BRDA:51,10,0,0
BRDA:73,11,0,0
BRDA:80,12,0,0
BRDA:86,13,0,0
BRDA:86,13,1,0
BRDA:88,14,0,0
BRDA:100,15,0,0
BRDA:100,16,0,0
BRDA:100,16,1,0
BRDA:106,17,0,0
BRDA:106,17,1,0
BRDA:117,18,0,0
BRDA:117,19,0,0
BRDA:117,19,1,0
BRDA:119,20,0,0
BRDA:119,21,0,0
BRDA:119,21,1,0
BRDA:137,22,0,0
BRDA:137,22,1,0
BRDA:143,23,0,0
BRDA:143,24,0,0
BRDA:143,24,1,0
BRDA:148,25,0,0
BRDA:148,25,1,0
BRDA:148,26,0,0
BRDA:148,26,1,0
BRF:45
BRH:0
end_of_record
TN:
SF:i18n-refactor/src/util/dict-flatten.ts
FN:5,read
FN:7,flattenObjectLit
FN:18,(anonymous_9)
FN:20,(anonymous_10)
FN:30,flattenLangFile
FN:34,(anonymous_12)
FN:56,writeJson
FNF:7
FNH:0
FNDA:0,read
FNDA:0,flattenObjectLit
FNDA:0,(anonymous_9)
FNDA:0,(anonymous_10)
FNDA:0,flattenLangFile
FNDA:0,(anonymous_12)
FNDA:0,writeJson
DA:1,1
DA:2,1
DA:3,1
DA:5,0
DA:8,0
DA:9,0
DA:10,0
DA:11,0
DA:12,0
DA:13,0
DA:14,0
DA:15,0
DA:16,0
DA:17,0
DA:18,0
DA:20,0
DA:22,0
DA:23,0
DA:25,0
DA:30,1
DA:31,0
DA:32,0
DA:33,0
DA:34,0
DA:35,0
DA:36,0
DA:37,0
DA:38,0
DA:39,0
DA:40,0
DA:41,0
DA:42,0
DA:43,0
DA:44,0
DA:45,0
DA:46,0
DA:50,0
DA:52,0
DA:53,0
DA:56,1
DA:57,0
DA:58,0
DA:59,0
LF:43
LH:5
BRDA:9,0,0,0
BRDA:10,1,0,0
BRDA:10,1,1,0
BRDA:10,2,0,0
BRDA:10,2,1,0
BRDA:11,3,0,0
BRDA:12,4,0,0
BRDA:12,4,1,0
BRDA:14,5,0,0
BRDA:14,5,1,0
BRDA:14,6,0,0
BRDA:14,6,1,0
BRDA:16,7,0,0
BRDA:16,7,1,0
BRDA:16,8,0,0
BRDA:16,8,1,0
BRDA:17,9,0,0
BRDA:17,9,1,0
BRDA:18,10,0,0
BRDA:18,10,1,0
BRDA:20,11,0,0
BRDA:20,11,1,0
BRDA:22,12,0,0
BRDA:22,12,1,0
BRDA:22,13,0,0
BRDA:22,13,1,0
BRDA:25,14,0,0
BRDA:25,14,1,0
BRDA:25,15,0,0
BRDA:25,15,1,0
BRDA:25,16,0,0
BRDA:25,16,1,0
BRDA:35,17,0,0
BRDA:37,18,0,0
BRDA:39,19,0,0
BRDA:39,19,1,0
BRDA:40,20,0,0
BRDA:40,21,0,0
BRDA:40,21,1,0
BRDA:41,22,0,0
BRDA:43,23,0,0
BRDA:44,24,0,0
BRDA:44,24,1,0
BRDA:44,25,0,0
BRDA:44,25,1,0
BRDA:45,26,0,0
BRDA:46,27,0,0
BRDA:46,28,0,0
BRDA:46,28,1,0
BRF:49
BRH:0
end_of_record
TN:
SF:i18n-refactor/src/util/dict-reader.ts
FN:9,tryPaths
FN:19,(anonymous_8)
FN:22,flattenAstObject
FN:36,parseDictFile
FN:40,(anonymous_11)
FN:64,flatten
FN:78,buildDictMap
FN:103,setMockDict
FN:107,hasKey
FN:117,getAllRoots
FN:123,pickRoot
FN:132,setDictDir
FNF:12
FNH:10
FNDA:11,tryPaths
FNDA:22,(anonymous_8)
FNDA:700,flattenAstObject
FNDA:20,parseDictFile
FNDA:10810,(anonymous_11)
FNDA:0,flatten
FNDA:11,buildDictMap
FNDA:2,setMockDict
FNDA:371,hasKey
FNDA:109,getAllRoots
FNDA:76,pickRoot
FNDA:0,setDictDir
DA:1,16
DA:2,16
DA:3,16
DA:4,16
DA:5,16
DA:10,11
DA:11,11
DA:12,11
DA:13,11
DA:19,22
DA:23,700
DA:24,3290
DA:25,3290
DA:26,3290
DA:27,3290
DA:28,3290
DA:29,480
DA:31,2810
DA:37,20
DA:38,20
DA:39,20
DA:40,20
DA:41,10810
DA:42,20
DA:43,20
DA:44,20
DA:45,20
DA:46,20
DA:47,20
DA:48,20
DA:49,220
DA:50,220
DA:51,220
DA:52,220
DA:53,220
DA:58,10810
DA:60,20
DA:61,20
DA:65,0
DA:66,0
DA:67,0
DA:68,0
DA:69,0
DA:70,0
DA:72,0
DA:79,11
DA:80,11
DA:81,11
DA:82,10
DA:83,20
DA:84,20
DA:85,20
DA:86,20
DA:87,20
DA:88,220
DA:89,2810
DA:91,20
DA:93,0
DA:94,0
DA:98,11
DA:101,16
DA:103,16
DA:104,2
DA:107,16
DA:108,371
DA:109,102
DA:110,102
DA:112,269
DA:113,269
DA:114,269
DA:117,16
DA:118,109
DA:119,78
DA:120,78
DA:123,16
DA:124,76
DA:125,76
DA:126,359
DA:127,359
DA:129,46
DA:131,16
DA:132,16
DA:133,0
DA:134,0
LF:84
LH:73
BRDA:12,0,0,0
BRDA:12,1,0,11
BRDA:12,1,1,0
BRDA:24,2,0,0
BRDA:25,3,0,3290
BRDA:25,3,1,0
BRDA:25,4,0,0
BRDA:25,4,1,0
BRDA:26,5,0,0
BRDA:27,6,0,2000
BRDA:27,6,1,1290
BRDA:28,7,0,480
BRDA:28,7,1,2810
BRDA:28,8,0,3290
BRDA:28,8,1,3290
BRDA:41,9,0,20
BRDA:43,10,0,20
BRDA:45,11,0,0
BRDA:45,11,1,20
BRDA:46,12,0,20
BRDA:46,13,0,20
BRDA:46,13,1,20
BRDA:47,14,0,0
BRDA:49,15,0,0
BRDA:50,16,0,220
BRDA:50,16,1,0
BRDA:50,17,0,0
BRDA:50,17,1,0
BRDA:51,18,0,0
BRDA:52,19,0,220
BRDA:52,19,1,220
BRDA:53,20,0,220
BRDA:53,21,0,220
BRDA:53,21,1,220
BRDA:65,22,0,0
BRDA:65,23,0,0
BRDA:65,23,1,0
BRDA:68,24,0,0
BRDA:68,24,1,0
BRDA:69,25,0,0
BRDA:69,25,1,0
BRDA:69,26,0,0
BRDA:69,26,1,0
BRDA:69,26,2,0
BRDA:84,27,0,0
BRDA:88,28,0,220
BRDA:88,28,1,110
BRDA:108,29,0,102
BRDA:110,30,0,102
BRDA:110,30,1,102
BRDA:112,31,0,1
BRDA:114,32,0,269
BRDA:114,32,1,269
BRDA:118,33,0,31
BRDA:119,34,0,10
BRDA:124,35,0,0
BRDA:124,36,0,76
BRDA:124,36,1,76
BRDA:127,37,0,30
BRDA:133,38,0,0
BRDA:133,39,0,0
BRDA:133,39,1,0
BRDA:134,40,0,0
BRDA:134,40,1,0
BRF:64
BRH:33
end_of_record
TN:
SF:i18n-refactor/src/util/errors.ts
FN:3,(anonymous_0)
FN:8,(anonymous_1)
FN:13,(anonymous_2)
FN:17,(anonymous_3)
FNF:4
FNH:0
FNDA:0,(anonymous_0)
FNDA:0,(anonymous_1)
FNDA:0,(anonymous_2)
FNDA:0,(anonymous_3)
DA:1,16
DA:3,0
DA:6,16
DA:8,0
DA:11,16
DA:13,0
DA:16,16
DA:17,0
LF:8
LH:4
BRF:0
BRH:0
end_of_record
TN:
SF:i18n-refactor/src/util/logger.ts
FN:28,getCallStack
FN:45,configureLogger
FN:52,shouldLog
FN:56,formatTimestamp
FN:60,formatLine
FN:113,writeLog
FN:130,debug
FN:136,info
FN:142,warn
FN:148,error
FN:155,handleError
FN:166,(anonymous_11)
FNF:12
FNH:2
FNDA:0,getCallStack
FNDA:0,configureLogger
FNDA:20,shouldLog
FNDA:0,formatTimestamp
FNDA:0,formatLine
FNDA:0,writeLog
FNDA:20,debug
FNDA:0,info
FNDA:0,warn
FNDA:0,error
FNDA:0,handleError
FNDA:0,(anonymous_11)
DA:20,16
DA:21,16
DA:22,16
DA:23,16
DA:25,16
DA:29,0
DA:30,0
DA:32,0
DA:33,0
DA:34,0
DA:35,0
DA:42,0
DA:45,16
DA:46,0
DA:47,0
DA:48,0
DA:49,0
DA:53,20
DA:57,0
DA:61,0
DA:62,0
DA:64,0
DA:73,0
DA:74,0
DA:81,0
DA:82,0
DA:86,0
DA:87,0
DA:88,0
DA:90,0
DA:91,0
DA:94,0
DA:95,0
DA:96,0
DA:97,0
DA:98,0
DA:99,0
DA:100,0
DA:102,0
DA:105,0
DA:106,0
DA:110,0
DA:114,0
DA:115,0
DA:116,0
DA:117,0
DA:120,0
DA:121,0
DA:123,0
DA:124,0
DA:130,16
DA:131,20
DA:132,0
DA:136,16
DA:137,0
DA:138,0
DA:142,16
DA:143,0
DA:144,0
DA:148,16
DA:149,0
DA:150,0
DA:155,16
DA:156,0
DA:161,0
DA:165,16
DA:166,0
DA:167,0
DA:168,0
LF:69
LH:14
BRDA:29,0,0,0
BRDA:29,0,1,0
BRDA:34,1,0,0
BRDA:45,2,0,0
BRDA:46,3,0,0
BRDA:47,4,0,0
BRDA:48,5,0,0
BRDA:49,6,0,0
BRDA:61,7,0,0
BRDA:61,7,1,0
BRDA:73,8,0,0
BRDA:73,9,0,0
BRDA:73,9,1,0
BRDA:73,10,0,0
BRDA:73,10,1,0
BRDA:81,11,0,0
BRDA:87,12,0,0
BRDA:94,13,0,0
BRDA:94,14,0,0
BRDA:94,14,1,0
BRDA:97,15,0,0
BRDA:97,15,1,0
BRDA:99,16,0,0
BRDA:99,16,1,0
BRDA:99,17,0,0
BRDA:99,17,1,0
BRDA:105,18,0,0
BRDA:114,19,0,0
BRDA:114,19,1,0
BRDA:116,20,0,0
BRDA:116,20,1,0
BRDA:123,21,0,0
BRDA:123,21,1,0
BRDA:131,22,0,0
BRDA:137,23,0,0
BRDA:143,24,0,0
BRDA:149,25,0,0
BRF:37
BRH:0
end_of_record
TN:
SF:i18n-refactor/src/util/variable-renamer.ts
FN:21,renameVariable
FN:51,(anonymous_2)
FN:90,(anonymous_3)
FN:107,isIdentifierInValidContext
FN:297,isValidIdentifier
FN:333,isIdentifierChar
FN:343,renameMultipleVariables
FN:354,(anonymous_8)
FNF:8
FNH:8
FNDA:17,renameVariable
FNDA:282,(anonymous_2)
FNDA:21,(anonymous_3)
FNDA:35,isIdentifierInValidContext
FNDA:33,isValidIdentifier
FNDA:70,isIdentifierChar
FNDA:2,renameMultipleVariables
FNDA:2,(anonymous_8)
DA:1,1
DA:21,1
DA:28,17
DA:36,17
DA:37,17
DA:38,17
DA:41,17
DA:42,2
DA:43,2
DA:46,15
DA:47,1
DA:51,14
DA:53,282
DA:54,82
DA:56,82
DA:58,35
DA:59,35
DA:62,35
DA:63,35
DA:64,35
DA:67,35
DA:68,35
DA:69,35
DA:74,0
DA:75,0
DA:76,0
DA:77,0
DA:78,0
DA:84,282
DA:87,14
DA:90,21
DA:93,14
DA:94,14
DA:95,35
DA:98,14
DA:108,35
DA:111,35
DA:116,4
DA:119,31
DA:124,1
DA:127,30
DA:129,9
DA:132,21
DA:134,2
DA:137,19
DA:139,1
DA:142,18
DA:144,2
DA:147,16
DA:149,0
DA:152,16
DA:154,0
DA:157,16
DA:159,0
DA:162,16
DA:164,0
DA:167,16
DA:169,0
DA:172,16
DA:174,0
DA:177,16
DA:179,0
DA:182,16
DA:184,0
DA:187,16
DA:189,1
DA:193,15
DA:195,1
DA:198,14
DA:200,0
DA:203,14
DA:205,0
DA:208,14
DA:210,0
DA:214,14
DA:216,0
DA:220,14
DA:221,0
DA:225,14
DA:243,13
DA:247,1
DA:248,0
DA:252,1
DA:253,1
DA:257,0
DA:258,0
DA:262,0
DA:263,0
DA:267,0
DA:268,0
DA:272,0
DA:273,0
DA:277,0
DA:278,0
DA:282,0
DA:285,0
DA:289,0
DA:298,33
DA:299,0
DA:303,33
DA:304,0
DA:308,33
DA:309,1
DA:313,32
DA:325,32
DA:334,70
DA:343,1
DA:347,2
DA:348,2
DA:349,2
DA:353,2
DA:354,2
DA:357,2
DA:358,4
DA:359,4
DA:360,4
DA:361,4
DA:364,2
LF:118
LH:84
BRDA:25,0,0,17
BRDA:41,1,0,2
BRDA:41,2,0,17
BRDA:41,2,1,16
BRDA:46,3,0,1
BRDA:53,4,0,82
BRDA:54,5,0,82
BRDA:54,5,1,0
BRDA:56,6,0,35
BRDA:56,7,0,82
BRDA:56,7,1,35
BRDA:63,8,0,35
BRDA:63,8,1,0
BRDA:64,9,0,35
BRDA:64,9,1,0
BRDA:67,10,0,35
BRDA:67,11,0,35
BRDA:67,11,1,35
BRDA:74,12,0,0
BRDA:111,13,0,4
BRDA:112,14,0,35
BRDA:112,14,1,5
BRDA:119,15,0,1
BRDA:120,16,0,31
BRDA:120,16,1,1
BRDA:127,17,0,9
BRDA:127,18,0,30
BRDA:127,18,1,9
BRDA:132,19,0,2
BRDA:132,20,0,21
BRDA:132,20,1,2
BRDA:137,21,0,1
BRDA:137,22,0,19
BRDA:137,22,1,1
BRDA:142,23,0,2
BRDA:142,24,0,18
BRDA:142,24,1,2
BRDA:147,25,0,0
BRDA:147,26,0,16
BRDA:147,26,1,0
BRDA:152,27,0,0
BRDA:152,28,0,16
BRDA:152,28,1,0
BRDA:157,29,0,0
BRDA:157,30,0,16
BRDA:157,30,1,0
BRDA:162,31,0,0
BRDA:162,32,0,16
BRDA:162,32,1,0
BRDA:167,33,0,0
BRDA:167,34,0,16
BRDA:167,34,1,0
BRDA:172,35,0,0
BRDA:172,36,0,16
BRDA:172,36,1,0
BRDA:177,37,0,0
BRDA:177,38,0,16
BRDA:177,38,1,0
BRDA:182,39,0,0
BRDA:182,40,0,16
BRDA:182,40,1,0
BRDA:187,41,0,1
BRDA:187,42,0,16
BRDA:187,42,1,2
BRDA:193,43,0,1
BRDA:193,44,0,15
BRDA:193,44,1,1
BRDA:193,44,2,1
BRDA:198,45,0,0
BRDA:198,46,0,14
BRDA:198,46,1,0
BRDA:203,47,0,0
BRDA:203,48,0,14
BRDA:203,48,1,0
BRDA:208,49,0,0
BRDA:208,50,0,14
BRDA:208,50,1,0
BRDA:214,51,0,0
BRDA:214,52,0,14
BRDA:214,52,1,0
BRDA:214,52,2,0
BRDA:220,53,0,0
BRDA:220,54,0,14
BRDA:220,54,1,0
BRDA:225,55,0,13
BRDA:226,56,0,14
BRDA:226,56,1,14
BRDA:226,56,2,14
BRDA:226,56,3,14
BRDA:226,56,4,4
BRDA:226,56,5,4
BRDA:226,56,6,2
BRDA:226,56,7,1
BRDA:226,56,8,1
BRDA:226,56,9,1
BRDA:226,56,10,1
BRDA:226,56,11,1
BRDA:226,56,12,1
BRDA:226,56,13,1
BRDA:226,56,14,1
BRDA:226,56,15,1
BRDA:247,57,0,0
BRDA:247,58,0,1
BRDA:247,58,1,0
BRDA:252,59,0,1
BRDA:252,60,0,1
BRDA:252,60,1,1
BRDA:257,61,0,0
BRDA:257,62,0,0
BRDA:257,62,1,0
BRDA:262,63,0,0
BRDA:262,64,0,0
BRDA:262,64,1,0
BRDA:267,65,0,0
BRDA:267,66,0,0
BRDA:267,66,1,0
BRDA:267,66,2,0
BRDA:272,67,0,0
BRDA:272,68,0,0
BRDA:272,68,1,0
BRDA:272,68,2,0
BRDA:277,69,0,0
BRDA:277,70,0,0
BRDA:277,70,1,0
BRDA:282,71,0,0
BRDA:282,72,0,0
BRDA:282,72,1,0
BRDA:282,72,2,0
BRDA:282,72,3,0
BRDA:298,73,0,0
BRDA:298,74,0,33
BRDA:298,74,1,33
BRDA:303,75,0,0
BRDA:308,76,0,1
BRF:134
BRH:77
end_of_record
